[2025-03-01T01:01:07.464+0000] {processor.py:186} INFO - Started process (PID=89) to work on /home/airflow/.local/lib/python3.12/site-packages/airflow/example_dags/example_nested_branch_dag.py
[2025-03-01T01:01:07.465+0000] {processor.py:914} INFO - Processing file /home/airflow/.local/lib/python3.12/site-packages/airflow/example_dags/example_nested_branch_dag.py for tasks to queue
[2025-03-01T01:01:07.472+0000] {logging_mixin.py:190} INFO - [2025-03-01T01:01:07.467+0000] {dagbag.py:588} INFO - Filling up the DagBag from /home/airflow/.local/lib/python3.12/site-packages/airflow/example_dags/example_nested_branch_dag.py
[2025-03-01T01:01:07.489+0000] {processor.py:925} INFO - DAG(s) 'example_nested_branch_dag' retrieved from /home/airflow/.local/lib/python3.12/site-packages/airflow/example_dags/example_nested_branch_dag.py
[2025-03-01T01:01:07.631+0000] {logging_mixin.py:190} INFO - [2025-03-01T01:01:07.630+0000] {override.py:1911} INFO - Created Permission View: can edit on DAG:example_nested_branch_dag
[2025-03-01T01:01:07.642+0000] {logging_mixin.py:190} INFO - [2025-03-01T01:01:07.642+0000] {override.py:1911} INFO - Created Permission View: can read on DAG:example_nested_branch_dag
[2025-03-01T01:01:07.648+0000] {logging_mixin.py:190} INFO - [2025-03-01T01:01:07.648+0000] {override.py:1911} INFO - Created Permission View: can delete on DAG:example_nested_branch_dag
[2025-03-01T01:01:07.659+0000] {logging_mixin.py:190} INFO - [2025-03-01T01:01:07.658+0000] {override.py:1911} INFO - Created Permission View: menu access on DAG Run:example_nested_branch_dag
[2025-03-01T01:01:07.671+0000] {logging_mixin.py:190} INFO - [2025-03-01T01:01:07.671+0000] {override.py:1911} INFO - Created Permission View: can delete on DAG Run:example_nested_branch_dag
[2025-03-01T01:01:07.677+0000] {logging_mixin.py:190} INFO - [2025-03-01T01:01:07.677+0000] {override.py:1911} INFO - Created Permission View: can create on DAG Run:example_nested_branch_dag
[2025-03-01T01:01:07.683+0000] {logging_mixin.py:190} INFO - [2025-03-01T01:01:07.682+0000] {override.py:1911} INFO - Created Permission View: can read on DAG Run:example_nested_branch_dag
[2025-03-01T01:01:07.683+0000] {logging_mixin.py:190} INFO - [2025-03-01T01:01:07.683+0000] {dag.py:3239} INFO - Sync 1 DAGs
[2025-03-01T01:01:07.699+0000] {logging_mixin.py:190} INFO - [2025-03-01T01:01:07.699+0000] {dag.py:3262} INFO - Creating ORM DAG for example_nested_branch_dag
[2025-03-01T01:01:07.710+0000] {logging_mixin.py:190} INFO - [2025-03-01T01:01:07.710+0000] {dag.py:4180} INFO - Setting next_dagrun for example_nested_branch_dag to 2025-02-28 00:00:00+00:00, run_after=2025-03-01 00:00:00+00:00
[2025-03-01T01:01:07.728+0000] {processor.py:208} INFO - Processing /home/airflow/.local/lib/python3.12/site-packages/airflow/example_dags/example_nested_branch_dag.py took 0.270 seconds
[2025-03-01T01:01:38.104+0000] {processor.py:186} INFO - Started process (PID=151) to work on /home/airflow/.local/lib/python3.12/site-packages/airflow/example_dags/example_nested_branch_dag.py
[2025-03-01T01:01:38.105+0000] {processor.py:914} INFO - Processing file /home/airflow/.local/lib/python3.12/site-packages/airflow/example_dags/example_nested_branch_dag.py for tasks to queue
[2025-03-01T01:01:38.108+0000] {logging_mixin.py:190} INFO - [2025-03-01T01:01:38.107+0000] {dagbag.py:588} INFO - Filling up the DagBag from /home/airflow/.local/lib/python3.12/site-packages/airflow/example_dags/example_nested_branch_dag.py
[2025-03-01T01:01:38.120+0000] {processor.py:925} INFO - DAG(s) 'example_nested_branch_dag' retrieved from /home/airflow/.local/lib/python3.12/site-packages/airflow/example_dags/example_nested_branch_dag.py
[2025-03-01T01:01:38.146+0000] {logging_mixin.py:190} INFO - [2025-03-01T01:01:38.146+0000] {dag.py:3239} INFO - Sync 1 DAGs
[2025-03-01T01:01:38.172+0000] {logging_mixin.py:190} INFO - [2025-03-01T01:01:38.171+0000] {dag.py:4180} INFO - Setting next_dagrun for example_nested_branch_dag to 2025-02-28 00:00:00+00:00, run_after=2025-03-01 00:00:00+00:00
[2025-03-01T01:01:38.185+0000] {processor.py:208} INFO - Processing /home/airflow/.local/lib/python3.12/site-packages/airflow/example_dags/example_nested_branch_dag.py took 0.085 seconds
[2025-03-01T01:02:08.566+0000] {processor.py:186} INFO - Started process (PID=214) to work on /home/airflow/.local/lib/python3.12/site-packages/airflow/example_dags/example_nested_branch_dag.py
[2025-03-01T01:02:08.567+0000] {processor.py:914} INFO - Processing file /home/airflow/.local/lib/python3.12/site-packages/airflow/example_dags/example_nested_branch_dag.py for tasks to queue
[2025-03-01T01:02:08.568+0000] {logging_mixin.py:190} INFO - [2025-03-01T01:02:08.568+0000] {dagbag.py:588} INFO - Filling up the DagBag from /home/airflow/.local/lib/python3.12/site-packages/airflow/example_dags/example_nested_branch_dag.py
[2025-03-01T01:02:08.577+0000] {processor.py:925} INFO - DAG(s) 'example_nested_branch_dag' retrieved from /home/airflow/.local/lib/python3.12/site-packages/airflow/example_dags/example_nested_branch_dag.py
[2025-03-01T01:02:08.595+0000] {logging_mixin.py:190} INFO - [2025-03-01T01:02:08.595+0000] {dag.py:3239} INFO - Sync 1 DAGs
[2025-03-01T01:02:08.619+0000] {logging_mixin.py:190} INFO - [2025-03-01T01:02:08.618+0000] {dag.py:4180} INFO - Setting next_dagrun for example_nested_branch_dag to 2025-02-28 00:00:00+00:00, run_after=2025-03-01 00:00:00+00:00
[2025-03-01T01:02:08.633+0000] {processor.py:208} INFO - Processing /home/airflow/.local/lib/python3.12/site-packages/airflow/example_dags/example_nested_branch_dag.py took 0.071 seconds
[2025-03-01T01:02:38.925+0000] {processor.py:186} INFO - Started process (PID=276) to work on /home/airflow/.local/lib/python3.12/site-packages/airflow/example_dags/example_nested_branch_dag.py
[2025-03-01T01:02:38.926+0000] {processor.py:914} INFO - Processing file /home/airflow/.local/lib/python3.12/site-packages/airflow/example_dags/example_nested_branch_dag.py for tasks to queue
[2025-03-01T01:02:38.928+0000] {logging_mixin.py:190} INFO - [2025-03-01T01:02:38.927+0000] {dagbag.py:588} INFO - Filling up the DagBag from /home/airflow/.local/lib/python3.12/site-packages/airflow/example_dags/example_nested_branch_dag.py
[2025-03-01T01:02:38.941+0000] {processor.py:925} INFO - DAG(s) 'example_nested_branch_dag' retrieved from /home/airflow/.local/lib/python3.12/site-packages/airflow/example_dags/example_nested_branch_dag.py
[2025-03-01T01:02:38.964+0000] {logging_mixin.py:190} INFO - [2025-03-01T01:02:38.964+0000] {dag.py:3239} INFO - Sync 1 DAGs
[2025-03-01T01:02:38.993+0000] {logging_mixin.py:190} INFO - [2025-03-01T01:02:38.992+0000] {dag.py:4180} INFO - Setting next_dagrun for example_nested_branch_dag to 2025-02-28 00:00:00+00:00, run_after=2025-03-01 00:00:00+00:00
[2025-03-01T01:02:39.008+0000] {processor.py:208} INFO - Processing /home/airflow/.local/lib/python3.12/site-packages/airflow/example_dags/example_nested_branch_dag.py took 0.089 seconds
[2025-03-01T01:03:09.533+0000] {processor.py:186} INFO - Started process (PID=339) to work on /home/airflow/.local/lib/python3.12/site-packages/airflow/example_dags/example_nested_branch_dag.py
[2025-03-01T01:03:09.534+0000] {processor.py:914} INFO - Processing file /home/airflow/.local/lib/python3.12/site-packages/airflow/example_dags/example_nested_branch_dag.py for tasks to queue
[2025-03-01T01:03:09.536+0000] {logging_mixin.py:190} INFO - [2025-03-01T01:03:09.535+0000] {dagbag.py:588} INFO - Filling up the DagBag from /home/airflow/.local/lib/python3.12/site-packages/airflow/example_dags/example_nested_branch_dag.py
[2025-03-01T01:03:09.545+0000] {processor.py:925} INFO - DAG(s) 'example_nested_branch_dag' retrieved from /home/airflow/.local/lib/python3.12/site-packages/airflow/example_dags/example_nested_branch_dag.py
[2025-03-01T01:03:09.565+0000] {logging_mixin.py:190} INFO - [2025-03-01T01:03:09.565+0000] {dag.py:3239} INFO - Sync 1 DAGs
[2025-03-01T01:03:09.590+0000] {logging_mixin.py:190} INFO - [2025-03-01T01:03:09.590+0000] {dag.py:4180} INFO - Setting next_dagrun for example_nested_branch_dag to 2025-02-28 00:00:00+00:00, run_after=2025-03-01 00:00:00+00:00
[2025-03-01T01:03:09.603+0000] {processor.py:208} INFO - Processing /home/airflow/.local/lib/python3.12/site-packages/airflow/example_dags/example_nested_branch_dag.py took 0.075 seconds
[2025-03-01T01:03:40.314+0000] {processor.py:186} INFO - Started process (PID=402) to work on /home/airflow/.local/lib/python3.12/site-packages/airflow/example_dags/example_nested_branch_dag.py
[2025-03-01T01:03:40.315+0000] {processor.py:914} INFO - Processing file /home/airflow/.local/lib/python3.12/site-packages/airflow/example_dags/example_nested_branch_dag.py for tasks to queue
[2025-03-01T01:03:40.316+0000] {logging_mixin.py:190} INFO - [2025-03-01T01:03:40.316+0000] {dagbag.py:588} INFO - Filling up the DagBag from /home/airflow/.local/lib/python3.12/site-packages/airflow/example_dags/example_nested_branch_dag.py
[2025-03-01T01:03:40.328+0000] {processor.py:925} INFO - DAG(s) 'example_nested_branch_dag' retrieved from /home/airflow/.local/lib/python3.12/site-packages/airflow/example_dags/example_nested_branch_dag.py
[2025-03-01T01:03:40.346+0000] {logging_mixin.py:190} INFO - [2025-03-01T01:03:40.346+0000] {dag.py:3239} INFO - Sync 1 DAGs
[2025-03-01T01:03:40.373+0000] {logging_mixin.py:190} INFO - [2025-03-01T01:03:40.372+0000] {dag.py:4180} INFO - Setting next_dagrun for example_nested_branch_dag to 2025-02-28 00:00:00+00:00, run_after=2025-03-01 00:00:00+00:00
[2025-03-01T01:03:40.389+0000] {processor.py:208} INFO - Processing /home/airflow/.local/lib/python3.12/site-packages/airflow/example_dags/example_nested_branch_dag.py took 0.080 seconds
[2025-03-01T01:04:10.585+0000] {processor.py:186} INFO - Started process (PID=465) to work on /home/airflow/.local/lib/python3.12/site-packages/airflow/example_dags/example_nested_branch_dag.py
[2025-03-01T01:04:10.586+0000] {processor.py:914} INFO - Processing file /home/airflow/.local/lib/python3.12/site-packages/airflow/example_dags/example_nested_branch_dag.py for tasks to queue
[2025-03-01T01:04:10.588+0000] {logging_mixin.py:190} INFO - [2025-03-01T01:04:10.588+0000] {dagbag.py:588} INFO - Filling up the DagBag from /home/airflow/.local/lib/python3.12/site-packages/airflow/example_dags/example_nested_branch_dag.py
[2025-03-01T01:04:10.600+0000] {processor.py:925} INFO - DAG(s) 'example_nested_branch_dag' retrieved from /home/airflow/.local/lib/python3.12/site-packages/airflow/example_dags/example_nested_branch_dag.py
[2025-03-01T01:04:10.625+0000] {logging_mixin.py:190} INFO - [2025-03-01T01:04:10.625+0000] {dag.py:3239} INFO - Sync 1 DAGs
[2025-03-01T01:04:10.652+0000] {logging_mixin.py:190} INFO - [2025-03-01T01:04:10.652+0000] {dag.py:4180} INFO - Setting next_dagrun for example_nested_branch_dag to 2025-02-28 00:00:00+00:00, run_after=2025-03-01 00:00:00+00:00
[2025-03-01T01:04:10.668+0000] {processor.py:208} INFO - Processing /home/airflow/.local/lib/python3.12/site-packages/airflow/example_dags/example_nested_branch_dag.py took 0.089 seconds
[2025-03-01T01:04:41.072+0000] {processor.py:186} INFO - Started process (PID=528) to work on /home/airflow/.local/lib/python3.12/site-packages/airflow/example_dags/example_nested_branch_dag.py
[2025-03-01T01:04:41.073+0000] {processor.py:914} INFO - Processing file /home/airflow/.local/lib/python3.12/site-packages/airflow/example_dags/example_nested_branch_dag.py for tasks to queue
[2025-03-01T01:04:41.074+0000] {logging_mixin.py:190} INFO - [2025-03-01T01:04:41.074+0000] {dagbag.py:588} INFO - Filling up the DagBag from /home/airflow/.local/lib/python3.12/site-packages/airflow/example_dags/example_nested_branch_dag.py
[2025-03-01T01:04:41.083+0000] {processor.py:925} INFO - DAG(s) 'example_nested_branch_dag' retrieved from /home/airflow/.local/lib/python3.12/site-packages/airflow/example_dags/example_nested_branch_dag.py
[2025-03-01T01:04:41.099+0000] {logging_mixin.py:190} INFO - [2025-03-01T01:04:41.099+0000] {dag.py:3239} INFO - Sync 1 DAGs
[2025-03-01T01:04:41.116+0000] {logging_mixin.py:190} INFO - [2025-03-01T01:04:41.116+0000] {dag.py:4180} INFO - Setting next_dagrun for example_nested_branch_dag to 2025-02-28 00:00:00+00:00, run_after=2025-03-01 00:00:00+00:00
[2025-03-01T01:04:41.128+0000] {processor.py:208} INFO - Processing /home/airflow/.local/lib/python3.12/site-packages/airflow/example_dags/example_nested_branch_dag.py took 0.060 seconds
[2025-03-01T01:05:11.243+0000] {processor.py:186} INFO - Started process (PID=591) to work on /home/airflow/.local/lib/python3.12/site-packages/airflow/example_dags/example_nested_branch_dag.py
[2025-03-01T01:05:11.244+0000] {processor.py:914} INFO - Processing file /home/airflow/.local/lib/python3.12/site-packages/airflow/example_dags/example_nested_branch_dag.py for tasks to queue
[2025-03-01T01:05:11.245+0000] {logging_mixin.py:190} INFO - [2025-03-01T01:05:11.245+0000] {dagbag.py:588} INFO - Filling up the DagBag from /home/airflow/.local/lib/python3.12/site-packages/airflow/example_dags/example_nested_branch_dag.py
[2025-03-01T01:05:11.254+0000] {processor.py:925} INFO - DAG(s) 'example_nested_branch_dag' retrieved from /home/airflow/.local/lib/python3.12/site-packages/airflow/example_dags/example_nested_branch_dag.py
[2025-03-01T01:05:11.270+0000] {logging_mixin.py:190} INFO - [2025-03-01T01:05:11.270+0000] {dag.py:3239} INFO - Sync 1 DAGs
[2025-03-01T01:05:11.288+0000] {logging_mixin.py:190} INFO - [2025-03-01T01:05:11.288+0000] {dag.py:4180} INFO - Setting next_dagrun for example_nested_branch_dag to 2025-02-28 00:00:00+00:00, run_after=2025-03-01 00:00:00+00:00
[2025-03-01T01:05:11.299+0000] {processor.py:208} INFO - Processing /home/airflow/.local/lib/python3.12/site-packages/airflow/example_dags/example_nested_branch_dag.py took 0.061 seconds
[2025-03-01T01:05:41.855+0000] {processor.py:186} INFO - Started process (PID=654) to work on /home/airflow/.local/lib/python3.12/site-packages/airflow/example_dags/example_nested_branch_dag.py
[2025-03-01T01:05:41.856+0000] {processor.py:914} INFO - Processing file /home/airflow/.local/lib/python3.12/site-packages/airflow/example_dags/example_nested_branch_dag.py for tasks to queue
[2025-03-01T01:05:41.858+0000] {logging_mixin.py:190} INFO - [2025-03-01T01:05:41.858+0000] {dagbag.py:588} INFO - Filling up the DagBag from /home/airflow/.local/lib/python3.12/site-packages/airflow/example_dags/example_nested_branch_dag.py
[2025-03-01T01:05:41.868+0000] {processor.py:925} INFO - DAG(s) 'example_nested_branch_dag' retrieved from /home/airflow/.local/lib/python3.12/site-packages/airflow/example_dags/example_nested_branch_dag.py
[2025-03-01T01:05:41.884+0000] {logging_mixin.py:190} INFO - [2025-03-01T01:05:41.884+0000] {dag.py:3239} INFO - Sync 1 DAGs
[2025-03-01T01:05:41.902+0000] {logging_mixin.py:190} INFO - [2025-03-01T01:05:41.902+0000] {dag.py:4180} INFO - Setting next_dagrun for example_nested_branch_dag to 2025-02-28 00:00:00+00:00, run_after=2025-03-01 00:00:00+00:00
[2025-03-01T01:05:41.914+0000] {processor.py:208} INFO - Processing /home/airflow/.local/lib/python3.12/site-packages/airflow/example_dags/example_nested_branch_dag.py took 0.065 seconds
[2025-03-01T01:06:12.187+0000] {processor.py:186} INFO - Started process (PID=717) to work on /home/airflow/.local/lib/python3.12/site-packages/airflow/example_dags/example_nested_branch_dag.py
[2025-03-01T01:06:12.188+0000] {processor.py:914} INFO - Processing file /home/airflow/.local/lib/python3.12/site-packages/airflow/example_dags/example_nested_branch_dag.py for tasks to queue
[2025-03-01T01:06:12.190+0000] {logging_mixin.py:190} INFO - [2025-03-01T01:06:12.189+0000] {dagbag.py:588} INFO - Filling up the DagBag from /home/airflow/.local/lib/python3.12/site-packages/airflow/example_dags/example_nested_branch_dag.py
[2025-03-01T01:06:12.204+0000] {processor.py:925} INFO - DAG(s) 'example_nested_branch_dag' retrieved from /home/airflow/.local/lib/python3.12/site-packages/airflow/example_dags/example_nested_branch_dag.py
[2025-03-01T01:06:12.226+0000] {logging_mixin.py:190} INFO - [2025-03-01T01:06:12.226+0000] {dag.py:3239} INFO - Sync 1 DAGs
[2025-03-01T01:06:12.245+0000] {logging_mixin.py:190} INFO - [2025-03-01T01:06:12.245+0000] {dag.py:4180} INFO - Setting next_dagrun for example_nested_branch_dag to 2025-02-28 00:00:00+00:00, run_after=2025-03-01 00:00:00+00:00
[2025-03-01T01:06:12.257+0000] {processor.py:208} INFO - Processing /home/airflow/.local/lib/python3.12/site-packages/airflow/example_dags/example_nested_branch_dag.py took 0.074 seconds
[2025-03-01T01:06:42.642+0000] {processor.py:186} INFO - Started process (PID=780) to work on /home/airflow/.local/lib/python3.12/site-packages/airflow/example_dags/example_nested_branch_dag.py
[2025-03-01T01:06:42.642+0000] {processor.py:914} INFO - Processing file /home/airflow/.local/lib/python3.12/site-packages/airflow/example_dags/example_nested_branch_dag.py for tasks to queue
[2025-03-01T01:06:42.644+0000] {logging_mixin.py:190} INFO - [2025-03-01T01:06:42.644+0000] {dagbag.py:588} INFO - Filling up the DagBag from /home/airflow/.local/lib/python3.12/site-packages/airflow/example_dags/example_nested_branch_dag.py
[2025-03-01T01:06:42.653+0000] {processor.py:925} INFO - DAG(s) 'example_nested_branch_dag' retrieved from /home/airflow/.local/lib/python3.12/site-packages/airflow/example_dags/example_nested_branch_dag.py
[2025-03-01T01:06:42.668+0000] {logging_mixin.py:190} INFO - [2025-03-01T01:06:42.668+0000] {dag.py:3239} INFO - Sync 1 DAGs
[2025-03-01T01:06:42.686+0000] {logging_mixin.py:190} INFO - [2025-03-01T01:06:42.686+0000] {dag.py:4180} INFO - Setting next_dagrun for example_nested_branch_dag to 2025-02-28 00:00:00+00:00, run_after=2025-03-01 00:00:00+00:00
[2025-03-01T01:06:42.698+0000] {processor.py:208} INFO - Processing /home/airflow/.local/lib/python3.12/site-packages/airflow/example_dags/example_nested_branch_dag.py took 0.061 seconds
[2025-03-01T01:07:12.977+0000] {processor.py:186} INFO - Started process (PID=843) to work on /home/airflow/.local/lib/python3.12/site-packages/airflow/example_dags/example_nested_branch_dag.py
[2025-03-01T01:07:12.977+0000] {processor.py:914} INFO - Processing file /home/airflow/.local/lib/python3.12/site-packages/airflow/example_dags/example_nested_branch_dag.py for tasks to queue
[2025-03-01T01:07:12.979+0000] {logging_mixin.py:190} INFO - [2025-03-01T01:07:12.978+0000] {dagbag.py:588} INFO - Filling up the DagBag from /home/airflow/.local/lib/python3.12/site-packages/airflow/example_dags/example_nested_branch_dag.py
[2025-03-01T01:07:12.987+0000] {processor.py:925} INFO - DAG(s) 'example_nested_branch_dag' retrieved from /home/airflow/.local/lib/python3.12/site-packages/airflow/example_dags/example_nested_branch_dag.py
[2025-03-01T01:07:13.003+0000] {logging_mixin.py:190} INFO - [2025-03-01T01:07:13.003+0000] {dag.py:3239} INFO - Sync 1 DAGs
[2025-03-01T01:07:13.021+0000] {logging_mixin.py:190} INFO - [2025-03-01T01:07:13.021+0000] {dag.py:4180} INFO - Setting next_dagrun for example_nested_branch_dag to 2025-02-28 00:00:00+00:00, run_after=2025-03-01 00:00:00+00:00
[2025-03-01T01:07:13.032+0000] {processor.py:208} INFO - Processing /home/airflow/.local/lib/python3.12/site-packages/airflow/example_dags/example_nested_branch_dag.py took 0.060 seconds
[2025-03-01T01:07:43.150+0000] {processor.py:186} INFO - Started process (PID=906) to work on /home/airflow/.local/lib/python3.12/site-packages/airflow/example_dags/example_nested_branch_dag.py
[2025-03-01T01:07:43.150+0000] {processor.py:914} INFO - Processing file /home/airflow/.local/lib/python3.12/site-packages/airflow/example_dags/example_nested_branch_dag.py for tasks to queue
[2025-03-01T01:07:43.152+0000] {logging_mixin.py:190} INFO - [2025-03-01T01:07:43.152+0000] {dagbag.py:588} INFO - Filling up the DagBag from /home/airflow/.local/lib/python3.12/site-packages/airflow/example_dags/example_nested_branch_dag.py
[2025-03-01T01:07:43.163+0000] {processor.py:925} INFO - DAG(s) 'example_nested_branch_dag' retrieved from /home/airflow/.local/lib/python3.12/site-packages/airflow/example_dags/example_nested_branch_dag.py
[2025-03-01T01:07:43.180+0000] {logging_mixin.py:190} INFO - [2025-03-01T01:07:43.180+0000] {dag.py:3239} INFO - Sync 1 DAGs
[2025-03-01T01:07:43.206+0000] {logging_mixin.py:190} INFO - [2025-03-01T01:07:43.206+0000] {dag.py:4180} INFO - Setting next_dagrun for example_nested_branch_dag to 2025-02-28 00:00:00+00:00, run_after=2025-03-01 00:00:00+00:00
[2025-03-01T01:07:43.221+0000] {processor.py:208} INFO - Processing /home/airflow/.local/lib/python3.12/site-packages/airflow/example_dags/example_nested_branch_dag.py took 0.077 seconds
[2025-03-01T01:08:13.396+0000] {processor.py:186} INFO - Started process (PID=970) to work on /home/airflow/.local/lib/python3.12/site-packages/airflow/example_dags/example_nested_branch_dag.py
[2025-03-01T01:08:13.397+0000] {processor.py:914} INFO - Processing file /home/airflow/.local/lib/python3.12/site-packages/airflow/example_dags/example_nested_branch_dag.py for tasks to queue
[2025-03-01T01:08:13.398+0000] {logging_mixin.py:190} INFO - [2025-03-01T01:08:13.398+0000] {dagbag.py:588} INFO - Filling up the DagBag from /home/airflow/.local/lib/python3.12/site-packages/airflow/example_dags/example_nested_branch_dag.py
[2025-03-01T01:08:13.407+0000] {processor.py:925} INFO - DAG(s) 'example_nested_branch_dag' retrieved from /home/airflow/.local/lib/python3.12/site-packages/airflow/example_dags/example_nested_branch_dag.py
[2025-03-01T01:08:13.423+0000] {logging_mixin.py:190} INFO - [2025-03-01T01:08:13.423+0000] {dag.py:3239} INFO - Sync 1 DAGs
[2025-03-01T01:08:13.440+0000] {logging_mixin.py:190} INFO - [2025-03-01T01:08:13.440+0000] {dag.py:4180} INFO - Setting next_dagrun for example_nested_branch_dag to 2025-02-28 00:00:00+00:00, run_after=2025-03-01 00:00:00+00:00
[2025-03-01T01:08:13.452+0000] {processor.py:208} INFO - Processing /home/airflow/.local/lib/python3.12/site-packages/airflow/example_dags/example_nested_branch_dag.py took 0.060 seconds
[2025-03-01T01:08:43.665+0000] {processor.py:186} INFO - Started process (PID=1032) to work on /home/airflow/.local/lib/python3.12/site-packages/airflow/example_dags/example_nested_branch_dag.py
[2025-03-01T01:08:43.666+0000] {processor.py:914} INFO - Processing file /home/airflow/.local/lib/python3.12/site-packages/airflow/example_dags/example_nested_branch_dag.py for tasks to queue
[2025-03-01T01:08:43.667+0000] {logging_mixin.py:190} INFO - [2025-03-01T01:08:43.667+0000] {dagbag.py:588} INFO - Filling up the DagBag from /home/airflow/.local/lib/python3.12/site-packages/airflow/example_dags/example_nested_branch_dag.py
[2025-03-01T01:08:43.677+0000] {processor.py:925} INFO - DAG(s) 'example_nested_branch_dag' retrieved from /home/airflow/.local/lib/python3.12/site-packages/airflow/example_dags/example_nested_branch_dag.py
[2025-03-01T01:08:43.697+0000] {logging_mixin.py:190} INFO - [2025-03-01T01:08:43.697+0000] {dag.py:3239} INFO - Sync 1 DAGs
[2025-03-01T01:08:43.719+0000] {logging_mixin.py:190} INFO - [2025-03-01T01:08:43.718+0000] {dag.py:4180} INFO - Setting next_dagrun for example_nested_branch_dag to 2025-02-28 00:00:00+00:00, run_after=2025-03-01 00:00:00+00:00
[2025-03-01T01:08:43.731+0000] {processor.py:208} INFO - Processing /home/airflow/.local/lib/python3.12/site-packages/airflow/example_dags/example_nested_branch_dag.py took 0.070 seconds
[2025-03-01T01:09:13.951+0000] {processor.py:186} INFO - Started process (PID=1095) to work on /home/airflow/.local/lib/python3.12/site-packages/airflow/example_dags/example_nested_branch_dag.py
[2025-03-01T01:09:13.951+0000] {processor.py:914} INFO - Processing file /home/airflow/.local/lib/python3.12/site-packages/airflow/example_dags/example_nested_branch_dag.py for tasks to queue
[2025-03-01T01:09:13.953+0000] {logging_mixin.py:190} INFO - [2025-03-01T01:09:13.952+0000] {dagbag.py:588} INFO - Filling up the DagBag from /home/airflow/.local/lib/python3.12/site-packages/airflow/example_dags/example_nested_branch_dag.py
[2025-03-01T01:09:13.961+0000] {processor.py:925} INFO - DAG(s) 'example_nested_branch_dag' retrieved from /home/airflow/.local/lib/python3.12/site-packages/airflow/example_dags/example_nested_branch_dag.py
[2025-03-01T01:09:13.981+0000] {logging_mixin.py:190} INFO - [2025-03-01T01:09:13.981+0000] {dag.py:3239} INFO - Sync 1 DAGs
[2025-03-01T01:09:14.005+0000] {logging_mixin.py:190} INFO - [2025-03-01T01:09:14.004+0000] {dag.py:4180} INFO - Setting next_dagrun for example_nested_branch_dag to 2025-02-28 00:00:00+00:00, run_after=2025-03-01 00:00:00+00:00
[2025-03-01T01:09:14.019+0000] {processor.py:208} INFO - Processing /home/airflow/.local/lib/python3.12/site-packages/airflow/example_dags/example_nested_branch_dag.py took 0.073 seconds
[2025-03-01T01:09:44.216+0000] {processor.py:186} INFO - Started process (PID=1158) to work on /home/airflow/.local/lib/python3.12/site-packages/airflow/example_dags/example_nested_branch_dag.py
[2025-03-01T01:09:44.217+0000] {processor.py:914} INFO - Processing file /home/airflow/.local/lib/python3.12/site-packages/airflow/example_dags/example_nested_branch_dag.py for tasks to queue
[2025-03-01T01:09:44.218+0000] {logging_mixin.py:190} INFO - [2025-03-01T01:09:44.218+0000] {dagbag.py:588} INFO - Filling up the DagBag from /home/airflow/.local/lib/python3.12/site-packages/airflow/example_dags/example_nested_branch_dag.py
[2025-03-01T01:09:44.227+0000] {processor.py:925} INFO - DAG(s) 'example_nested_branch_dag' retrieved from /home/airflow/.local/lib/python3.12/site-packages/airflow/example_dags/example_nested_branch_dag.py
[2025-03-01T01:09:44.243+0000] {logging_mixin.py:190} INFO - [2025-03-01T01:09:44.242+0000] {dag.py:3239} INFO - Sync 1 DAGs
[2025-03-01T01:09:44.261+0000] {logging_mixin.py:190} INFO - [2025-03-01T01:09:44.261+0000] {dag.py:4180} INFO - Setting next_dagrun for example_nested_branch_dag to 2025-02-28 00:00:00+00:00, run_after=2025-03-01 00:00:00+00:00
[2025-03-01T01:09:44.273+0000] {processor.py:208} INFO - Processing /home/airflow/.local/lib/python3.12/site-packages/airflow/example_dags/example_nested_branch_dag.py took 0.061 seconds
[2025-03-01T01:10:14.514+0000] {processor.py:186} INFO - Started process (PID=1221) to work on /home/airflow/.local/lib/python3.12/site-packages/airflow/example_dags/example_nested_branch_dag.py
[2025-03-01T01:10:14.515+0000] {processor.py:914} INFO - Processing file /home/airflow/.local/lib/python3.12/site-packages/airflow/example_dags/example_nested_branch_dag.py for tasks to queue
[2025-03-01T01:10:14.517+0000] {logging_mixin.py:190} INFO - [2025-03-01T01:10:14.516+0000] {dagbag.py:588} INFO - Filling up the DagBag from /home/airflow/.local/lib/python3.12/site-packages/airflow/example_dags/example_nested_branch_dag.py
[2025-03-01T01:10:14.527+0000] {processor.py:925} INFO - DAG(s) 'example_nested_branch_dag' retrieved from /home/airflow/.local/lib/python3.12/site-packages/airflow/example_dags/example_nested_branch_dag.py
[2025-03-01T01:10:14.546+0000] {logging_mixin.py:190} INFO - [2025-03-01T01:10:14.546+0000] {dag.py:3239} INFO - Sync 1 DAGs
[2025-03-01T01:10:14.572+0000] {logging_mixin.py:190} INFO - [2025-03-01T01:10:14.572+0000] {dag.py:4180} INFO - Setting next_dagrun for example_nested_branch_dag to 2025-02-28 00:00:00+00:00, run_after=2025-03-01 00:00:00+00:00
[2025-03-01T01:10:14.589+0000] {processor.py:208} INFO - Processing /home/airflow/.local/lib/python3.12/site-packages/airflow/example_dags/example_nested_branch_dag.py took 0.080 seconds
