[2025-03-01T01:01:07.192+0000] {processor.py:186} INFO - Started process (PID=87) to work on /home/airflow/.local/lib/python3.12/site-packages/airflow/example_dags/example_xcomargs.py
[2025-03-01T01:01:07.194+0000] {processor.py:914} INFO - Processing file /home/airflow/.local/lib/python3.12/site-packages/airflow/example_dags/example_xcomargs.py for tasks to queue
[2025-03-01T01:01:07.197+0000] {logging_mixin.py:190} INFO - [2025-03-01T01:01:07.197+0000] {dagbag.py:588} INFO - Filling up the DagBag from /home/airflow/.local/lib/python3.12/site-packages/airflow/example_dags/example_xcomargs.py
[2025-03-01T01:01:07.225+0000] {processor.py:925} INFO - DAG(s) 'example_xcom_args', 'example_xcom_args_with_operators' retrieved from /home/airflow/.local/lib/python3.12/site-packages/airflow/example_dags/example_xcomargs.py
[2025-03-01T01:01:07.318+0000] {logging_mixin.py:190} INFO - [2025-03-01T01:01:07.318+0000] {override.py:1911} INFO - Created Permission View: can edit on DAG:example_xcom_args
[2025-03-01T01:01:07.326+0000] {logging_mixin.py:190} INFO - [2025-03-01T01:01:07.326+0000] {override.py:1911} INFO - Created Permission View: can read on DAG:example_xcom_args
[2025-03-01T01:01:07.331+0000] {logging_mixin.py:190} INFO - [2025-03-01T01:01:07.331+0000] {override.py:1911} INFO - Created Permission View: can delete on DAG:example_xcom_args
[2025-03-01T01:01:07.337+0000] {logging_mixin.py:190} INFO - [2025-03-01T01:01:07.337+0000] {override.py:1911} INFO - Created Permission View: menu access on DAG Run:example_xcom_args
[2025-03-01T01:01:07.342+0000] {logging_mixin.py:190} INFO - [2025-03-01T01:01:07.342+0000] {override.py:1911} INFO - Created Permission View: can delete on DAG Run:example_xcom_args
[2025-03-01T01:01:07.347+0000] {logging_mixin.py:190} INFO - [2025-03-01T01:01:07.347+0000] {override.py:1911} INFO - Created Permission View: can create on DAG Run:example_xcom_args
[2025-03-01T01:01:07.353+0000] {logging_mixin.py:190} INFO - [2025-03-01T01:01:07.353+0000] {override.py:1911} INFO - Created Permission View: can read on DAG Run:example_xcom_args
[2025-03-01T01:01:07.367+0000] {logging_mixin.py:190} INFO - [2025-03-01T01:01:07.366+0000] {override.py:1911} INFO - Created Permission View: can edit on DAG:example_xcom_args_with_operators
[2025-03-01T01:01:07.372+0000] {logging_mixin.py:190} INFO - [2025-03-01T01:01:07.372+0000] {override.py:1911} INFO - Created Permission View: can read on DAG:example_xcom_args_with_operators
[2025-03-01T01:01:07.377+0000] {logging_mixin.py:190} INFO - [2025-03-01T01:01:07.377+0000] {override.py:1911} INFO - Created Permission View: can delete on DAG:example_xcom_args_with_operators
[2025-03-01T01:01:07.382+0000] {logging_mixin.py:190} INFO - [2025-03-01T01:01:07.382+0000] {override.py:1911} INFO - Created Permission View: menu access on DAG Run:example_xcom_args_with_operators
[2025-03-01T01:01:07.387+0000] {logging_mixin.py:190} INFO - [2025-03-01T01:01:07.387+0000] {override.py:1911} INFO - Created Permission View: can delete on DAG Run:example_xcom_args_with_operators
[2025-03-01T01:01:07.393+0000] {logging_mixin.py:190} INFO - [2025-03-01T01:01:07.392+0000] {override.py:1911} INFO - Created Permission View: can create on DAG Run:example_xcom_args_with_operators
[2025-03-01T01:01:07.398+0000] {logging_mixin.py:190} INFO - [2025-03-01T01:01:07.398+0000] {override.py:1911} INFO - Created Permission View: can read on DAG Run:example_xcom_args_with_operators
[2025-03-01T01:01:07.398+0000] {logging_mixin.py:190} INFO - [2025-03-01T01:01:07.398+0000] {dag.py:3239} INFO - Sync 2 DAGs
[2025-03-01T01:01:07.411+0000] {logging_mixin.py:190} INFO - [2025-03-01T01:01:07.411+0000] {dag.py:3262} INFO - Creating ORM DAG for example_xcom_args
[2025-03-01T01:01:07.412+0000] {logging_mixin.py:190} INFO - [2025-03-01T01:01:07.412+0000] {dag.py:3262} INFO - Creating ORM DAG for example_xcom_args_with_operators
[2025-03-01T01:01:07.413+0000] {logging_mixin.py:190} INFO - [2025-03-01T01:01:07.413+0000] {dag.py:4180} INFO - Setting next_dagrun for example_xcom_args to None, run_after=None
[2025-03-01T01:01:07.413+0000] {logging_mixin.py:190} INFO - [2025-03-01T01:01:07.413+0000] {dag.py:4180} INFO - Setting next_dagrun for example_xcom_args_with_operators to None, run_after=None
[2025-03-01T01:01:07.429+0000] {processor.py:208} INFO - Processing /home/airflow/.local/lib/python3.12/site-packages/airflow/example_dags/example_xcomargs.py took 0.252 seconds
[2025-03-01T01:01:37.940+0000] {processor.py:186} INFO - Started process (PID=149) to work on /home/airflow/.local/lib/python3.12/site-packages/airflow/example_dags/example_xcomargs.py
[2025-03-01T01:01:37.940+0000] {processor.py:914} INFO - Processing file /home/airflow/.local/lib/python3.12/site-packages/airflow/example_dags/example_xcomargs.py for tasks to queue
[2025-03-01T01:01:37.942+0000] {logging_mixin.py:190} INFO - [2025-03-01T01:01:37.942+0000] {dagbag.py:588} INFO - Filling up the DagBag from /home/airflow/.local/lib/python3.12/site-packages/airflow/example_dags/example_xcomargs.py
[2025-03-01T01:01:37.949+0000] {processor.py:925} INFO - DAG(s) 'example_xcom_args', 'example_xcom_args_with_operators' retrieved from /home/airflow/.local/lib/python3.12/site-packages/airflow/example_dags/example_xcomargs.py
[2025-03-01T01:01:37.967+0000] {logging_mixin.py:190} INFO - [2025-03-01T01:01:37.967+0000] {dag.py:3239} INFO - Sync 2 DAGs
[2025-03-01T01:01:37.979+0000] {logging_mixin.py:190} INFO - [2025-03-01T01:01:37.979+0000] {dag.py:4180} INFO - Setting next_dagrun for example_xcom_args to None, run_after=None
[2025-03-01T01:01:37.982+0000] {logging_mixin.py:190} INFO - [2025-03-01T01:01:37.982+0000] {dag.py:4180} INFO - Setting next_dagrun for example_xcom_args_with_operators to None, run_after=None
[2025-03-01T01:01:37.993+0000] {processor.py:208} INFO - Processing /home/airflow/.local/lib/python3.12/site-packages/airflow/example_dags/example_xcomargs.py took 0.057 seconds
[2025-03-01T01:02:08.476+0000] {processor.py:186} INFO - Started process (PID=212) to work on /home/airflow/.local/lib/python3.12/site-packages/airflow/example_dags/example_xcomargs.py
[2025-03-01T01:02:08.477+0000] {processor.py:914} INFO - Processing file /home/airflow/.local/lib/python3.12/site-packages/airflow/example_dags/example_xcomargs.py for tasks to queue
[2025-03-01T01:02:08.478+0000] {logging_mixin.py:190} INFO - [2025-03-01T01:02:08.478+0000] {dagbag.py:588} INFO - Filling up the DagBag from /home/airflow/.local/lib/python3.12/site-packages/airflow/example_dags/example_xcomargs.py
[2025-03-01T01:02:08.487+0000] {processor.py:925} INFO - DAG(s) 'example_xcom_args_with_operators', 'example_xcom_args' retrieved from /home/airflow/.local/lib/python3.12/site-packages/airflow/example_dags/example_xcomargs.py
[2025-03-01T01:02:08.508+0000] {logging_mixin.py:190} INFO - [2025-03-01T01:02:08.507+0000] {dag.py:3239} INFO - Sync 2 DAGs
[2025-03-01T01:02:08.523+0000] {logging_mixin.py:190} INFO - [2025-03-01T01:02:08.523+0000] {dag.py:4180} INFO - Setting next_dagrun for example_xcom_args to None, run_after=None
[2025-03-01T01:02:08.526+0000] {logging_mixin.py:190} INFO - [2025-03-01T01:02:08.526+0000] {dag.py:4180} INFO - Setting next_dagrun for example_xcom_args_with_operators to None, run_after=None
[2025-03-01T01:02:08.540+0000] {processor.py:208} INFO - Processing /home/airflow/.local/lib/python3.12/site-packages/airflow/example_dags/example_xcomargs.py took 0.068 seconds
[2025-03-01T01:02:38.818+0000] {processor.py:186} INFO - Started process (PID=274) to work on /home/airflow/.local/lib/python3.12/site-packages/airflow/example_dags/example_xcomargs.py
[2025-03-01T01:02:38.819+0000] {processor.py:914} INFO - Processing file /home/airflow/.local/lib/python3.12/site-packages/airflow/example_dags/example_xcomargs.py for tasks to queue
[2025-03-01T01:02:38.821+0000] {logging_mixin.py:190} INFO - [2025-03-01T01:02:38.821+0000] {dagbag.py:588} INFO - Filling up the DagBag from /home/airflow/.local/lib/python3.12/site-packages/airflow/example_dags/example_xcomargs.py
[2025-03-01T01:02:38.831+0000] {processor.py:925} INFO - DAG(s) 'example_xcom_args', 'example_xcom_args_with_operators' retrieved from /home/airflow/.local/lib/python3.12/site-packages/airflow/example_dags/example_xcomargs.py
[2025-03-01T01:02:38.853+0000] {logging_mixin.py:190} INFO - [2025-03-01T01:02:38.853+0000] {dag.py:3239} INFO - Sync 2 DAGs
[2025-03-01T01:02:38.868+0000] {logging_mixin.py:190} INFO - [2025-03-01T01:02:38.868+0000] {dag.py:4180} INFO - Setting next_dagrun for example_xcom_args to None, run_after=None
[2025-03-01T01:02:38.872+0000] {logging_mixin.py:190} INFO - [2025-03-01T01:02:38.871+0000] {dag.py:4180} INFO - Setting next_dagrun for example_xcom_args_with_operators to None, run_after=None
[2025-03-01T01:02:38.885+0000] {processor.py:208} INFO - Processing /home/airflow/.local/lib/python3.12/site-packages/airflow/example_dags/example_xcomargs.py took 0.072 seconds
[2025-03-01T01:03:09.452+0000] {processor.py:186} INFO - Started process (PID=337) to work on /home/airflow/.local/lib/python3.12/site-packages/airflow/example_dags/example_xcomargs.py
[2025-03-01T01:03:09.453+0000] {processor.py:914} INFO - Processing file /home/airflow/.local/lib/python3.12/site-packages/airflow/example_dags/example_xcomargs.py for tasks to queue
[2025-03-01T01:03:09.455+0000] {logging_mixin.py:190} INFO - [2025-03-01T01:03:09.455+0000] {dagbag.py:588} INFO - Filling up the DagBag from /home/airflow/.local/lib/python3.12/site-packages/airflow/example_dags/example_xcomargs.py
[2025-03-01T01:03:09.464+0000] {processor.py:925} INFO - DAG(s) 'example_xcom_args_with_operators', 'example_xcom_args' retrieved from /home/airflow/.local/lib/python3.12/site-packages/airflow/example_dags/example_xcomargs.py
[2025-03-01T01:03:09.481+0000] {logging_mixin.py:190} INFO - [2025-03-01T01:03:09.481+0000] {dag.py:3239} INFO - Sync 2 DAGs
[2025-03-01T01:03:09.494+0000] {logging_mixin.py:190} INFO - [2025-03-01T01:03:09.494+0000] {dag.py:4180} INFO - Setting next_dagrun for example_xcom_args to None, run_after=None
[2025-03-01T01:03:09.497+0000] {logging_mixin.py:190} INFO - [2025-03-01T01:03:09.497+0000] {dag.py:4180} INFO - Setting next_dagrun for example_xcom_args_with_operators to None, run_after=None
[2025-03-01T01:03:09.508+0000] {processor.py:208} INFO - Processing /home/airflow/.local/lib/python3.12/site-packages/airflow/example_dags/example_xcomargs.py took 0.061 seconds
[2025-03-01T01:03:40.222+0000] {processor.py:186} INFO - Started process (PID=400) to work on /home/airflow/.local/lib/python3.12/site-packages/airflow/example_dags/example_xcomargs.py
[2025-03-01T01:03:40.223+0000] {processor.py:914} INFO - Processing file /home/airflow/.local/lib/python3.12/site-packages/airflow/example_dags/example_xcomargs.py for tasks to queue
[2025-03-01T01:03:40.225+0000] {logging_mixin.py:190} INFO - [2025-03-01T01:03:40.225+0000] {dagbag.py:588} INFO - Filling up the DagBag from /home/airflow/.local/lib/python3.12/site-packages/airflow/example_dags/example_xcomargs.py
[2025-03-01T01:03:40.235+0000] {processor.py:925} INFO - DAG(s) 'example_xcom_args_with_operators', 'example_xcom_args' retrieved from /home/airflow/.local/lib/python3.12/site-packages/airflow/example_dags/example_xcomargs.py
[2025-03-01T01:03:40.255+0000] {logging_mixin.py:190} INFO - [2025-03-01T01:03:40.255+0000] {dag.py:3239} INFO - Sync 2 DAGs
[2025-03-01T01:03:40.269+0000] {logging_mixin.py:190} INFO - [2025-03-01T01:03:40.269+0000] {dag.py:4180} INFO - Setting next_dagrun for example_xcom_args to None, run_after=None
[2025-03-01T01:03:40.273+0000] {logging_mixin.py:190} INFO - [2025-03-01T01:03:40.273+0000] {dag.py:4180} INFO - Setting next_dagrun for example_xcom_args_with_operators to None, run_after=None
[2025-03-01T01:03:40.287+0000] {processor.py:208} INFO - Processing /home/airflow/.local/lib/python3.12/site-packages/airflow/example_dags/example_xcomargs.py took 0.070 seconds
[2025-03-01T01:04:10.349+0000] {processor.py:186} INFO - Started process (PID=463) to work on /home/airflow/.local/lib/python3.12/site-packages/airflow/example_dags/example_xcomargs.py
[2025-03-01T01:04:10.350+0000] {processor.py:914} INFO - Processing file /home/airflow/.local/lib/python3.12/site-packages/airflow/example_dags/example_xcomargs.py for tasks to queue
[2025-03-01T01:04:10.356+0000] {logging_mixin.py:190} INFO - [2025-03-01T01:04:10.356+0000] {dagbag.py:588} INFO - Filling up the DagBag from /home/airflow/.local/lib/python3.12/site-packages/airflow/example_dags/example_xcomargs.py
[2025-03-01T01:04:10.371+0000] {processor.py:925} INFO - DAG(s) 'example_xcom_args', 'example_xcom_args_with_operators' retrieved from /home/airflow/.local/lib/python3.12/site-packages/airflow/example_dags/example_xcomargs.py
[2025-03-01T01:04:10.406+0000] {logging_mixin.py:190} INFO - [2025-03-01T01:04:10.405+0000] {dag.py:3239} INFO - Sync 2 DAGs
[2025-03-01T01:04:10.424+0000] {logging_mixin.py:190} INFO - [2025-03-01T01:04:10.424+0000] {dag.py:4180} INFO - Setting next_dagrun for example_xcom_args to None, run_after=None
[2025-03-01T01:04:10.428+0000] {logging_mixin.py:190} INFO - [2025-03-01T01:04:10.428+0000] {dag.py:4180} INFO - Setting next_dagrun for example_xcom_args_with_operators to None, run_after=None
[2025-03-01T01:04:10.457+0000] {processor.py:208} INFO - Processing /home/airflow/.local/lib/python3.12/site-packages/airflow/example_dags/example_xcomargs.py took 0.116 seconds
[2025-03-01T01:04:40.984+0000] {processor.py:186} INFO - Started process (PID=526) to work on /home/airflow/.local/lib/python3.12/site-packages/airflow/example_dags/example_xcomargs.py
[2025-03-01T01:04:40.985+0000] {processor.py:914} INFO - Processing file /home/airflow/.local/lib/python3.12/site-packages/airflow/example_dags/example_xcomargs.py for tasks to queue
[2025-03-01T01:04:40.986+0000] {logging_mixin.py:190} INFO - [2025-03-01T01:04:40.986+0000] {dagbag.py:588} INFO - Filling up the DagBag from /home/airflow/.local/lib/python3.12/site-packages/airflow/example_dags/example_xcomargs.py
[2025-03-01T01:04:40.994+0000] {processor.py:925} INFO - DAG(s) 'example_xcom_args_with_operators', 'example_xcom_args' retrieved from /home/airflow/.local/lib/python3.12/site-packages/airflow/example_dags/example_xcomargs.py
[2025-03-01T01:04:41.014+0000] {logging_mixin.py:190} INFO - [2025-03-01T01:04:41.014+0000] {dag.py:3239} INFO - Sync 2 DAGs
[2025-03-01T01:04:41.029+0000] {logging_mixin.py:190} INFO - [2025-03-01T01:04:41.029+0000] {dag.py:4180} INFO - Setting next_dagrun for example_xcom_args to None, run_after=None
[2025-03-01T01:04:41.032+0000] {logging_mixin.py:190} INFO - [2025-03-01T01:04:41.032+0000] {dag.py:4180} INFO - Setting next_dagrun for example_xcom_args_with_operators to None, run_after=None
[2025-03-01T01:04:41.046+0000] {processor.py:208} INFO - Processing /home/airflow/.local/lib/python3.12/site-packages/airflow/example_dags/example_xcomargs.py took 0.066 seconds
[2025-03-01T01:05:11.153+0000] {processor.py:186} INFO - Started process (PID=589) to work on /home/airflow/.local/lib/python3.12/site-packages/airflow/example_dags/example_xcomargs.py
[2025-03-01T01:05:11.153+0000] {processor.py:914} INFO - Processing file /home/airflow/.local/lib/python3.12/site-packages/airflow/example_dags/example_xcomargs.py for tasks to queue
[2025-03-01T01:05:11.155+0000] {logging_mixin.py:190} INFO - [2025-03-01T01:05:11.155+0000] {dagbag.py:588} INFO - Filling up the DagBag from /home/airflow/.local/lib/python3.12/site-packages/airflow/example_dags/example_xcomargs.py
[2025-03-01T01:05:11.164+0000] {processor.py:925} INFO - DAG(s) 'example_xcom_args_with_operators', 'example_xcom_args' retrieved from /home/airflow/.local/lib/python3.12/site-packages/airflow/example_dags/example_xcomargs.py
[2025-03-01T01:05:11.185+0000] {logging_mixin.py:190} INFO - [2025-03-01T01:05:11.185+0000] {dag.py:3239} INFO - Sync 2 DAGs
[2025-03-01T01:05:11.201+0000] {logging_mixin.py:190} INFO - [2025-03-01T01:05:11.200+0000] {dag.py:4180} INFO - Setting next_dagrun for example_xcom_args to None, run_after=None
[2025-03-01T01:05:11.204+0000] {logging_mixin.py:190} INFO - [2025-03-01T01:05:11.204+0000] {dag.py:4180} INFO - Setting next_dagrun for example_xcom_args_with_operators to None, run_after=None
[2025-03-01T01:05:11.218+0000] {processor.py:208} INFO - Processing /home/airflow/.local/lib/python3.12/site-packages/airflow/example_dags/example_xcomargs.py took 0.071 seconds
[2025-03-01T01:05:41.756+0000] {processor.py:186} INFO - Started process (PID=652) to work on /home/airflow/.local/lib/python3.12/site-packages/airflow/example_dags/example_xcomargs.py
[2025-03-01T01:05:41.757+0000] {processor.py:914} INFO - Processing file /home/airflow/.local/lib/python3.12/site-packages/airflow/example_dags/example_xcomargs.py for tasks to queue
[2025-03-01T01:05:41.759+0000] {logging_mixin.py:190} INFO - [2025-03-01T01:05:41.758+0000] {dagbag.py:588} INFO - Filling up the DagBag from /home/airflow/.local/lib/python3.12/site-packages/airflow/example_dags/example_xcomargs.py
[2025-03-01T01:05:41.770+0000] {processor.py:925} INFO - DAG(s) 'example_xcom_args', 'example_xcom_args_with_operators' retrieved from /home/airflow/.local/lib/python3.12/site-packages/airflow/example_dags/example_xcomargs.py
[2025-03-01T01:05:41.794+0000] {logging_mixin.py:190} INFO - [2025-03-01T01:05:41.794+0000] {dag.py:3239} INFO - Sync 2 DAGs
[2025-03-01T01:05:41.813+0000] {logging_mixin.py:190} INFO - [2025-03-01T01:05:41.813+0000] {dag.py:4180} INFO - Setting next_dagrun for example_xcom_args to None, run_after=None
[2025-03-01T01:05:41.816+0000] {logging_mixin.py:190} INFO - [2025-03-01T01:05:41.816+0000] {dag.py:4180} INFO - Setting next_dagrun for example_xcom_args_with_operators to None, run_after=None
[2025-03-01T01:05:41.830+0000] {processor.py:208} INFO - Processing /home/airflow/.local/lib/python3.12/site-packages/airflow/example_dags/example_xcomargs.py took 0.080 seconds
[2025-03-01T01:06:12.101+0000] {processor.py:186} INFO - Started process (PID=715) to work on /home/airflow/.local/lib/python3.12/site-packages/airflow/example_dags/example_xcomargs.py
[2025-03-01T01:06:12.102+0000] {processor.py:914} INFO - Processing file /home/airflow/.local/lib/python3.12/site-packages/airflow/example_dags/example_xcomargs.py for tasks to queue
[2025-03-01T01:06:12.103+0000] {logging_mixin.py:190} INFO - [2025-03-01T01:06:12.103+0000] {dagbag.py:588} INFO - Filling up the DagBag from /home/airflow/.local/lib/python3.12/site-packages/airflow/example_dags/example_xcomargs.py
[2025-03-01T01:06:12.111+0000] {processor.py:925} INFO - DAG(s) 'example_xcom_args', 'example_xcom_args_with_operators' retrieved from /home/airflow/.local/lib/python3.12/site-packages/airflow/example_dags/example_xcomargs.py
[2025-03-01T01:06:12.132+0000] {logging_mixin.py:190} INFO - [2025-03-01T01:06:12.131+0000] {dag.py:3239} INFO - Sync 2 DAGs
[2025-03-01T01:06:12.147+0000] {logging_mixin.py:190} INFO - [2025-03-01T01:06:12.147+0000] {dag.py:4180} INFO - Setting next_dagrun for example_xcom_args to None, run_after=None
[2025-03-01T01:06:12.151+0000] {logging_mixin.py:190} INFO - [2025-03-01T01:06:12.150+0000] {dag.py:4180} INFO - Setting next_dagrun for example_xcom_args_with_operators to None, run_after=None
[2025-03-01T01:06:12.163+0000] {processor.py:208} INFO - Processing /home/airflow/.local/lib/python3.12/site-packages/airflow/example_dags/example_xcomargs.py took 0.066 seconds
[2025-03-01T01:06:42.554+0000] {processor.py:186} INFO - Started process (PID=778) to work on /home/airflow/.local/lib/python3.12/site-packages/airflow/example_dags/example_xcomargs.py
[2025-03-01T01:06:42.554+0000] {processor.py:914} INFO - Processing file /home/airflow/.local/lib/python3.12/site-packages/airflow/example_dags/example_xcomargs.py for tasks to queue
[2025-03-01T01:06:42.556+0000] {logging_mixin.py:190} INFO - [2025-03-01T01:06:42.556+0000] {dagbag.py:588} INFO - Filling up the DagBag from /home/airflow/.local/lib/python3.12/site-packages/airflow/example_dags/example_xcomargs.py
[2025-03-01T01:06:42.564+0000] {processor.py:925} INFO - DAG(s) 'example_xcom_args_with_operators', 'example_xcom_args' retrieved from /home/airflow/.local/lib/python3.12/site-packages/airflow/example_dags/example_xcomargs.py
[2025-03-01T01:06:42.584+0000] {logging_mixin.py:190} INFO - [2025-03-01T01:06:42.584+0000] {dag.py:3239} INFO - Sync 2 DAGs
[2025-03-01T01:06:42.599+0000] {logging_mixin.py:190} INFO - [2025-03-01T01:06:42.599+0000] {dag.py:4180} INFO - Setting next_dagrun for example_xcom_args to None, run_after=None
[2025-03-01T01:06:42.603+0000] {logging_mixin.py:190} INFO - [2025-03-01T01:06:42.602+0000] {dag.py:4180} INFO - Setting next_dagrun for example_xcom_args_with_operators to None, run_after=None
[2025-03-01T01:06:42.616+0000] {processor.py:208} INFO - Processing /home/airflow/.local/lib/python3.12/site-packages/airflow/example_dags/example_xcomargs.py took 0.067 seconds
[2025-03-01T01:07:12.899+0000] {processor.py:186} INFO - Started process (PID=841) to work on /home/airflow/.local/lib/python3.12/site-packages/airflow/example_dags/example_xcomargs.py
[2025-03-01T01:07:12.899+0000] {processor.py:914} INFO - Processing file /home/airflow/.local/lib/python3.12/site-packages/airflow/example_dags/example_xcomargs.py for tasks to queue
[2025-03-01T01:07:12.901+0000] {logging_mixin.py:190} INFO - [2025-03-01T01:07:12.901+0000] {dagbag.py:588} INFO - Filling up the DagBag from /home/airflow/.local/lib/python3.12/site-packages/airflow/example_dags/example_xcomargs.py
[2025-03-01T01:07:12.908+0000] {processor.py:925} INFO - DAG(s) 'example_xcom_args_with_operators', 'example_xcom_args' retrieved from /home/airflow/.local/lib/python3.12/site-packages/airflow/example_dags/example_xcomargs.py
[2025-03-01T01:07:12.927+0000] {logging_mixin.py:190} INFO - [2025-03-01T01:07:12.927+0000] {dag.py:3239} INFO - Sync 2 DAGs
[2025-03-01T01:07:12.938+0000] {logging_mixin.py:190} INFO - [2025-03-01T01:07:12.938+0000] {dag.py:4180} INFO - Setting next_dagrun for example_xcom_args to None, run_after=None
[2025-03-01T01:07:12.941+0000] {logging_mixin.py:190} INFO - [2025-03-01T01:07:12.941+0000] {dag.py:4180} INFO - Setting next_dagrun for example_xcom_args_with_operators to None, run_after=None
[2025-03-01T01:07:12.951+0000] {processor.py:208} INFO - Processing /home/airflow/.local/lib/python3.12/site-packages/airflow/example_dags/example_xcomargs.py took 0.057 seconds
[2025-03-01T01:07:43.062+0000] {processor.py:186} INFO - Started process (PID=904) to work on /home/airflow/.local/lib/python3.12/site-packages/airflow/example_dags/example_xcomargs.py
[2025-03-01T01:07:43.063+0000] {processor.py:914} INFO - Processing file /home/airflow/.local/lib/python3.12/site-packages/airflow/example_dags/example_xcomargs.py for tasks to queue
[2025-03-01T01:07:43.064+0000] {logging_mixin.py:190} INFO - [2025-03-01T01:07:43.064+0000] {dagbag.py:588} INFO - Filling up the DagBag from /home/airflow/.local/lib/python3.12/site-packages/airflow/example_dags/example_xcomargs.py
[2025-03-01T01:07:43.072+0000] {processor.py:925} INFO - DAG(s) 'example_xcom_args', 'example_xcom_args_with_operators' retrieved from /home/airflow/.local/lib/python3.12/site-packages/airflow/example_dags/example_xcomargs.py
[2025-03-01T01:07:43.091+0000] {logging_mixin.py:190} INFO - [2025-03-01T01:07:43.091+0000] {dag.py:3239} INFO - Sync 2 DAGs
[2025-03-01T01:07:43.102+0000] {logging_mixin.py:190} INFO - [2025-03-01T01:07:43.102+0000] {dag.py:4180} INFO - Setting next_dagrun for example_xcom_args to None, run_after=None
[2025-03-01T01:07:43.105+0000] {logging_mixin.py:190} INFO - [2025-03-01T01:07:43.104+0000] {dag.py:4180} INFO - Setting next_dagrun for example_xcom_args_with_operators to None, run_after=None
[2025-03-01T01:07:43.117+0000] {processor.py:208} INFO - Processing /home/airflow/.local/lib/python3.12/site-packages/airflow/example_dags/example_xcomargs.py took 0.059 seconds
[2025-03-01T01:08:13.304+0000] {processor.py:186} INFO - Started process (PID=968) to work on /home/airflow/.local/lib/python3.12/site-packages/airflow/example_dags/example_xcomargs.py
[2025-03-01T01:08:13.305+0000] {processor.py:914} INFO - Processing file /home/airflow/.local/lib/python3.12/site-packages/airflow/example_dags/example_xcomargs.py for tasks to queue
[2025-03-01T01:08:13.307+0000] {logging_mixin.py:190} INFO - [2025-03-01T01:08:13.307+0000] {dagbag.py:588} INFO - Filling up the DagBag from /home/airflow/.local/lib/python3.12/site-packages/airflow/example_dags/example_xcomargs.py
[2025-03-01T01:08:13.319+0000] {processor.py:925} INFO - DAG(s) 'example_xcom_args_with_operators', 'example_xcom_args' retrieved from /home/airflow/.local/lib/python3.12/site-packages/airflow/example_dags/example_xcomargs.py
[2025-03-01T01:08:13.341+0000] {logging_mixin.py:190} INFO - [2025-03-01T01:08:13.341+0000] {dag.py:3239} INFO - Sync 2 DAGs
[2025-03-01T01:08:13.355+0000] {logging_mixin.py:190} INFO - [2025-03-01T01:08:13.355+0000] {dag.py:4180} INFO - Setting next_dagrun for example_xcom_args to None, run_after=None
[2025-03-01T01:08:13.359+0000] {logging_mixin.py:190} INFO - [2025-03-01T01:08:13.358+0000] {dag.py:4180} INFO - Setting next_dagrun for example_xcom_args_with_operators to None, run_after=None
[2025-03-01T01:08:13.372+0000] {processor.py:208} INFO - Processing /home/airflow/.local/lib/python3.12/site-packages/airflow/example_dags/example_xcomargs.py took 0.074 seconds
[2025-03-01T01:08:43.581+0000] {processor.py:186} INFO - Started process (PID=1030) to work on /home/airflow/.local/lib/python3.12/site-packages/airflow/example_dags/example_xcomargs.py
[2025-03-01T01:08:43.582+0000] {processor.py:914} INFO - Processing file /home/airflow/.local/lib/python3.12/site-packages/airflow/example_dags/example_xcomargs.py for tasks to queue
[2025-03-01T01:08:43.583+0000] {logging_mixin.py:190} INFO - [2025-03-01T01:08:43.583+0000] {dagbag.py:588} INFO - Filling up the DagBag from /home/airflow/.local/lib/python3.12/site-packages/airflow/example_dags/example_xcomargs.py
[2025-03-01T01:08:43.591+0000] {processor.py:925} INFO - DAG(s) 'example_xcom_args_with_operators', 'example_xcom_args' retrieved from /home/airflow/.local/lib/python3.12/site-packages/airflow/example_dags/example_xcomargs.py
[2025-03-01T01:08:43.612+0000] {logging_mixin.py:190} INFO - [2025-03-01T01:08:43.612+0000] {dag.py:3239} INFO - Sync 2 DAGs
[2025-03-01T01:08:43.623+0000] {logging_mixin.py:190} INFO - [2025-03-01T01:08:43.623+0000] {dag.py:4180} INFO - Setting next_dagrun for example_xcom_args to None, run_after=None
[2025-03-01T01:08:43.626+0000] {logging_mixin.py:190} INFO - [2025-03-01T01:08:43.626+0000] {dag.py:4180} INFO - Setting next_dagrun for example_xcom_args_with_operators to None, run_after=None
[2025-03-01T01:08:43.636+0000] {processor.py:208} INFO - Processing /home/airflow/.local/lib/python3.12/site-packages/airflow/example_dags/example_xcomargs.py took 0.059 seconds
[2025-03-01T01:09:13.865+0000] {processor.py:186} INFO - Started process (PID=1093) to work on /home/airflow/.local/lib/python3.12/site-packages/airflow/example_dags/example_xcomargs.py
[2025-03-01T01:09:13.866+0000] {processor.py:914} INFO - Processing file /home/airflow/.local/lib/python3.12/site-packages/airflow/example_dags/example_xcomargs.py for tasks to queue
[2025-03-01T01:09:13.867+0000] {logging_mixin.py:190} INFO - [2025-03-01T01:09:13.867+0000] {dagbag.py:588} INFO - Filling up the DagBag from /home/airflow/.local/lib/python3.12/site-packages/airflow/example_dags/example_xcomargs.py
[2025-03-01T01:09:13.875+0000] {processor.py:925} INFO - DAG(s) 'example_xcom_args_with_operators', 'example_xcom_args' retrieved from /home/airflow/.local/lib/python3.12/site-packages/airflow/example_dags/example_xcomargs.py
[2025-03-01T01:09:13.893+0000] {logging_mixin.py:190} INFO - [2025-03-01T01:09:13.892+0000] {dag.py:3239} INFO - Sync 2 DAGs
[2025-03-01T01:09:13.908+0000] {logging_mixin.py:190} INFO - [2025-03-01T01:09:13.907+0000] {dag.py:4180} INFO - Setting next_dagrun for example_xcom_args to None, run_after=None
[2025-03-01T01:09:13.910+0000] {logging_mixin.py:190} INFO - [2025-03-01T01:09:13.910+0000] {dag.py:4180} INFO - Setting next_dagrun for example_xcom_args_with_operators to None, run_after=None
[2025-03-01T01:09:13.921+0000] {processor.py:208} INFO - Processing /home/airflow/.local/lib/python3.12/site-packages/airflow/example_dags/example_xcomargs.py took 0.060 seconds
[2025-03-01T01:09:44.130+0000] {processor.py:186} INFO - Started process (PID=1156) to work on /home/airflow/.local/lib/python3.12/site-packages/airflow/example_dags/example_xcomargs.py
[2025-03-01T01:09:44.130+0000] {processor.py:914} INFO - Processing file /home/airflow/.local/lib/python3.12/site-packages/airflow/example_dags/example_xcomargs.py for tasks to queue
[2025-03-01T01:09:44.132+0000] {logging_mixin.py:190} INFO - [2025-03-01T01:09:44.132+0000] {dagbag.py:588} INFO - Filling up the DagBag from /home/airflow/.local/lib/python3.12/site-packages/airflow/example_dags/example_xcomargs.py
[2025-03-01T01:09:44.140+0000] {processor.py:925} INFO - DAG(s) 'example_xcom_args_with_operators', 'example_xcom_args' retrieved from /home/airflow/.local/lib/python3.12/site-packages/airflow/example_dags/example_xcomargs.py
[2025-03-01T01:09:44.161+0000] {logging_mixin.py:190} INFO - [2025-03-01T01:09:44.160+0000] {dag.py:3239} INFO - Sync 2 DAGs
[2025-03-01T01:09:44.173+0000] {logging_mixin.py:190} INFO - [2025-03-01T01:09:44.173+0000] {dag.py:4180} INFO - Setting next_dagrun for example_xcom_args to None, run_after=None
[2025-03-01T01:09:44.177+0000] {logging_mixin.py:190} INFO - [2025-03-01T01:09:44.177+0000] {dag.py:4180} INFO - Setting next_dagrun for example_xcom_args_with_operators to None, run_after=None
[2025-03-01T01:09:44.192+0000] {processor.py:208} INFO - Processing /home/airflow/.local/lib/python3.12/site-packages/airflow/example_dags/example_xcomargs.py took 0.067 seconds
[2025-03-01T01:10:14.428+0000] {processor.py:186} INFO - Started process (PID=1219) to work on /home/airflow/.local/lib/python3.12/site-packages/airflow/example_dags/example_xcomargs.py
[2025-03-01T01:10:14.429+0000] {processor.py:914} INFO - Processing file /home/airflow/.local/lib/python3.12/site-packages/airflow/example_dags/example_xcomargs.py for tasks to queue
[2025-03-01T01:10:14.430+0000] {logging_mixin.py:190} INFO - [2025-03-01T01:10:14.430+0000] {dagbag.py:588} INFO - Filling up the DagBag from /home/airflow/.local/lib/python3.12/site-packages/airflow/example_dags/example_xcomargs.py
[2025-03-01T01:10:14.438+0000] {processor.py:925} INFO - DAG(s) 'example_xcom_args', 'example_xcom_args_with_operators' retrieved from /home/airflow/.local/lib/python3.12/site-packages/airflow/example_dags/example_xcomargs.py
[2025-03-01T01:10:14.459+0000] {logging_mixin.py:190} INFO - [2025-03-01T01:10:14.459+0000] {dag.py:3239} INFO - Sync 2 DAGs
[2025-03-01T01:10:14.474+0000] {logging_mixin.py:190} INFO - [2025-03-01T01:10:14.474+0000] {dag.py:4180} INFO - Setting next_dagrun for example_xcom_args to None, run_after=None
[2025-03-01T01:10:14.477+0000] {logging_mixin.py:190} INFO - [2025-03-01T01:10:14.477+0000] {dag.py:4180} INFO - Setting next_dagrun for example_xcom_args_with_operators to None, run_after=None
[2025-03-01T01:10:14.489+0000] {processor.py:208} INFO - Processing /home/airflow/.local/lib/python3.12/site-packages/airflow/example_dags/example_xcomargs.py took 0.067 seconds
[2025-03-01T01:10:44.805+0000] {processor.py:186} INFO - Started process (PID=1282) to work on /home/airflow/.local/lib/python3.12/site-packages/airflow/example_dags/example_xcomargs.py
[2025-03-01T01:10:44.806+0000] {processor.py:914} INFO - Processing file /home/airflow/.local/lib/python3.12/site-packages/airflow/example_dags/example_xcomargs.py for tasks to queue
[2025-03-01T01:10:44.808+0000] {logging_mixin.py:190} INFO - [2025-03-01T01:10:44.807+0000] {dagbag.py:588} INFO - Filling up the DagBag from /home/airflow/.local/lib/python3.12/site-packages/airflow/example_dags/example_xcomargs.py
[2025-03-01T01:10:44.818+0000] {processor.py:925} INFO - DAG(s) 'example_xcom_args', 'example_xcom_args_with_operators' retrieved from /home/airflow/.local/lib/python3.12/site-packages/airflow/example_dags/example_xcomargs.py
[2025-03-01T01:10:44.842+0000] {logging_mixin.py:190} INFO - [2025-03-01T01:10:44.842+0000] {dag.py:3239} INFO - Sync 2 DAGs
[2025-03-01T01:10:44.859+0000] {logging_mixin.py:190} INFO - [2025-03-01T01:10:44.859+0000] {dag.py:4180} INFO - Setting next_dagrun for example_xcom_args to None, run_after=None
[2025-03-01T01:10:44.863+0000] {logging_mixin.py:190} INFO - [2025-03-01T01:10:44.862+0000] {dag.py:4180} INFO - Setting next_dagrun for example_xcom_args_with_operators to None, run_after=None
[2025-03-01T01:10:44.877+0000] {processor.py:208} INFO - Processing /home/airflow/.local/lib/python3.12/site-packages/airflow/example_dags/example_xcomargs.py took 0.078 seconds
[2025-03-01T01:11:15.391+0000] {processor.py:186} INFO - Started process (PID=1346) to work on /home/airflow/.local/lib/python3.12/site-packages/airflow/example_dags/example_xcomargs.py
[2025-03-01T01:11:15.392+0000] {processor.py:914} INFO - Processing file /home/airflow/.local/lib/python3.12/site-packages/airflow/example_dags/example_xcomargs.py for tasks to queue
[2025-03-01T01:11:15.392+0000] {logging_mixin.py:190} INFO - [2025-03-01T01:11:15.392+0000] {dagbag.py:588} INFO - Filling up the DagBag from /home/airflow/.local/lib/python3.12/site-packages/airflow/example_dags/example_xcomargs.py
[2025-03-01T01:11:15.401+0000] {processor.py:925} INFO - DAG(s) 'example_xcom_args_with_operators', 'example_xcom_args' retrieved from /home/airflow/.local/lib/python3.12/site-packages/airflow/example_dags/example_xcomargs.py
[2025-03-01T01:11:15.423+0000] {logging_mixin.py:190} INFO - [2025-03-01T01:11:15.423+0000] {dag.py:3239} INFO - Sync 2 DAGs
[2025-03-01T01:11:15.439+0000] {logging_mixin.py:190} INFO - [2025-03-01T01:11:15.439+0000] {dag.py:4180} INFO - Setting next_dagrun for example_xcom_args to None, run_after=None
[2025-03-01T01:11:15.443+0000] {logging_mixin.py:190} INFO - [2025-03-01T01:11:15.443+0000] {dag.py:4180} INFO - Setting next_dagrun for example_xcom_args_with_operators to None, run_after=None
[2025-03-01T01:11:15.454+0000] {processor.py:208} INFO - Processing /home/airflow/.local/lib/python3.12/site-packages/airflow/example_dags/example_xcomargs.py took 0.068 seconds
[2025-03-01T01:11:45.805+0000] {processor.py:186} INFO - Started process (PID=1410) to work on /home/airflow/.local/lib/python3.12/site-packages/airflow/example_dags/example_xcomargs.py
[2025-03-01T01:11:45.806+0000] {processor.py:914} INFO - Processing file /home/airflow/.local/lib/python3.12/site-packages/airflow/example_dags/example_xcomargs.py for tasks to queue
[2025-03-01T01:11:45.806+0000] {logging_mixin.py:190} INFO - [2025-03-01T01:11:45.806+0000] {dagbag.py:588} INFO - Filling up the DagBag from /home/airflow/.local/lib/python3.12/site-packages/airflow/example_dags/example_xcomargs.py
[2025-03-01T01:11:45.815+0000] {processor.py:925} INFO - DAG(s) 'example_xcom_args', 'example_xcom_args_with_operators' retrieved from /home/airflow/.local/lib/python3.12/site-packages/airflow/example_dags/example_xcomargs.py
[2025-03-01T01:11:45.833+0000] {logging_mixin.py:190} INFO - [2025-03-01T01:11:45.832+0000] {dag.py:3239} INFO - Sync 2 DAGs
[2025-03-01T01:11:45.844+0000] {logging_mixin.py:190} INFO - [2025-03-01T01:11:45.844+0000] {dag.py:4180} INFO - Setting next_dagrun for example_xcom_args to None, run_after=None
[2025-03-01T01:11:45.847+0000] {logging_mixin.py:190} INFO - [2025-03-01T01:11:45.847+0000] {dag.py:4180} INFO - Setting next_dagrun for example_xcom_args_with_operators to None, run_after=None
[2025-03-01T01:11:45.858+0000] {processor.py:208} INFO - Processing /home/airflow/.local/lib/python3.12/site-packages/airflow/example_dags/example_xcomargs.py took 0.057 seconds
[2025-03-01T01:12:16.057+0000] {processor.py:186} INFO - Started process (PID=1474) to work on /home/airflow/.local/lib/python3.12/site-packages/airflow/example_dags/example_xcomargs.py
[2025-03-01T01:12:16.058+0000] {processor.py:914} INFO - Processing file /home/airflow/.local/lib/python3.12/site-packages/airflow/example_dags/example_xcomargs.py for tasks to queue
[2025-03-01T01:12:16.059+0000] {logging_mixin.py:190} INFO - [2025-03-01T01:12:16.058+0000] {dagbag.py:588} INFO - Filling up the DagBag from /home/airflow/.local/lib/python3.12/site-packages/airflow/example_dags/example_xcomargs.py
[2025-03-01T01:12:16.066+0000] {processor.py:925} INFO - DAG(s) 'example_xcom_args_with_operators', 'example_xcom_args' retrieved from /home/airflow/.local/lib/python3.12/site-packages/airflow/example_dags/example_xcomargs.py
[2025-03-01T01:12:16.083+0000] {logging_mixin.py:190} INFO - [2025-03-01T01:12:16.083+0000] {dag.py:3239} INFO - Sync 2 DAGs
[2025-03-01T01:12:16.095+0000] {logging_mixin.py:190} INFO - [2025-03-01T01:12:16.095+0000] {dag.py:4180} INFO - Setting next_dagrun for example_xcom_args to None, run_after=None
[2025-03-01T01:12:16.098+0000] {logging_mixin.py:190} INFO - [2025-03-01T01:12:16.098+0000] {dag.py:4180} INFO - Setting next_dagrun for example_xcom_args_with_operators to None, run_after=None
[2025-03-01T01:12:16.108+0000] {processor.py:208} INFO - Processing /home/airflow/.local/lib/python3.12/site-packages/airflow/example_dags/example_xcomargs.py took 0.055 seconds
[2025-03-01T01:12:46.314+0000] {processor.py:186} INFO - Started process (PID=1538) to work on /home/airflow/.local/lib/python3.12/site-packages/airflow/example_dags/example_xcomargs.py
[2025-03-01T01:12:46.314+0000] {processor.py:914} INFO - Processing file /home/airflow/.local/lib/python3.12/site-packages/airflow/example_dags/example_xcomargs.py for tasks to queue
[2025-03-01T01:12:46.315+0000] {logging_mixin.py:190} INFO - [2025-03-01T01:12:46.315+0000] {dagbag.py:588} INFO - Filling up the DagBag from /home/airflow/.local/lib/python3.12/site-packages/airflow/example_dags/example_xcomargs.py
[2025-03-01T01:12:46.323+0000] {processor.py:925} INFO - DAG(s) 'example_xcom_args_with_operators', 'example_xcom_args' retrieved from /home/airflow/.local/lib/python3.12/site-packages/airflow/example_dags/example_xcomargs.py
[2025-03-01T01:12:46.340+0000] {logging_mixin.py:190} INFO - [2025-03-01T01:12:46.340+0000] {dag.py:3239} INFO - Sync 2 DAGs
[2025-03-01T01:12:46.351+0000] {logging_mixin.py:190} INFO - [2025-03-01T01:12:46.351+0000] {dag.py:4180} INFO - Setting next_dagrun for example_xcom_args to None, run_after=None
[2025-03-01T01:12:46.354+0000] {logging_mixin.py:190} INFO - [2025-03-01T01:12:46.354+0000] {dag.py:4180} INFO - Setting next_dagrun for example_xcom_args_with_operators to None, run_after=None
[2025-03-01T01:12:46.365+0000] {processor.py:208} INFO - Processing /home/airflow/.local/lib/python3.12/site-packages/airflow/example_dags/example_xcomargs.py took 0.056 seconds
[2025-03-01T01:13:16.470+0000] {processor.py:186} INFO - Started process (PID=1602) to work on /home/airflow/.local/lib/python3.12/site-packages/airflow/example_dags/example_xcomargs.py
[2025-03-01T01:13:16.471+0000] {processor.py:914} INFO - Processing file /home/airflow/.local/lib/python3.12/site-packages/airflow/example_dags/example_xcomargs.py for tasks to queue
[2025-03-01T01:13:16.472+0000] {logging_mixin.py:190} INFO - [2025-03-01T01:13:16.472+0000] {dagbag.py:588} INFO - Filling up the DagBag from /home/airflow/.local/lib/python3.12/site-packages/airflow/example_dags/example_xcomargs.py
[2025-03-01T01:13:16.480+0000] {processor.py:925} INFO - DAG(s) 'example_xcom_args', 'example_xcom_args_with_operators' retrieved from /home/airflow/.local/lib/python3.12/site-packages/airflow/example_dags/example_xcomargs.py
[2025-03-01T01:13:16.497+0000] {logging_mixin.py:190} INFO - [2025-03-01T01:13:16.497+0000] {dag.py:3239} INFO - Sync 2 DAGs
[2025-03-01T01:13:16.509+0000] {logging_mixin.py:190} INFO - [2025-03-01T01:13:16.508+0000] {dag.py:4180} INFO - Setting next_dagrun for example_xcom_args to None, run_after=None
[2025-03-01T01:13:16.511+0000] {logging_mixin.py:190} INFO - [2025-03-01T01:13:16.511+0000] {dag.py:4180} INFO - Setting next_dagrun for example_xcom_args_with_operators to None, run_after=None
[2025-03-01T01:13:16.523+0000] {processor.py:208} INFO - Processing /home/airflow/.local/lib/python3.12/site-packages/airflow/example_dags/example_xcomargs.py took 0.056 seconds
[2025-03-01T01:13:46.699+0000] {processor.py:186} INFO - Started process (PID=1666) to work on /home/airflow/.local/lib/python3.12/site-packages/airflow/example_dags/example_xcomargs.py
[2025-03-01T01:13:46.700+0000] {processor.py:914} INFO - Processing file /home/airflow/.local/lib/python3.12/site-packages/airflow/example_dags/example_xcomargs.py for tasks to queue
[2025-03-01T01:13:46.700+0000] {logging_mixin.py:190} INFO - [2025-03-01T01:13:46.700+0000] {dagbag.py:588} INFO - Filling up the DagBag from /home/airflow/.local/lib/python3.12/site-packages/airflow/example_dags/example_xcomargs.py
[2025-03-01T01:13:46.708+0000] {processor.py:925} INFO - DAG(s) 'example_xcom_args', 'example_xcom_args_with_operators' retrieved from /home/airflow/.local/lib/python3.12/site-packages/airflow/example_dags/example_xcomargs.py
[2025-03-01T01:13:46.725+0000] {logging_mixin.py:190} INFO - [2025-03-01T01:13:46.725+0000] {dag.py:3239} INFO - Sync 2 DAGs
[2025-03-01T01:13:46.736+0000] {logging_mixin.py:190} INFO - [2025-03-01T01:13:46.736+0000] {dag.py:4180} INFO - Setting next_dagrun for example_xcom_args to None, run_after=None
[2025-03-01T01:13:46.739+0000] {logging_mixin.py:190} INFO - [2025-03-01T01:13:46.739+0000] {dag.py:4180} INFO - Setting next_dagrun for example_xcom_args_with_operators to None, run_after=None
[2025-03-01T01:13:46.749+0000] {processor.py:208} INFO - Processing /home/airflow/.local/lib/python3.12/site-packages/airflow/example_dags/example_xcomargs.py took 0.055 seconds
[2025-03-01T01:14:17.073+0000] {processor.py:186} INFO - Started process (PID=1730) to work on /home/airflow/.local/lib/python3.12/site-packages/airflow/example_dags/example_xcomargs.py
[2025-03-01T01:14:17.073+0000] {processor.py:914} INFO - Processing file /home/airflow/.local/lib/python3.12/site-packages/airflow/example_dags/example_xcomargs.py for tasks to queue
[2025-03-01T01:14:17.074+0000] {logging_mixin.py:190} INFO - [2025-03-01T01:14:17.074+0000] {dagbag.py:588} INFO - Filling up the DagBag from /home/airflow/.local/lib/python3.12/site-packages/airflow/example_dags/example_xcomargs.py
[2025-03-01T01:14:17.082+0000] {processor.py:925} INFO - DAG(s) 'example_xcom_args_with_operators', 'example_xcom_args' retrieved from /home/airflow/.local/lib/python3.12/site-packages/airflow/example_dags/example_xcomargs.py
[2025-03-01T01:14:17.100+0000] {logging_mixin.py:190} INFO - [2025-03-01T01:14:17.100+0000] {dag.py:3239} INFO - Sync 2 DAGs
[2025-03-01T01:14:17.114+0000] {logging_mixin.py:190} INFO - [2025-03-01T01:14:17.114+0000] {dag.py:4180} INFO - Setting next_dagrun for example_xcom_args to None, run_after=None
[2025-03-01T01:14:17.117+0000] {logging_mixin.py:190} INFO - [2025-03-01T01:14:17.117+0000] {dag.py:4180} INFO - Setting next_dagrun for example_xcom_args_with_operators to None, run_after=None
[2025-03-01T01:14:17.129+0000] {processor.py:208} INFO - Processing /home/airflow/.local/lib/python3.12/site-packages/airflow/example_dags/example_xcomargs.py took 0.061 seconds
[2025-03-01T01:14:47.361+0000] {processor.py:186} INFO - Started process (PID=1794) to work on /home/airflow/.local/lib/python3.12/site-packages/airflow/example_dags/example_xcomargs.py
[2025-03-01T01:14:47.362+0000] {processor.py:914} INFO - Processing file /home/airflow/.local/lib/python3.12/site-packages/airflow/example_dags/example_xcomargs.py for tasks to queue
[2025-03-01T01:14:47.362+0000] {logging_mixin.py:190} INFO - [2025-03-01T01:14:47.362+0000] {dagbag.py:588} INFO - Filling up the DagBag from /home/airflow/.local/lib/python3.12/site-packages/airflow/example_dags/example_xcomargs.py
[2025-03-01T01:14:47.370+0000] {processor.py:925} INFO - DAG(s) 'example_xcom_args_with_operators', 'example_xcom_args' retrieved from /home/airflow/.local/lib/python3.12/site-packages/airflow/example_dags/example_xcomargs.py
[2025-03-01T01:14:47.390+0000] {logging_mixin.py:190} INFO - [2025-03-01T01:14:47.390+0000] {dag.py:3239} INFO - Sync 2 DAGs
[2025-03-01T01:14:47.406+0000] {logging_mixin.py:190} INFO - [2025-03-01T01:14:47.406+0000] {dag.py:4180} INFO - Setting next_dagrun for example_xcom_args to None, run_after=None
[2025-03-01T01:14:47.409+0000] {logging_mixin.py:190} INFO - [2025-03-01T01:14:47.409+0000] {dag.py:4180} INFO - Setting next_dagrun for example_xcom_args_with_operators to None, run_after=None
[2025-03-01T01:14:47.423+0000] {processor.py:208} INFO - Processing /home/airflow/.local/lib/python3.12/site-packages/airflow/example_dags/example_xcomargs.py took 0.066 seconds
[2025-03-01T01:15:17.731+0000] {processor.py:186} INFO - Started process (PID=1858) to work on /home/airflow/.local/lib/python3.12/site-packages/airflow/example_dags/example_xcomargs.py
[2025-03-01T01:15:17.732+0000] {processor.py:914} INFO - Processing file /home/airflow/.local/lib/python3.12/site-packages/airflow/example_dags/example_xcomargs.py for tasks to queue
[2025-03-01T01:15:17.733+0000] {logging_mixin.py:190} INFO - [2025-03-01T01:15:17.732+0000] {dagbag.py:588} INFO - Filling up the DagBag from /home/airflow/.local/lib/python3.12/site-packages/airflow/example_dags/example_xcomargs.py
[2025-03-01T01:15:17.741+0000] {processor.py:925} INFO - DAG(s) 'example_xcom_args', 'example_xcom_args_with_operators' retrieved from /home/airflow/.local/lib/python3.12/site-packages/airflow/example_dags/example_xcomargs.py
[2025-03-01T01:15:17.760+0000] {logging_mixin.py:190} INFO - [2025-03-01T01:15:17.760+0000] {dag.py:3239} INFO - Sync 2 DAGs
[2025-03-01T01:15:17.772+0000] {logging_mixin.py:190} INFO - [2025-03-01T01:15:17.772+0000] {dag.py:4180} INFO - Setting next_dagrun for example_xcom_args to None, run_after=None
[2025-03-01T01:15:17.776+0000] {logging_mixin.py:190} INFO - [2025-03-01T01:15:17.776+0000] {dag.py:4180} INFO - Setting next_dagrun for example_xcom_args_with_operators to None, run_after=None
[2025-03-01T01:15:17.788+0000] {processor.py:208} INFO - Processing /home/airflow/.local/lib/python3.12/site-packages/airflow/example_dags/example_xcomargs.py took 0.063 seconds
[2025-03-01T01:15:48.627+0000] {processor.py:186} INFO - Started process (PID=1924) to work on /home/airflow/.local/lib/python3.12/site-packages/airflow/example_dags/example_xcomargs.py
[2025-03-01T01:15:48.628+0000] {processor.py:914} INFO - Processing file /home/airflow/.local/lib/python3.12/site-packages/airflow/example_dags/example_xcomargs.py for tasks to queue
[2025-03-01T01:15:48.628+0000] {logging_mixin.py:190} INFO - [2025-03-01T01:15:48.628+0000] {dagbag.py:588} INFO - Filling up the DagBag from /home/airflow/.local/lib/python3.12/site-packages/airflow/example_dags/example_xcomargs.py
[2025-03-01T01:15:48.637+0000] {processor.py:925} INFO - DAG(s) 'example_xcom_args_with_operators', 'example_xcom_args' retrieved from /home/airflow/.local/lib/python3.12/site-packages/airflow/example_dags/example_xcomargs.py
[2025-03-01T01:15:48.657+0000] {logging_mixin.py:190} INFO - [2025-03-01T01:15:48.657+0000] {dag.py:3239} INFO - Sync 2 DAGs
[2025-03-01T01:15:48.671+0000] {logging_mixin.py:190} INFO - [2025-03-01T01:15:48.671+0000] {dag.py:4180} INFO - Setting next_dagrun for example_xcom_args to None, run_after=None
[2025-03-01T01:15:48.674+0000] {logging_mixin.py:190} INFO - [2025-03-01T01:15:48.674+0000] {dag.py:4180} INFO - Setting next_dagrun for example_xcom_args_with_operators to None, run_after=None
[2025-03-01T01:15:48.686+0000] {processor.py:208} INFO - Processing /home/airflow/.local/lib/python3.12/site-packages/airflow/example_dags/example_xcomargs.py took 0.063 seconds
[2025-03-01T01:16:19.242+0000] {processor.py:186} INFO - Started process (PID=1988) to work on /home/airflow/.local/lib/python3.12/site-packages/airflow/example_dags/example_xcomargs.py
[2025-03-01T01:16:19.242+0000] {processor.py:914} INFO - Processing file /home/airflow/.local/lib/python3.12/site-packages/airflow/example_dags/example_xcomargs.py for tasks to queue
[2025-03-01T01:16:19.243+0000] {logging_mixin.py:190} INFO - [2025-03-01T01:16:19.243+0000] {dagbag.py:588} INFO - Filling up the DagBag from /home/airflow/.local/lib/python3.12/site-packages/airflow/example_dags/example_xcomargs.py
[2025-03-01T01:16:19.251+0000] {processor.py:925} INFO - DAG(s) 'example_xcom_args_with_operators', 'example_xcom_args' retrieved from /home/airflow/.local/lib/python3.12/site-packages/airflow/example_dags/example_xcomargs.py
[2025-03-01T01:16:19.271+0000] {logging_mixin.py:190} INFO - [2025-03-01T01:16:19.271+0000] {dag.py:3239} INFO - Sync 2 DAGs
[2025-03-01T01:16:19.288+0000] {logging_mixin.py:190} INFO - [2025-03-01T01:16:19.287+0000] {dag.py:4180} INFO - Setting next_dagrun for example_xcom_args to None, run_after=None
[2025-03-01T01:16:19.291+0000] {logging_mixin.py:190} INFO - [2025-03-01T01:16:19.291+0000] {dag.py:4180} INFO - Setting next_dagrun for example_xcom_args_with_operators to None, run_after=None
[2025-03-01T01:16:19.305+0000] {processor.py:208} INFO - Processing /home/airflow/.local/lib/python3.12/site-packages/airflow/example_dags/example_xcomargs.py took 0.067 seconds
[2025-03-01T01:16:49.418+0000] {processor.py:186} INFO - Started process (PID=2052) to work on /home/airflow/.local/lib/python3.12/site-packages/airflow/example_dags/example_xcomargs.py
[2025-03-01T01:16:49.419+0000] {processor.py:914} INFO - Processing file /home/airflow/.local/lib/python3.12/site-packages/airflow/example_dags/example_xcomargs.py for tasks to queue
[2025-03-01T01:16:49.420+0000] {logging_mixin.py:190} INFO - [2025-03-01T01:16:49.420+0000] {dagbag.py:588} INFO - Filling up the DagBag from /home/airflow/.local/lib/python3.12/site-packages/airflow/example_dags/example_xcomargs.py
[2025-03-01T01:16:49.428+0000] {processor.py:925} INFO - DAG(s) 'example_xcom_args', 'example_xcom_args_with_operators' retrieved from /home/airflow/.local/lib/python3.12/site-packages/airflow/example_dags/example_xcomargs.py
[2025-03-01T01:16:49.450+0000] {logging_mixin.py:190} INFO - [2025-03-01T01:16:49.450+0000] {dag.py:3239} INFO - Sync 2 DAGs
[2025-03-01T01:16:49.467+0000] {logging_mixin.py:190} INFO - [2025-03-01T01:16:49.466+0000] {dag.py:4180} INFO - Setting next_dagrun for example_xcom_args to None, run_after=None
[2025-03-01T01:16:49.470+0000] {logging_mixin.py:190} INFO - [2025-03-01T01:16:49.470+0000] {dag.py:4180} INFO - Setting next_dagrun for example_xcom_args_with_operators to None, run_after=None
[2025-03-01T01:16:49.485+0000] {processor.py:208} INFO - Processing /home/airflow/.local/lib/python3.12/site-packages/airflow/example_dags/example_xcomargs.py took 0.071 seconds
