[2025-03-01T01:01:03.445+0000] {processor.py:186} INFO - Started process (PID=72) to work on /home/airflow/.local/lib/python3.12/site-packages/airflow/example_dags/example_setup_teardown.py
[2025-03-01T01:01:03.446+0000] {processor.py:914} INFO - Processing file /home/airflow/.local/lib/python3.12/site-packages/airflow/example_dags/example_setup_teardown.py for tasks to queue
[2025-03-01T01:01:03.448+0000] {logging_mixin.py:190} INFO - [2025-03-01T01:01:03.447+0000] {dagbag.py:588} INFO - Filling up the DagBag from /home/airflow/.local/lib/python3.12/site-packages/airflow/example_dags/example_setup_teardown.py
[2025-03-01T01:01:03.478+0000] {processor.py:925} INFO - DAG(s) 'example_setup_teardown' retrieved from /home/airflow/.local/lib/python3.12/site-packages/airflow/example_dags/example_setup_teardown.py
[2025-03-01T01:01:03.704+0000] {logging_mixin.py:190} INFO - [2025-03-01T01:01:03.703+0000] {override.py:1911} INFO - Created Permission View: can edit on DAG:example_setup_teardown
[2025-03-01T01:01:03.727+0000] {logging_mixin.py:190} INFO - [2025-03-01T01:01:03.727+0000] {override.py:1911} INFO - Created Permission View: can read on DAG:example_setup_teardown
[2025-03-01T01:01:03.735+0000] {logging_mixin.py:190} INFO - [2025-03-01T01:01:03.735+0000] {override.py:1911} INFO - Created Permission View: can delete on DAG:example_setup_teardown
[2025-03-01T01:01:03.770+0000] {logging_mixin.py:190} INFO - [2025-03-01T01:01:03.770+0000] {override.py:1911} INFO - Created Permission View: menu access on DAG Run:example_setup_teardown
[2025-03-01T01:01:03.789+0000] {logging_mixin.py:190} INFO - [2025-03-01T01:01:03.788+0000] {override.py:1911} INFO - Created Permission View: can delete on DAG Run:example_setup_teardown
[2025-03-01T01:01:03.794+0000] {logging_mixin.py:190} INFO - [2025-03-01T01:01:03.794+0000] {override.py:1911} INFO - Created Permission View: can create on DAG Run:example_setup_teardown
[2025-03-01T01:01:03.799+0000] {logging_mixin.py:190} INFO - [2025-03-01T01:01:03.799+0000] {override.py:1911} INFO - Created Permission View: can read on DAG Run:example_setup_teardown
[2025-03-01T01:01:03.799+0000] {logging_mixin.py:190} INFO - [2025-03-01T01:01:03.799+0000] {dag.py:3239} INFO - Sync 1 DAGs
[2025-03-01T01:01:03.814+0000] {logging_mixin.py:190} INFO - [2025-03-01T01:01:03.813+0000] {dag.py:3262} INFO - Creating ORM DAG for example_setup_teardown
[2025-03-01T01:01:03.814+0000] {logging_mixin.py:190} INFO - [2025-03-01T01:01:03.814+0000] {dag.py:4180} INFO - Setting next_dagrun for example_setup_teardown to None, run_after=None
[2025-03-01T01:01:03.830+0000] {processor.py:208} INFO - Processing /home/airflow/.local/lib/python3.12/site-packages/airflow/example_dags/example_setup_teardown.py took 0.399 seconds
[2025-03-01T01:01:34.143+0000] {processor.py:186} INFO - Started process (PID=134) to work on /home/airflow/.local/lib/python3.12/site-packages/airflow/example_dags/example_setup_teardown.py
[2025-03-01T01:01:34.144+0000] {processor.py:914} INFO - Processing file /home/airflow/.local/lib/python3.12/site-packages/airflow/example_dags/example_setup_teardown.py for tasks to queue
[2025-03-01T01:01:34.145+0000] {logging_mixin.py:190} INFO - [2025-03-01T01:01:34.145+0000] {dagbag.py:588} INFO - Filling up the DagBag from /home/airflow/.local/lib/python3.12/site-packages/airflow/example_dags/example_setup_teardown.py
[2025-03-01T01:01:34.152+0000] {processor.py:925} INFO - DAG(s) 'example_setup_teardown' retrieved from /home/airflow/.local/lib/python3.12/site-packages/airflow/example_dags/example_setup_teardown.py
[2025-03-01T01:01:34.167+0000] {logging_mixin.py:190} INFO - [2025-03-01T01:01:34.167+0000] {dag.py:3239} INFO - Sync 1 DAGs
[2025-03-01T01:01:34.178+0000] {logging_mixin.py:190} INFO - [2025-03-01T01:01:34.178+0000] {dag.py:4180} INFO - Setting next_dagrun for example_setup_teardown to None, run_after=None
[2025-03-01T01:01:34.190+0000] {processor.py:208} INFO - Processing /home/airflow/.local/lib/python3.12/site-packages/airflow/example_dags/example_setup_teardown.py took 0.051 seconds
[2025-03-01T01:02:04.900+0000] {processor.py:186} INFO - Started process (PID=198) to work on /home/airflow/.local/lib/python3.12/site-packages/airflow/example_dags/example_setup_teardown.py
[2025-03-01T01:02:04.901+0000] {processor.py:914} INFO - Processing file /home/airflow/.local/lib/python3.12/site-packages/airflow/example_dags/example_setup_teardown.py for tasks to queue
[2025-03-01T01:02:04.902+0000] {logging_mixin.py:190} INFO - [2025-03-01T01:02:04.902+0000] {dagbag.py:588} INFO - Filling up the DagBag from /home/airflow/.local/lib/python3.12/site-packages/airflow/example_dags/example_setup_teardown.py
[2025-03-01T01:02:04.909+0000] {processor.py:925} INFO - DAG(s) 'example_setup_teardown' retrieved from /home/airflow/.local/lib/python3.12/site-packages/airflow/example_dags/example_setup_teardown.py
[2025-03-01T01:02:04.931+0000] {logging_mixin.py:190} INFO - [2025-03-01T01:02:04.931+0000] {dag.py:3239} INFO - Sync 1 DAGs
[2025-03-01T01:02:04.948+0000] {logging_mixin.py:190} INFO - [2025-03-01T01:02:04.947+0000] {dag.py:4180} INFO - Setting next_dagrun for example_setup_teardown to None, run_after=None
[2025-03-01T01:02:04.964+0000] {processor.py:208} INFO - Processing /home/airflow/.local/lib/python3.12/site-packages/airflow/example_dags/example_setup_teardown.py took 0.069 seconds
[2025-03-01T01:02:35.207+0000] {processor.py:186} INFO - Started process (PID=260) to work on /home/airflow/.local/lib/python3.12/site-packages/airflow/example_dags/example_setup_teardown.py
[2025-03-01T01:02:35.208+0000] {processor.py:914} INFO - Processing file /home/airflow/.local/lib/python3.12/site-packages/airflow/example_dags/example_setup_teardown.py for tasks to queue
[2025-03-01T01:02:35.209+0000] {logging_mixin.py:190} INFO - [2025-03-01T01:02:35.209+0000] {dagbag.py:588} INFO - Filling up the DagBag from /home/airflow/.local/lib/python3.12/site-packages/airflow/example_dags/example_setup_teardown.py
[2025-03-01T01:02:35.216+0000] {processor.py:925} INFO - DAG(s) 'example_setup_teardown' retrieved from /home/airflow/.local/lib/python3.12/site-packages/airflow/example_dags/example_setup_teardown.py
[2025-03-01T01:02:35.232+0000] {logging_mixin.py:190} INFO - [2025-03-01T01:02:35.231+0000] {dag.py:3239} INFO - Sync 1 DAGs
[2025-03-01T01:02:35.244+0000] {logging_mixin.py:190} INFO - [2025-03-01T01:02:35.244+0000] {dag.py:4180} INFO - Setting next_dagrun for example_setup_teardown to None, run_after=None
[2025-03-01T01:02:35.257+0000] {processor.py:208} INFO - Processing /home/airflow/.local/lib/python3.12/site-packages/airflow/example_dags/example_setup_teardown.py took 0.054 seconds
[2025-03-01T01:03:05.801+0000] {processor.py:186} INFO - Started process (PID=323) to work on /home/airflow/.local/lib/python3.12/site-packages/airflow/example_dags/example_setup_teardown.py
[2025-03-01T01:03:05.802+0000] {processor.py:914} INFO - Processing file /home/airflow/.local/lib/python3.12/site-packages/airflow/example_dags/example_setup_teardown.py for tasks to queue
[2025-03-01T01:03:05.804+0000] {logging_mixin.py:190} INFO - [2025-03-01T01:03:05.803+0000] {dagbag.py:588} INFO - Filling up the DagBag from /home/airflow/.local/lib/python3.12/site-packages/airflow/example_dags/example_setup_teardown.py
[2025-03-01T01:03:05.813+0000] {processor.py:925} INFO - DAG(s) 'example_setup_teardown' retrieved from /home/airflow/.local/lib/python3.12/site-packages/airflow/example_dags/example_setup_teardown.py
[2025-03-01T01:03:05.834+0000] {logging_mixin.py:190} INFO - [2025-03-01T01:03:05.834+0000] {dag.py:3239} INFO - Sync 1 DAGs
[2025-03-01T01:03:05.850+0000] {logging_mixin.py:190} INFO - [2025-03-01T01:03:05.850+0000] {dag.py:4180} INFO - Setting next_dagrun for example_setup_teardown to None, run_after=None
[2025-03-01T01:03:05.869+0000] {processor.py:208} INFO - Processing /home/airflow/.local/lib/python3.12/site-packages/airflow/example_dags/example_setup_teardown.py took 0.074 seconds
[2025-03-01T01:03:36.456+0000] {processor.py:186} INFO - Started process (PID=386) to work on /home/airflow/.local/lib/python3.12/site-packages/airflow/example_dags/example_setup_teardown.py
[2025-03-01T01:03:36.456+0000] {processor.py:914} INFO - Processing file /home/airflow/.local/lib/python3.12/site-packages/airflow/example_dags/example_setup_teardown.py for tasks to queue
[2025-03-01T01:03:36.458+0000] {logging_mixin.py:190} INFO - [2025-03-01T01:03:36.458+0000] {dagbag.py:588} INFO - Filling up the DagBag from /home/airflow/.local/lib/python3.12/site-packages/airflow/example_dags/example_setup_teardown.py
[2025-03-01T01:03:36.465+0000] {processor.py:925} INFO - DAG(s) 'example_setup_teardown' retrieved from /home/airflow/.local/lib/python3.12/site-packages/airflow/example_dags/example_setup_teardown.py
[2025-03-01T01:03:36.484+0000] {logging_mixin.py:190} INFO - [2025-03-01T01:03:36.484+0000] {dag.py:3239} INFO - Sync 1 DAGs
[2025-03-01T01:03:36.500+0000] {logging_mixin.py:190} INFO - [2025-03-01T01:03:36.500+0000] {dag.py:4180} INFO - Setting next_dagrun for example_setup_teardown to None, run_after=None
[2025-03-01T01:03:36.514+0000] {processor.py:208} INFO - Processing /home/airflow/.local/lib/python3.12/site-packages/airflow/example_dags/example_setup_teardown.py took 0.063 seconds
[2025-03-01T01:04:06.646+0000] {processor.py:186} INFO - Started process (PID=449) to work on /home/airflow/.local/lib/python3.12/site-packages/airflow/example_dags/example_setup_teardown.py
[2025-03-01T01:04:06.647+0000] {processor.py:914} INFO - Processing file /home/airflow/.local/lib/python3.12/site-packages/airflow/example_dags/example_setup_teardown.py for tasks to queue
[2025-03-01T01:04:06.649+0000] {logging_mixin.py:190} INFO - [2025-03-01T01:04:06.649+0000] {dagbag.py:588} INFO - Filling up the DagBag from /home/airflow/.local/lib/python3.12/site-packages/airflow/example_dags/example_setup_teardown.py
[2025-03-01T01:04:06.657+0000] {processor.py:925} INFO - DAG(s) 'example_setup_teardown' retrieved from /home/airflow/.local/lib/python3.12/site-packages/airflow/example_dags/example_setup_teardown.py
[2025-03-01T01:04:06.677+0000] {logging_mixin.py:190} INFO - [2025-03-01T01:04:06.677+0000] {dag.py:3239} INFO - Sync 1 DAGs
[2025-03-01T01:04:06.693+0000] {logging_mixin.py:190} INFO - [2025-03-01T01:04:06.692+0000] {dag.py:4180} INFO - Setting next_dagrun for example_setup_teardown to None, run_after=None
[2025-03-01T01:04:06.710+0000] {processor.py:208} INFO - Processing /home/airflow/.local/lib/python3.12/site-packages/airflow/example_dags/example_setup_teardown.py took 0.070 seconds
[2025-03-01T01:04:37.264+0000] {processor.py:186} INFO - Started process (PID=512) to work on /home/airflow/.local/lib/python3.12/site-packages/airflow/example_dags/example_setup_teardown.py
[2025-03-01T01:04:37.265+0000] {processor.py:914} INFO - Processing file /home/airflow/.local/lib/python3.12/site-packages/airflow/example_dags/example_setup_teardown.py for tasks to queue
[2025-03-01T01:04:37.266+0000] {logging_mixin.py:190} INFO - [2025-03-01T01:04:37.266+0000] {dagbag.py:588} INFO - Filling up the DagBag from /home/airflow/.local/lib/python3.12/site-packages/airflow/example_dags/example_setup_teardown.py
[2025-03-01T01:04:37.273+0000] {processor.py:925} INFO - DAG(s) 'example_setup_teardown' retrieved from /home/airflow/.local/lib/python3.12/site-packages/airflow/example_dags/example_setup_teardown.py
[2025-03-01T01:04:37.289+0000] {logging_mixin.py:190} INFO - [2025-03-01T01:04:37.289+0000] {dag.py:3239} INFO - Sync 1 DAGs
[2025-03-01T01:04:37.301+0000] {logging_mixin.py:190} INFO - [2025-03-01T01:04:37.301+0000] {dag.py:4180} INFO - Setting next_dagrun for example_setup_teardown to None, run_after=None
[2025-03-01T01:04:37.315+0000] {processor.py:208} INFO - Processing /home/airflow/.local/lib/python3.12/site-packages/airflow/example_dags/example_setup_teardown.py took 0.056 seconds
[2025-03-01T01:05:07.447+0000] {processor.py:186} INFO - Started process (PID=575) to work on /home/airflow/.local/lib/python3.12/site-packages/airflow/example_dags/example_setup_teardown.py
[2025-03-01T01:05:07.447+0000] {processor.py:914} INFO - Processing file /home/airflow/.local/lib/python3.12/site-packages/airflow/example_dags/example_setup_teardown.py for tasks to queue
[2025-03-01T01:05:07.449+0000] {logging_mixin.py:190} INFO - [2025-03-01T01:05:07.449+0000] {dagbag.py:588} INFO - Filling up the DagBag from /home/airflow/.local/lib/python3.12/site-packages/airflow/example_dags/example_setup_teardown.py
[2025-03-01T01:05:07.455+0000] {processor.py:925} INFO - DAG(s) 'example_setup_teardown' retrieved from /home/airflow/.local/lib/python3.12/site-packages/airflow/example_dags/example_setup_teardown.py
[2025-03-01T01:05:07.473+0000] {logging_mixin.py:190} INFO - [2025-03-01T01:05:07.473+0000] {dag.py:3239} INFO - Sync 1 DAGs
[2025-03-01T01:05:07.488+0000] {logging_mixin.py:190} INFO - [2025-03-01T01:05:07.488+0000] {dag.py:4180} INFO - Setting next_dagrun for example_setup_teardown to None, run_after=None
[2025-03-01T01:05:07.504+0000] {processor.py:208} INFO - Processing /home/airflow/.local/lib/python3.12/site-packages/airflow/example_dags/example_setup_teardown.py took 0.061 seconds
[2025-03-01T01:05:38.058+0000] {processor.py:186} INFO - Started process (PID=638) to work on /home/airflow/.local/lib/python3.12/site-packages/airflow/example_dags/example_setup_teardown.py
[2025-03-01T01:05:38.059+0000] {processor.py:914} INFO - Processing file /home/airflow/.local/lib/python3.12/site-packages/airflow/example_dags/example_setup_teardown.py for tasks to queue
[2025-03-01T01:05:38.060+0000] {logging_mixin.py:190} INFO - [2025-03-01T01:05:38.060+0000] {dagbag.py:588} INFO - Filling up the DagBag from /home/airflow/.local/lib/python3.12/site-packages/airflow/example_dags/example_setup_teardown.py
[2025-03-01T01:05:38.067+0000] {processor.py:925} INFO - DAG(s) 'example_setup_teardown' retrieved from /home/airflow/.local/lib/python3.12/site-packages/airflow/example_dags/example_setup_teardown.py
[2025-03-01T01:05:38.082+0000] {logging_mixin.py:190} INFO - [2025-03-01T01:05:38.082+0000] {dag.py:3239} INFO - Sync 1 DAGs
[2025-03-01T01:05:38.097+0000] {logging_mixin.py:190} INFO - [2025-03-01T01:05:38.096+0000] {dag.py:4180} INFO - Setting next_dagrun for example_setup_teardown to None, run_after=None
[2025-03-01T01:05:38.113+0000] {processor.py:208} INFO - Processing /home/airflow/.local/lib/python3.12/site-packages/airflow/example_dags/example_setup_teardown.py took 0.060 seconds
[2025-03-01T01:06:08.408+0000] {processor.py:186} INFO - Started process (PID=701) to work on /home/airflow/.local/lib/python3.12/site-packages/airflow/example_dags/example_setup_teardown.py
[2025-03-01T01:06:08.408+0000] {processor.py:914} INFO - Processing file /home/airflow/.local/lib/python3.12/site-packages/airflow/example_dags/example_setup_teardown.py for tasks to queue
[2025-03-01T01:06:08.410+0000] {logging_mixin.py:190} INFO - [2025-03-01T01:06:08.409+0000] {dagbag.py:588} INFO - Filling up the DagBag from /home/airflow/.local/lib/python3.12/site-packages/airflow/example_dags/example_setup_teardown.py
[2025-03-01T01:06:08.416+0000] {processor.py:925} INFO - DAG(s) 'example_setup_teardown' retrieved from /home/airflow/.local/lib/python3.12/site-packages/airflow/example_dags/example_setup_teardown.py
[2025-03-01T01:06:08.431+0000] {logging_mixin.py:190} INFO - [2025-03-01T01:06:08.431+0000] {dag.py:3239} INFO - Sync 1 DAGs
[2025-03-01T01:06:08.441+0000] {logging_mixin.py:190} INFO - [2025-03-01T01:06:08.441+0000] {dag.py:4180} INFO - Setting next_dagrun for example_setup_teardown to None, run_after=None
[2025-03-01T01:06:08.454+0000] {processor.py:208} INFO - Processing /home/airflow/.local/lib/python3.12/site-packages/airflow/example_dags/example_setup_teardown.py took 0.050 seconds
[2025-03-01T01:06:38.780+0000] {processor.py:186} INFO - Started process (PID=764) to work on /home/airflow/.local/lib/python3.12/site-packages/airflow/example_dags/example_setup_teardown.py
[2025-03-01T01:06:38.781+0000] {processor.py:914} INFO - Processing file /home/airflow/.local/lib/python3.12/site-packages/airflow/example_dags/example_setup_teardown.py for tasks to queue
[2025-03-01T01:06:38.782+0000] {logging_mixin.py:190} INFO - [2025-03-01T01:06:38.782+0000] {dagbag.py:588} INFO - Filling up the DagBag from /home/airflow/.local/lib/python3.12/site-packages/airflow/example_dags/example_setup_teardown.py
[2025-03-01T01:06:38.789+0000] {processor.py:925} INFO - DAG(s) 'example_setup_teardown' retrieved from /home/airflow/.local/lib/python3.12/site-packages/airflow/example_dags/example_setup_teardown.py
[2025-03-01T01:06:38.807+0000] {logging_mixin.py:190} INFO - [2025-03-01T01:06:38.807+0000] {dag.py:3239} INFO - Sync 1 DAGs
[2025-03-01T01:06:38.821+0000] {logging_mixin.py:190} INFO - [2025-03-01T01:06:38.821+0000] {dag.py:4180} INFO - Setting next_dagrun for example_setup_teardown to None, run_after=None
[2025-03-01T01:06:38.836+0000] {processor.py:208} INFO - Processing /home/airflow/.local/lib/python3.12/site-packages/airflow/example_dags/example_setup_teardown.py took 0.060 seconds
[2025-03-01T01:07:09.198+0000] {processor.py:186} INFO - Started process (PID=827) to work on /home/airflow/.local/lib/python3.12/site-packages/airflow/example_dags/example_setup_teardown.py
[2025-03-01T01:07:09.198+0000] {processor.py:914} INFO - Processing file /home/airflow/.local/lib/python3.12/site-packages/airflow/example_dags/example_setup_teardown.py for tasks to queue
[2025-03-01T01:07:09.200+0000] {logging_mixin.py:190} INFO - [2025-03-01T01:07:09.199+0000] {dagbag.py:588} INFO - Filling up the DagBag from /home/airflow/.local/lib/python3.12/site-packages/airflow/example_dags/example_setup_teardown.py
[2025-03-01T01:07:09.206+0000] {processor.py:925} INFO - DAG(s) 'example_setup_teardown' retrieved from /home/airflow/.local/lib/python3.12/site-packages/airflow/example_dags/example_setup_teardown.py
[2025-03-01T01:07:09.224+0000] {logging_mixin.py:190} INFO - [2025-03-01T01:07:09.224+0000] {dag.py:3239} INFO - Sync 1 DAGs
[2025-03-01T01:07:09.238+0000] {logging_mixin.py:190} INFO - [2025-03-01T01:07:09.238+0000] {dag.py:4180} INFO - Setting next_dagrun for example_setup_teardown to None, run_after=None
[2025-03-01T01:07:09.252+0000] {processor.py:208} INFO - Processing /home/airflow/.local/lib/python3.12/site-packages/airflow/example_dags/example_setup_teardown.py took 0.059 seconds
[2025-03-01T01:07:39.302+0000] {processor.py:186} INFO - Started process (PID=890) to work on /home/airflow/.local/lib/python3.12/site-packages/airflow/example_dags/example_setup_teardown.py
[2025-03-01T01:07:39.303+0000] {processor.py:914} INFO - Processing file /home/airflow/.local/lib/python3.12/site-packages/airflow/example_dags/example_setup_teardown.py for tasks to queue
[2025-03-01T01:07:39.304+0000] {logging_mixin.py:190} INFO - [2025-03-01T01:07:39.304+0000] {dagbag.py:588} INFO - Filling up the DagBag from /home/airflow/.local/lib/python3.12/site-packages/airflow/example_dags/example_setup_teardown.py
[2025-03-01T01:07:39.311+0000] {processor.py:925} INFO - DAG(s) 'example_setup_teardown' retrieved from /home/airflow/.local/lib/python3.12/site-packages/airflow/example_dags/example_setup_teardown.py
[2025-03-01T01:07:39.325+0000] {logging_mixin.py:190} INFO - [2025-03-01T01:07:39.325+0000] {dag.py:3239} INFO - Sync 1 DAGs
[2025-03-01T01:07:39.336+0000] {logging_mixin.py:190} INFO - [2025-03-01T01:07:39.335+0000] {dag.py:4180} INFO - Setting next_dagrun for example_setup_teardown to None, run_after=None
[2025-03-01T01:07:39.348+0000] {processor.py:208} INFO - Processing /home/airflow/.local/lib/python3.12/site-packages/airflow/example_dags/example_setup_teardown.py took 0.050 seconds
[2025-03-01T01:08:09.588+0000] {processor.py:186} INFO - Started process (PID=954) to work on /home/airflow/.local/lib/python3.12/site-packages/airflow/example_dags/example_setup_teardown.py
[2025-03-01T01:08:09.589+0000] {processor.py:914} INFO - Processing file /home/airflow/.local/lib/python3.12/site-packages/airflow/example_dags/example_setup_teardown.py for tasks to queue
[2025-03-01T01:08:09.590+0000] {logging_mixin.py:190} INFO - [2025-03-01T01:08:09.590+0000] {dagbag.py:588} INFO - Filling up the DagBag from /home/airflow/.local/lib/python3.12/site-packages/airflow/example_dags/example_setup_teardown.py
[2025-03-01T01:08:09.596+0000] {processor.py:925} INFO - DAG(s) 'example_setup_teardown' retrieved from /home/airflow/.local/lib/python3.12/site-packages/airflow/example_dags/example_setup_teardown.py
[2025-03-01T01:08:09.615+0000] {logging_mixin.py:190} INFO - [2025-03-01T01:08:09.615+0000] {dag.py:3239} INFO - Sync 1 DAGs
[2025-03-01T01:08:09.629+0000] {logging_mixin.py:190} INFO - [2025-03-01T01:08:09.629+0000] {dag.py:4180} INFO - Setting next_dagrun for example_setup_teardown to None, run_after=None
[2025-03-01T01:08:09.643+0000] {processor.py:208} INFO - Processing /home/airflow/.local/lib/python3.12/site-packages/airflow/example_dags/example_setup_teardown.py took 0.060 seconds
[2025-03-01T01:08:39.921+0000] {processor.py:186} INFO - Started process (PID=1016) to work on /home/airflow/.local/lib/python3.12/site-packages/airflow/example_dags/example_setup_teardown.py
[2025-03-01T01:08:39.921+0000] {processor.py:914} INFO - Processing file /home/airflow/.local/lib/python3.12/site-packages/airflow/example_dags/example_setup_teardown.py for tasks to queue
[2025-03-01T01:08:39.923+0000] {logging_mixin.py:190} INFO - [2025-03-01T01:08:39.923+0000] {dagbag.py:588} INFO - Filling up the DagBag from /home/airflow/.local/lib/python3.12/site-packages/airflow/example_dags/example_setup_teardown.py
[2025-03-01T01:08:39.930+0000] {processor.py:925} INFO - DAG(s) 'example_setup_teardown' retrieved from /home/airflow/.local/lib/python3.12/site-packages/airflow/example_dags/example_setup_teardown.py
[2025-03-01T01:08:39.949+0000] {logging_mixin.py:190} INFO - [2025-03-01T01:08:39.949+0000] {dag.py:3239} INFO - Sync 1 DAGs
[2025-03-01T01:08:39.961+0000] {logging_mixin.py:190} INFO - [2025-03-01T01:08:39.961+0000] {dag.py:4180} INFO - Setting next_dagrun for example_setup_teardown to None, run_after=None
[2025-03-01T01:08:39.974+0000] {processor.py:208} INFO - Processing /home/airflow/.local/lib/python3.12/site-packages/airflow/example_dags/example_setup_teardown.py took 0.058 seconds
[2025-03-01T01:09:10.070+0000] {processor.py:186} INFO - Started process (PID=1079) to work on /home/airflow/.local/lib/python3.12/site-packages/airflow/example_dags/example_setup_teardown.py
[2025-03-01T01:09:10.070+0000] {processor.py:914} INFO - Processing file /home/airflow/.local/lib/python3.12/site-packages/airflow/example_dags/example_setup_teardown.py for tasks to queue
[2025-03-01T01:09:10.072+0000] {logging_mixin.py:190} INFO - [2025-03-01T01:09:10.072+0000] {dagbag.py:588} INFO - Filling up the DagBag from /home/airflow/.local/lib/python3.12/site-packages/airflow/example_dags/example_setup_teardown.py
[2025-03-01T01:09:10.078+0000] {processor.py:925} INFO - DAG(s) 'example_setup_teardown' retrieved from /home/airflow/.local/lib/python3.12/site-packages/airflow/example_dags/example_setup_teardown.py
[2025-03-01T01:09:10.097+0000] {logging_mixin.py:190} INFO - [2025-03-01T01:09:10.097+0000] {dag.py:3239} INFO - Sync 1 DAGs
[2025-03-01T01:09:10.113+0000] {logging_mixin.py:190} INFO - [2025-03-01T01:09:10.113+0000] {dag.py:4180} INFO - Setting next_dagrun for example_setup_teardown to None, run_after=None
[2025-03-01T01:09:10.130+0000] {processor.py:208} INFO - Processing /home/airflow/.local/lib/python3.12/site-packages/airflow/example_dags/example_setup_teardown.py took 0.064 seconds
[2025-03-01T01:09:40.434+0000] {processor.py:186} INFO - Started process (PID=1142) to work on /home/airflow/.local/lib/python3.12/site-packages/airflow/example_dags/example_setup_teardown.py
[2025-03-01T01:09:40.435+0000] {processor.py:914} INFO - Processing file /home/airflow/.local/lib/python3.12/site-packages/airflow/example_dags/example_setup_teardown.py for tasks to queue
[2025-03-01T01:09:40.437+0000] {logging_mixin.py:190} INFO - [2025-03-01T01:09:40.436+0000] {dagbag.py:588} INFO - Filling up the DagBag from /home/airflow/.local/lib/python3.12/site-packages/airflow/example_dags/example_setup_teardown.py
[2025-03-01T01:09:40.444+0000] {processor.py:925} INFO - DAG(s) 'example_setup_teardown' retrieved from /home/airflow/.local/lib/python3.12/site-packages/airflow/example_dags/example_setup_teardown.py
[2025-03-01T01:09:40.462+0000] {logging_mixin.py:190} INFO - [2025-03-01T01:09:40.462+0000] {dag.py:3239} INFO - Sync 1 DAGs
[2025-03-01T01:09:40.474+0000] {logging_mixin.py:190} INFO - [2025-03-01T01:09:40.474+0000] {dag.py:4180} INFO - Setting next_dagrun for example_setup_teardown to None, run_after=None
[2025-03-01T01:09:40.486+0000] {processor.py:208} INFO - Processing /home/airflow/.local/lib/python3.12/site-packages/airflow/example_dags/example_setup_teardown.py took 0.057 seconds
[2025-03-01T01:10:10.745+0000] {processor.py:186} INFO - Started process (PID=1205) to work on /home/airflow/.local/lib/python3.12/site-packages/airflow/example_dags/example_setup_teardown.py
[2025-03-01T01:10:10.746+0000] {processor.py:914} INFO - Processing file /home/airflow/.local/lib/python3.12/site-packages/airflow/example_dags/example_setup_teardown.py for tasks to queue
[2025-03-01T01:10:10.748+0000] {logging_mixin.py:190} INFO - [2025-03-01T01:10:10.747+0000] {dagbag.py:588} INFO - Filling up the DagBag from /home/airflow/.local/lib/python3.12/site-packages/airflow/example_dags/example_setup_teardown.py
[2025-03-01T01:10:10.754+0000] {processor.py:925} INFO - DAG(s) 'example_setup_teardown' retrieved from /home/airflow/.local/lib/python3.12/site-packages/airflow/example_dags/example_setup_teardown.py
[2025-03-01T01:10:10.770+0000] {logging_mixin.py:190} INFO - [2025-03-01T01:10:10.770+0000] {dag.py:3239} INFO - Sync 1 DAGs
[2025-03-01T01:10:10.781+0000] {logging_mixin.py:190} INFO - [2025-03-01T01:10:10.781+0000] {dag.py:4180} INFO - Setting next_dagrun for example_setup_teardown to None, run_after=None
[2025-03-01T01:10:10.793+0000] {processor.py:208} INFO - Processing /home/airflow/.local/lib/python3.12/site-packages/airflow/example_dags/example_setup_teardown.py took 0.052 seconds
