[2025-03-01T01:01:09.389+0000] {processor.py:186} INFO - Started process (PID=100) to work on /home/airflow/.local/lib/python3.12/site-packages/airflow/example_dags/example_sensors.py
[2025-03-01T01:01:09.389+0000] {processor.py:914} INFO - Processing file /home/airflow/.local/lib/python3.12/site-packages/airflow/example_dags/example_sensors.py for tasks to queue
[2025-03-01T01:01:09.392+0000] {logging_mixin.py:190} INFO - [2025-03-01T01:01:09.391+0000] {dagbag.py:588} INFO - Filling up the DagBag from /home/airflow/.local/lib/python3.12/site-packages/airflow/example_dags/example_sensors.py
[2025-03-01T01:01:09.405+0000] {processor.py:925} INFO - DAG(s) 'example_sensors' retrieved from /home/airflow/.local/lib/python3.12/site-packages/airflow/example_dags/example_sensors.py
[2025-03-01T01:01:09.526+0000] {logging_mixin.py:190} INFO - [2025-03-01T01:01:09.525+0000] {override.py:1911} INFO - Created Permission View: can edit on DAG:example_sensors
[2025-03-01T01:01:09.532+0000] {logging_mixin.py:190} INFO - [2025-03-01T01:01:09.532+0000] {override.py:1911} INFO - Created Permission View: can read on DAG:example_sensors
[2025-03-01T01:01:09.536+0000] {logging_mixin.py:190} INFO - [2025-03-01T01:01:09.536+0000] {override.py:1911} INFO - Created Permission View: can delete on DAG:example_sensors
[2025-03-01T01:01:09.541+0000] {logging_mixin.py:190} INFO - [2025-03-01T01:01:09.540+0000] {override.py:1911} INFO - Created Permission View: menu access on DAG Run:example_sensors
[2025-03-01T01:01:09.545+0000] {logging_mixin.py:190} INFO - [2025-03-01T01:01:09.545+0000] {override.py:1911} INFO - Created Permission View: can delete on DAG Run:example_sensors
[2025-03-01T01:01:09.549+0000] {logging_mixin.py:190} INFO - [2025-03-01T01:01:09.549+0000] {override.py:1911} INFO - Created Permission View: can create on DAG Run:example_sensors
[2025-03-01T01:01:09.554+0000] {logging_mixin.py:190} INFO - [2025-03-01T01:01:09.553+0000] {override.py:1911} INFO - Created Permission View: can read on DAG Run:example_sensors
[2025-03-01T01:01:09.554+0000] {logging_mixin.py:190} INFO - [2025-03-01T01:01:09.554+0000] {dag.py:3239} INFO - Sync 1 DAGs
[2025-03-01T01:01:09.565+0000] {logging_mixin.py:190} INFO - [2025-03-01T01:01:09.565+0000] {dag.py:3262} INFO - Creating ORM DAG for example_sensors
[2025-03-01T01:01:09.566+0000] {logging_mixin.py:190} INFO - [2025-03-01T01:01:09.566+0000] {dag.py:4180} INFO - Setting next_dagrun for example_sensors to None, run_after=None
[2025-03-01T01:01:09.577+0000] {processor.py:208} INFO - Processing /home/airflow/.local/lib/python3.12/site-packages/airflow/example_dags/example_sensors.py took 0.195 seconds
[2025-03-01T01:01:39.858+0000] {processor.py:186} INFO - Started process (PID=161) to work on /home/airflow/.local/lib/python3.12/site-packages/airflow/example_dags/example_sensors.py
[2025-03-01T01:01:39.859+0000] {processor.py:914} INFO - Processing file /home/airflow/.local/lib/python3.12/site-packages/airflow/example_dags/example_sensors.py for tasks to queue
[2025-03-01T01:01:39.861+0000] {logging_mixin.py:190} INFO - [2025-03-01T01:01:39.860+0000] {dagbag.py:588} INFO - Filling up the DagBag from /home/airflow/.local/lib/python3.12/site-packages/airflow/example_dags/example_sensors.py
[2025-03-01T01:01:39.869+0000] {processor.py:925} INFO - DAG(s) 'example_sensors' retrieved from /home/airflow/.local/lib/python3.12/site-packages/airflow/example_dags/example_sensors.py
[2025-03-01T01:01:39.889+0000] {logging_mixin.py:190} INFO - [2025-03-01T01:01:39.888+0000] {dag.py:3239} INFO - Sync 1 DAGs
[2025-03-01T01:01:39.899+0000] {logging_mixin.py:190} INFO - [2025-03-01T01:01:39.899+0000] {dag.py:4180} INFO - Setting next_dagrun for example_sensors to None, run_after=None
[2025-03-01T01:01:39.912+0000] {processor.py:208} INFO - Processing /home/airflow/.local/lib/python3.12/site-packages/airflow/example_dags/example_sensors.py took 0.058 seconds
[2025-03-01T01:02:10.203+0000] {processor.py:186} INFO - Started process (PID=224) to work on /home/airflow/.local/lib/python3.12/site-packages/airflow/example_dags/example_sensors.py
[2025-03-01T01:02:10.204+0000] {processor.py:914} INFO - Processing file /home/airflow/.local/lib/python3.12/site-packages/airflow/example_dags/example_sensors.py for tasks to queue
[2025-03-01T01:02:10.205+0000] {logging_mixin.py:190} INFO - [2025-03-01T01:02:10.205+0000] {dagbag.py:588} INFO - Filling up the DagBag from /home/airflow/.local/lib/python3.12/site-packages/airflow/example_dags/example_sensors.py
[2025-03-01T01:02:10.218+0000] {processor.py:925} INFO - DAG(s) 'example_sensors' retrieved from /home/airflow/.local/lib/python3.12/site-packages/airflow/example_dags/example_sensors.py
[2025-03-01T01:02:10.246+0000] {logging_mixin.py:190} INFO - [2025-03-01T01:02:10.246+0000] {dag.py:3239} INFO - Sync 1 DAGs
[2025-03-01T01:02:10.258+0000] {logging_mixin.py:190} INFO - [2025-03-01T01:02:10.258+0000] {dag.py:4180} INFO - Setting next_dagrun for example_sensors to None, run_after=None
[2025-03-01T01:02:10.270+0000] {processor.py:208} INFO - Processing /home/airflow/.local/lib/python3.12/site-packages/airflow/example_dags/example_sensors.py took 0.071 seconds
[2025-03-01T01:02:40.505+0000] {processor.py:186} INFO - Started process (PID=286) to work on /home/airflow/.local/lib/python3.12/site-packages/airflow/example_dags/example_sensors.py
[2025-03-01T01:02:40.505+0000] {processor.py:914} INFO - Processing file /home/airflow/.local/lib/python3.12/site-packages/airflow/example_dags/example_sensors.py for tasks to queue
[2025-03-01T01:02:40.507+0000] {logging_mixin.py:190} INFO - [2025-03-01T01:02:40.506+0000] {dagbag.py:588} INFO - Filling up the DagBag from /home/airflow/.local/lib/python3.12/site-packages/airflow/example_dags/example_sensors.py
[2025-03-01T01:02:40.515+0000] {processor.py:925} INFO - DAG(s) 'example_sensors' retrieved from /home/airflow/.local/lib/python3.12/site-packages/airflow/example_dags/example_sensors.py
[2025-03-01T01:02:40.535+0000] {logging_mixin.py:190} INFO - [2025-03-01T01:02:40.535+0000] {dag.py:3239} INFO - Sync 1 DAGs
[2025-03-01T01:02:40.545+0000] {logging_mixin.py:190} INFO - [2025-03-01T01:02:40.545+0000] {dag.py:4180} INFO - Setting next_dagrun for example_sensors to None, run_after=None
[2025-03-01T01:02:40.558+0000] {processor.py:208} INFO - Processing /home/airflow/.local/lib/python3.12/site-packages/airflow/example_dags/example_sensors.py took 0.058 seconds
[2025-03-01T01:03:11.257+0000] {processor.py:186} INFO - Started process (PID=349) to work on /home/airflow/.local/lib/python3.12/site-packages/airflow/example_dags/example_sensors.py
[2025-03-01T01:03:11.258+0000] {processor.py:914} INFO - Processing file /home/airflow/.local/lib/python3.12/site-packages/airflow/example_dags/example_sensors.py for tasks to queue
[2025-03-01T01:03:11.260+0000] {logging_mixin.py:190} INFO - [2025-03-01T01:03:11.260+0000] {dagbag.py:588} INFO - Filling up the DagBag from /home/airflow/.local/lib/python3.12/site-packages/airflow/example_dags/example_sensors.py
[2025-03-01T01:03:11.271+0000] {processor.py:925} INFO - DAG(s) 'example_sensors' retrieved from /home/airflow/.local/lib/python3.12/site-packages/airflow/example_dags/example_sensors.py
[2025-03-01T01:03:11.304+0000] {logging_mixin.py:190} INFO - [2025-03-01T01:03:11.303+0000] {dag.py:3239} INFO - Sync 1 DAGs
[2025-03-01T01:03:11.319+0000] {logging_mixin.py:190} INFO - [2025-03-01T01:03:11.319+0000] {dag.py:4180} INFO - Setting next_dagrun for example_sensors to None, run_after=None
[2025-03-01T01:03:11.332+0000] {processor.py:208} INFO - Processing /home/airflow/.local/lib/python3.12/site-packages/airflow/example_dags/example_sensors.py took 0.081 seconds
[2025-03-01T01:03:41.907+0000] {processor.py:186} INFO - Started process (PID=412) to work on /home/airflow/.local/lib/python3.12/site-packages/airflow/example_dags/example_sensors.py
[2025-03-01T01:03:41.907+0000] {processor.py:914} INFO - Processing file /home/airflow/.local/lib/python3.12/site-packages/airflow/example_dags/example_sensors.py for tasks to queue
[2025-03-01T01:03:41.909+0000] {logging_mixin.py:190} INFO - [2025-03-01T01:03:41.909+0000] {dagbag.py:588} INFO - Filling up the DagBag from /home/airflow/.local/lib/python3.12/site-packages/airflow/example_dags/example_sensors.py
[2025-03-01T01:03:41.920+0000] {processor.py:925} INFO - DAG(s) 'example_sensors' retrieved from /home/airflow/.local/lib/python3.12/site-packages/airflow/example_dags/example_sensors.py
[2025-03-01T01:03:41.948+0000] {logging_mixin.py:190} INFO - [2025-03-01T01:03:41.948+0000] {dag.py:3239} INFO - Sync 1 DAGs
[2025-03-01T01:03:41.964+0000] {logging_mixin.py:190} INFO - [2025-03-01T01:03:41.963+0000] {dag.py:4180} INFO - Setting next_dagrun for example_sensors to None, run_after=None
[2025-03-01T01:03:41.980+0000] {processor.py:208} INFO - Processing /home/airflow/.local/lib/python3.12/site-packages/airflow/example_dags/example_sensors.py took 0.079 seconds
[2025-03-01T01:04:12.072+0000] {processor.py:186} INFO - Started process (PID=474) to work on /home/airflow/.local/lib/python3.12/site-packages/airflow/example_dags/example_sensors.py
[2025-03-01T01:04:12.072+0000] {processor.py:914} INFO - Processing file /home/airflow/.local/lib/python3.12/site-packages/airflow/example_dags/example_sensors.py for tasks to queue
[2025-03-01T01:04:12.075+0000] {logging_mixin.py:190} INFO - [2025-03-01T01:04:12.074+0000] {dagbag.py:588} INFO - Filling up the DagBag from /home/airflow/.local/lib/python3.12/site-packages/airflow/example_dags/example_sensors.py
[2025-03-01T01:04:12.084+0000] {processor.py:925} INFO - DAG(s) 'example_sensors' retrieved from /home/airflow/.local/lib/python3.12/site-packages/airflow/example_dags/example_sensors.py
[2025-03-01T01:04:12.104+0000] {logging_mixin.py:190} INFO - [2025-03-01T01:04:12.104+0000] {dag.py:3239} INFO - Sync 1 DAGs
[2025-03-01T01:04:12.115+0000] {logging_mixin.py:190} INFO - [2025-03-01T01:04:12.115+0000] {dag.py:4180} INFO - Setting next_dagrun for example_sensors to None, run_after=None
[2025-03-01T01:04:12.128+0000] {processor.py:208} INFO - Processing /home/airflow/.local/lib/python3.12/site-packages/airflow/example_dags/example_sensors.py took 0.062 seconds
[2025-03-01T01:04:42.483+0000] {processor.py:186} INFO - Started process (PID=537) to work on /home/airflow/.local/lib/python3.12/site-packages/airflow/example_dags/example_sensors.py
[2025-03-01T01:04:42.484+0000] {processor.py:914} INFO - Processing file /home/airflow/.local/lib/python3.12/site-packages/airflow/example_dags/example_sensors.py for tasks to queue
[2025-03-01T01:04:42.486+0000] {logging_mixin.py:190} INFO - [2025-03-01T01:04:42.486+0000] {dagbag.py:588} INFO - Filling up the DagBag from /home/airflow/.local/lib/python3.12/site-packages/airflow/example_dags/example_sensors.py
[2025-03-01T01:04:42.497+0000] {processor.py:925} INFO - DAG(s) 'example_sensors' retrieved from /home/airflow/.local/lib/python3.12/site-packages/airflow/example_dags/example_sensors.py
[2025-03-01T01:04:42.517+0000] {logging_mixin.py:190} INFO - [2025-03-01T01:04:42.517+0000] {dag.py:3239} INFO - Sync 1 DAGs
[2025-03-01T01:04:42.528+0000] {logging_mixin.py:190} INFO - [2025-03-01T01:04:42.528+0000] {dag.py:4180} INFO - Setting next_dagrun for example_sensors to None, run_after=None
[2025-03-01T01:04:42.541+0000] {processor.py:208} INFO - Processing /home/airflow/.local/lib/python3.12/site-packages/airflow/example_dags/example_sensors.py took 0.064 seconds
[2025-03-01T01:05:12.666+0000] {processor.py:186} INFO - Started process (PID=600) to work on /home/airflow/.local/lib/python3.12/site-packages/airflow/example_dags/example_sensors.py
[2025-03-01T01:05:12.666+0000] {processor.py:914} INFO - Processing file /home/airflow/.local/lib/python3.12/site-packages/airflow/example_dags/example_sensors.py for tasks to queue
[2025-03-01T01:05:12.668+0000] {logging_mixin.py:190} INFO - [2025-03-01T01:05:12.668+0000] {dagbag.py:588} INFO - Filling up the DagBag from /home/airflow/.local/lib/python3.12/site-packages/airflow/example_dags/example_sensors.py
[2025-03-01T01:05:12.676+0000] {processor.py:925} INFO - DAG(s) 'example_sensors' retrieved from /home/airflow/.local/lib/python3.12/site-packages/airflow/example_dags/example_sensors.py
[2025-03-01T01:05:12.696+0000] {logging_mixin.py:190} INFO - [2025-03-01T01:05:12.696+0000] {dag.py:3239} INFO - Sync 1 DAGs
[2025-03-01T01:05:12.708+0000] {logging_mixin.py:190} INFO - [2025-03-01T01:05:12.708+0000] {dag.py:4180} INFO - Setting next_dagrun for example_sensors to None, run_after=None
[2025-03-01T01:05:12.721+0000] {processor.py:208} INFO - Processing /home/airflow/.local/lib/python3.12/site-packages/airflow/example_dags/example_sensors.py took 0.060 seconds
[2025-03-01T01:05:43.262+0000] {processor.py:186} INFO - Started process (PID=663) to work on /home/airflow/.local/lib/python3.12/site-packages/airflow/example_dags/example_sensors.py
[2025-03-01T01:05:43.262+0000] {processor.py:914} INFO - Processing file /home/airflow/.local/lib/python3.12/site-packages/airflow/example_dags/example_sensors.py for tasks to queue
[2025-03-01T01:05:43.264+0000] {logging_mixin.py:190} INFO - [2025-03-01T01:05:43.264+0000] {dagbag.py:588} INFO - Filling up the DagBag from /home/airflow/.local/lib/python3.12/site-packages/airflow/example_dags/example_sensors.py
[2025-03-01T01:05:43.272+0000] {processor.py:925} INFO - DAG(s) 'example_sensors' retrieved from /home/airflow/.local/lib/python3.12/site-packages/airflow/example_dags/example_sensors.py
[2025-03-01T01:05:43.292+0000] {logging_mixin.py:190} INFO - [2025-03-01T01:05:43.292+0000] {dag.py:3239} INFO - Sync 1 DAGs
[2025-03-01T01:05:43.303+0000] {logging_mixin.py:190} INFO - [2025-03-01T01:05:43.303+0000] {dag.py:4180} INFO - Setting next_dagrun for example_sensors to None, run_after=None
[2025-03-01T01:05:43.317+0000] {processor.py:208} INFO - Processing /home/airflow/.local/lib/python3.12/site-packages/airflow/example_dags/example_sensors.py took 0.060 seconds
[2025-03-01T01:06:13.640+0000] {processor.py:186} INFO - Started process (PID=726) to work on /home/airflow/.local/lib/python3.12/site-packages/airflow/example_dags/example_sensors.py
[2025-03-01T01:06:13.641+0000] {processor.py:914} INFO - Processing file /home/airflow/.local/lib/python3.12/site-packages/airflow/example_dags/example_sensors.py for tasks to queue
[2025-03-01T01:06:13.642+0000] {logging_mixin.py:190} INFO - [2025-03-01T01:06:13.642+0000] {dagbag.py:588} INFO - Filling up the DagBag from /home/airflow/.local/lib/python3.12/site-packages/airflow/example_dags/example_sensors.py
[2025-03-01T01:06:13.651+0000] {processor.py:925} INFO - DAG(s) 'example_sensors' retrieved from /home/airflow/.local/lib/python3.12/site-packages/airflow/example_dags/example_sensors.py
[2025-03-01T01:06:13.676+0000] {logging_mixin.py:190} INFO - [2025-03-01T01:06:13.676+0000] {dag.py:3239} INFO - Sync 1 DAGs
[2025-03-01T01:06:13.686+0000] {logging_mixin.py:190} INFO - [2025-03-01T01:06:13.686+0000] {dag.py:4180} INFO - Setting next_dagrun for example_sensors to None, run_after=None
[2025-03-01T01:06:13.698+0000] {processor.py:208} INFO - Processing /home/airflow/.local/lib/python3.12/site-packages/airflow/example_dags/example_sensors.py took 0.062 seconds
[2025-03-01T01:06:44.067+0000] {processor.py:186} INFO - Started process (PID=789) to work on /home/airflow/.local/lib/python3.12/site-packages/airflow/example_dags/example_sensors.py
[2025-03-01T01:06:44.068+0000] {processor.py:914} INFO - Processing file /home/airflow/.local/lib/python3.12/site-packages/airflow/example_dags/example_sensors.py for tasks to queue
[2025-03-01T01:06:44.070+0000] {logging_mixin.py:190} INFO - [2025-03-01T01:06:44.070+0000] {dagbag.py:588} INFO - Filling up the DagBag from /home/airflow/.local/lib/python3.12/site-packages/airflow/example_dags/example_sensors.py
[2025-03-01T01:06:44.082+0000] {processor.py:925} INFO - DAG(s) 'example_sensors' retrieved from /home/airflow/.local/lib/python3.12/site-packages/airflow/example_dags/example_sensors.py
[2025-03-01T01:06:44.110+0000] {logging_mixin.py:190} INFO - [2025-03-01T01:06:44.110+0000] {dag.py:3239} INFO - Sync 1 DAGs
[2025-03-01T01:06:44.127+0000] {logging_mixin.py:190} INFO - [2025-03-01T01:06:44.127+0000] {dag.py:4180} INFO - Setting next_dagrun for example_sensors to None, run_after=None
[2025-03-01T01:06:44.140+0000] {processor.py:208} INFO - Processing /home/airflow/.local/lib/python3.12/site-packages/airflow/example_dags/example_sensors.py took 0.079 seconds
[2025-03-01T01:07:14.388+0000] {processor.py:186} INFO - Started process (PID=852) to work on /home/airflow/.local/lib/python3.12/site-packages/airflow/example_dags/example_sensors.py
[2025-03-01T01:07:14.389+0000] {processor.py:914} INFO - Processing file /home/airflow/.local/lib/python3.12/site-packages/airflow/example_dags/example_sensors.py for tasks to queue
[2025-03-01T01:07:14.390+0000] {logging_mixin.py:190} INFO - [2025-03-01T01:07:14.390+0000] {dagbag.py:588} INFO - Filling up the DagBag from /home/airflow/.local/lib/python3.12/site-packages/airflow/example_dags/example_sensors.py
[2025-03-01T01:07:14.398+0000] {processor.py:925} INFO - DAG(s) 'example_sensors' retrieved from /home/airflow/.local/lib/python3.12/site-packages/airflow/example_dags/example_sensors.py
[2025-03-01T01:07:14.417+0000] {logging_mixin.py:190} INFO - [2025-03-01T01:07:14.417+0000] {dag.py:3239} INFO - Sync 1 DAGs
[2025-03-01T01:07:14.427+0000] {logging_mixin.py:190} INFO - [2025-03-01T01:07:14.427+0000] {dag.py:4180} INFO - Setting next_dagrun for example_sensors to None, run_after=None
[2025-03-01T01:07:14.440+0000] {processor.py:208} INFO - Processing /home/airflow/.local/lib/python3.12/site-packages/airflow/example_dags/example_sensors.py took 0.056 seconds
[2025-03-01T01:07:44.580+0000] {processor.py:186} INFO - Started process (PID=915) to work on /home/airflow/.local/lib/python3.12/site-packages/airflow/example_dags/example_sensors.py
[2025-03-01T01:07:44.580+0000] {processor.py:914} INFO - Processing file /home/airflow/.local/lib/python3.12/site-packages/airflow/example_dags/example_sensors.py for tasks to queue
[2025-03-01T01:07:44.582+0000] {logging_mixin.py:190} INFO - [2025-03-01T01:07:44.582+0000] {dagbag.py:588} INFO - Filling up the DagBag from /home/airflow/.local/lib/python3.12/site-packages/airflow/example_dags/example_sensors.py
[2025-03-01T01:07:44.590+0000] {processor.py:925} INFO - DAG(s) 'example_sensors' retrieved from /home/airflow/.local/lib/python3.12/site-packages/airflow/example_dags/example_sensors.py
[2025-03-01T01:07:44.609+0000] {logging_mixin.py:190} INFO - [2025-03-01T01:07:44.609+0000] {dag.py:3239} INFO - Sync 1 DAGs
[2025-03-01T01:07:44.620+0000] {logging_mixin.py:190} INFO - [2025-03-01T01:07:44.620+0000] {dag.py:4180} INFO - Setting next_dagrun for example_sensors to None, run_after=None
[2025-03-01T01:07:44.632+0000] {processor.py:208} INFO - Processing /home/airflow/.local/lib/python3.12/site-packages/airflow/example_dags/example_sensors.py took 0.057 seconds
[2025-03-01T01:08:14.809+0000] {processor.py:186} INFO - Started process (PID=979) to work on /home/airflow/.local/lib/python3.12/site-packages/airflow/example_dags/example_sensors.py
[2025-03-01T01:08:14.810+0000] {processor.py:914} INFO - Processing file /home/airflow/.local/lib/python3.12/site-packages/airflow/example_dags/example_sensors.py for tasks to queue
[2025-03-01T01:08:14.811+0000] {logging_mixin.py:190} INFO - [2025-03-01T01:08:14.811+0000] {dagbag.py:588} INFO - Filling up the DagBag from /home/airflow/.local/lib/python3.12/site-packages/airflow/example_dags/example_sensors.py
[2025-03-01T01:08:14.819+0000] {processor.py:925} INFO - DAG(s) 'example_sensors' retrieved from /home/airflow/.local/lib/python3.12/site-packages/airflow/example_dags/example_sensors.py
[2025-03-01T01:08:14.839+0000] {logging_mixin.py:190} INFO - [2025-03-01T01:08:14.839+0000] {dag.py:3239} INFO - Sync 1 DAGs
[2025-03-01T01:08:14.850+0000] {logging_mixin.py:190} INFO - [2025-03-01T01:08:14.850+0000] {dag.py:4180} INFO - Setting next_dagrun for example_sensors to None, run_after=None
[2025-03-01T01:08:14.862+0000] {processor.py:208} INFO - Processing /home/airflow/.local/lib/python3.12/site-packages/airflow/example_dags/example_sensors.py took 0.057 seconds
[2025-03-01T01:08:45.079+0000] {processor.py:186} INFO - Started process (PID=1041) to work on /home/airflow/.local/lib/python3.12/site-packages/airflow/example_dags/example_sensors.py
[2025-03-01T01:08:45.080+0000] {processor.py:914} INFO - Processing file /home/airflow/.local/lib/python3.12/site-packages/airflow/example_dags/example_sensors.py for tasks to queue
[2025-03-01T01:08:45.081+0000] {logging_mixin.py:190} INFO - [2025-03-01T01:08:45.081+0000] {dagbag.py:588} INFO - Filling up the DagBag from /home/airflow/.local/lib/python3.12/site-packages/airflow/example_dags/example_sensors.py
[2025-03-01T01:08:45.089+0000] {processor.py:925} INFO - DAG(s) 'example_sensors' retrieved from /home/airflow/.local/lib/python3.12/site-packages/airflow/example_dags/example_sensors.py
[2025-03-01T01:08:45.108+0000] {logging_mixin.py:190} INFO - [2025-03-01T01:08:45.107+0000] {dag.py:3239} INFO - Sync 1 DAGs
[2025-03-01T01:08:45.118+0000] {logging_mixin.py:190} INFO - [2025-03-01T01:08:45.118+0000] {dag.py:4180} INFO - Setting next_dagrun for example_sensors to None, run_after=None
[2025-03-01T01:08:45.130+0000] {processor.py:208} INFO - Processing /home/airflow/.local/lib/python3.12/site-packages/airflow/example_dags/example_sensors.py took 0.056 seconds
[2025-03-01T01:09:15.390+0000] {processor.py:186} INFO - Started process (PID=1104) to work on /home/airflow/.local/lib/python3.12/site-packages/airflow/example_dags/example_sensors.py
[2025-03-01T01:09:15.391+0000] {processor.py:914} INFO - Processing file /home/airflow/.local/lib/python3.12/site-packages/airflow/example_dags/example_sensors.py for tasks to queue
[2025-03-01T01:09:15.393+0000] {logging_mixin.py:190} INFO - [2025-03-01T01:09:15.392+0000] {dagbag.py:588} INFO - Filling up the DagBag from /home/airflow/.local/lib/python3.12/site-packages/airflow/example_dags/example_sensors.py
[2025-03-01T01:09:15.404+0000] {processor.py:925} INFO - DAG(s) 'example_sensors' retrieved from /home/airflow/.local/lib/python3.12/site-packages/airflow/example_dags/example_sensors.py
[2025-03-01T01:09:15.425+0000] {logging_mixin.py:190} INFO - [2025-03-01T01:09:15.424+0000] {dag.py:3239} INFO - Sync 1 DAGs
[2025-03-01T01:09:15.436+0000] {logging_mixin.py:190} INFO - [2025-03-01T01:09:15.436+0000] {dag.py:4180} INFO - Setting next_dagrun for example_sensors to None, run_after=None
[2025-03-01T01:09:15.450+0000] {processor.py:208} INFO - Processing /home/airflow/.local/lib/python3.12/site-packages/airflow/example_dags/example_sensors.py took 0.066 seconds
[2025-03-01T01:09:45.655+0000] {processor.py:186} INFO - Started process (PID=1167) to work on /home/airflow/.local/lib/python3.12/site-packages/airflow/example_dags/example_sensors.py
[2025-03-01T01:09:45.656+0000] {processor.py:914} INFO - Processing file /home/airflow/.local/lib/python3.12/site-packages/airflow/example_dags/example_sensors.py for tasks to queue
[2025-03-01T01:09:45.657+0000] {logging_mixin.py:190} INFO - [2025-03-01T01:09:45.657+0000] {dagbag.py:588} INFO - Filling up the DagBag from /home/airflow/.local/lib/python3.12/site-packages/airflow/example_dags/example_sensors.py
[2025-03-01T01:09:45.665+0000] {processor.py:925} INFO - DAG(s) 'example_sensors' retrieved from /home/airflow/.local/lib/python3.12/site-packages/airflow/example_dags/example_sensors.py
[2025-03-01T01:09:45.684+0000] {logging_mixin.py:190} INFO - [2025-03-01T01:09:45.684+0000] {dag.py:3239} INFO - Sync 1 DAGs
[2025-03-01T01:09:45.695+0000] {logging_mixin.py:190} INFO - [2025-03-01T01:09:45.695+0000] {dag.py:4180} INFO - Setting next_dagrun for example_sensors to None, run_after=None
[2025-03-01T01:09:45.707+0000] {processor.py:208} INFO - Processing /home/airflow/.local/lib/python3.12/site-packages/airflow/example_dags/example_sensors.py took 0.056 seconds
[2025-03-01T01:10:15.994+0000] {processor.py:186} INFO - Started process (PID=1230) to work on /home/airflow/.local/lib/python3.12/site-packages/airflow/example_dags/example_sensors.py
[2025-03-01T01:10:15.995+0000] {processor.py:914} INFO - Processing file /home/airflow/.local/lib/python3.12/site-packages/airflow/example_dags/example_sensors.py for tasks to queue
[2025-03-01T01:10:15.997+0000] {logging_mixin.py:190} INFO - [2025-03-01T01:10:15.997+0000] {dagbag.py:588} INFO - Filling up the DagBag from /home/airflow/.local/lib/python3.12/site-packages/airflow/example_dags/example_sensors.py
[2025-03-01T01:10:16.008+0000] {processor.py:925} INFO - DAG(s) 'example_sensors' retrieved from /home/airflow/.local/lib/python3.12/site-packages/airflow/example_dags/example_sensors.py
[2025-03-01T01:10:16.031+0000] {logging_mixin.py:190} INFO - [2025-03-01T01:10:16.031+0000] {dag.py:3239} INFO - Sync 1 DAGs
[2025-03-01T01:10:16.042+0000] {logging_mixin.py:190} INFO - [2025-03-01T01:10:16.042+0000] {dag.py:4180} INFO - Setting next_dagrun for example_sensors to None, run_after=None
[2025-03-01T01:10:16.056+0000] {processor.py:208} INFO - Processing /home/airflow/.local/lib/python3.12/site-packages/airflow/example_dags/example_sensors.py took 0.067 seconds
