[2025-03-01T01:01:03.460+0000] {processor.py:186} INFO - Started process (PID=73) to work on /home/airflow/.local/lib/python3.12/site-packages/airflow/example_dags/example_subdag_operator.py
[2025-03-01T01:01:03.461+0000] {processor.py:914} INFO - Processing file /home/airflow/.local/lib/python3.12/site-packages/airflow/example_dags/example_subdag_operator.py for tasks to queue
[2025-03-01T01:01:03.463+0000] {logging_mixin.py:190} INFO - [2025-03-01T01:01:03.463+0000] {dagbag.py:588} INFO - Filling up the DagBag from /home/airflow/.local/lib/python3.12/site-packages/airflow/example_dags/example_subdag_operator.py
[2025-03-01T01:01:03.493+0000] {processor.py:925} INFO - DAG(s) 'example_subdag_operator.section-1', 'example_subdag_operator.section-2', 'example_subdag_operator' retrieved from /home/airflow/.local/lib/python3.12/site-packages/airflow/example_dags/example_subdag_operator.py
[2025-03-01T01:01:03.647+0000] {logging_mixin.py:190} INFO - [2025-03-01T01:01:03.646+0000] {override.py:1911} INFO - Created Permission View: can edit on DAG:example_subdag_operator
[2025-03-01T01:01:03.666+0000] {logging_mixin.py:190} INFO - [2025-03-01T01:01:03.665+0000] {override.py:1911} INFO - Created Permission View: can read on DAG:example_subdag_operator
[2025-03-01T01:01:03.678+0000] {logging_mixin.py:190} INFO - [2025-03-01T01:01:03.678+0000] {override.py:1911} INFO - Created Permission View: can delete on DAG:example_subdag_operator
[2025-03-01T01:01:03.683+0000] {logging_mixin.py:190} INFO - [2025-03-01T01:01:03.682+0000] {override.py:1911} INFO - Created Permission View: menu access on DAG Run:example_subdag_operator
[2025-03-01T01:01:03.687+0000] {logging_mixin.py:190} INFO - [2025-03-01T01:01:03.687+0000] {override.py:1911} INFO - Created Permission View: can delete on DAG Run:example_subdag_operator
[2025-03-01T01:01:03.693+0000] {logging_mixin.py:190} INFO - [2025-03-01T01:01:03.692+0000] {override.py:1911} INFO - Created Permission View: can create on DAG Run:example_subdag_operator
[2025-03-01T01:01:03.698+0000] {logging_mixin.py:190} INFO - [2025-03-01T01:01:03.697+0000] {override.py:1911} INFO - Created Permission View: can read on DAG Run:example_subdag_operator
[2025-03-01T01:01:03.698+0000] {logging_mixin.py:190} INFO - [2025-03-01T01:01:03.698+0000] {dag.py:3239} INFO - Sync 3 DAGs
[2025-03-01T01:01:03.713+0000] {logging_mixin.py:190} INFO - [2025-03-01T01:01:03.713+0000] {dag.py:3262} INFO - Creating ORM DAG for example_subdag_operator
[2025-03-01T01:01:03.714+0000] {logging_mixin.py:190} INFO - [2025-03-01T01:01:03.714+0000] {dag.py:3262} INFO - Creating ORM DAG for example_subdag_operator.section-2
[2025-03-01T01:01:03.714+0000] {logging_mixin.py:190} INFO - [2025-03-01T01:01:03.714+0000] {dag.py:3262} INFO - Creating ORM DAG for example_subdag_operator.section-1
[2025-03-01T01:01:03.723+0000] {logging_mixin.py:190} INFO - [2025-03-01T01:01:03.723+0000] {dag.py:4180} INFO - Setting next_dagrun for example_subdag_operator to 2022-01-01 00:00:00+00:00, run_after=2022-01-01 00:00:00+00:00
[2025-03-01T01:01:03.724+0000] {logging_mixin.py:190} INFO - [2025-03-01T01:01:03.723+0000] {dag.py:4180} INFO - Setting next_dagrun for example_subdag_operator.section-1 to None, run_after=None
[2025-03-01T01:01:03.724+0000] {logging_mixin.py:190} INFO - [2025-03-01T01:01:03.724+0000] {dag.py:4180} INFO - Setting next_dagrun for example_subdag_operator.section-2 to None, run_after=None
[2025-03-01T01:01:03.738+0000] {logging_mixin.py:190} INFO - [2025-03-01T01:01:03.738+0000] {dag.py:3239} INFO - Sync 2 DAGs
[2025-03-01T01:01:03.744+0000] {logging_mixin.py:190} INFO - [2025-03-01T01:01:03.744+0000] {dag.py:4180} INFO - Setting next_dagrun for example_subdag_operator.section-1 to None, run_after=None
[2025-03-01T01:01:03.747+0000] {logging_mixin.py:190} INFO - [2025-03-01T01:01:03.747+0000] {dag.py:4180} INFO - Setting next_dagrun for example_subdag_operator.section-2 to None, run_after=None
[2025-03-01T01:01:03.762+0000] {processor.py:208} INFO - Processing /home/airflow/.local/lib/python3.12/site-packages/airflow/example_dags/example_subdag_operator.py took 0.308 seconds
[2025-03-01T01:01:34.213+0000] {processor.py:186} INFO - Started process (PID=135) to work on /home/airflow/.local/lib/python3.12/site-packages/airflow/example_dags/example_subdag_operator.py
[2025-03-01T01:01:34.213+0000] {processor.py:914} INFO - Processing file /home/airflow/.local/lib/python3.12/site-packages/airflow/example_dags/example_subdag_operator.py for tasks to queue
[2025-03-01T01:01:34.215+0000] {logging_mixin.py:190} INFO - [2025-03-01T01:01:34.214+0000] {dagbag.py:588} INFO - Filling up the DagBag from /home/airflow/.local/lib/python3.12/site-packages/airflow/example_dags/example_subdag_operator.py
[2025-03-01T01:01:34.234+0000] {processor.py:925} INFO - DAG(s) 'example_subdag_operator.section-1', 'example_subdag_operator.section-2', 'example_subdag_operator' retrieved from /home/airflow/.local/lib/python3.12/site-packages/airflow/example_dags/example_subdag_operator.py
[2025-03-01T01:01:34.245+0000] {logging_mixin.py:190} INFO - [2025-03-01T01:01:34.245+0000] {dag.py:3239} INFO - Sync 3 DAGs
[2025-03-01T01:01:34.266+0000] {logging_mixin.py:190} INFO - [2025-03-01T01:01:34.266+0000] {dag.py:4180} INFO - Setting next_dagrun for example_subdag_operator to 2022-01-01 00:00:00+00:00, run_after=2022-01-01 00:00:00+00:00
[2025-03-01T01:01:34.269+0000] {logging_mixin.py:190} INFO - [2025-03-01T01:01:34.269+0000] {dag.py:4180} INFO - Setting next_dagrun for example_subdag_operator.section-1 to None, run_after=None
[2025-03-01T01:01:34.270+0000] {logging_mixin.py:190} INFO - [2025-03-01T01:01:34.270+0000] {dag.py:4180} INFO - Setting next_dagrun for example_subdag_operator.section-2 to None, run_after=None
[2025-03-01T01:01:34.276+0000] {logging_mixin.py:190} INFO - [2025-03-01T01:01:34.276+0000] {dag.py:3239} INFO - Sync 2 DAGs
[2025-03-01T01:01:34.280+0000] {logging_mixin.py:190} INFO - [2025-03-01T01:01:34.279+0000] {dag.py:4180} INFO - Setting next_dagrun for example_subdag_operator.section-1 to None, run_after=None
[2025-03-01T01:01:34.280+0000] {logging_mixin.py:190} INFO - [2025-03-01T01:01:34.280+0000] {dag.py:4180} INFO - Setting next_dagrun for example_subdag_operator.section-2 to None, run_after=None
[2025-03-01T01:01:34.287+0000] {processor.py:208} INFO - Processing /home/airflow/.local/lib/python3.12/site-packages/airflow/example_dags/example_subdag_operator.py took 0.079 seconds
[2025-03-01T01:02:04.926+0000] {processor.py:186} INFO - Started process (PID=199) to work on /home/airflow/.local/lib/python3.12/site-packages/airflow/example_dags/example_subdag_operator.py
[2025-03-01T01:02:04.927+0000] {processor.py:914} INFO - Processing file /home/airflow/.local/lib/python3.12/site-packages/airflow/example_dags/example_subdag_operator.py for tasks to queue
[2025-03-01T01:02:04.929+0000] {logging_mixin.py:190} INFO - [2025-03-01T01:02:04.928+0000] {dagbag.py:588} INFO - Filling up the DagBag from /home/airflow/.local/lib/python3.12/site-packages/airflow/example_dags/example_subdag_operator.py
[2025-03-01T01:02:04.949+0000] {processor.py:925} INFO - DAG(s) 'example_subdag_operator.section-1', 'example_subdag_operator.section-2', 'example_subdag_operator' retrieved from /home/airflow/.local/lib/python3.12/site-packages/airflow/example_dags/example_subdag_operator.py
[2025-03-01T01:02:04.965+0000] {logging_mixin.py:190} INFO - [2025-03-01T01:02:04.965+0000] {dag.py:3239} INFO - Sync 3 DAGs
[2025-03-01T01:02:04.990+0000] {logging_mixin.py:190} INFO - [2025-03-01T01:02:04.989+0000] {dag.py:4180} INFO - Setting next_dagrun for example_subdag_operator to 2022-01-01 00:00:00+00:00, run_after=2022-01-01 00:00:00+00:00
[2025-03-01T01:02:04.992+0000] {logging_mixin.py:190} INFO - [2025-03-01T01:02:04.992+0000] {dag.py:4180} INFO - Setting next_dagrun for example_subdag_operator.section-1 to None, run_after=None
[2025-03-01T01:02:04.993+0000] {logging_mixin.py:190} INFO - [2025-03-01T01:02:04.993+0000] {dag.py:4180} INFO - Setting next_dagrun for example_subdag_operator.section-2 to None, run_after=None
[2025-03-01T01:02:04.999+0000] {logging_mixin.py:190} INFO - [2025-03-01T01:02:04.998+0000] {dag.py:3239} INFO - Sync 2 DAGs
[2025-03-01T01:02:05.003+0000] {logging_mixin.py:190} INFO - [2025-03-01T01:02:05.003+0000] {dag.py:4180} INFO - Setting next_dagrun for example_subdag_operator.section-1 to None, run_after=None
[2025-03-01T01:02:05.003+0000] {logging_mixin.py:190} INFO - [2025-03-01T01:02:05.003+0000] {dag.py:4180} INFO - Setting next_dagrun for example_subdag_operator.section-2 to None, run_after=None
[2025-03-01T01:02:05.011+0000] {processor.py:208} INFO - Processing /home/airflow/.local/lib/python3.12/site-packages/airflow/example_dags/example_subdag_operator.py took 0.089 seconds
[2025-03-01T01:02:35.213+0000] {processor.py:186} INFO - Started process (PID=261) to work on /home/airflow/.local/lib/python3.12/site-packages/airflow/example_dags/example_subdag_operator.py
[2025-03-01T01:02:35.214+0000] {processor.py:914} INFO - Processing file /home/airflow/.local/lib/python3.12/site-packages/airflow/example_dags/example_subdag_operator.py for tasks to queue
[2025-03-01T01:02:35.215+0000] {logging_mixin.py:190} INFO - [2025-03-01T01:02:35.215+0000] {dagbag.py:588} INFO - Filling up the DagBag from /home/airflow/.local/lib/python3.12/site-packages/airflow/example_dags/example_subdag_operator.py
[2025-03-01T01:02:35.234+0000] {processor.py:925} INFO - DAG(s) 'example_subdag_operator.section-1', 'example_subdag_operator.section-2', 'example_subdag_operator' retrieved from /home/airflow/.local/lib/python3.12/site-packages/airflow/example_dags/example_subdag_operator.py
[2025-03-01T01:02:35.246+0000] {logging_mixin.py:190} INFO - [2025-03-01T01:02:35.246+0000] {dag.py:3239} INFO - Sync 3 DAGs
[2025-03-01T01:02:35.266+0000] {logging_mixin.py:190} INFO - [2025-03-01T01:02:35.266+0000] {dag.py:4180} INFO - Setting next_dagrun for example_subdag_operator to 2022-01-01 00:00:00+00:00, run_after=2022-01-01 00:00:00+00:00
[2025-03-01T01:02:35.269+0000] {logging_mixin.py:190} INFO - [2025-03-01T01:02:35.269+0000] {dag.py:4180} INFO - Setting next_dagrun for example_subdag_operator.section-1 to None, run_after=None
[2025-03-01T01:02:35.270+0000] {logging_mixin.py:190} INFO - [2025-03-01T01:02:35.269+0000] {dag.py:4180} INFO - Setting next_dagrun for example_subdag_operator.section-2 to None, run_after=None
[2025-03-01T01:02:35.274+0000] {logging_mixin.py:190} INFO - [2025-03-01T01:02:35.274+0000] {dag.py:3239} INFO - Sync 2 DAGs
[2025-03-01T01:02:35.278+0000] {logging_mixin.py:190} INFO - [2025-03-01T01:02:35.278+0000] {dag.py:4180} INFO - Setting next_dagrun for example_subdag_operator.section-1 to None, run_after=None
[2025-03-01T01:02:35.278+0000] {logging_mixin.py:190} INFO - [2025-03-01T01:02:35.278+0000] {dag.py:4180} INFO - Setting next_dagrun for example_subdag_operator.section-2 to None, run_after=None
[2025-03-01T01:02:35.286+0000] {processor.py:208} INFO - Processing /home/airflow/.local/lib/python3.12/site-packages/airflow/example_dags/example_subdag_operator.py took 0.077 seconds
[2025-03-01T01:03:05.814+0000] {processor.py:186} INFO - Started process (PID=324) to work on /home/airflow/.local/lib/python3.12/site-packages/airflow/example_dags/example_subdag_operator.py
[2025-03-01T01:03:05.815+0000] {processor.py:914} INFO - Processing file /home/airflow/.local/lib/python3.12/site-packages/airflow/example_dags/example_subdag_operator.py for tasks to queue
[2025-03-01T01:03:05.816+0000] {logging_mixin.py:190} INFO - [2025-03-01T01:03:05.816+0000] {dagbag.py:588} INFO - Filling up the DagBag from /home/airflow/.local/lib/python3.12/site-packages/airflow/example_dags/example_subdag_operator.py
[2025-03-01T01:03:05.838+0000] {processor.py:925} INFO - DAG(s) 'example_subdag_operator.section-1', 'example_subdag_operator.section-2', 'example_subdag_operator' retrieved from /home/airflow/.local/lib/python3.12/site-packages/airflow/example_dags/example_subdag_operator.py
[2025-03-01T01:03:05.850+0000] {logging_mixin.py:190} INFO - [2025-03-01T01:03:05.849+0000] {dag.py:3239} INFO - Sync 3 DAGs
[2025-03-01T01:03:05.873+0000] {logging_mixin.py:190} INFO - [2025-03-01T01:03:05.872+0000] {dag.py:4180} INFO - Setting next_dagrun for example_subdag_operator to 2022-01-01 00:00:00+00:00, run_after=2022-01-01 00:00:00+00:00
[2025-03-01T01:03:05.876+0000] {logging_mixin.py:190} INFO - [2025-03-01T01:03:05.876+0000] {dag.py:4180} INFO - Setting next_dagrun for example_subdag_operator.section-1 to None, run_after=None
[2025-03-01T01:03:05.879+0000] {logging_mixin.py:190} INFO - [2025-03-01T01:03:05.879+0000] {dag.py:4180} INFO - Setting next_dagrun for example_subdag_operator.section-2 to None, run_after=None
[2025-03-01T01:03:05.886+0000] {logging_mixin.py:190} INFO - [2025-03-01T01:03:05.885+0000] {dag.py:3239} INFO - Sync 2 DAGs
[2025-03-01T01:03:05.891+0000] {logging_mixin.py:190} INFO - [2025-03-01T01:03:05.891+0000] {dag.py:4180} INFO - Setting next_dagrun for example_subdag_operator.section-1 to None, run_after=None
[2025-03-01T01:03:05.891+0000] {logging_mixin.py:190} INFO - [2025-03-01T01:03:05.891+0000] {dag.py:4180} INFO - Setting next_dagrun for example_subdag_operator.section-2 to None, run_after=None
[2025-03-01T01:03:05.900+0000] {processor.py:208} INFO - Processing /home/airflow/.local/lib/python3.12/site-packages/airflow/example_dags/example_subdag_operator.py took 0.091 seconds
[2025-03-01T01:03:36.538+0000] {processor.py:186} INFO - Started process (PID=387) to work on /home/airflow/.local/lib/python3.12/site-packages/airflow/example_dags/example_subdag_operator.py
[2025-03-01T01:03:36.539+0000] {processor.py:914} INFO - Processing file /home/airflow/.local/lib/python3.12/site-packages/airflow/example_dags/example_subdag_operator.py for tasks to queue
[2025-03-01T01:03:36.541+0000] {logging_mixin.py:190} INFO - [2025-03-01T01:03:36.540+0000] {dagbag.py:588} INFO - Filling up the DagBag from /home/airflow/.local/lib/python3.12/site-packages/airflow/example_dags/example_subdag_operator.py
[2025-03-01T01:03:36.566+0000] {processor.py:925} INFO - DAG(s) 'example_subdag_operator.section-1', 'example_subdag_operator.section-2', 'example_subdag_operator' retrieved from /home/airflow/.local/lib/python3.12/site-packages/airflow/example_dags/example_subdag_operator.py
[2025-03-01T01:03:36.577+0000] {logging_mixin.py:190} INFO - [2025-03-01T01:03:36.577+0000] {dag.py:3239} INFO - Sync 3 DAGs
[2025-03-01T01:03:36.594+0000] {logging_mixin.py:190} INFO - [2025-03-01T01:03:36.594+0000] {dag.py:4180} INFO - Setting next_dagrun for example_subdag_operator to 2022-01-01 00:00:00+00:00, run_after=2022-01-01 00:00:00+00:00
[2025-03-01T01:03:36.597+0000] {logging_mixin.py:190} INFO - [2025-03-01T01:03:36.597+0000] {dag.py:4180} INFO - Setting next_dagrun for example_subdag_operator.section-1 to None, run_after=None
[2025-03-01T01:03:36.598+0000] {logging_mixin.py:190} INFO - [2025-03-01T01:03:36.598+0000] {dag.py:4180} INFO - Setting next_dagrun for example_subdag_operator.section-2 to None, run_after=None
[2025-03-01T01:03:36.603+0000] {logging_mixin.py:190} INFO - [2025-03-01T01:03:36.603+0000] {dag.py:3239} INFO - Sync 2 DAGs
[2025-03-01T01:03:36.606+0000] {logging_mixin.py:190} INFO - [2025-03-01T01:03:36.606+0000] {dag.py:4180} INFO - Setting next_dagrun for example_subdag_operator.section-1 to None, run_after=None
[2025-03-01T01:03:36.607+0000] {logging_mixin.py:190} INFO - [2025-03-01T01:03:36.607+0000] {dag.py:4180} INFO - Setting next_dagrun for example_subdag_operator.section-2 to None, run_after=None
[2025-03-01T01:03:36.614+0000] {processor.py:208} INFO - Processing /home/airflow/.local/lib/python3.12/site-packages/airflow/example_dags/example_subdag_operator.py took 0.082 seconds
[2025-03-01T01:04:06.725+0000] {processor.py:186} INFO - Started process (PID=450) to work on /home/airflow/.local/lib/python3.12/site-packages/airflow/example_dags/example_subdag_operator.py
[2025-03-01T01:04:06.726+0000] {processor.py:914} INFO - Processing file /home/airflow/.local/lib/python3.12/site-packages/airflow/example_dags/example_subdag_operator.py for tasks to queue
[2025-03-01T01:04:06.728+0000] {logging_mixin.py:190} INFO - [2025-03-01T01:04:06.728+0000] {dagbag.py:588} INFO - Filling up the DagBag from /home/airflow/.local/lib/python3.12/site-packages/airflow/example_dags/example_subdag_operator.py
[2025-03-01T01:04:06.752+0000] {processor.py:925} INFO - DAG(s) 'example_subdag_operator.section-1', 'example_subdag_operator.section-2', 'example_subdag_operator' retrieved from /home/airflow/.local/lib/python3.12/site-packages/airflow/example_dags/example_subdag_operator.py
[2025-03-01T01:04:06.765+0000] {logging_mixin.py:190} INFO - [2025-03-01T01:04:06.765+0000] {dag.py:3239} INFO - Sync 3 DAGs
[2025-03-01T01:04:06.787+0000] {logging_mixin.py:190} INFO - [2025-03-01T01:04:06.787+0000] {dag.py:4180} INFO - Setting next_dagrun for example_subdag_operator to 2022-01-01 00:00:00+00:00, run_after=2022-01-01 00:00:00+00:00
[2025-03-01T01:04:06.791+0000] {logging_mixin.py:190} INFO - [2025-03-01T01:04:06.790+0000] {dag.py:4180} INFO - Setting next_dagrun for example_subdag_operator.section-1 to None, run_after=None
[2025-03-01T01:04:06.792+0000] {logging_mixin.py:190} INFO - [2025-03-01T01:04:06.792+0000] {dag.py:4180} INFO - Setting next_dagrun for example_subdag_operator.section-2 to None, run_after=None
[2025-03-01T01:04:06.799+0000] {logging_mixin.py:190} INFO - [2025-03-01T01:04:06.798+0000] {dag.py:3239} INFO - Sync 2 DAGs
[2025-03-01T01:04:06.802+0000] {logging_mixin.py:190} INFO - [2025-03-01T01:04:06.802+0000] {dag.py:4180} INFO - Setting next_dagrun for example_subdag_operator.section-1 to None, run_after=None
[2025-03-01T01:04:06.803+0000] {logging_mixin.py:190} INFO - [2025-03-01T01:04:06.803+0000] {dag.py:4180} INFO - Setting next_dagrun for example_subdag_operator.section-2 to None, run_after=None
[2025-03-01T01:04:06.811+0000] {processor.py:208} INFO - Processing /home/airflow/.local/lib/python3.12/site-packages/airflow/example_dags/example_subdag_operator.py took 0.092 seconds
[2025-03-01T01:04:37.336+0000] {processor.py:186} INFO - Started process (PID=513) to work on /home/airflow/.local/lib/python3.12/site-packages/airflow/example_dags/example_subdag_operator.py
[2025-03-01T01:04:37.337+0000] {processor.py:914} INFO - Processing file /home/airflow/.local/lib/python3.12/site-packages/airflow/example_dags/example_subdag_operator.py for tasks to queue
[2025-03-01T01:04:37.338+0000] {logging_mixin.py:190} INFO - [2025-03-01T01:04:37.338+0000] {dagbag.py:588} INFO - Filling up the DagBag from /home/airflow/.local/lib/python3.12/site-packages/airflow/example_dags/example_subdag_operator.py
[2025-03-01T01:04:37.362+0000] {processor.py:925} INFO - DAG(s) 'example_subdag_operator.section-1', 'example_subdag_operator.section-2', 'example_subdag_operator' retrieved from /home/airflow/.local/lib/python3.12/site-packages/airflow/example_dags/example_subdag_operator.py
[2025-03-01T01:04:37.377+0000] {logging_mixin.py:190} INFO - [2025-03-01T01:04:37.377+0000] {dag.py:3239} INFO - Sync 3 DAGs
[2025-03-01T01:04:37.405+0000] {logging_mixin.py:190} INFO - [2025-03-01T01:04:37.405+0000] {dag.py:4180} INFO - Setting next_dagrun for example_subdag_operator to 2022-01-01 00:00:00+00:00, run_after=2022-01-01 00:00:00+00:00
[2025-03-01T01:04:37.408+0000] {logging_mixin.py:190} INFO - [2025-03-01T01:04:37.408+0000] {dag.py:4180} INFO - Setting next_dagrun for example_subdag_operator.section-1 to None, run_after=None
[2025-03-01T01:04:37.410+0000] {logging_mixin.py:190} INFO - [2025-03-01T01:04:37.410+0000] {dag.py:4180} INFO - Setting next_dagrun for example_subdag_operator.section-2 to None, run_after=None
[2025-03-01T01:04:37.416+0000] {logging_mixin.py:190} INFO - [2025-03-01T01:04:37.416+0000] {dag.py:3239} INFO - Sync 2 DAGs
[2025-03-01T01:04:37.422+0000] {logging_mixin.py:190} INFO - [2025-03-01T01:04:37.421+0000] {dag.py:4180} INFO - Setting next_dagrun for example_subdag_operator.section-1 to None, run_after=None
[2025-03-01T01:04:37.422+0000] {logging_mixin.py:190} INFO - [2025-03-01T01:04:37.422+0000] {dag.py:4180} INFO - Setting next_dagrun for example_subdag_operator.section-2 to None, run_after=None
[2025-03-01T01:04:37.433+0000] {processor.py:208} INFO - Processing /home/airflow/.local/lib/python3.12/site-packages/airflow/example_dags/example_subdag_operator.py took 0.101 seconds
[2025-03-01T01:05:07.523+0000] {processor.py:186} INFO - Started process (PID=576) to work on /home/airflow/.local/lib/python3.12/site-packages/airflow/example_dags/example_subdag_operator.py
[2025-03-01T01:05:07.523+0000] {processor.py:914} INFO - Processing file /home/airflow/.local/lib/python3.12/site-packages/airflow/example_dags/example_subdag_operator.py for tasks to queue
[2025-03-01T01:05:07.525+0000] {logging_mixin.py:190} INFO - [2025-03-01T01:05:07.525+0000] {dagbag.py:588} INFO - Filling up the DagBag from /home/airflow/.local/lib/python3.12/site-packages/airflow/example_dags/example_subdag_operator.py
[2025-03-01T01:05:07.545+0000] {processor.py:925} INFO - DAG(s) 'example_subdag_operator.section-1', 'example_subdag_operator.section-2', 'example_subdag_operator' retrieved from /home/airflow/.local/lib/python3.12/site-packages/airflow/example_dags/example_subdag_operator.py
[2025-03-01T01:05:07.555+0000] {logging_mixin.py:190} INFO - [2025-03-01T01:05:07.555+0000] {dag.py:3239} INFO - Sync 3 DAGs
[2025-03-01T01:05:07.574+0000] {logging_mixin.py:190} INFO - [2025-03-01T01:05:07.574+0000] {dag.py:4180} INFO - Setting next_dagrun for example_subdag_operator to 2022-01-01 00:00:00+00:00, run_after=2022-01-01 00:00:00+00:00
[2025-03-01T01:05:07.577+0000] {logging_mixin.py:190} INFO - [2025-03-01T01:05:07.577+0000] {dag.py:4180} INFO - Setting next_dagrun for example_subdag_operator.section-1 to None, run_after=None
[2025-03-01T01:05:07.578+0000] {logging_mixin.py:190} INFO - [2025-03-01T01:05:07.578+0000] {dag.py:4180} INFO - Setting next_dagrun for example_subdag_operator.section-2 to None, run_after=None
[2025-03-01T01:05:07.583+0000] {logging_mixin.py:190} INFO - [2025-03-01T01:05:07.582+0000] {dag.py:3239} INFO - Sync 2 DAGs
[2025-03-01T01:05:07.587+0000] {logging_mixin.py:190} INFO - [2025-03-01T01:05:07.587+0000] {dag.py:4180} INFO - Setting next_dagrun for example_subdag_operator.section-1 to None, run_after=None
[2025-03-01T01:05:07.588+0000] {logging_mixin.py:190} INFO - [2025-03-01T01:05:07.587+0000] {dag.py:4180} INFO - Setting next_dagrun for example_subdag_operator.section-2 to None, run_after=None
[2025-03-01T01:05:07.596+0000] {processor.py:208} INFO - Processing /home/airflow/.local/lib/python3.12/site-packages/airflow/example_dags/example_subdag_operator.py took 0.077 seconds
[2025-03-01T01:05:38.134+0000] {processor.py:186} INFO - Started process (PID=639) to work on /home/airflow/.local/lib/python3.12/site-packages/airflow/example_dags/example_subdag_operator.py
[2025-03-01T01:05:38.135+0000] {processor.py:914} INFO - Processing file /home/airflow/.local/lib/python3.12/site-packages/airflow/example_dags/example_subdag_operator.py for tasks to queue
[2025-03-01T01:05:38.137+0000] {logging_mixin.py:190} INFO - [2025-03-01T01:05:38.137+0000] {dagbag.py:588} INFO - Filling up the DagBag from /home/airflow/.local/lib/python3.12/site-packages/airflow/example_dags/example_subdag_operator.py
[2025-03-01T01:05:38.157+0000] {processor.py:925} INFO - DAG(s) 'example_subdag_operator.section-1', 'example_subdag_operator.section-2', 'example_subdag_operator' retrieved from /home/airflow/.local/lib/python3.12/site-packages/airflow/example_dags/example_subdag_operator.py
[2025-03-01T01:05:38.168+0000] {logging_mixin.py:190} INFO - [2025-03-01T01:05:38.168+0000] {dag.py:3239} INFO - Sync 3 DAGs
[2025-03-01T01:05:38.186+0000] {logging_mixin.py:190} INFO - [2025-03-01T01:05:38.186+0000] {dag.py:4180} INFO - Setting next_dagrun for example_subdag_operator to 2022-01-01 00:00:00+00:00, run_after=2022-01-01 00:00:00+00:00
[2025-03-01T01:05:38.188+0000] {logging_mixin.py:190} INFO - [2025-03-01T01:05:38.188+0000] {dag.py:4180} INFO - Setting next_dagrun for example_subdag_operator.section-1 to None, run_after=None
[2025-03-01T01:05:38.189+0000] {logging_mixin.py:190} INFO - [2025-03-01T01:05:38.189+0000] {dag.py:4180} INFO - Setting next_dagrun for example_subdag_operator.section-2 to None, run_after=None
[2025-03-01T01:05:38.194+0000] {logging_mixin.py:190} INFO - [2025-03-01T01:05:38.194+0000] {dag.py:3239} INFO - Sync 2 DAGs
[2025-03-01T01:05:38.198+0000] {logging_mixin.py:190} INFO - [2025-03-01T01:05:38.198+0000] {dag.py:4180} INFO - Setting next_dagrun for example_subdag_operator.section-1 to None, run_after=None
[2025-03-01T01:05:38.198+0000] {logging_mixin.py:190} INFO - [2025-03-01T01:05:38.198+0000] {dag.py:4180} INFO - Setting next_dagrun for example_subdag_operator.section-2 to None, run_after=None
[2025-03-01T01:05:38.205+0000] {processor.py:208} INFO - Processing /home/airflow/.local/lib/python3.12/site-packages/airflow/example_dags/example_subdag_operator.py took 0.075 seconds
[2025-03-01T01:06:08.477+0000] {processor.py:186} INFO - Started process (PID=702) to work on /home/airflow/.local/lib/python3.12/site-packages/airflow/example_dags/example_subdag_operator.py
[2025-03-01T01:06:08.477+0000] {processor.py:914} INFO - Processing file /home/airflow/.local/lib/python3.12/site-packages/airflow/example_dags/example_subdag_operator.py for tasks to queue
[2025-03-01T01:06:08.479+0000] {logging_mixin.py:190} INFO - [2025-03-01T01:06:08.479+0000] {dagbag.py:588} INFO - Filling up the DagBag from /home/airflow/.local/lib/python3.12/site-packages/airflow/example_dags/example_subdag_operator.py
[2025-03-01T01:06:08.499+0000] {processor.py:925} INFO - DAG(s) 'example_subdag_operator.section-1', 'example_subdag_operator.section-2', 'example_subdag_operator' retrieved from /home/airflow/.local/lib/python3.12/site-packages/airflow/example_dags/example_subdag_operator.py
[2025-03-01T01:06:08.515+0000] {logging_mixin.py:190} INFO - [2025-03-01T01:06:08.515+0000] {dag.py:3239} INFO - Sync 3 DAGs
[2025-03-01T01:06:08.538+0000] {logging_mixin.py:190} INFO - [2025-03-01T01:06:08.538+0000] {dag.py:4180} INFO - Setting next_dagrun for example_subdag_operator to 2022-01-01 00:00:00+00:00, run_after=2022-01-01 00:00:00+00:00
[2025-03-01T01:06:08.541+0000] {logging_mixin.py:190} INFO - [2025-03-01T01:06:08.541+0000] {dag.py:4180} INFO - Setting next_dagrun for example_subdag_operator.section-1 to None, run_after=None
[2025-03-01T01:06:08.543+0000] {logging_mixin.py:190} INFO - [2025-03-01T01:06:08.543+0000] {dag.py:4180} INFO - Setting next_dagrun for example_subdag_operator.section-2 to None, run_after=None
[2025-03-01T01:06:08.549+0000] {logging_mixin.py:190} INFO - [2025-03-01T01:06:08.549+0000] {dag.py:3239} INFO - Sync 2 DAGs
[2025-03-01T01:06:08.554+0000] {logging_mixin.py:190} INFO - [2025-03-01T01:06:08.554+0000] {dag.py:4180} INFO - Setting next_dagrun for example_subdag_operator.section-1 to None, run_after=None
[2025-03-01T01:06:08.554+0000] {logging_mixin.py:190} INFO - [2025-03-01T01:06:08.554+0000] {dag.py:4180} INFO - Setting next_dagrun for example_subdag_operator.section-2 to None, run_after=None
[2025-03-01T01:06:08.562+0000] {processor.py:208} INFO - Processing /home/airflow/.local/lib/python3.12/site-packages/airflow/example_dags/example_subdag_operator.py took 0.090 seconds
[2025-03-01T01:06:38.854+0000] {processor.py:186} INFO - Started process (PID=765) to work on /home/airflow/.local/lib/python3.12/site-packages/airflow/example_dags/example_subdag_operator.py
[2025-03-01T01:06:38.855+0000] {processor.py:914} INFO - Processing file /home/airflow/.local/lib/python3.12/site-packages/airflow/example_dags/example_subdag_operator.py for tasks to queue
[2025-03-01T01:06:38.856+0000] {logging_mixin.py:190} INFO - [2025-03-01T01:06:38.856+0000] {dagbag.py:588} INFO - Filling up the DagBag from /home/airflow/.local/lib/python3.12/site-packages/airflow/example_dags/example_subdag_operator.py
[2025-03-01T01:06:38.876+0000] {processor.py:925} INFO - DAG(s) 'example_subdag_operator.section-1', 'example_subdag_operator.section-2', 'example_subdag_operator' retrieved from /home/airflow/.local/lib/python3.12/site-packages/airflow/example_dags/example_subdag_operator.py
[2025-03-01T01:06:38.886+0000] {logging_mixin.py:190} INFO - [2025-03-01T01:06:38.886+0000] {dag.py:3239} INFO - Sync 3 DAGs
[2025-03-01T01:06:38.903+0000] {logging_mixin.py:190} INFO - [2025-03-01T01:06:38.903+0000] {dag.py:4180} INFO - Setting next_dagrun for example_subdag_operator to 2022-01-01 00:00:00+00:00, run_after=2022-01-01 00:00:00+00:00
[2025-03-01T01:06:38.906+0000] {logging_mixin.py:190} INFO - [2025-03-01T01:06:38.906+0000] {dag.py:4180} INFO - Setting next_dagrun for example_subdag_operator.section-1 to None, run_after=None
[2025-03-01T01:06:38.907+0000] {logging_mixin.py:190} INFO - [2025-03-01T01:06:38.907+0000] {dag.py:4180} INFO - Setting next_dagrun for example_subdag_operator.section-2 to None, run_after=None
[2025-03-01T01:06:38.912+0000] {logging_mixin.py:190} INFO - [2025-03-01T01:06:38.911+0000] {dag.py:3239} INFO - Sync 2 DAGs
[2025-03-01T01:06:38.915+0000] {logging_mixin.py:190} INFO - [2025-03-01T01:06:38.915+0000] {dag.py:4180} INFO - Setting next_dagrun for example_subdag_operator.section-1 to None, run_after=None
[2025-03-01T01:06:38.916+0000] {logging_mixin.py:190} INFO - [2025-03-01T01:06:38.916+0000] {dag.py:4180} INFO - Setting next_dagrun for example_subdag_operator.section-2 to None, run_after=None
[2025-03-01T01:06:38.922+0000] {processor.py:208} INFO - Processing /home/airflow/.local/lib/python3.12/site-packages/airflow/example_dags/example_subdag_operator.py took 0.072 seconds
[2025-03-01T01:07:09.270+0000] {processor.py:186} INFO - Started process (PID=828) to work on /home/airflow/.local/lib/python3.12/site-packages/airflow/example_dags/example_subdag_operator.py
[2025-03-01T01:07:09.271+0000] {processor.py:914} INFO - Processing file /home/airflow/.local/lib/python3.12/site-packages/airflow/example_dags/example_subdag_operator.py for tasks to queue
[2025-03-01T01:07:09.272+0000] {logging_mixin.py:190} INFO - [2025-03-01T01:07:09.272+0000] {dagbag.py:588} INFO - Filling up the DagBag from /home/airflow/.local/lib/python3.12/site-packages/airflow/example_dags/example_subdag_operator.py
[2025-03-01T01:07:09.291+0000] {processor.py:925} INFO - DAG(s) 'example_subdag_operator.section-1', 'example_subdag_operator.section-2', 'example_subdag_operator' retrieved from /home/airflow/.local/lib/python3.12/site-packages/airflow/example_dags/example_subdag_operator.py
[2025-03-01T01:07:09.302+0000] {logging_mixin.py:190} INFO - [2025-03-01T01:07:09.302+0000] {dag.py:3239} INFO - Sync 3 DAGs
[2025-03-01T01:07:09.320+0000] {logging_mixin.py:190} INFO - [2025-03-01T01:07:09.320+0000] {dag.py:4180} INFO - Setting next_dagrun for example_subdag_operator to 2022-01-01 00:00:00+00:00, run_after=2022-01-01 00:00:00+00:00
[2025-03-01T01:07:09.322+0000] {logging_mixin.py:190} INFO - [2025-03-01T01:07:09.322+0000] {dag.py:4180} INFO - Setting next_dagrun for example_subdag_operator.section-1 to None, run_after=None
[2025-03-01T01:07:09.323+0000] {logging_mixin.py:190} INFO - [2025-03-01T01:07:09.323+0000] {dag.py:4180} INFO - Setting next_dagrun for example_subdag_operator.section-2 to None, run_after=None
[2025-03-01T01:07:09.328+0000] {logging_mixin.py:190} INFO - [2025-03-01T01:07:09.328+0000] {dag.py:3239} INFO - Sync 2 DAGs
[2025-03-01T01:07:09.332+0000] {logging_mixin.py:190} INFO - [2025-03-01T01:07:09.332+0000] {dag.py:4180} INFO - Setting next_dagrun for example_subdag_operator.section-1 to None, run_after=None
[2025-03-01T01:07:09.332+0000] {logging_mixin.py:190} INFO - [2025-03-01T01:07:09.332+0000] {dag.py:4180} INFO - Setting next_dagrun for example_subdag_operator.section-2 to None, run_after=None
[2025-03-01T01:07:09.339+0000] {processor.py:208} INFO - Processing /home/airflow/.local/lib/python3.12/site-packages/airflow/example_dags/example_subdag_operator.py took 0.073 seconds
[2025-03-01T01:07:39.368+0000] {processor.py:186} INFO - Started process (PID=891) to work on /home/airflow/.local/lib/python3.12/site-packages/airflow/example_dags/example_subdag_operator.py
[2025-03-01T01:07:39.368+0000] {processor.py:914} INFO - Processing file /home/airflow/.local/lib/python3.12/site-packages/airflow/example_dags/example_subdag_operator.py for tasks to queue
[2025-03-01T01:07:39.370+0000] {logging_mixin.py:190} INFO - [2025-03-01T01:07:39.370+0000] {dagbag.py:588} INFO - Filling up the DagBag from /home/airflow/.local/lib/python3.12/site-packages/airflow/example_dags/example_subdag_operator.py
[2025-03-01T01:07:39.389+0000] {processor.py:925} INFO - DAG(s) 'example_subdag_operator.section-1', 'example_subdag_operator.section-2', 'example_subdag_operator' retrieved from /home/airflow/.local/lib/python3.12/site-packages/airflow/example_dags/example_subdag_operator.py
[2025-03-01T01:07:39.400+0000] {logging_mixin.py:190} INFO - [2025-03-01T01:07:39.399+0000] {dag.py:3239} INFO - Sync 3 DAGs
[2025-03-01T01:07:39.416+0000] {logging_mixin.py:190} INFO - [2025-03-01T01:07:39.416+0000] {dag.py:4180} INFO - Setting next_dagrun for example_subdag_operator to 2022-01-01 00:00:00+00:00, run_after=2022-01-01 00:00:00+00:00
[2025-03-01T01:07:39.419+0000] {logging_mixin.py:190} INFO - [2025-03-01T01:07:39.419+0000] {dag.py:4180} INFO - Setting next_dagrun for example_subdag_operator.section-1 to None, run_after=None
[2025-03-01T01:07:39.420+0000] {logging_mixin.py:190} INFO - [2025-03-01T01:07:39.419+0000] {dag.py:4180} INFO - Setting next_dagrun for example_subdag_operator.section-2 to None, run_after=None
[2025-03-01T01:07:39.424+0000] {logging_mixin.py:190} INFO - [2025-03-01T01:07:39.424+0000] {dag.py:3239} INFO - Sync 2 DAGs
[2025-03-01T01:07:39.428+0000] {logging_mixin.py:190} INFO - [2025-03-01T01:07:39.428+0000] {dag.py:4180} INFO - Setting next_dagrun for example_subdag_operator.section-1 to None, run_after=None
[2025-03-01T01:07:39.428+0000] {logging_mixin.py:190} INFO - [2025-03-01T01:07:39.428+0000] {dag.py:4180} INFO - Setting next_dagrun for example_subdag_operator.section-2 to None, run_after=None
[2025-03-01T01:07:39.435+0000] {processor.py:208} INFO - Processing /home/airflow/.local/lib/python3.12/site-packages/airflow/example_dags/example_subdag_operator.py took 0.071 seconds
[2025-03-01T01:08:09.664+0000] {processor.py:186} INFO - Started process (PID=955) to work on /home/airflow/.local/lib/python3.12/site-packages/airflow/example_dags/example_subdag_operator.py
[2025-03-01T01:08:09.664+0000] {processor.py:914} INFO - Processing file /home/airflow/.local/lib/python3.12/site-packages/airflow/example_dags/example_subdag_operator.py for tasks to queue
[2025-03-01T01:08:09.666+0000] {logging_mixin.py:190} INFO - [2025-03-01T01:08:09.666+0000] {dagbag.py:588} INFO - Filling up the DagBag from /home/airflow/.local/lib/python3.12/site-packages/airflow/example_dags/example_subdag_operator.py
[2025-03-01T01:08:09.685+0000] {processor.py:925} INFO - DAG(s) 'example_subdag_operator.section-1', 'example_subdag_operator.section-2', 'example_subdag_operator' retrieved from /home/airflow/.local/lib/python3.12/site-packages/airflow/example_dags/example_subdag_operator.py
[2025-03-01T01:08:09.696+0000] {logging_mixin.py:190} INFO - [2025-03-01T01:08:09.696+0000] {dag.py:3239} INFO - Sync 3 DAGs
[2025-03-01T01:08:09.713+0000] {logging_mixin.py:190} INFO - [2025-03-01T01:08:09.713+0000] {dag.py:4180} INFO - Setting next_dagrun for example_subdag_operator to 2022-01-01 00:00:00+00:00, run_after=2022-01-01 00:00:00+00:00
[2025-03-01T01:08:09.716+0000] {logging_mixin.py:190} INFO - [2025-03-01T01:08:09.715+0000] {dag.py:4180} INFO - Setting next_dagrun for example_subdag_operator.section-1 to None, run_after=None
[2025-03-01T01:08:09.716+0000] {logging_mixin.py:190} INFO - [2025-03-01T01:08:09.716+0000] {dag.py:4180} INFO - Setting next_dagrun for example_subdag_operator.section-2 to None, run_after=None
[2025-03-01T01:08:09.721+0000] {logging_mixin.py:190} INFO - [2025-03-01T01:08:09.721+0000] {dag.py:3239} INFO - Sync 2 DAGs
[2025-03-01T01:08:09.725+0000] {logging_mixin.py:190} INFO - [2025-03-01T01:08:09.725+0000] {dag.py:4180} INFO - Setting next_dagrun for example_subdag_operator.section-1 to None, run_after=None
[2025-03-01T01:08:09.725+0000] {logging_mixin.py:190} INFO - [2025-03-01T01:08:09.725+0000] {dag.py:4180} INFO - Setting next_dagrun for example_subdag_operator.section-2 to None, run_after=None
[2025-03-01T01:08:09.732+0000] {processor.py:208} INFO - Processing /home/airflow/.local/lib/python3.12/site-packages/airflow/example_dags/example_subdag_operator.py took 0.072 seconds
[2025-03-01T01:08:39.927+0000] {processor.py:186} INFO - Started process (PID=1017) to work on /home/airflow/.local/lib/python3.12/site-packages/airflow/example_dags/example_subdag_operator.py
[2025-03-01T01:08:39.928+0000] {processor.py:914} INFO - Processing file /home/airflow/.local/lib/python3.12/site-packages/airflow/example_dags/example_subdag_operator.py for tasks to queue
[2025-03-01T01:08:39.929+0000] {logging_mixin.py:190} INFO - [2025-03-01T01:08:39.929+0000] {dagbag.py:588} INFO - Filling up the DagBag from /home/airflow/.local/lib/python3.12/site-packages/airflow/example_dags/example_subdag_operator.py
[2025-03-01T01:08:39.952+0000] {processor.py:925} INFO - DAG(s) 'example_subdag_operator.section-1', 'example_subdag_operator.section-2', 'example_subdag_operator' retrieved from /home/airflow/.local/lib/python3.12/site-packages/airflow/example_dags/example_subdag_operator.py
[2025-03-01T01:08:39.964+0000] {logging_mixin.py:190} INFO - [2025-03-01T01:08:39.964+0000] {dag.py:3239} INFO - Sync 3 DAGs
[2025-03-01T01:08:39.985+0000] {logging_mixin.py:190} INFO - [2025-03-01T01:08:39.985+0000] {dag.py:4180} INFO - Setting next_dagrun for example_subdag_operator to 2022-01-01 00:00:00+00:00, run_after=2022-01-01 00:00:00+00:00
[2025-03-01T01:08:39.988+0000] {logging_mixin.py:190} INFO - [2025-03-01T01:08:39.988+0000] {dag.py:4180} INFO - Setting next_dagrun for example_subdag_operator.section-1 to None, run_after=None
[2025-03-01T01:08:39.989+0000] {logging_mixin.py:190} INFO - [2025-03-01T01:08:39.989+0000] {dag.py:4180} INFO - Setting next_dagrun for example_subdag_operator.section-2 to None, run_after=None
[2025-03-01T01:08:39.995+0000] {logging_mixin.py:190} INFO - [2025-03-01T01:08:39.995+0000] {dag.py:3239} INFO - Sync 2 DAGs
[2025-03-01T01:08:40.000+0000] {logging_mixin.py:190} INFO - [2025-03-01T01:08:39.999+0000] {dag.py:4180} INFO - Setting next_dagrun for example_subdag_operator.section-1 to None, run_after=None
[2025-03-01T01:08:40.000+0000] {logging_mixin.py:190} INFO - [2025-03-01T01:08:40.000+0000] {dag.py:4180} INFO - Setting next_dagrun for example_subdag_operator.section-2 to None, run_after=None
[2025-03-01T01:08:40.007+0000] {processor.py:208} INFO - Processing /home/airflow/.local/lib/python3.12/site-packages/airflow/example_dags/example_subdag_operator.py took 0.085 seconds
[2025-03-01T01:09:10.155+0000] {processor.py:186} INFO - Started process (PID=1080) to work on /home/airflow/.local/lib/python3.12/site-packages/airflow/example_dags/example_subdag_operator.py
[2025-03-01T01:09:10.156+0000] {processor.py:914} INFO - Processing file /home/airflow/.local/lib/python3.12/site-packages/airflow/example_dags/example_subdag_operator.py for tasks to queue
[2025-03-01T01:09:10.157+0000] {logging_mixin.py:190} INFO - [2025-03-01T01:09:10.157+0000] {dagbag.py:588} INFO - Filling up the DagBag from /home/airflow/.local/lib/python3.12/site-packages/airflow/example_dags/example_subdag_operator.py
[2025-03-01T01:09:10.183+0000] {processor.py:925} INFO - DAG(s) 'example_subdag_operator.section-1', 'example_subdag_operator.section-2', 'example_subdag_operator' retrieved from /home/airflow/.local/lib/python3.12/site-packages/airflow/example_dags/example_subdag_operator.py
[2025-03-01T01:09:10.202+0000] {logging_mixin.py:190} INFO - [2025-03-01T01:09:10.201+0000] {dag.py:3239} INFO - Sync 3 DAGs
[2025-03-01T01:09:10.228+0000] {logging_mixin.py:190} INFO - [2025-03-01T01:09:10.228+0000] {dag.py:4180} INFO - Setting next_dagrun for example_subdag_operator to 2022-01-01 00:00:00+00:00, run_after=2022-01-01 00:00:00+00:00
[2025-03-01T01:09:10.232+0000] {logging_mixin.py:190} INFO - [2025-03-01T01:09:10.232+0000] {dag.py:4180} INFO - Setting next_dagrun for example_subdag_operator.section-1 to None, run_after=None
[2025-03-01T01:09:10.233+0000] {logging_mixin.py:190} INFO - [2025-03-01T01:09:10.233+0000] {dag.py:4180} INFO - Setting next_dagrun for example_subdag_operator.section-2 to None, run_after=None
[2025-03-01T01:09:10.238+0000] {logging_mixin.py:190} INFO - [2025-03-01T01:09:10.238+0000] {dag.py:3239} INFO - Sync 2 DAGs
[2025-03-01T01:09:10.242+0000] {logging_mixin.py:190} INFO - [2025-03-01T01:09:10.242+0000] {dag.py:4180} INFO - Setting next_dagrun for example_subdag_operator.section-1 to None, run_after=None
[2025-03-01T01:09:10.242+0000] {logging_mixin.py:190} INFO - [2025-03-01T01:09:10.242+0000] {dag.py:4180} INFO - Setting next_dagrun for example_subdag_operator.section-2 to None, run_after=None
[2025-03-01T01:09:10.249+0000] {processor.py:208} INFO - Processing /home/airflow/.local/lib/python3.12/site-packages/airflow/example_dags/example_subdag_operator.py took 0.098 seconds
[2025-03-01T01:09:40.473+0000] {processor.py:186} INFO - Started process (PID=1143) to work on /home/airflow/.local/lib/python3.12/site-packages/airflow/example_dags/example_subdag_operator.py
[2025-03-01T01:09:40.474+0000] {processor.py:914} INFO - Processing file /home/airflow/.local/lib/python3.12/site-packages/airflow/example_dags/example_subdag_operator.py for tasks to queue
[2025-03-01T01:09:40.476+0000] {logging_mixin.py:190} INFO - [2025-03-01T01:09:40.476+0000] {dagbag.py:588} INFO - Filling up the DagBag from /home/airflow/.local/lib/python3.12/site-packages/airflow/example_dags/example_subdag_operator.py
[2025-03-01T01:09:40.506+0000] {processor.py:925} INFO - DAG(s) 'example_subdag_operator.section-1', 'example_subdag_operator.section-2', 'example_subdag_operator' retrieved from /home/airflow/.local/lib/python3.12/site-packages/airflow/example_dags/example_subdag_operator.py
[2025-03-01T01:09:40.523+0000] {logging_mixin.py:190} INFO - [2025-03-01T01:09:40.523+0000] {dag.py:3239} INFO - Sync 3 DAGs
[2025-03-01T01:09:40.547+0000] {logging_mixin.py:190} INFO - [2025-03-01T01:09:40.547+0000] {dag.py:4180} INFO - Setting next_dagrun for example_subdag_operator to 2022-01-01 00:00:00+00:00, run_after=2022-01-01 00:00:00+00:00
[2025-03-01T01:09:40.550+0000] {logging_mixin.py:190} INFO - [2025-03-01T01:09:40.550+0000] {dag.py:4180} INFO - Setting next_dagrun for example_subdag_operator.section-1 to None, run_after=None
[2025-03-01T01:09:40.552+0000] {logging_mixin.py:190} INFO - [2025-03-01T01:09:40.552+0000] {dag.py:4180} INFO - Setting next_dagrun for example_subdag_operator.section-2 to None, run_after=None
[2025-03-01T01:09:40.558+0000] {logging_mixin.py:190} INFO - [2025-03-01T01:09:40.558+0000] {dag.py:3239} INFO - Sync 2 DAGs
[2025-03-01T01:09:40.565+0000] {logging_mixin.py:190} INFO - [2025-03-01T01:09:40.565+0000] {dag.py:4180} INFO - Setting next_dagrun for example_subdag_operator.section-1 to None, run_after=None
[2025-03-01T01:09:40.566+0000] {logging_mixin.py:190} INFO - [2025-03-01T01:09:40.565+0000] {dag.py:4180} INFO - Setting next_dagrun for example_subdag_operator.section-2 to None, run_after=None
[2025-03-01T01:09:40.576+0000] {processor.py:208} INFO - Processing /home/airflow/.local/lib/python3.12/site-packages/airflow/example_dags/example_subdag_operator.py took 0.109 seconds
[2025-03-01T01:10:10.751+0000] {processor.py:186} INFO - Started process (PID=1206) to work on /home/airflow/.local/lib/python3.12/site-packages/airflow/example_dags/example_subdag_operator.py
[2025-03-01T01:10:10.752+0000] {processor.py:914} INFO - Processing file /home/airflow/.local/lib/python3.12/site-packages/airflow/example_dags/example_subdag_operator.py for tasks to queue
[2025-03-01T01:10:10.754+0000] {logging_mixin.py:190} INFO - [2025-03-01T01:10:10.754+0000] {dagbag.py:588} INFO - Filling up the DagBag from /home/airflow/.local/lib/python3.12/site-packages/airflow/example_dags/example_subdag_operator.py
[2025-03-01T01:10:10.773+0000] {processor.py:925} INFO - DAG(s) 'example_subdag_operator.section-1', 'example_subdag_operator.section-2', 'example_subdag_operator' retrieved from /home/airflow/.local/lib/python3.12/site-packages/airflow/example_dags/example_subdag_operator.py
[2025-03-01T01:10:10.784+0000] {logging_mixin.py:190} INFO - [2025-03-01T01:10:10.784+0000] {dag.py:3239} INFO - Sync 3 DAGs
[2025-03-01T01:10:10.802+0000] {logging_mixin.py:190} INFO - [2025-03-01T01:10:10.802+0000] {dag.py:4180} INFO - Setting next_dagrun for example_subdag_operator to 2022-01-01 00:00:00+00:00, run_after=2022-01-01 00:00:00+00:00
[2025-03-01T01:10:10.806+0000] {logging_mixin.py:190} INFO - [2025-03-01T01:10:10.805+0000] {dag.py:4180} INFO - Setting next_dagrun for example_subdag_operator.section-1 to None, run_after=None
[2025-03-01T01:10:10.807+0000] {logging_mixin.py:190} INFO - [2025-03-01T01:10:10.807+0000] {dag.py:4180} INFO - Setting next_dagrun for example_subdag_operator.section-2 to None, run_after=None
[2025-03-01T01:10:10.813+0000] {logging_mixin.py:190} INFO - [2025-03-01T01:10:10.812+0000] {dag.py:3239} INFO - Sync 2 DAGs
[2025-03-01T01:10:10.817+0000] {logging_mixin.py:190} INFO - [2025-03-01T01:10:10.817+0000] {dag.py:4180} INFO - Setting next_dagrun for example_subdag_operator.section-1 to None, run_after=None
[2025-03-01T01:10:10.817+0000] {logging_mixin.py:190} INFO - [2025-03-01T01:10:10.817+0000] {dag.py:4180} INFO - Setting next_dagrun for example_subdag_operator.section-2 to None, run_after=None
[2025-03-01T01:10:10.825+0000] {processor.py:208} INFO - Processing /home/airflow/.local/lib/python3.12/site-packages/airflow/example_dags/example_subdag_operator.py took 0.078 seconds
