[2025-03-01T01:01:05.091+0000] {processor.py:186} INFO - Started process (PID=81) to work on /home/airflow/.local/lib/python3.12/site-packages/airflow/example_dags/example_skip_dag.py
[2025-03-01T01:01:05.092+0000] {processor.py:914} INFO - Processing file /home/airflow/.local/lib/python3.12/site-packages/airflow/example_dags/example_skip_dag.py for tasks to queue
[2025-03-01T01:01:05.094+0000] {logging_mixin.py:190} INFO - [2025-03-01T01:01:05.093+0000] {dagbag.py:588} INFO - Filling up the DagBag from /home/airflow/.local/lib/python3.12/site-packages/airflow/example_dags/example_skip_dag.py
[2025-03-01T01:01:05.106+0000] {processor.py:925} INFO - DAG(s) 'example_skip_dag' retrieved from /home/airflow/.local/lib/python3.12/site-packages/airflow/example_dags/example_skip_dag.py
[2025-03-01T01:01:05.244+0000] {logging_mixin.py:190} INFO - [2025-03-01T01:01:05.243+0000] {override.py:1911} INFO - Created Permission View: can edit on DAG:example_skip_dag
[2025-03-01T01:01:05.261+0000] {logging_mixin.py:190} INFO - [2025-03-01T01:01:05.261+0000] {override.py:1911} INFO - Created Permission View: can read on DAG:example_skip_dag
[2025-03-01T01:01:05.278+0000] {logging_mixin.py:190} INFO - [2025-03-01T01:01:05.278+0000] {override.py:1911} INFO - Created Permission View: can delete on DAG:example_skip_dag
[2025-03-01T01:01:05.283+0000] {logging_mixin.py:190} INFO - [2025-03-01T01:01:05.283+0000] {override.py:1911} INFO - Created Permission View: menu access on DAG Run:example_skip_dag
[2025-03-01T01:01:05.288+0000] {logging_mixin.py:190} INFO - [2025-03-01T01:01:05.288+0000] {override.py:1911} INFO - Created Permission View: can delete on DAG Run:example_skip_dag
[2025-03-01T01:01:05.293+0000] {logging_mixin.py:190} INFO - [2025-03-01T01:01:05.293+0000] {override.py:1911} INFO - Created Permission View: can create on DAG Run:example_skip_dag
[2025-03-01T01:01:05.298+0000] {logging_mixin.py:190} INFO - [2025-03-01T01:01:05.298+0000] {override.py:1911} INFO - Created Permission View: can read on DAG Run:example_skip_dag
[2025-03-01T01:01:05.299+0000] {logging_mixin.py:190} INFO - [2025-03-01T01:01:05.299+0000] {dag.py:3239} INFO - Sync 1 DAGs
[2025-03-01T01:01:05.316+0000] {logging_mixin.py:190} INFO - [2025-03-01T01:01:05.316+0000] {dag.py:3262} INFO - Creating ORM DAG for example_skip_dag
[2025-03-01T01:01:05.326+0000] {logging_mixin.py:190} INFO - [2025-03-01T01:01:05.325+0000] {dag.py:4180} INFO - Setting next_dagrun for example_skip_dag to 2025-02-28 00:00:00+00:00, run_after=2025-03-01 00:00:00+00:00
[2025-03-01T01:01:05.338+0000] {processor.py:208} INFO - Processing /home/airflow/.local/lib/python3.12/site-packages/airflow/example_dags/example_skip_dag.py took 0.252 seconds
[2025-03-01T01:01:35.583+0000] {processor.py:186} INFO - Started process (PID=142) to work on /home/airflow/.local/lib/python3.12/site-packages/airflow/example_dags/example_skip_dag.py
[2025-03-01T01:01:35.583+0000] {processor.py:914} INFO - Processing file /home/airflow/.local/lib/python3.12/site-packages/airflow/example_dags/example_skip_dag.py for tasks to queue
[2025-03-01T01:01:35.585+0000] {logging_mixin.py:190} INFO - [2025-03-01T01:01:35.585+0000] {dagbag.py:588} INFO - Filling up the DagBag from /home/airflow/.local/lib/python3.12/site-packages/airflow/example_dags/example_skip_dag.py
[2025-03-01T01:01:35.592+0000] {processor.py:925} INFO - DAG(s) 'example_skip_dag' retrieved from /home/airflow/.local/lib/python3.12/site-packages/airflow/example_dags/example_skip_dag.py
[2025-03-01T01:01:35.608+0000] {logging_mixin.py:190} INFO - [2025-03-01T01:01:35.608+0000] {dag.py:3239} INFO - Sync 1 DAGs
[2025-03-01T01:01:35.625+0000] {logging_mixin.py:190} INFO - [2025-03-01T01:01:35.625+0000] {dag.py:4180} INFO - Setting next_dagrun for example_skip_dag to 2025-02-28 00:00:00+00:00, run_after=2025-03-01 00:00:00+00:00
[2025-03-01T01:01:35.638+0000] {processor.py:208} INFO - Processing /home/airflow/.local/lib/python3.12/site-packages/airflow/example_dags/example_skip_dag.py took 0.059 seconds
[2025-03-01T01:02:06.304+0000] {processor.py:186} INFO - Started process (PID=206) to work on /home/airflow/.local/lib/python3.12/site-packages/airflow/example_dags/example_skip_dag.py
[2025-03-01T01:02:06.305+0000] {processor.py:914} INFO - Processing file /home/airflow/.local/lib/python3.12/site-packages/airflow/example_dags/example_skip_dag.py for tasks to queue
[2025-03-01T01:02:06.307+0000] {logging_mixin.py:190} INFO - [2025-03-01T01:02:06.306+0000] {dagbag.py:588} INFO - Filling up the DagBag from /home/airflow/.local/lib/python3.12/site-packages/airflow/example_dags/example_skip_dag.py
[2025-03-01T01:02:06.314+0000] {processor.py:925} INFO - DAG(s) 'example_skip_dag' retrieved from /home/airflow/.local/lib/python3.12/site-packages/airflow/example_dags/example_skip_dag.py
[2025-03-01T01:02:06.330+0000] {logging_mixin.py:190} INFO - [2025-03-01T01:02:06.329+0000] {dag.py:3239} INFO - Sync 1 DAGs
[2025-03-01T01:02:06.347+0000] {logging_mixin.py:190} INFO - [2025-03-01T01:02:06.347+0000] {dag.py:4180} INFO - Setting next_dagrun for example_skip_dag to 2025-02-28 00:00:00+00:00, run_after=2025-03-01 00:00:00+00:00
[2025-03-01T01:02:06.358+0000] {processor.py:208} INFO - Processing /home/airflow/.local/lib/python3.12/site-packages/airflow/example_dags/example_skip_dag.py took 0.059 seconds
[2025-03-01T01:02:36.551+0000] {processor.py:186} INFO - Started process (PID=268) to work on /home/airflow/.local/lib/python3.12/site-packages/airflow/example_dags/example_skip_dag.py
[2025-03-01T01:02:36.551+0000] {processor.py:914} INFO - Processing file /home/airflow/.local/lib/python3.12/site-packages/airflow/example_dags/example_skip_dag.py for tasks to queue
[2025-03-01T01:02:36.553+0000] {logging_mixin.py:190} INFO - [2025-03-01T01:02:36.553+0000] {dagbag.py:588} INFO - Filling up the DagBag from /home/airflow/.local/lib/python3.12/site-packages/airflow/example_dags/example_skip_dag.py
[2025-03-01T01:02:36.562+0000] {processor.py:925} INFO - DAG(s) 'example_skip_dag' retrieved from /home/airflow/.local/lib/python3.12/site-packages/airflow/example_dags/example_skip_dag.py
[2025-03-01T01:02:36.578+0000] {logging_mixin.py:190} INFO - [2025-03-01T01:02:36.577+0000] {dag.py:3239} INFO - Sync 1 DAGs
[2025-03-01T01:02:36.595+0000] {logging_mixin.py:190} INFO - [2025-03-01T01:02:36.595+0000] {dag.py:4180} INFO - Setting next_dagrun for example_skip_dag to 2025-02-28 00:00:00+00:00, run_after=2025-03-01 00:00:00+00:00
[2025-03-01T01:02:36.607+0000] {processor.py:208} INFO - Processing /home/airflow/.local/lib/python3.12/site-packages/airflow/example_dags/example_skip_dag.py took 0.062 seconds
[2025-03-01T01:03:07.255+0000] {processor.py:186} INFO - Started process (PID=331) to work on /home/airflow/.local/lib/python3.12/site-packages/airflow/example_dags/example_skip_dag.py
[2025-03-01T01:03:07.256+0000] {processor.py:914} INFO - Processing file /home/airflow/.local/lib/python3.12/site-packages/airflow/example_dags/example_skip_dag.py for tasks to queue
[2025-03-01T01:03:07.258+0000] {logging_mixin.py:190} INFO - [2025-03-01T01:03:07.258+0000] {dagbag.py:588} INFO - Filling up the DagBag from /home/airflow/.local/lib/python3.12/site-packages/airflow/example_dags/example_skip_dag.py
[2025-03-01T01:03:07.266+0000] {processor.py:925} INFO - DAG(s) 'example_skip_dag' retrieved from /home/airflow/.local/lib/python3.12/site-packages/airflow/example_dags/example_skip_dag.py
[2025-03-01T01:03:07.286+0000] {logging_mixin.py:190} INFO - [2025-03-01T01:03:07.285+0000] {dag.py:3239} INFO - Sync 1 DAGs
[2025-03-01T01:03:07.309+0000] {logging_mixin.py:190} INFO - [2025-03-01T01:03:07.309+0000] {dag.py:4180} INFO - Setting next_dagrun for example_skip_dag to 2025-02-28 00:00:00+00:00, run_after=2025-03-01 00:00:00+00:00
[2025-03-01T01:03:07.324+0000] {processor.py:208} INFO - Processing /home/airflow/.local/lib/python3.12/site-packages/airflow/example_dags/example_skip_dag.py took 0.076 seconds
[2025-03-01T01:03:37.955+0000] {processor.py:186} INFO - Started process (PID=394) to work on /home/airflow/.local/lib/python3.12/site-packages/airflow/example_dags/example_skip_dag.py
[2025-03-01T01:03:37.955+0000] {processor.py:914} INFO - Processing file /home/airflow/.local/lib/python3.12/site-packages/airflow/example_dags/example_skip_dag.py for tasks to queue
[2025-03-01T01:03:37.957+0000] {logging_mixin.py:190} INFO - [2025-03-01T01:03:37.957+0000] {dagbag.py:588} INFO - Filling up the DagBag from /home/airflow/.local/lib/python3.12/site-packages/airflow/example_dags/example_skip_dag.py
[2025-03-01T01:03:37.964+0000] {processor.py:925} INFO - DAG(s) 'example_skip_dag' retrieved from /home/airflow/.local/lib/python3.12/site-packages/airflow/example_dags/example_skip_dag.py
[2025-03-01T01:03:37.985+0000] {logging_mixin.py:190} INFO - [2025-03-01T01:03:37.985+0000] {dag.py:3239} INFO - Sync 1 DAGs
[2025-03-01T01:03:38.011+0000] {logging_mixin.py:190} INFO - [2025-03-01T01:03:38.010+0000] {dag.py:4180} INFO - Setting next_dagrun for example_skip_dag to 2025-02-28 00:00:00+00:00, run_after=2025-03-01 00:00:00+00:00
[2025-03-01T01:03:38.029+0000] {processor.py:208} INFO - Processing /home/airflow/.local/lib/python3.12/site-packages/airflow/example_dags/example_skip_dag.py took 0.080 seconds
[2025-03-01T01:04:08.098+0000] {processor.py:186} INFO - Started process (PID=457) to work on /home/airflow/.local/lib/python3.12/site-packages/airflow/example_dags/example_skip_dag.py
[2025-03-01T01:04:08.099+0000] {processor.py:914} INFO - Processing file /home/airflow/.local/lib/python3.12/site-packages/airflow/example_dags/example_skip_dag.py for tasks to queue
[2025-03-01T01:04:08.101+0000] {logging_mixin.py:190} INFO - [2025-03-01T01:04:08.101+0000] {dagbag.py:588} INFO - Filling up the DagBag from /home/airflow/.local/lib/python3.12/site-packages/airflow/example_dags/example_skip_dag.py
[2025-03-01T01:04:08.109+0000] {processor.py:925} INFO - DAG(s) 'example_skip_dag' retrieved from /home/airflow/.local/lib/python3.12/site-packages/airflow/example_dags/example_skip_dag.py
[2025-03-01T01:04:08.130+0000] {logging_mixin.py:190} INFO - [2025-03-01T01:04:08.130+0000] {dag.py:3239} INFO - Sync 1 DAGs
[2025-03-01T01:04:08.153+0000] {logging_mixin.py:190} INFO - [2025-03-01T01:04:08.153+0000] {dag.py:4180} INFO - Setting next_dagrun for example_skip_dag to 2025-02-28 00:00:00+00:00, run_after=2025-03-01 00:00:00+00:00
[2025-03-01T01:04:08.168+0000] {processor.py:208} INFO - Processing /home/airflow/.local/lib/python3.12/site-packages/airflow/example_dags/example_skip_dag.py took 0.076 seconds
[2025-03-01T01:04:38.649+0000] {processor.py:186} INFO - Started process (PID=520) to work on /home/airflow/.local/lib/python3.12/site-packages/airflow/example_dags/example_skip_dag.py
[2025-03-01T01:04:38.650+0000] {processor.py:914} INFO - Processing file /home/airflow/.local/lib/python3.12/site-packages/airflow/example_dags/example_skip_dag.py for tasks to queue
[2025-03-01T01:04:38.651+0000] {logging_mixin.py:190} INFO - [2025-03-01T01:04:38.651+0000] {dagbag.py:588} INFO - Filling up the DagBag from /home/airflow/.local/lib/python3.12/site-packages/airflow/example_dags/example_skip_dag.py
[2025-03-01T01:04:38.658+0000] {processor.py:925} INFO - DAG(s) 'example_skip_dag' retrieved from /home/airflow/.local/lib/python3.12/site-packages/airflow/example_dags/example_skip_dag.py
[2025-03-01T01:04:38.674+0000] {logging_mixin.py:190} INFO - [2025-03-01T01:04:38.674+0000] {dag.py:3239} INFO - Sync 1 DAGs
[2025-03-01T01:04:38.695+0000] {logging_mixin.py:190} INFO - [2025-03-01T01:04:38.695+0000] {dag.py:4180} INFO - Setting next_dagrun for example_skip_dag to 2025-02-28 00:00:00+00:00, run_after=2025-03-01 00:00:00+00:00
[2025-03-01T01:04:38.709+0000] {processor.py:208} INFO - Processing /home/airflow/.local/lib/python3.12/site-packages/airflow/example_dags/example_skip_dag.py took 0.064 seconds
[2025-03-01T01:05:08.881+0000] {processor.py:186} INFO - Started process (PID=583) to work on /home/airflow/.local/lib/python3.12/site-packages/airflow/example_dags/example_skip_dag.py
[2025-03-01T01:05:08.882+0000] {processor.py:914} INFO - Processing file /home/airflow/.local/lib/python3.12/site-packages/airflow/example_dags/example_skip_dag.py for tasks to queue
[2025-03-01T01:05:08.883+0000] {logging_mixin.py:190} INFO - [2025-03-01T01:05:08.883+0000] {dagbag.py:588} INFO - Filling up the DagBag from /home/airflow/.local/lib/python3.12/site-packages/airflow/example_dags/example_skip_dag.py
[2025-03-01T01:05:08.889+0000] {processor.py:925} INFO - DAG(s) 'example_skip_dag' retrieved from /home/airflow/.local/lib/python3.12/site-packages/airflow/example_dags/example_skip_dag.py
[2025-03-01T01:05:08.905+0000] {logging_mixin.py:190} INFO - [2025-03-01T01:05:08.905+0000] {dag.py:3239} INFO - Sync 1 DAGs
[2025-03-01T01:05:08.922+0000] {logging_mixin.py:190} INFO - [2025-03-01T01:05:08.922+0000] {dag.py:4180} INFO - Setting next_dagrun for example_skip_dag to 2025-02-28 00:00:00+00:00, run_after=2025-03-01 00:00:00+00:00
[2025-03-01T01:05:08.934+0000] {processor.py:208} INFO - Processing /home/airflow/.local/lib/python3.12/site-packages/airflow/example_dags/example_skip_dag.py took 0.057 seconds
[2025-03-01T01:05:39.419+0000] {processor.py:186} INFO - Started process (PID=646) to work on /home/airflow/.local/lib/python3.12/site-packages/airflow/example_dags/example_skip_dag.py
[2025-03-01T01:05:39.419+0000] {processor.py:914} INFO - Processing file /home/airflow/.local/lib/python3.12/site-packages/airflow/example_dags/example_skip_dag.py for tasks to queue
[2025-03-01T01:05:39.421+0000] {logging_mixin.py:190} INFO - [2025-03-01T01:05:39.421+0000] {dagbag.py:588} INFO - Filling up the DagBag from /home/airflow/.local/lib/python3.12/site-packages/airflow/example_dags/example_skip_dag.py
[2025-03-01T01:05:39.427+0000] {processor.py:925} INFO - DAG(s) 'example_skip_dag' retrieved from /home/airflow/.local/lib/python3.12/site-packages/airflow/example_dags/example_skip_dag.py
[2025-03-01T01:05:39.443+0000] {logging_mixin.py:190} INFO - [2025-03-01T01:05:39.443+0000] {dag.py:3239} INFO - Sync 1 DAGs
[2025-03-01T01:05:39.463+0000] {logging_mixin.py:190} INFO - [2025-03-01T01:05:39.463+0000] {dag.py:4180} INFO - Setting next_dagrun for example_skip_dag to 2025-02-28 00:00:00+00:00, run_after=2025-03-01 00:00:00+00:00
[2025-03-01T01:05:39.477+0000] {processor.py:208} INFO - Processing /home/airflow/.local/lib/python3.12/site-packages/airflow/example_dags/example_skip_dag.py took 0.062 seconds
[2025-03-01T01:06:09.764+0000] {processor.py:186} INFO - Started process (PID=709) to work on /home/airflow/.local/lib/python3.12/site-packages/airflow/example_dags/example_skip_dag.py
[2025-03-01T01:06:09.765+0000] {processor.py:914} INFO - Processing file /home/airflow/.local/lib/python3.12/site-packages/airflow/example_dags/example_skip_dag.py for tasks to queue
[2025-03-01T01:06:09.766+0000] {logging_mixin.py:190} INFO - [2025-03-01T01:06:09.766+0000] {dagbag.py:588} INFO - Filling up the DagBag from /home/airflow/.local/lib/python3.12/site-packages/airflow/example_dags/example_skip_dag.py
[2025-03-01T01:06:09.773+0000] {processor.py:925} INFO - DAG(s) 'example_skip_dag' retrieved from /home/airflow/.local/lib/python3.12/site-packages/airflow/example_dags/example_skip_dag.py
[2025-03-01T01:06:09.788+0000] {logging_mixin.py:190} INFO - [2025-03-01T01:06:09.788+0000] {dag.py:3239} INFO - Sync 1 DAGs
[2025-03-01T01:06:09.806+0000] {logging_mixin.py:190} INFO - [2025-03-01T01:06:09.806+0000] {dag.py:4180} INFO - Setting next_dagrun for example_skip_dag to 2025-02-28 00:00:00+00:00, run_after=2025-03-01 00:00:00+00:00
[2025-03-01T01:06:09.819+0000] {processor.py:208} INFO - Processing /home/airflow/.local/lib/python3.12/site-packages/airflow/example_dags/example_skip_dag.py took 0.060 seconds
[2025-03-01T01:06:40.211+0000] {processor.py:186} INFO - Started process (PID=772) to work on /home/airflow/.local/lib/python3.12/site-packages/airflow/example_dags/example_skip_dag.py
[2025-03-01T01:06:40.211+0000] {processor.py:914} INFO - Processing file /home/airflow/.local/lib/python3.12/site-packages/airflow/example_dags/example_skip_dag.py for tasks to queue
[2025-03-01T01:06:40.213+0000] {logging_mixin.py:190} INFO - [2025-03-01T01:06:40.213+0000] {dagbag.py:588} INFO - Filling up the DagBag from /home/airflow/.local/lib/python3.12/site-packages/airflow/example_dags/example_skip_dag.py
[2025-03-01T01:06:40.219+0000] {processor.py:925} INFO - DAG(s) 'example_skip_dag' retrieved from /home/airflow/.local/lib/python3.12/site-packages/airflow/example_dags/example_skip_dag.py
[2025-03-01T01:06:40.238+0000] {logging_mixin.py:190} INFO - [2025-03-01T01:06:40.238+0000] {dag.py:3239} INFO - Sync 1 DAGs
[2025-03-01T01:06:40.262+0000] {logging_mixin.py:190} INFO - [2025-03-01T01:06:40.261+0000] {dag.py:4180} INFO - Setting next_dagrun for example_skip_dag to 2025-02-28 00:00:00+00:00, run_after=2025-03-01 00:00:00+00:00
[2025-03-01T01:06:40.277+0000] {processor.py:208} INFO - Processing /home/airflow/.local/lib/python3.12/site-packages/airflow/example_dags/example_skip_dag.py took 0.071 seconds
[2025-03-01T01:07:10.572+0000] {processor.py:186} INFO - Started process (PID=835) to work on /home/airflow/.local/lib/python3.12/site-packages/airflow/example_dags/example_skip_dag.py
[2025-03-01T01:07:10.572+0000] {processor.py:914} INFO - Processing file /home/airflow/.local/lib/python3.12/site-packages/airflow/example_dags/example_skip_dag.py for tasks to queue
[2025-03-01T01:07:10.574+0000] {logging_mixin.py:190} INFO - [2025-03-01T01:07:10.574+0000] {dagbag.py:588} INFO - Filling up the DagBag from /home/airflow/.local/lib/python3.12/site-packages/airflow/example_dags/example_skip_dag.py
[2025-03-01T01:07:10.580+0000] {processor.py:925} INFO - DAG(s) 'example_skip_dag' retrieved from /home/airflow/.local/lib/python3.12/site-packages/airflow/example_dags/example_skip_dag.py
[2025-03-01T01:07:10.600+0000] {logging_mixin.py:190} INFO - [2025-03-01T01:07:10.599+0000] {dag.py:3239} INFO - Sync 1 DAGs
[2025-03-01T01:07:10.621+0000] {logging_mixin.py:190} INFO - [2025-03-01T01:07:10.621+0000] {dag.py:4180} INFO - Setting next_dagrun for example_skip_dag to 2025-02-28 00:00:00+00:00, run_after=2025-03-01 00:00:00+00:00
[2025-03-01T01:07:10.634+0000] {processor.py:208} INFO - Processing /home/airflow/.local/lib/python3.12/site-packages/airflow/example_dags/example_skip_dag.py took 0.066 seconds
[2025-03-01T01:07:40.725+0000] {processor.py:186} INFO - Started process (PID=898) to work on /home/airflow/.local/lib/python3.12/site-packages/airflow/example_dags/example_skip_dag.py
[2025-03-01T01:07:40.726+0000] {processor.py:914} INFO - Processing file /home/airflow/.local/lib/python3.12/site-packages/airflow/example_dags/example_skip_dag.py for tasks to queue
[2025-03-01T01:07:40.727+0000] {logging_mixin.py:190} INFO - [2025-03-01T01:07:40.727+0000] {dagbag.py:588} INFO - Filling up the DagBag from /home/airflow/.local/lib/python3.12/site-packages/airflow/example_dags/example_skip_dag.py
[2025-03-01T01:07:40.733+0000] {processor.py:925} INFO - DAG(s) 'example_skip_dag' retrieved from /home/airflow/.local/lib/python3.12/site-packages/airflow/example_dags/example_skip_dag.py
[2025-03-01T01:07:40.753+0000] {logging_mixin.py:190} INFO - [2025-03-01T01:07:40.753+0000] {dag.py:3239} INFO - Sync 1 DAGs
[2025-03-01T01:07:40.776+0000] {logging_mixin.py:190} INFO - [2025-03-01T01:07:40.776+0000] {dag.py:4180} INFO - Setting next_dagrun for example_skip_dag to 2025-02-28 00:00:00+00:00, run_after=2025-03-01 00:00:00+00:00
[2025-03-01T01:07:40.789+0000] {processor.py:208} INFO - Processing /home/airflow/.local/lib/python3.12/site-packages/airflow/example_dags/example_skip_dag.py took 0.069 seconds
[2025-03-01T01:08:10.963+0000] {processor.py:186} INFO - Started process (PID=962) to work on /home/airflow/.local/lib/python3.12/site-packages/airflow/example_dags/example_skip_dag.py
[2025-03-01T01:08:10.964+0000] {processor.py:914} INFO - Processing file /home/airflow/.local/lib/python3.12/site-packages/airflow/example_dags/example_skip_dag.py for tasks to queue
[2025-03-01T01:08:10.966+0000] {logging_mixin.py:190} INFO - [2025-03-01T01:08:10.965+0000] {dagbag.py:588} INFO - Filling up the DagBag from /home/airflow/.local/lib/python3.12/site-packages/airflow/example_dags/example_skip_dag.py
[2025-03-01T01:08:10.972+0000] {processor.py:925} INFO - DAG(s) 'example_skip_dag' retrieved from /home/airflow/.local/lib/python3.12/site-packages/airflow/example_dags/example_skip_dag.py
[2025-03-01T01:08:10.991+0000] {logging_mixin.py:190} INFO - [2025-03-01T01:08:10.991+0000] {dag.py:3239} INFO - Sync 1 DAGs
[2025-03-01T01:08:11.012+0000] {logging_mixin.py:190} INFO - [2025-03-01T01:08:11.012+0000] {dag.py:4180} INFO - Setting next_dagrun for example_skip_dag to 2025-02-28 00:00:00+00:00, run_after=2025-03-01 00:00:00+00:00
[2025-03-01T01:08:11.025+0000] {processor.py:208} INFO - Processing /home/airflow/.local/lib/python3.12/site-packages/airflow/example_dags/example_skip_dag.py took 0.067 seconds
[2025-03-01T01:08:41.252+0000] {processor.py:186} INFO - Started process (PID=1024) to work on /home/airflow/.local/lib/python3.12/site-packages/airflow/example_dags/example_skip_dag.py
[2025-03-01T01:08:41.253+0000] {processor.py:914} INFO - Processing file /home/airflow/.local/lib/python3.12/site-packages/airflow/example_dags/example_skip_dag.py for tasks to queue
[2025-03-01T01:08:41.254+0000] {logging_mixin.py:190} INFO - [2025-03-01T01:08:41.254+0000] {dagbag.py:588} INFO - Filling up the DagBag from /home/airflow/.local/lib/python3.12/site-packages/airflow/example_dags/example_skip_dag.py
[2025-03-01T01:08:41.260+0000] {processor.py:925} INFO - DAG(s) 'example_skip_dag' retrieved from /home/airflow/.local/lib/python3.12/site-packages/airflow/example_dags/example_skip_dag.py
[2025-03-01T01:08:41.275+0000] {logging_mixin.py:190} INFO - [2025-03-01T01:08:41.275+0000] {dag.py:3239} INFO - Sync 1 DAGs
[2025-03-01T01:08:41.292+0000] {logging_mixin.py:190} INFO - [2025-03-01T01:08:41.292+0000] {dag.py:4180} INFO - Setting next_dagrun for example_skip_dag to 2025-02-28 00:00:00+00:00, run_after=2025-03-01 00:00:00+00:00
[2025-03-01T01:08:41.304+0000] {processor.py:208} INFO - Processing /home/airflow/.local/lib/python3.12/site-packages/airflow/example_dags/example_skip_dag.py took 0.057 seconds
[2025-03-01T01:09:11.541+0000] {processor.py:186} INFO - Started process (PID=1087) to work on /home/airflow/.local/lib/python3.12/site-packages/airflow/example_dags/example_skip_dag.py
[2025-03-01T01:09:11.542+0000] {processor.py:914} INFO - Processing file /home/airflow/.local/lib/python3.12/site-packages/airflow/example_dags/example_skip_dag.py for tasks to queue
[2025-03-01T01:09:11.543+0000] {logging_mixin.py:190} INFO - [2025-03-01T01:09:11.543+0000] {dagbag.py:588} INFO - Filling up the DagBag from /home/airflow/.local/lib/python3.12/site-packages/airflow/example_dags/example_skip_dag.py
[2025-03-01T01:09:11.549+0000] {processor.py:925} INFO - DAG(s) 'example_skip_dag' retrieved from /home/airflow/.local/lib/python3.12/site-packages/airflow/example_dags/example_skip_dag.py
[2025-03-01T01:09:11.564+0000] {logging_mixin.py:190} INFO - [2025-03-01T01:09:11.564+0000] {dag.py:3239} INFO - Sync 1 DAGs
[2025-03-01T01:09:11.581+0000] {logging_mixin.py:190} INFO - [2025-03-01T01:09:11.581+0000] {dag.py:4180} INFO - Setting next_dagrun for example_skip_dag to 2025-02-28 00:00:00+00:00, run_after=2025-03-01 00:00:00+00:00
[2025-03-01T01:09:11.594+0000] {processor.py:208} INFO - Processing /home/airflow/.local/lib/python3.12/site-packages/airflow/example_dags/example_skip_dag.py took 0.057 seconds
[2025-03-01T01:09:41.829+0000] {processor.py:186} INFO - Started process (PID=1150) to work on /home/airflow/.local/lib/python3.12/site-packages/airflow/example_dags/example_skip_dag.py
[2025-03-01T01:09:41.829+0000] {processor.py:914} INFO - Processing file /home/airflow/.local/lib/python3.12/site-packages/airflow/example_dags/example_skip_dag.py for tasks to queue
[2025-03-01T01:09:41.831+0000] {logging_mixin.py:190} INFO - [2025-03-01T01:09:41.830+0000] {dagbag.py:588} INFO - Filling up the DagBag from /home/airflow/.local/lib/python3.12/site-packages/airflow/example_dags/example_skip_dag.py
[2025-03-01T01:09:41.837+0000] {processor.py:925} INFO - DAG(s) 'example_skip_dag' retrieved from /home/airflow/.local/lib/python3.12/site-packages/airflow/example_dags/example_skip_dag.py
[2025-03-01T01:09:41.857+0000] {logging_mixin.py:190} INFO - [2025-03-01T01:09:41.857+0000] {dag.py:3239} INFO - Sync 1 DAGs
[2025-03-01T01:09:41.882+0000] {logging_mixin.py:190} INFO - [2025-03-01T01:09:41.882+0000] {dag.py:4180} INFO - Setting next_dagrun for example_skip_dag to 2025-02-28 00:00:00+00:00, run_after=2025-03-01 00:00:00+00:00
[2025-03-01T01:09:41.897+0000] {processor.py:208} INFO - Processing /home/airflow/.local/lib/python3.12/site-packages/airflow/example_dags/example_skip_dag.py took 0.073 seconds
[2025-03-01T01:10:12.092+0000] {processor.py:186} INFO - Started process (PID=1213) to work on /home/airflow/.local/lib/python3.12/site-packages/airflow/example_dags/example_skip_dag.py
[2025-03-01T01:10:12.093+0000] {processor.py:914} INFO - Processing file /home/airflow/.local/lib/python3.12/site-packages/airflow/example_dags/example_skip_dag.py for tasks to queue
[2025-03-01T01:10:12.094+0000] {logging_mixin.py:190} INFO - [2025-03-01T01:10:12.094+0000] {dagbag.py:588} INFO - Filling up the DagBag from /home/airflow/.local/lib/python3.12/site-packages/airflow/example_dags/example_skip_dag.py
[2025-03-01T01:10:12.101+0000] {processor.py:925} INFO - DAG(s) 'example_skip_dag' retrieved from /home/airflow/.local/lib/python3.12/site-packages/airflow/example_dags/example_skip_dag.py
[2025-03-01T01:10:12.121+0000] {logging_mixin.py:190} INFO - [2025-03-01T01:10:12.121+0000] {dag.py:3239} INFO - Sync 1 DAGs
[2025-03-01T01:10:12.145+0000] {logging_mixin.py:190} INFO - [2025-03-01T01:10:12.144+0000] {dag.py:4180} INFO - Setting next_dagrun for example_skip_dag to 2025-02-28 00:00:00+00:00, run_after=2025-03-01 00:00:00+00:00
[2025-03-01T01:10:12.159+0000] {processor.py:208} INFO - Processing /home/airflow/.local/lib/python3.12/site-packages/airflow/example_dags/example_skip_dag.py took 0.072 seconds
[2025-03-01T01:10:42.520+0000] {processor.py:186} INFO - Started process (PID=1276) to work on /home/airflow/.local/lib/python3.12/site-packages/airflow/example_dags/example_skip_dag.py
[2025-03-01T01:10:42.521+0000] {processor.py:914} INFO - Processing file /home/airflow/.local/lib/python3.12/site-packages/airflow/example_dags/example_skip_dag.py for tasks to queue
[2025-03-01T01:10:42.523+0000] {logging_mixin.py:190} INFO - [2025-03-01T01:10:42.522+0000] {dagbag.py:588} INFO - Filling up the DagBag from /home/airflow/.local/lib/python3.12/site-packages/airflow/example_dags/example_skip_dag.py
[2025-03-01T01:10:42.530+0000] {processor.py:925} INFO - DAG(s) 'example_skip_dag' retrieved from /home/airflow/.local/lib/python3.12/site-packages/airflow/example_dags/example_skip_dag.py
[2025-03-01T01:10:42.547+0000] {logging_mixin.py:190} INFO - [2025-03-01T01:10:42.547+0000] {dag.py:3239} INFO - Sync 1 DAGs
[2025-03-01T01:10:42.570+0000] {logging_mixin.py:190} INFO - [2025-03-01T01:10:42.570+0000] {dag.py:4180} INFO - Setting next_dagrun for example_skip_dag to 2025-02-28 00:00:00+00:00, run_after=2025-03-01 00:00:00+00:00
[2025-03-01T01:10:42.583+0000] {processor.py:208} INFO - Processing /home/airflow/.local/lib/python3.12/site-packages/airflow/example_dags/example_skip_dag.py took 0.067 seconds
[2025-03-01T01:11:13.057+0000] {processor.py:186} INFO - Started process (PID=1340) to work on /home/airflow/.local/lib/python3.12/site-packages/airflow/example_dags/example_skip_dag.py
[2025-03-01T01:11:13.058+0000] {processor.py:914} INFO - Processing file /home/airflow/.local/lib/python3.12/site-packages/airflow/example_dags/example_skip_dag.py for tasks to queue
[2025-03-01T01:11:13.059+0000] {logging_mixin.py:190} INFO - [2025-03-01T01:11:13.058+0000] {dagbag.py:588} INFO - Filling up the DagBag from /home/airflow/.local/lib/python3.12/site-packages/airflow/example_dags/example_skip_dag.py
[2025-03-01T01:11:13.067+0000] {processor.py:925} INFO - DAG(s) 'example_skip_dag' retrieved from /home/airflow/.local/lib/python3.12/site-packages/airflow/example_dags/example_skip_dag.py
[2025-03-01T01:11:13.084+0000] {logging_mixin.py:190} INFO - [2025-03-01T01:11:13.084+0000] {dag.py:3239} INFO - Sync 1 DAGs
[2025-03-01T01:11:13.104+0000] {logging_mixin.py:190} INFO - [2025-03-01T01:11:13.103+0000] {dag.py:4180} INFO - Setting next_dagrun for example_skip_dag to 2025-02-28 00:00:00+00:00, run_after=2025-03-01 00:00:00+00:00
[2025-03-01T01:11:13.116+0000] {processor.py:208} INFO - Processing /home/airflow/.local/lib/python3.12/site-packages/airflow/example_dags/example_skip_dag.py took 0.065 seconds
[2025-03-01T01:11:43.484+0000] {processor.py:186} INFO - Started process (PID=1404) to work on /home/airflow/.local/lib/python3.12/site-packages/airflow/example_dags/example_skip_dag.py
[2025-03-01T01:11:43.485+0000] {processor.py:914} INFO - Processing file /home/airflow/.local/lib/python3.12/site-packages/airflow/example_dags/example_skip_dag.py for tasks to queue
[2025-03-01T01:11:43.486+0000] {logging_mixin.py:190} INFO - [2025-03-01T01:11:43.485+0000] {dagbag.py:588} INFO - Filling up the DagBag from /home/airflow/.local/lib/python3.12/site-packages/airflow/example_dags/example_skip_dag.py
[2025-03-01T01:11:43.493+0000] {processor.py:925} INFO - DAG(s) 'example_skip_dag' retrieved from /home/airflow/.local/lib/python3.12/site-packages/airflow/example_dags/example_skip_dag.py
[2025-03-01T01:11:43.509+0000] {logging_mixin.py:190} INFO - [2025-03-01T01:11:43.509+0000] {dag.py:3239} INFO - Sync 1 DAGs
[2025-03-01T01:11:43.530+0000] {logging_mixin.py:190} INFO - [2025-03-01T01:11:43.530+0000] {dag.py:4180} INFO - Setting next_dagrun for example_skip_dag to 2025-02-28 00:00:00+00:00, run_after=2025-03-01 00:00:00+00:00
[2025-03-01T01:11:43.542+0000] {processor.py:208} INFO - Processing /home/airflow/.local/lib/python3.12/site-packages/airflow/example_dags/example_skip_dag.py took 0.062 seconds
[2025-03-01T01:12:13.722+0000] {processor.py:186} INFO - Started process (PID=1468) to work on /home/airflow/.local/lib/python3.12/site-packages/airflow/example_dags/example_skip_dag.py
[2025-03-01T01:12:13.722+0000] {processor.py:914} INFO - Processing file /home/airflow/.local/lib/python3.12/site-packages/airflow/example_dags/example_skip_dag.py for tasks to queue
[2025-03-01T01:12:13.723+0000] {logging_mixin.py:190} INFO - [2025-03-01T01:12:13.723+0000] {dagbag.py:588} INFO - Filling up the DagBag from /home/airflow/.local/lib/python3.12/site-packages/airflow/example_dags/example_skip_dag.py
[2025-03-01T01:12:13.730+0000] {processor.py:925} INFO - DAG(s) 'example_skip_dag' retrieved from /home/airflow/.local/lib/python3.12/site-packages/airflow/example_dags/example_skip_dag.py
[2025-03-01T01:12:13.750+0000] {logging_mixin.py:190} INFO - [2025-03-01T01:12:13.750+0000] {dag.py:3239} INFO - Sync 1 DAGs
[2025-03-01T01:12:13.772+0000] {logging_mixin.py:190} INFO - [2025-03-01T01:12:13.772+0000] {dag.py:4180} INFO - Setting next_dagrun for example_skip_dag to 2025-02-28 00:00:00+00:00, run_after=2025-03-01 00:00:00+00:00
[2025-03-01T01:12:13.785+0000] {processor.py:208} INFO - Processing /home/airflow/.local/lib/python3.12/site-packages/airflow/example_dags/example_skip_dag.py took 0.068 seconds
[2025-03-01T01:12:44.061+0000] {processor.py:186} INFO - Started process (PID=1532) to work on /home/airflow/.local/lib/python3.12/site-packages/airflow/example_dags/example_skip_dag.py
[2025-03-01T01:12:44.061+0000] {processor.py:914} INFO - Processing file /home/airflow/.local/lib/python3.12/site-packages/airflow/example_dags/example_skip_dag.py for tasks to queue
[2025-03-01T01:12:44.062+0000] {logging_mixin.py:190} INFO - [2025-03-01T01:12:44.062+0000] {dagbag.py:588} INFO - Filling up the DagBag from /home/airflow/.local/lib/python3.12/site-packages/airflow/example_dags/example_skip_dag.py
[2025-03-01T01:12:44.069+0000] {processor.py:925} INFO - DAG(s) 'example_skip_dag' retrieved from /home/airflow/.local/lib/python3.12/site-packages/airflow/example_dags/example_skip_dag.py
[2025-03-01T01:12:44.085+0000] {logging_mixin.py:190} INFO - [2025-03-01T01:12:44.085+0000] {dag.py:3239} INFO - Sync 1 DAGs
[2025-03-01T01:12:44.102+0000] {logging_mixin.py:190} INFO - [2025-03-01T01:12:44.101+0000] {dag.py:4180} INFO - Setting next_dagrun for example_skip_dag to 2025-02-28 00:00:00+00:00, run_after=2025-03-01 00:00:00+00:00
[2025-03-01T01:12:44.114+0000] {processor.py:208} INFO - Processing /home/airflow/.local/lib/python3.12/site-packages/airflow/example_dags/example_skip_dag.py took 0.058 seconds
[2025-03-01T01:13:14.293+0000] {processor.py:186} INFO - Started process (PID=1596) to work on /home/airflow/.local/lib/python3.12/site-packages/airflow/example_dags/example_skip_dag.py
[2025-03-01T01:13:14.293+0000] {processor.py:914} INFO - Processing file /home/airflow/.local/lib/python3.12/site-packages/airflow/example_dags/example_skip_dag.py for tasks to queue
[2025-03-01T01:13:14.294+0000] {logging_mixin.py:190} INFO - [2025-03-01T01:13:14.294+0000] {dagbag.py:588} INFO - Filling up the DagBag from /home/airflow/.local/lib/python3.12/site-packages/airflow/example_dags/example_skip_dag.py
[2025-03-01T01:13:14.301+0000] {processor.py:925} INFO - DAG(s) 'example_skip_dag' retrieved from /home/airflow/.local/lib/python3.12/site-packages/airflow/example_dags/example_skip_dag.py
[2025-03-01T01:13:14.317+0000] {logging_mixin.py:190} INFO - [2025-03-01T01:13:14.317+0000] {dag.py:3239} INFO - Sync 1 DAGs
[2025-03-01T01:13:14.334+0000] {logging_mixin.py:190} INFO - [2025-03-01T01:13:14.334+0000] {dag.py:4180} INFO - Setting next_dagrun for example_skip_dag to 2025-02-28 00:00:00+00:00, run_after=2025-03-01 00:00:00+00:00
[2025-03-01T01:13:14.346+0000] {processor.py:208} INFO - Processing /home/airflow/.local/lib/python3.12/site-packages/airflow/example_dags/example_skip_dag.py took 0.058 seconds
[2025-03-01T01:13:44.424+0000] {processor.py:186} INFO - Started process (PID=1660) to work on /home/airflow/.local/lib/python3.12/site-packages/airflow/example_dags/example_skip_dag.py
[2025-03-01T01:13:44.425+0000] {processor.py:914} INFO - Processing file /home/airflow/.local/lib/python3.12/site-packages/airflow/example_dags/example_skip_dag.py for tasks to queue
[2025-03-01T01:13:44.426+0000] {logging_mixin.py:190} INFO - [2025-03-01T01:13:44.425+0000] {dagbag.py:588} INFO - Filling up the DagBag from /home/airflow/.local/lib/python3.12/site-packages/airflow/example_dags/example_skip_dag.py
[2025-03-01T01:13:44.432+0000] {processor.py:925} INFO - DAG(s) 'example_skip_dag' retrieved from /home/airflow/.local/lib/python3.12/site-packages/airflow/example_dags/example_skip_dag.py
[2025-03-01T01:13:44.448+0000] {logging_mixin.py:190} INFO - [2025-03-01T01:13:44.448+0000] {dag.py:3239} INFO - Sync 1 DAGs
[2025-03-01T01:13:44.465+0000] {logging_mixin.py:190} INFO - [2025-03-01T01:13:44.465+0000] {dag.py:4180} INFO - Setting next_dagrun for example_skip_dag to 2025-02-28 00:00:00+00:00, run_after=2025-03-01 00:00:00+00:00
[2025-03-01T01:13:44.477+0000] {processor.py:208} INFO - Processing /home/airflow/.local/lib/python3.12/site-packages/airflow/example_dags/example_skip_dag.py took 0.056 seconds
[2025-03-01T01:14:14.748+0000] {processor.py:186} INFO - Started process (PID=1724) to work on /home/airflow/.local/lib/python3.12/site-packages/airflow/example_dags/example_skip_dag.py
[2025-03-01T01:14:14.748+0000] {processor.py:914} INFO - Processing file /home/airflow/.local/lib/python3.12/site-packages/airflow/example_dags/example_skip_dag.py for tasks to queue
[2025-03-01T01:14:14.749+0000] {logging_mixin.py:190} INFO - [2025-03-01T01:14:14.749+0000] {dagbag.py:588} INFO - Filling up the DagBag from /home/airflow/.local/lib/python3.12/site-packages/airflow/example_dags/example_skip_dag.py
[2025-03-01T01:14:14.756+0000] {processor.py:925} INFO - DAG(s) 'example_skip_dag' retrieved from /home/airflow/.local/lib/python3.12/site-packages/airflow/example_dags/example_skip_dag.py
[2025-03-01T01:14:14.771+0000] {logging_mixin.py:190} INFO - [2025-03-01T01:14:14.771+0000] {dag.py:3239} INFO - Sync 1 DAGs
[2025-03-01T01:14:14.788+0000] {logging_mixin.py:190} INFO - [2025-03-01T01:14:14.788+0000] {dag.py:4180} INFO - Setting next_dagrun for example_skip_dag to 2025-02-28 00:00:00+00:00, run_after=2025-03-01 00:00:00+00:00
[2025-03-01T01:14:14.801+0000] {processor.py:208} INFO - Processing /home/airflow/.local/lib/python3.12/site-packages/airflow/example_dags/example_skip_dag.py took 0.058 seconds
[2025-03-01T01:14:45.477+0000] {processor.py:186} INFO - Started process (PID=1787) to work on /home/airflow/.local/lib/python3.12/site-packages/airflow/example_dags/example_skip_dag.py
[2025-03-01T01:14:45.477+0000] {processor.py:914} INFO - Processing file /home/airflow/.local/lib/python3.12/site-packages/airflow/example_dags/example_skip_dag.py for tasks to queue
[2025-03-01T01:14:45.478+0000] {logging_mixin.py:190} INFO - [2025-03-01T01:14:45.478+0000] {dagbag.py:588} INFO - Filling up the DagBag from /home/airflow/.local/lib/python3.12/site-packages/airflow/example_dags/example_skip_dag.py
[2025-03-01T01:14:45.485+0000] {processor.py:925} INFO - DAG(s) 'example_skip_dag' retrieved from /home/airflow/.local/lib/python3.12/site-packages/airflow/example_dags/example_skip_dag.py
[2025-03-01T01:14:45.501+0000] {logging_mixin.py:190} INFO - [2025-03-01T01:14:45.500+0000] {dag.py:3239} INFO - Sync 1 DAGs
[2025-03-01T01:14:45.518+0000] {logging_mixin.py:190} INFO - [2025-03-01T01:14:45.518+0000] {dag.py:4180} INFO - Setting next_dagrun for example_skip_dag to 2025-02-28 00:00:00+00:00, run_after=2025-03-01 00:00:00+00:00
[2025-03-01T01:14:45.530+0000] {processor.py:208} INFO - Processing /home/airflow/.local/lib/python3.12/site-packages/airflow/example_dags/example_skip_dag.py took 0.058 seconds
[2025-03-01T01:15:15.849+0000] {processor.py:186} INFO - Started process (PID=1851) to work on /home/airflow/.local/lib/python3.12/site-packages/airflow/example_dags/example_skip_dag.py
[2025-03-01T01:15:15.849+0000] {processor.py:914} INFO - Processing file /home/airflow/.local/lib/python3.12/site-packages/airflow/example_dags/example_skip_dag.py for tasks to queue
[2025-03-01T01:15:15.850+0000] {logging_mixin.py:190} INFO - [2025-03-01T01:15:15.850+0000] {dagbag.py:588} INFO - Filling up the DagBag from /home/airflow/.local/lib/python3.12/site-packages/airflow/example_dags/example_skip_dag.py
[2025-03-01T01:15:15.858+0000] {processor.py:925} INFO - DAG(s) 'example_skip_dag' retrieved from /home/airflow/.local/lib/python3.12/site-packages/airflow/example_dags/example_skip_dag.py
[2025-03-01T01:15:15.878+0000] {logging_mixin.py:190} INFO - [2025-03-01T01:15:15.877+0000] {dag.py:3239} INFO - Sync 1 DAGs
[2025-03-01T01:15:15.900+0000] {logging_mixin.py:190} INFO - [2025-03-01T01:15:15.900+0000] {dag.py:4180} INFO - Setting next_dagrun for example_skip_dag to 2025-02-28 00:00:00+00:00, run_after=2025-03-01 00:00:00+00:00
[2025-03-01T01:15:15.913+0000] {processor.py:208} INFO - Processing /home/airflow/.local/lib/python3.12/site-packages/airflow/example_dags/example_skip_dag.py took 0.069 seconds
[2025-03-01T01:15:46.285+0000] {processor.py:186} INFO - Started process (PID=1918) to work on /home/airflow/.local/lib/python3.12/site-packages/airflow/example_dags/example_skip_dag.py
[2025-03-01T01:15:46.286+0000] {processor.py:914} INFO - Processing file /home/airflow/.local/lib/python3.12/site-packages/airflow/example_dags/example_skip_dag.py for tasks to queue
[2025-03-01T01:15:46.286+0000] {logging_mixin.py:190} INFO - [2025-03-01T01:15:46.286+0000] {dagbag.py:588} INFO - Filling up the DagBag from /home/airflow/.local/lib/python3.12/site-packages/airflow/example_dags/example_skip_dag.py
[2025-03-01T01:15:46.294+0000] {processor.py:925} INFO - DAG(s) 'example_skip_dag' retrieved from /home/airflow/.local/lib/python3.12/site-packages/airflow/example_dags/example_skip_dag.py
[2025-03-01T01:15:46.312+0000] {logging_mixin.py:190} INFO - [2025-03-01T01:15:46.311+0000] {dag.py:3239} INFO - Sync 1 DAGs
[2025-03-01T01:15:46.333+0000] {logging_mixin.py:190} INFO - [2025-03-01T01:15:46.333+0000] {dag.py:4180} INFO - Setting next_dagrun for example_skip_dag to 2025-02-28 00:00:00+00:00, run_after=2025-03-01 00:00:00+00:00
[2025-03-01T01:15:46.347+0000] {processor.py:208} INFO - Processing /home/airflow/.local/lib/python3.12/site-packages/airflow/example_dags/example_skip_dag.py took 0.066 seconds
[2025-03-01T01:16:16.915+0000] {processor.py:186} INFO - Started process (PID=1982) to work on /home/airflow/.local/lib/python3.12/site-packages/airflow/example_dags/example_skip_dag.py
[2025-03-01T01:16:16.915+0000] {processor.py:914} INFO - Processing file /home/airflow/.local/lib/python3.12/site-packages/airflow/example_dags/example_skip_dag.py for tasks to queue
[2025-03-01T01:16:16.916+0000] {logging_mixin.py:190} INFO - [2025-03-01T01:16:16.916+0000] {dagbag.py:588} INFO - Filling up the DagBag from /home/airflow/.local/lib/python3.12/site-packages/airflow/example_dags/example_skip_dag.py
[2025-03-01T01:16:16.923+0000] {processor.py:925} INFO - DAG(s) 'example_skip_dag' retrieved from /home/airflow/.local/lib/python3.12/site-packages/airflow/example_dags/example_skip_dag.py
[2025-03-01T01:16:16.939+0000] {logging_mixin.py:190} INFO - [2025-03-01T01:16:16.939+0000] {dag.py:3239} INFO - Sync 1 DAGs
[2025-03-01T01:16:16.957+0000] {logging_mixin.py:190} INFO - [2025-03-01T01:16:16.957+0000] {dag.py:4180} INFO - Setting next_dagrun for example_skip_dag to 2025-02-28 00:00:00+00:00, run_after=2025-03-01 00:00:00+00:00
[2025-03-01T01:16:16.970+0000] {processor.py:208} INFO - Processing /home/airflow/.local/lib/python3.12/site-packages/airflow/example_dags/example_skip_dag.py took 0.060 seconds
[2025-03-01T01:16:48.546+0000] {processor.py:186} INFO - Started process (PID=2033) to work on /home/airflow/.local/lib/python3.12/site-packages/airflow/example_dags/example_skip_dag.py
[2025-03-01T01:16:48.546+0000] {processor.py:914} INFO - Processing file /home/airflow/.local/lib/python3.12/site-packages/airflow/example_dags/example_skip_dag.py for tasks to queue
[2025-03-01T01:16:48.547+0000] {logging_mixin.py:190} INFO - [2025-03-01T01:16:48.547+0000] {dagbag.py:588} INFO - Filling up the DagBag from /home/airflow/.local/lib/python3.12/site-packages/airflow/example_dags/example_skip_dag.py
[2025-03-01T01:16:48.555+0000] {processor.py:925} INFO - DAG(s) 'example_skip_dag' retrieved from /home/airflow/.local/lib/python3.12/site-packages/airflow/example_dags/example_skip_dag.py
[2025-03-01T01:16:48.575+0000] {logging_mixin.py:190} INFO - [2025-03-01T01:16:48.575+0000] {dag.py:3239} INFO - Sync 1 DAGs
[2025-03-01T01:16:48.599+0000] {logging_mixin.py:190} INFO - [2025-03-01T01:16:48.598+0000] {dag.py:4180} INFO - Setting next_dagrun for example_skip_dag to 2025-02-28 00:00:00+00:00, run_after=2025-03-01 00:00:00+00:00
[2025-03-01T01:16:48.613+0000] {processor.py:208} INFO - Processing /home/airflow/.local/lib/python3.12/site-packages/airflow/example_dags/example_skip_dag.py took 0.071 seconds
