[2025-03-01T01:01:07.738+0000] {processor.py:186} INFO - Started process (PID=90) to work on /home/airflow/.local/lib/python3.12/site-packages/airflow/example_dags/example_task_group.py
[2025-03-01T01:01:07.739+0000] {processor.py:914} INFO - Processing file /home/airflow/.local/lib/python3.12/site-packages/airflow/example_dags/example_task_group.py for tasks to queue
[2025-03-01T01:01:07.741+0000] {logging_mixin.py:190} INFO - [2025-03-01T01:01:07.741+0000] {dagbag.py:588} INFO - Filling up the DagBag from /home/airflow/.local/lib/python3.12/site-packages/airflow/example_dags/example_task_group.py
[2025-03-01T01:01:07.751+0000] {processor.py:925} INFO - DAG(s) 'example_task_group' retrieved from /home/airflow/.local/lib/python3.12/site-packages/airflow/example_dags/example_task_group.py
[2025-03-01T01:01:07.867+0000] {logging_mixin.py:190} INFO - [2025-03-01T01:01:07.866+0000] {override.py:1911} INFO - Created Permission View: can edit on DAG:example_task_group
[2025-03-01T01:01:07.876+0000] {logging_mixin.py:190} INFO - [2025-03-01T01:01:07.875+0000] {override.py:1911} INFO - Created Permission View: can read on DAG:example_task_group
[2025-03-01T01:01:07.881+0000] {logging_mixin.py:190} INFO - [2025-03-01T01:01:07.881+0000] {override.py:1911} INFO - Created Permission View: can delete on DAG:example_task_group
[2025-03-01T01:01:07.887+0000] {logging_mixin.py:190} INFO - [2025-03-01T01:01:07.887+0000] {override.py:1911} INFO - Created Permission View: menu access on DAG Run:example_task_group
[2025-03-01T01:01:07.894+0000] {logging_mixin.py:190} INFO - [2025-03-01T01:01:07.894+0000] {override.py:1911} INFO - Created Permission View: can delete on DAG Run:example_task_group
[2025-03-01T01:01:07.900+0000] {logging_mixin.py:190} INFO - [2025-03-01T01:01:07.900+0000] {override.py:1911} INFO - Created Permission View: can create on DAG Run:example_task_group
[2025-03-01T01:01:07.905+0000] {logging_mixin.py:190} INFO - [2025-03-01T01:01:07.905+0000] {override.py:1911} INFO - Created Permission View: can read on DAG Run:example_task_group
[2025-03-01T01:01:07.906+0000] {logging_mixin.py:190} INFO - [2025-03-01T01:01:07.906+0000] {dag.py:3239} INFO - Sync 1 DAGs
[2025-03-01T01:01:07.921+0000] {logging_mixin.py:190} INFO - [2025-03-01T01:01:07.921+0000] {dag.py:3262} INFO - Creating ORM DAG for example_task_group
[2025-03-01T01:01:07.922+0000] {logging_mixin.py:190} INFO - [2025-03-01T01:01:07.922+0000] {dag.py:4180} INFO - Setting next_dagrun for example_task_group to None, run_after=None
[2025-03-01T01:01:07.937+0000] {processor.py:208} INFO - Processing /home/airflow/.local/lib/python3.12/site-packages/airflow/example_dags/example_task_group.py took 0.204 seconds
[2025-03-01T01:01:38.211+0000] {processor.py:186} INFO - Started process (PID=152) to work on /home/airflow/.local/lib/python3.12/site-packages/airflow/example_dags/example_task_group.py
[2025-03-01T01:01:38.212+0000] {processor.py:914} INFO - Processing file /home/airflow/.local/lib/python3.12/site-packages/airflow/example_dags/example_task_group.py for tasks to queue
[2025-03-01T01:01:38.214+0000] {logging_mixin.py:190} INFO - [2025-03-01T01:01:38.214+0000] {dagbag.py:588} INFO - Filling up the DagBag from /home/airflow/.local/lib/python3.12/site-packages/airflow/example_dags/example_task_group.py
[2025-03-01T01:01:38.222+0000] {processor.py:925} INFO - DAG(s) 'example_task_group' retrieved from /home/airflow/.local/lib/python3.12/site-packages/airflow/example_dags/example_task_group.py
[2025-03-01T01:01:38.243+0000] {logging_mixin.py:190} INFO - [2025-03-01T01:01:38.242+0000] {dag.py:3239} INFO - Sync 1 DAGs
[2025-03-01T01:01:38.255+0000] {logging_mixin.py:190} INFO - [2025-03-01T01:01:38.255+0000] {dag.py:4180} INFO - Setting next_dagrun for example_task_group to None, run_after=None
[2025-03-01T01:01:38.274+0000] {processor.py:208} INFO - Processing /home/airflow/.local/lib/python3.12/site-packages/airflow/example_dags/example_task_group.py took 0.069 seconds
[2025-03-01T01:02:08.601+0000] {processor.py:186} INFO - Started process (PID=215) to work on /home/airflow/.local/lib/python3.12/site-packages/airflow/example_dags/example_task_group.py
[2025-03-01T01:02:08.602+0000] {processor.py:914} INFO - Processing file /home/airflow/.local/lib/python3.12/site-packages/airflow/example_dags/example_task_group.py for tasks to queue
[2025-03-01T01:02:08.603+0000] {logging_mixin.py:190} INFO - [2025-03-01T01:02:08.603+0000] {dagbag.py:588} INFO - Filling up the DagBag from /home/airflow/.local/lib/python3.12/site-packages/airflow/example_dags/example_task_group.py
[2025-03-01T01:02:08.612+0000] {processor.py:925} INFO - DAG(s) 'example_task_group' retrieved from /home/airflow/.local/lib/python3.12/site-packages/airflow/example_dags/example_task_group.py
[2025-03-01T01:02:08.632+0000] {logging_mixin.py:190} INFO - [2025-03-01T01:02:08.632+0000] {dag.py:3239} INFO - Sync 1 DAGs
[2025-03-01T01:02:08.643+0000] {logging_mixin.py:190} INFO - [2025-03-01T01:02:08.643+0000] {dag.py:4180} INFO - Setting next_dagrun for example_task_group to None, run_after=None
[2025-03-01T01:02:08.656+0000] {processor.py:208} INFO - Processing /home/airflow/.local/lib/python3.12/site-packages/airflow/example_dags/example_task_group.py took 0.060 seconds
[2025-03-01T01:02:39.036+0000] {processor.py:186} INFO - Started process (PID=277) to work on /home/airflow/.local/lib/python3.12/site-packages/airflow/example_dags/example_task_group.py
[2025-03-01T01:02:39.037+0000] {processor.py:914} INFO - Processing file /home/airflow/.local/lib/python3.12/site-packages/airflow/example_dags/example_task_group.py for tasks to queue
[2025-03-01T01:02:39.038+0000] {logging_mixin.py:190} INFO - [2025-03-01T01:02:39.038+0000] {dagbag.py:588} INFO - Filling up the DagBag from /home/airflow/.local/lib/python3.12/site-packages/airflow/example_dags/example_task_group.py
[2025-03-01T01:02:39.045+0000] {processor.py:925} INFO - DAG(s) 'example_task_group' retrieved from /home/airflow/.local/lib/python3.12/site-packages/airflow/example_dags/example_task_group.py
[2025-03-01T01:02:39.061+0000] {logging_mixin.py:190} INFO - [2025-03-01T01:02:39.061+0000] {dag.py:3239} INFO - Sync 1 DAGs
[2025-03-01T01:02:39.072+0000] {logging_mixin.py:190} INFO - [2025-03-01T01:02:39.072+0000] {dag.py:4180} INFO - Setting next_dagrun for example_task_group to None, run_after=None
[2025-03-01T01:02:39.084+0000] {processor.py:208} INFO - Processing /home/airflow/.local/lib/python3.12/site-packages/airflow/example_dags/example_task_group.py took 0.053 seconds
[2025-03-01T01:03:09.579+0000] {processor.py:186} INFO - Started process (PID=340) to work on /home/airflow/.local/lib/python3.12/site-packages/airflow/example_dags/example_task_group.py
[2025-03-01T01:03:09.579+0000] {processor.py:914} INFO - Processing file /home/airflow/.local/lib/python3.12/site-packages/airflow/example_dags/example_task_group.py for tasks to queue
[2025-03-01T01:03:09.582+0000] {logging_mixin.py:190} INFO - [2025-03-01T01:03:09.581+0000] {dagbag.py:588} INFO - Filling up the DagBag from /home/airflow/.local/lib/python3.12/site-packages/airflow/example_dags/example_task_group.py
[2025-03-01T01:03:09.590+0000] {processor.py:925} INFO - DAG(s) 'example_task_group' retrieved from /home/airflow/.local/lib/python3.12/site-packages/airflow/example_dags/example_task_group.py
[2025-03-01T01:03:09.613+0000] {logging_mixin.py:190} INFO - [2025-03-01T01:03:09.613+0000] {dag.py:3239} INFO - Sync 1 DAGs
[2025-03-01T01:03:09.629+0000] {logging_mixin.py:190} INFO - [2025-03-01T01:03:09.629+0000] {dag.py:4180} INFO - Setting next_dagrun for example_task_group to None, run_after=None
[2025-03-01T01:03:09.646+0000] {processor.py:208} INFO - Processing /home/airflow/.local/lib/python3.12/site-packages/airflow/example_dags/example_task_group.py took 0.074 seconds
[2025-03-01T01:03:40.356+0000] {processor.py:186} INFO - Started process (PID=403) to work on /home/airflow/.local/lib/python3.12/site-packages/airflow/example_dags/example_task_group.py
[2025-03-01T01:03:40.357+0000] {processor.py:914} INFO - Processing file /home/airflow/.local/lib/python3.12/site-packages/airflow/example_dags/example_task_group.py for tasks to queue
[2025-03-01T01:03:40.359+0000] {logging_mixin.py:190} INFO - [2025-03-01T01:03:40.359+0000] {dagbag.py:588} INFO - Filling up the DagBag from /home/airflow/.local/lib/python3.12/site-packages/airflow/example_dags/example_task_group.py
[2025-03-01T01:03:40.366+0000] {processor.py:925} INFO - DAG(s) 'example_task_group' retrieved from /home/airflow/.local/lib/python3.12/site-packages/airflow/example_dags/example_task_group.py
[2025-03-01T01:03:40.383+0000] {logging_mixin.py:190} INFO - [2025-03-01T01:03:40.383+0000] {dag.py:3239} INFO - Sync 1 DAGs
[2025-03-01T01:03:40.396+0000] {logging_mixin.py:190} INFO - [2025-03-01T01:03:40.396+0000] {dag.py:4180} INFO - Setting next_dagrun for example_task_group to None, run_after=None
[2025-03-01T01:03:40.410+0000] {processor.py:208} INFO - Processing /home/airflow/.local/lib/python3.12/site-packages/airflow/example_dags/example_task_group.py took 0.061 seconds
[2025-03-01T01:04:10.597+0000] {processor.py:186} INFO - Started process (PID=466) to work on /home/airflow/.local/lib/python3.12/site-packages/airflow/example_dags/example_task_group.py
[2025-03-01T01:04:10.598+0000] {processor.py:914} INFO - Processing file /home/airflow/.local/lib/python3.12/site-packages/airflow/example_dags/example_task_group.py for tasks to queue
[2025-03-01T01:04:10.600+0000] {logging_mixin.py:190} INFO - [2025-03-01T01:04:10.600+0000] {dagbag.py:588} INFO - Filling up the DagBag from /home/airflow/.local/lib/python3.12/site-packages/airflow/example_dags/example_task_group.py
[2025-03-01T01:04:10.609+0000] {processor.py:925} INFO - DAG(s) 'example_task_group' retrieved from /home/airflow/.local/lib/python3.12/site-packages/airflow/example_dags/example_task_group.py
[2025-03-01T01:04:10.629+0000] {logging_mixin.py:190} INFO - [2025-03-01T01:04:10.629+0000] {dag.py:3239} INFO - Sync 1 DAGs
[2025-03-01T01:04:10.641+0000] {logging_mixin.py:190} INFO - [2025-03-01T01:04:10.641+0000] {dag.py:4180} INFO - Setting next_dagrun for example_task_group to None, run_after=None
[2025-03-01T01:04:10.657+0000] {processor.py:208} INFO - Processing /home/airflow/.local/lib/python3.12/site-packages/airflow/example_dags/example_task_group.py took 0.068 seconds
[2025-03-01T01:04:41.150+0000] {processor.py:186} INFO - Started process (PID=529) to work on /home/airflow/.local/lib/python3.12/site-packages/airflow/example_dags/example_task_group.py
[2025-03-01T01:04:41.150+0000] {processor.py:914} INFO - Processing file /home/airflow/.local/lib/python3.12/site-packages/airflow/example_dags/example_task_group.py for tasks to queue
[2025-03-01T01:04:41.152+0000] {logging_mixin.py:190} INFO - [2025-03-01T01:04:41.152+0000] {dagbag.py:588} INFO - Filling up the DagBag from /home/airflow/.local/lib/python3.12/site-packages/airflow/example_dags/example_task_group.py
[2025-03-01T01:04:41.159+0000] {processor.py:925} INFO - DAG(s) 'example_task_group' retrieved from /home/airflow/.local/lib/python3.12/site-packages/airflow/example_dags/example_task_group.py
[2025-03-01T01:04:41.175+0000] {logging_mixin.py:190} INFO - [2025-03-01T01:04:41.175+0000] {dag.py:3239} INFO - Sync 1 DAGs
[2025-03-01T01:04:41.187+0000] {logging_mixin.py:190} INFO - [2025-03-01T01:04:41.187+0000] {dag.py:4180} INFO - Setting next_dagrun for example_task_group to None, run_after=None
[2025-03-01T01:04:41.200+0000] {processor.py:208} INFO - Processing /home/airflow/.local/lib/python3.12/site-packages/airflow/example_dags/example_task_group.py took 0.055 seconds
[2025-03-01T01:05:11.322+0000] {processor.py:186} INFO - Started process (PID=592) to work on /home/airflow/.local/lib/python3.12/site-packages/airflow/example_dags/example_task_group.py
[2025-03-01T01:05:11.323+0000] {processor.py:914} INFO - Processing file /home/airflow/.local/lib/python3.12/site-packages/airflow/example_dags/example_task_group.py for tasks to queue
[2025-03-01T01:05:11.324+0000] {logging_mixin.py:190} INFO - [2025-03-01T01:05:11.324+0000] {dagbag.py:588} INFO - Filling up the DagBag from /home/airflow/.local/lib/python3.12/site-packages/airflow/example_dags/example_task_group.py
[2025-03-01T01:05:11.331+0000] {processor.py:925} INFO - DAG(s) 'example_task_group' retrieved from /home/airflow/.local/lib/python3.12/site-packages/airflow/example_dags/example_task_group.py
[2025-03-01T01:05:11.348+0000] {logging_mixin.py:190} INFO - [2025-03-01T01:05:11.347+0000] {dag.py:3239} INFO - Sync 1 DAGs
[2025-03-01T01:05:11.358+0000] {logging_mixin.py:190} INFO - [2025-03-01T01:05:11.358+0000] {dag.py:4180} INFO - Setting next_dagrun for example_task_group to None, run_after=None
[2025-03-01T01:05:11.372+0000] {processor.py:208} INFO - Processing /home/airflow/.local/lib/python3.12/site-packages/airflow/example_dags/example_task_group.py took 0.054 seconds
[2025-03-01T01:05:41.937+0000] {processor.py:186} INFO - Started process (PID=655) to work on /home/airflow/.local/lib/python3.12/site-packages/airflow/example_dags/example_task_group.py
[2025-03-01T01:05:41.938+0000] {processor.py:914} INFO - Processing file /home/airflow/.local/lib/python3.12/site-packages/airflow/example_dags/example_task_group.py for tasks to queue
[2025-03-01T01:05:41.939+0000] {logging_mixin.py:190} INFO - [2025-03-01T01:05:41.939+0000] {dagbag.py:588} INFO - Filling up the DagBag from /home/airflow/.local/lib/python3.12/site-packages/airflow/example_dags/example_task_group.py
[2025-03-01T01:05:41.946+0000] {processor.py:925} INFO - DAG(s) 'example_task_group' retrieved from /home/airflow/.local/lib/python3.12/site-packages/airflow/example_dags/example_task_group.py
[2025-03-01T01:05:41.964+0000] {logging_mixin.py:190} INFO - [2025-03-01T01:05:41.963+0000] {dag.py:3239} INFO - Sync 1 DAGs
[2025-03-01T01:05:41.975+0000] {logging_mixin.py:190} INFO - [2025-03-01T01:05:41.975+0000] {dag.py:4180} INFO - Setting next_dagrun for example_task_group to None, run_after=None
[2025-03-01T01:05:41.989+0000] {processor.py:208} INFO - Processing /home/airflow/.local/lib/python3.12/site-packages/airflow/example_dags/example_task_group.py took 0.056 seconds
[2025-03-01T01:06:12.279+0000] {processor.py:186} INFO - Started process (PID=718) to work on /home/airflow/.local/lib/python3.12/site-packages/airflow/example_dags/example_task_group.py
[2025-03-01T01:06:12.280+0000] {processor.py:914} INFO - Processing file /home/airflow/.local/lib/python3.12/site-packages/airflow/example_dags/example_task_group.py for tasks to queue
[2025-03-01T01:06:12.282+0000] {logging_mixin.py:190} INFO - [2025-03-01T01:06:12.281+0000] {dagbag.py:588} INFO - Filling up the DagBag from /home/airflow/.local/lib/python3.12/site-packages/airflow/example_dags/example_task_group.py
[2025-03-01T01:06:12.289+0000] {processor.py:925} INFO - DAG(s) 'example_task_group' retrieved from /home/airflow/.local/lib/python3.12/site-packages/airflow/example_dags/example_task_group.py
[2025-03-01T01:06:12.308+0000] {logging_mixin.py:190} INFO - [2025-03-01T01:06:12.308+0000] {dag.py:3239} INFO - Sync 1 DAGs
[2025-03-01T01:06:12.323+0000] {logging_mixin.py:190} INFO - [2025-03-01T01:06:12.323+0000] {dag.py:4180} INFO - Setting next_dagrun for example_task_group to None, run_after=None
[2025-03-01T01:06:12.337+0000] {processor.py:208} INFO - Processing /home/airflow/.local/lib/python3.12/site-packages/airflow/example_dags/example_task_group.py took 0.062 seconds
[2025-03-01T01:06:42.720+0000] {processor.py:186} INFO - Started process (PID=781) to work on /home/airflow/.local/lib/python3.12/site-packages/airflow/example_dags/example_task_group.py
[2025-03-01T01:06:42.721+0000] {processor.py:914} INFO - Processing file /home/airflow/.local/lib/python3.12/site-packages/airflow/example_dags/example_task_group.py for tasks to queue
[2025-03-01T01:06:42.722+0000] {logging_mixin.py:190} INFO - [2025-03-01T01:06:42.722+0000] {dagbag.py:588} INFO - Filling up the DagBag from /home/airflow/.local/lib/python3.12/site-packages/airflow/example_dags/example_task_group.py
[2025-03-01T01:06:42.729+0000] {processor.py:925} INFO - DAG(s) 'example_task_group' retrieved from /home/airflow/.local/lib/python3.12/site-packages/airflow/example_dags/example_task_group.py
[2025-03-01T01:06:42.749+0000] {logging_mixin.py:190} INFO - [2025-03-01T01:06:42.749+0000] {dag.py:3239} INFO - Sync 1 DAGs
[2025-03-01T01:06:42.763+0000] {logging_mixin.py:190} INFO - [2025-03-01T01:06:42.763+0000] {dag.py:4180} INFO - Setting next_dagrun for example_task_group to None, run_after=None
[2025-03-01T01:06:42.778+0000] {processor.py:208} INFO - Processing /home/airflow/.local/lib/python3.12/site-packages/airflow/example_dags/example_task_group.py took 0.062 seconds
[2025-03-01T01:07:13.058+0000] {processor.py:186} INFO - Started process (PID=844) to work on /home/airflow/.local/lib/python3.12/site-packages/airflow/example_dags/example_task_group.py
[2025-03-01T01:07:13.059+0000] {processor.py:914} INFO - Processing file /home/airflow/.local/lib/python3.12/site-packages/airflow/example_dags/example_task_group.py for tasks to queue
[2025-03-01T01:07:13.061+0000] {logging_mixin.py:190} INFO - [2025-03-01T01:07:13.060+0000] {dagbag.py:588} INFO - Filling up the DagBag from /home/airflow/.local/lib/python3.12/site-packages/airflow/example_dags/example_task_group.py
[2025-03-01T01:07:13.067+0000] {processor.py:925} INFO - DAG(s) 'example_task_group' retrieved from /home/airflow/.local/lib/python3.12/site-packages/airflow/example_dags/example_task_group.py
[2025-03-01T01:07:13.087+0000] {logging_mixin.py:190} INFO - [2025-03-01T01:07:13.087+0000] {dag.py:3239} INFO - Sync 1 DAGs
[2025-03-01T01:07:13.102+0000] {logging_mixin.py:190} INFO - [2025-03-01T01:07:13.101+0000] {dag.py:4180} INFO - Setting next_dagrun for example_task_group to None, run_after=None
[2025-03-01T01:07:13.117+0000] {processor.py:208} INFO - Processing /home/airflow/.local/lib/python3.12/site-packages/airflow/example_dags/example_task_group.py took 0.064 seconds
[2025-03-01T01:07:43.166+0000] {processor.py:186} INFO - Started process (PID=907) to work on /home/airflow/.local/lib/python3.12/site-packages/airflow/example_dags/example_task_group.py
[2025-03-01T01:07:43.167+0000] {processor.py:914} INFO - Processing file /home/airflow/.local/lib/python3.12/site-packages/airflow/example_dags/example_task_group.py for tasks to queue
[2025-03-01T01:07:43.168+0000] {logging_mixin.py:190} INFO - [2025-03-01T01:07:43.168+0000] {dagbag.py:588} INFO - Filling up the DagBag from /home/airflow/.local/lib/python3.12/site-packages/airflow/example_dags/example_task_group.py
[2025-03-01T01:07:43.175+0000] {processor.py:925} INFO - DAG(s) 'example_task_group' retrieved from /home/airflow/.local/lib/python3.12/site-packages/airflow/example_dags/example_task_group.py
[2025-03-01T01:07:43.196+0000] {logging_mixin.py:190} INFO - [2025-03-01T01:07:43.196+0000] {dag.py:3239} INFO - Sync 1 DAGs
[2025-03-01T01:07:43.211+0000] {logging_mixin.py:190} INFO - [2025-03-01T01:07:43.211+0000] {dag.py:4180} INFO - Setting next_dagrun for example_task_group to None, run_after=None
[2025-03-01T01:07:43.225+0000] {processor.py:208} INFO - Processing /home/airflow/.local/lib/python3.12/site-packages/airflow/example_dags/example_task_group.py took 0.065 seconds
[2025-03-01T01:08:13.473+0000] {processor.py:186} INFO - Started process (PID=971) to work on /home/airflow/.local/lib/python3.12/site-packages/airflow/example_dags/example_task_group.py
[2025-03-01T01:08:13.474+0000] {processor.py:914} INFO - Processing file /home/airflow/.local/lib/python3.12/site-packages/airflow/example_dags/example_task_group.py for tasks to queue
[2025-03-01T01:08:13.476+0000] {logging_mixin.py:190} INFO - [2025-03-01T01:08:13.475+0000] {dagbag.py:588} INFO - Filling up the DagBag from /home/airflow/.local/lib/python3.12/site-packages/airflow/example_dags/example_task_group.py
[2025-03-01T01:08:13.482+0000] {processor.py:925} INFO - DAG(s) 'example_task_group' retrieved from /home/airflow/.local/lib/python3.12/site-packages/airflow/example_dags/example_task_group.py
[2025-03-01T01:08:13.499+0000] {logging_mixin.py:190} INFO - [2025-03-01T01:08:13.499+0000] {dag.py:3239} INFO - Sync 1 DAGs
[2025-03-01T01:08:13.510+0000] {logging_mixin.py:190} INFO - [2025-03-01T01:08:13.510+0000] {dag.py:4180} INFO - Setting next_dagrun for example_task_group to None, run_after=None
[2025-03-01T01:08:13.522+0000] {processor.py:208} INFO - Processing /home/airflow/.local/lib/python3.12/site-packages/airflow/example_dags/example_task_group.py took 0.053 seconds
[2025-03-01T01:08:43.748+0000] {processor.py:186} INFO - Started process (PID=1033) to work on /home/airflow/.local/lib/python3.12/site-packages/airflow/example_dags/example_task_group.py
[2025-03-01T01:08:43.749+0000] {processor.py:914} INFO - Processing file /home/airflow/.local/lib/python3.12/site-packages/airflow/example_dags/example_task_group.py for tasks to queue
[2025-03-01T01:08:43.750+0000] {logging_mixin.py:190} INFO - [2025-03-01T01:08:43.750+0000] {dagbag.py:588} INFO - Filling up the DagBag from /home/airflow/.local/lib/python3.12/site-packages/airflow/example_dags/example_task_group.py
[2025-03-01T01:08:43.757+0000] {processor.py:925} INFO - DAG(s) 'example_task_group' retrieved from /home/airflow/.local/lib/python3.12/site-packages/airflow/example_dags/example_task_group.py
[2025-03-01T01:08:43.773+0000] {logging_mixin.py:190} INFO - [2025-03-01T01:08:43.773+0000] {dag.py:3239} INFO - Sync 1 DAGs
[2025-03-01T01:08:43.784+0000] {logging_mixin.py:190} INFO - [2025-03-01T01:08:43.784+0000] {dag.py:4180} INFO - Setting next_dagrun for example_task_group to None, run_after=None
[2025-03-01T01:08:43.796+0000] {processor.py:208} INFO - Processing /home/airflow/.local/lib/python3.12/site-packages/airflow/example_dags/example_task_group.py took 0.052 seconds
[2025-03-01T01:09:14.036+0000] {processor.py:186} INFO - Started process (PID=1096) to work on /home/airflow/.local/lib/python3.12/site-packages/airflow/example_dags/example_task_group.py
[2025-03-01T01:09:14.036+0000] {processor.py:914} INFO - Processing file /home/airflow/.local/lib/python3.12/site-packages/airflow/example_dags/example_task_group.py for tasks to queue
[2025-03-01T01:09:14.038+0000] {logging_mixin.py:190} INFO - [2025-03-01T01:09:14.037+0000] {dagbag.py:588} INFO - Filling up the DagBag from /home/airflow/.local/lib/python3.12/site-packages/airflow/example_dags/example_task_group.py
[2025-03-01T01:09:14.044+0000] {processor.py:925} INFO - DAG(s) 'example_task_group' retrieved from /home/airflow/.local/lib/python3.12/site-packages/airflow/example_dags/example_task_group.py
[2025-03-01T01:09:14.061+0000] {logging_mixin.py:190} INFO - [2025-03-01T01:09:14.061+0000] {dag.py:3239} INFO - Sync 1 DAGs
[2025-03-01T01:09:14.074+0000] {logging_mixin.py:190} INFO - [2025-03-01T01:09:14.074+0000] {dag.py:4180} INFO - Setting next_dagrun for example_task_group to None, run_after=None
[2025-03-01T01:09:14.086+0000] {processor.py:208} INFO - Processing /home/airflow/.local/lib/python3.12/site-packages/airflow/example_dags/example_task_group.py took 0.055 seconds
[2025-03-01T01:09:44.297+0000] {processor.py:186} INFO - Started process (PID=1159) to work on /home/airflow/.local/lib/python3.12/site-packages/airflow/example_dags/example_task_group.py
[2025-03-01T01:09:44.298+0000] {processor.py:914} INFO - Processing file /home/airflow/.local/lib/python3.12/site-packages/airflow/example_dags/example_task_group.py for tasks to queue
[2025-03-01T01:09:44.300+0000] {logging_mixin.py:190} INFO - [2025-03-01T01:09:44.300+0000] {dagbag.py:588} INFO - Filling up the DagBag from /home/airflow/.local/lib/python3.12/site-packages/airflow/example_dags/example_task_group.py
[2025-03-01T01:09:44.309+0000] {processor.py:925} INFO - DAG(s) 'example_task_group' retrieved from /home/airflow/.local/lib/python3.12/site-packages/airflow/example_dags/example_task_group.py
[2025-03-01T01:09:44.330+0000] {logging_mixin.py:190} INFO - [2025-03-01T01:09:44.330+0000] {dag.py:3239} INFO - Sync 1 DAGs
[2025-03-01T01:09:44.343+0000] {logging_mixin.py:190} INFO - [2025-03-01T01:09:44.342+0000] {dag.py:4180} INFO - Setting next_dagrun for example_task_group to None, run_after=None
[2025-03-01T01:09:44.358+0000] {processor.py:208} INFO - Processing /home/airflow/.local/lib/python3.12/site-packages/airflow/example_dags/example_task_group.py took 0.065 seconds
[2025-03-01T01:10:14.555+0000] {processor.py:186} INFO - Started process (PID=1222) to work on /home/airflow/.local/lib/python3.12/site-packages/airflow/example_dags/example_task_group.py
[2025-03-01T01:10:14.556+0000] {processor.py:914} INFO - Processing file /home/airflow/.local/lib/python3.12/site-packages/airflow/example_dags/example_task_group.py for tasks to queue
[2025-03-01T01:10:14.558+0000] {logging_mixin.py:190} INFO - [2025-03-01T01:10:14.558+0000] {dagbag.py:588} INFO - Filling up the DagBag from /home/airflow/.local/lib/python3.12/site-packages/airflow/example_dags/example_task_group.py
[2025-03-01T01:10:14.566+0000] {processor.py:925} INFO - DAG(s) 'example_task_group' retrieved from /home/airflow/.local/lib/python3.12/site-packages/airflow/example_dags/example_task_group.py
[2025-03-01T01:10:14.583+0000] {logging_mixin.py:190} INFO - [2025-03-01T01:10:14.583+0000] {dag.py:3239} INFO - Sync 1 DAGs
[2025-03-01T01:10:14.595+0000] {logging_mixin.py:190} INFO - [2025-03-01T01:10:14.595+0000] {dag.py:4180} INFO - Setting next_dagrun for example_task_group to None, run_after=None
[2025-03-01T01:10:14.612+0000] {processor.py:208} INFO - Processing /home/airflow/.local/lib/python3.12/site-packages/airflow/example_dags/example_task_group.py took 0.064 seconds
