[2025-03-01T01:01:13.513+0000] {processor.py:186} INFO - Started process (PID=117) to work on /home/airflow/.local/lib/python3.12/site-packages/airflow/example_dags/example_task_group_decorator.py
[2025-03-01T01:01:13.513+0000] {processor.py:914} INFO - Processing file /home/airflow/.local/lib/python3.12/site-packages/airflow/example_dags/example_task_group_decorator.py for tasks to queue
[2025-03-01T01:01:13.515+0000] {logging_mixin.py:190} INFO - [2025-03-01T01:01:13.515+0000] {dagbag.py:588} INFO - Filling up the DagBag from /home/airflow/.local/lib/python3.12/site-packages/airflow/example_dags/example_task_group_decorator.py
[2025-03-01T01:01:13.534+0000] {processor.py:925} INFO - DAG(s) 'example_task_group_decorator' retrieved from /home/airflow/.local/lib/python3.12/site-packages/airflow/example_dags/example_task_group_decorator.py
[2025-03-01T01:01:13.644+0000] {logging_mixin.py:190} INFO - [2025-03-01T01:01:13.643+0000] {override.py:1911} INFO - Created Permission View: can edit on DAG:example_task_group_decorator
[2025-03-01T01:01:13.653+0000] {logging_mixin.py:190} INFO - [2025-03-01T01:01:13.653+0000] {override.py:1911} INFO - Created Permission View: can read on DAG:example_task_group_decorator
[2025-03-01T01:01:13.657+0000] {logging_mixin.py:190} INFO - [2025-03-01T01:01:13.657+0000] {override.py:1911} INFO - Created Permission View: can delete on DAG:example_task_group_decorator
[2025-03-01T01:01:13.662+0000] {logging_mixin.py:190} INFO - [2025-03-01T01:01:13.661+0000] {override.py:1911} INFO - Created Permission View: menu access on DAG Run:example_task_group_decorator
[2025-03-01T01:01:13.667+0000] {logging_mixin.py:190} INFO - [2025-03-01T01:01:13.667+0000] {override.py:1911} INFO - Created Permission View: can delete on DAG Run:example_task_group_decorator
[2025-03-01T01:01:13.673+0000] {logging_mixin.py:190} INFO - [2025-03-01T01:01:13.672+0000] {override.py:1911} INFO - Created Permission View: can create on DAG Run:example_task_group_decorator
[2025-03-01T01:01:13.678+0000] {logging_mixin.py:190} INFO - [2025-03-01T01:01:13.678+0000] {override.py:1911} INFO - Created Permission View: can read on DAG Run:example_task_group_decorator
[2025-03-01T01:01:13.678+0000] {logging_mixin.py:190} INFO - [2025-03-01T01:01:13.678+0000] {dag.py:3239} INFO - Sync 1 DAGs
[2025-03-01T01:01:13.689+0000] {logging_mixin.py:190} INFO - [2025-03-01T01:01:13.689+0000] {dag.py:3262} INFO - Creating ORM DAG for example_task_group_decorator
[2025-03-01T01:01:13.690+0000] {logging_mixin.py:190} INFO - [2025-03-01T01:01:13.690+0000] {dag.py:4180} INFO - Setting next_dagrun for example_task_group_decorator to None, run_after=None
[2025-03-01T01:01:13.702+0000] {processor.py:208} INFO - Processing /home/airflow/.local/lib/python3.12/site-packages/airflow/example_dags/example_task_group_decorator.py took 0.195 seconds
[2025-03-01T01:01:44.211+0000] {processor.py:186} INFO - Started process (PID=179) to work on /home/airflow/.local/lib/python3.12/site-packages/airflow/example_dags/example_task_group_decorator.py
[2025-03-01T01:01:44.211+0000] {processor.py:914} INFO - Processing file /home/airflow/.local/lib/python3.12/site-packages/airflow/example_dags/example_task_group_decorator.py for tasks to queue
[2025-03-01T01:01:44.213+0000] {logging_mixin.py:190} INFO - [2025-03-01T01:01:44.213+0000] {dagbag.py:588} INFO - Filling up the DagBag from /home/airflow/.local/lib/python3.12/site-packages/airflow/example_dags/example_task_group_decorator.py
[2025-03-01T01:01:44.226+0000] {processor.py:925} INFO - DAG(s) 'example_task_group_decorator' retrieved from /home/airflow/.local/lib/python3.12/site-packages/airflow/example_dags/example_task_group_decorator.py
[2025-03-01T01:01:44.252+0000] {logging_mixin.py:190} INFO - [2025-03-01T01:01:44.251+0000] {dag.py:3239} INFO - Sync 1 DAGs
[2025-03-01T01:01:44.267+0000] {logging_mixin.py:190} INFO - [2025-03-01T01:01:44.266+0000] {dag.py:4180} INFO - Setting next_dagrun for example_task_group_decorator to None, run_after=None
[2025-03-01T01:01:44.284+0000] {processor.py:208} INFO - Processing /home/airflow/.local/lib/python3.12/site-packages/airflow/example_dags/example_task_group_decorator.py took 0.077 seconds
[2025-03-01T01:02:15.237+0000] {processor.py:186} INFO - Started process (PID=243) to work on /home/airflow/.local/lib/python3.12/site-packages/airflow/example_dags/example_task_group_decorator.py
[2025-03-01T01:02:15.237+0000] {processor.py:914} INFO - Processing file /home/airflow/.local/lib/python3.12/site-packages/airflow/example_dags/example_task_group_decorator.py for tasks to queue
[2025-03-01T01:02:15.239+0000] {logging_mixin.py:190} INFO - [2025-03-01T01:02:15.238+0000] {dagbag.py:588} INFO - Filling up the DagBag from /home/airflow/.local/lib/python3.12/site-packages/airflow/example_dags/example_task_group_decorator.py
[2025-03-01T01:02:15.252+0000] {processor.py:925} INFO - DAG(s) 'example_task_group_decorator' retrieved from /home/airflow/.local/lib/python3.12/site-packages/airflow/example_dags/example_task_group_decorator.py
[2025-03-01T01:02:15.282+0000] {logging_mixin.py:190} INFO - [2025-03-01T01:02:15.281+0000] {dag.py:3239} INFO - Sync 1 DAGs
[2025-03-01T01:02:15.297+0000] {logging_mixin.py:190} INFO - [2025-03-01T01:02:15.297+0000] {dag.py:4180} INFO - Setting next_dagrun for example_task_group_decorator to None, run_after=None
[2025-03-01T01:02:15.314+0000] {processor.py:208} INFO - Processing /home/airflow/.local/lib/python3.12/site-packages/airflow/example_dags/example_task_group_decorator.py took 0.082 seconds
[2025-03-01T01:02:46.124+0000] {processor.py:186} INFO - Started process (PID=305) to work on /home/airflow/.local/lib/python3.12/site-packages/airflow/example_dags/example_task_group_decorator.py
[2025-03-01T01:02:46.124+0000] {processor.py:914} INFO - Processing file /home/airflow/.local/lib/python3.12/site-packages/airflow/example_dags/example_task_group_decorator.py for tasks to queue
[2025-03-01T01:02:46.126+0000] {logging_mixin.py:190} INFO - [2025-03-01T01:02:46.125+0000] {dagbag.py:588} INFO - Filling up the DagBag from /home/airflow/.local/lib/python3.12/site-packages/airflow/example_dags/example_task_group_decorator.py
[2025-03-01T01:02:46.139+0000] {processor.py:925} INFO - DAG(s) 'example_task_group_decorator' retrieved from /home/airflow/.local/lib/python3.12/site-packages/airflow/example_dags/example_task_group_decorator.py
[2025-03-01T01:02:46.164+0000] {logging_mixin.py:190} INFO - [2025-03-01T01:02:46.164+0000] {dag.py:3239} INFO - Sync 1 DAGs
[2025-03-01T01:02:46.179+0000] {logging_mixin.py:190} INFO - [2025-03-01T01:02:46.179+0000] {dag.py:4180} INFO - Setting next_dagrun for example_task_group_decorator to None, run_after=None
[2025-03-01T01:02:46.195+0000] {processor.py:208} INFO - Processing /home/airflow/.local/lib/python3.12/site-packages/airflow/example_dags/example_task_group_decorator.py took 0.076 seconds
[2025-03-01T01:03:16.806+0000] {processor.py:186} INFO - Started process (PID=368) to work on /home/airflow/.local/lib/python3.12/site-packages/airflow/example_dags/example_task_group_decorator.py
[2025-03-01T01:03:16.806+0000] {processor.py:914} INFO - Processing file /home/airflow/.local/lib/python3.12/site-packages/airflow/example_dags/example_task_group_decorator.py for tasks to queue
[2025-03-01T01:03:16.808+0000] {logging_mixin.py:190} INFO - [2025-03-01T01:03:16.807+0000] {dagbag.py:588} INFO - Filling up the DagBag from /home/airflow/.local/lib/python3.12/site-packages/airflow/example_dags/example_task_group_decorator.py
[2025-03-01T01:03:16.819+0000] {processor.py:925} INFO - DAG(s) 'example_task_group_decorator' retrieved from /home/airflow/.local/lib/python3.12/site-packages/airflow/example_dags/example_task_group_decorator.py
[2025-03-01T01:03:16.845+0000] {logging_mixin.py:190} INFO - [2025-03-01T01:03:16.845+0000] {dag.py:3239} INFO - Sync 1 DAGs
[2025-03-01T01:03:16.861+0000] {logging_mixin.py:190} INFO - [2025-03-01T01:03:16.860+0000] {dag.py:4180} INFO - Setting next_dagrun for example_task_group_decorator to None, run_after=None
[2025-03-01T01:03:16.877+0000] {processor.py:208} INFO - Processing /home/airflow/.local/lib/python3.12/site-packages/airflow/example_dags/example_task_group_decorator.py took 0.075 seconds
[2025-03-01T01:03:47.088+0000] {processor.py:186} INFO - Started process (PID=430) to work on /home/airflow/.local/lib/python3.12/site-packages/airflow/example_dags/example_task_group_decorator.py
[2025-03-01T01:03:47.089+0000] {processor.py:914} INFO - Processing file /home/airflow/.local/lib/python3.12/site-packages/airflow/example_dags/example_task_group_decorator.py for tasks to queue
[2025-03-01T01:03:47.091+0000] {logging_mixin.py:190} INFO - [2025-03-01T01:03:47.090+0000] {dagbag.py:588} INFO - Filling up the DagBag from /home/airflow/.local/lib/python3.12/site-packages/airflow/example_dags/example_task_group_decorator.py
[2025-03-01T01:03:47.103+0000] {processor.py:925} INFO - DAG(s) 'example_task_group_decorator' retrieved from /home/airflow/.local/lib/python3.12/site-packages/airflow/example_dags/example_task_group_decorator.py
[2025-03-01T01:03:47.123+0000] {logging_mixin.py:190} INFO - [2025-03-01T01:03:47.122+0000] {dag.py:3239} INFO - Sync 1 DAGs
[2025-03-01T01:03:47.133+0000] {logging_mixin.py:190} INFO - [2025-03-01T01:03:47.133+0000] {dag.py:4180} INFO - Setting next_dagrun for example_task_group_decorator to None, run_after=None
[2025-03-01T01:03:47.147+0000] {processor.py:208} INFO - Processing /home/airflow/.local/lib/python3.12/site-packages/airflow/example_dags/example_task_group_decorator.py took 0.062 seconds
[2025-03-01T01:04:17.184+0000] {processor.py:186} INFO - Started process (PID=493) to work on /home/airflow/.local/lib/python3.12/site-packages/airflow/example_dags/example_task_group_decorator.py
[2025-03-01T01:04:17.184+0000] {processor.py:914} INFO - Processing file /home/airflow/.local/lib/python3.12/site-packages/airflow/example_dags/example_task_group_decorator.py for tasks to queue
[2025-03-01T01:04:17.187+0000] {logging_mixin.py:190} INFO - [2025-03-01T01:04:17.186+0000] {dagbag.py:588} INFO - Filling up the DagBag from /home/airflow/.local/lib/python3.12/site-packages/airflow/example_dags/example_task_group_decorator.py
[2025-03-01T01:04:17.205+0000] {processor.py:925} INFO - DAG(s) 'example_task_group_decorator' retrieved from /home/airflow/.local/lib/python3.12/site-packages/airflow/example_dags/example_task_group_decorator.py
[2025-03-01T01:04:17.232+0000] {logging_mixin.py:190} INFO - [2025-03-01T01:04:17.232+0000] {dag.py:3239} INFO - Sync 1 DAGs
[2025-03-01T01:04:17.250+0000] {logging_mixin.py:190} INFO - [2025-03-01T01:04:17.250+0000] {dag.py:4180} INFO - Setting next_dagrun for example_task_group_decorator to None, run_after=None
[2025-03-01T01:04:17.268+0000] {processor.py:208} INFO - Processing /home/airflow/.local/lib/python3.12/site-packages/airflow/example_dags/example_task_group_decorator.py took 0.090 seconds
[2025-03-01T01:04:47.908+0000] {processor.py:186} INFO - Started process (PID=557) to work on /home/airflow/.local/lib/python3.12/site-packages/airflow/example_dags/example_task_group_decorator.py
[2025-03-01T01:04:47.909+0000] {processor.py:914} INFO - Processing file /home/airflow/.local/lib/python3.12/site-packages/airflow/example_dags/example_task_group_decorator.py for tasks to queue
[2025-03-01T01:04:47.910+0000] {logging_mixin.py:190} INFO - [2025-03-01T01:04:47.910+0000] {dagbag.py:588} INFO - Filling up the DagBag from /home/airflow/.local/lib/python3.12/site-packages/airflow/example_dags/example_task_group_decorator.py
[2025-03-01T01:04:47.923+0000] {processor.py:925} INFO - DAG(s) 'example_task_group_decorator' retrieved from /home/airflow/.local/lib/python3.12/site-packages/airflow/example_dags/example_task_group_decorator.py
[2025-03-01T01:04:47.950+0000] {logging_mixin.py:190} INFO - [2025-03-01T01:04:47.950+0000] {dag.py:3239} INFO - Sync 1 DAGs
[2025-03-01T01:04:47.966+0000] {logging_mixin.py:190} INFO - [2025-03-01T01:04:47.966+0000] {dag.py:4180} INFO - Setting next_dagrun for example_task_group_decorator to None, run_after=None
[2025-03-01T01:04:47.984+0000] {processor.py:208} INFO - Processing /home/airflow/.local/lib/python3.12/site-packages/airflow/example_dags/example_task_group_decorator.py took 0.081 seconds
[2025-03-01T01:05:18.849+0000] {processor.py:186} INFO - Started process (PID=619) to work on /home/airflow/.local/lib/python3.12/site-packages/airflow/example_dags/example_task_group_decorator.py
[2025-03-01T01:05:18.850+0000] {processor.py:914} INFO - Processing file /home/airflow/.local/lib/python3.12/site-packages/airflow/example_dags/example_task_group_decorator.py for tasks to queue
[2025-03-01T01:05:18.852+0000] {logging_mixin.py:190} INFO - [2025-03-01T01:05:18.852+0000] {dagbag.py:588} INFO - Filling up the DagBag from /home/airflow/.local/lib/python3.12/site-packages/airflow/example_dags/example_task_group_decorator.py
[2025-03-01T01:05:18.866+0000] {processor.py:925} INFO - DAG(s) 'example_task_group_decorator' retrieved from /home/airflow/.local/lib/python3.12/site-packages/airflow/example_dags/example_task_group_decorator.py
[2025-03-01T01:05:18.891+0000] {logging_mixin.py:190} INFO - [2025-03-01T01:05:18.891+0000] {dag.py:3239} INFO - Sync 1 DAGs
[2025-03-01T01:05:18.906+0000] {logging_mixin.py:190} INFO - [2025-03-01T01:05:18.906+0000] {dag.py:4180} INFO - Setting next_dagrun for example_task_group_decorator to None, run_after=None
[2025-03-01T01:05:18.921+0000] {processor.py:208} INFO - Processing /home/airflow/.local/lib/python3.12/site-packages/airflow/example_dags/example_task_group_decorator.py took 0.078 seconds
[2025-03-01T01:05:50.275+0000] {processor.py:186} INFO - Started process (PID=682) to work on /home/airflow/.local/lib/python3.12/site-packages/airflow/example_dags/example_task_group_decorator.py
[2025-03-01T01:05:50.276+0000] {processor.py:914} INFO - Processing file /home/airflow/.local/lib/python3.12/site-packages/airflow/example_dags/example_task_group_decorator.py for tasks to queue
[2025-03-01T01:05:50.277+0000] {logging_mixin.py:190} INFO - [2025-03-01T01:05:50.277+0000] {dagbag.py:588} INFO - Filling up the DagBag from /home/airflow/.local/lib/python3.12/site-packages/airflow/example_dags/example_task_group_decorator.py
[2025-03-01T01:05:50.290+0000] {processor.py:925} INFO - DAG(s) 'example_task_group_decorator' retrieved from /home/airflow/.local/lib/python3.12/site-packages/airflow/example_dags/example_task_group_decorator.py
[2025-03-01T01:05:50.309+0000] {logging_mixin.py:190} INFO - [2025-03-01T01:05:50.309+0000] {dag.py:3239} INFO - Sync 1 DAGs
[2025-03-01T01:05:50.320+0000] {logging_mixin.py:190} INFO - [2025-03-01T01:05:50.320+0000] {dag.py:4180} INFO - Setting next_dagrun for example_task_group_decorator to None, run_after=None
[2025-03-01T01:05:50.333+0000] {processor.py:208} INFO - Processing /home/airflow/.local/lib/python3.12/site-packages/airflow/example_dags/example_task_group_decorator.py took 0.063 seconds
[2025-03-01T01:06:21.582+0000] {processor.py:186} INFO - Started process (PID=745) to work on /home/airflow/.local/lib/python3.12/site-packages/airflow/example_dags/example_task_group_decorator.py
[2025-03-01T01:06:21.583+0000] {processor.py:914} INFO - Processing file /home/airflow/.local/lib/python3.12/site-packages/airflow/example_dags/example_task_group_decorator.py for tasks to queue
[2025-03-01T01:06:21.584+0000] {logging_mixin.py:190} INFO - [2025-03-01T01:06:21.584+0000] {dagbag.py:588} INFO - Filling up the DagBag from /home/airflow/.local/lib/python3.12/site-packages/airflow/example_dags/example_task_group_decorator.py
[2025-03-01T01:06:21.599+0000] {processor.py:925} INFO - DAG(s) 'example_task_group_decorator' retrieved from /home/airflow/.local/lib/python3.12/site-packages/airflow/example_dags/example_task_group_decorator.py
[2025-03-01T01:06:21.626+0000] {logging_mixin.py:190} INFO - [2025-03-01T01:06:21.626+0000] {dag.py:3239} INFO - Sync 1 DAGs
[2025-03-01T01:06:21.641+0000] {logging_mixin.py:190} INFO - [2025-03-01T01:06:21.640+0000] {dag.py:4180} INFO - Setting next_dagrun for example_task_group_decorator to None, run_after=None
[2025-03-01T01:06:21.654+0000] {processor.py:208} INFO - Processing /home/airflow/.local/lib/python3.12/site-packages/airflow/example_dags/example_task_group_decorator.py took 0.078 seconds
[2025-03-01T01:06:53.061+0000] {processor.py:186} INFO - Started process (PID=808) to work on /home/airflow/.local/lib/python3.12/site-packages/airflow/example_dags/example_task_group_decorator.py
[2025-03-01T01:06:53.061+0000] {processor.py:914} INFO - Processing file /home/airflow/.local/lib/python3.12/site-packages/airflow/example_dags/example_task_group_decorator.py for tasks to queue
[2025-03-01T01:06:53.063+0000] {logging_mixin.py:190} INFO - [2025-03-01T01:06:53.063+0000] {dagbag.py:588} INFO - Filling up the DagBag from /home/airflow/.local/lib/python3.12/site-packages/airflow/example_dags/example_task_group_decorator.py
[2025-03-01T01:06:53.076+0000] {processor.py:925} INFO - DAG(s) 'example_task_group_decorator' retrieved from /home/airflow/.local/lib/python3.12/site-packages/airflow/example_dags/example_task_group_decorator.py
[2025-03-01T01:06:53.095+0000] {logging_mixin.py:190} INFO - [2025-03-01T01:06:53.095+0000] {dag.py:3239} INFO - Sync 1 DAGs
[2025-03-01T01:06:53.106+0000] {logging_mixin.py:190} INFO - [2025-03-01T01:06:53.105+0000] {dag.py:4180} INFO - Setting next_dagrun for example_task_group_decorator to None, run_after=None
[2025-03-01T01:06:53.118+0000] {processor.py:208} INFO - Processing /home/airflow/.local/lib/python3.12/site-packages/airflow/example_dags/example_task_group_decorator.py took 0.062 seconds
[2025-03-01T01:07:24.233+0000] {processor.py:186} INFO - Started process (PID=871) to work on /home/airflow/.local/lib/python3.12/site-packages/airflow/example_dags/example_task_group_decorator.py
[2025-03-01T01:07:24.234+0000] {processor.py:914} INFO - Processing file /home/airflow/.local/lib/python3.12/site-packages/airflow/example_dags/example_task_group_decorator.py for tasks to queue
[2025-03-01T01:07:24.235+0000] {logging_mixin.py:190} INFO - [2025-03-01T01:07:24.235+0000] {dagbag.py:588} INFO - Filling up the DagBag from /home/airflow/.local/lib/python3.12/site-packages/airflow/example_dags/example_task_group_decorator.py
[2025-03-01T01:07:24.249+0000] {processor.py:925} INFO - DAG(s) 'example_task_group_decorator' retrieved from /home/airflow/.local/lib/python3.12/site-packages/airflow/example_dags/example_task_group_decorator.py
[2025-03-01T01:07:24.268+0000] {logging_mixin.py:190} INFO - [2025-03-01T01:07:24.268+0000] {dag.py:3239} INFO - Sync 1 DAGs
[2025-03-01T01:07:24.279+0000] {logging_mixin.py:190} INFO - [2025-03-01T01:07:24.279+0000] {dag.py:4180} INFO - Setting next_dagrun for example_task_group_decorator to None, run_after=None
[2025-03-01T01:07:24.292+0000] {processor.py:208} INFO - Processing /home/airflow/.local/lib/python3.12/site-packages/airflow/example_dags/example_task_group_decorator.py took 0.064 seconds
[2025-03-01T01:07:55.499+0000] {processor.py:186} INFO - Started process (PID=934) to work on /home/airflow/.local/lib/python3.12/site-packages/airflow/example_dags/example_task_group_decorator.py
[2025-03-01T01:07:55.500+0000] {processor.py:914} INFO - Processing file /home/airflow/.local/lib/python3.12/site-packages/airflow/example_dags/example_task_group_decorator.py for tasks to queue
[2025-03-01T01:07:55.501+0000] {logging_mixin.py:190} INFO - [2025-03-01T01:07:55.501+0000] {dagbag.py:588} INFO - Filling up the DagBag from /home/airflow/.local/lib/python3.12/site-packages/airflow/example_dags/example_task_group_decorator.py
[2025-03-01T01:07:55.514+0000] {processor.py:925} INFO - DAG(s) 'example_task_group_decorator' retrieved from /home/airflow/.local/lib/python3.12/site-packages/airflow/example_dags/example_task_group_decorator.py
[2025-03-01T01:07:55.536+0000] {logging_mixin.py:190} INFO - [2025-03-01T01:07:55.536+0000] {dag.py:3239} INFO - Sync 1 DAGs
[2025-03-01T01:07:55.551+0000] {logging_mixin.py:190} INFO - [2025-03-01T01:07:55.551+0000] {dag.py:4180} INFO - Setting next_dagrun for example_task_group_decorator to None, run_after=None
[2025-03-01T01:07:55.567+0000] {processor.py:208} INFO - Processing /home/airflow/.local/lib/python3.12/site-packages/airflow/example_dags/example_task_group_decorator.py took 0.073 seconds
[2025-03-01T01:08:26.816+0000] {processor.py:186} INFO - Started process (PID=998) to work on /home/airflow/.local/lib/python3.12/site-packages/airflow/example_dags/example_task_group_decorator.py
[2025-03-01T01:08:26.817+0000] {processor.py:914} INFO - Processing file /home/airflow/.local/lib/python3.12/site-packages/airflow/example_dags/example_task_group_decorator.py for tasks to queue
[2025-03-01T01:08:26.819+0000] {logging_mixin.py:190} INFO - [2025-03-01T01:08:26.818+0000] {dagbag.py:588} INFO - Filling up the DagBag from /home/airflow/.local/lib/python3.12/site-packages/airflow/example_dags/example_task_group_decorator.py
[2025-03-01T01:08:26.834+0000] {processor.py:925} INFO - DAG(s) 'example_task_group_decorator' retrieved from /home/airflow/.local/lib/python3.12/site-packages/airflow/example_dags/example_task_group_decorator.py
[2025-03-01T01:08:26.858+0000] {logging_mixin.py:190} INFO - [2025-03-01T01:08:26.857+0000] {dag.py:3239} INFO - Sync 1 DAGs
[2025-03-01T01:08:26.871+0000] {logging_mixin.py:190} INFO - [2025-03-01T01:08:26.871+0000] {dag.py:4180} INFO - Setting next_dagrun for example_task_group_decorator to None, run_after=None
[2025-03-01T01:08:26.889+0000] {processor.py:208} INFO - Processing /home/airflow/.local/lib/python3.12/site-packages/airflow/example_dags/example_task_group_decorator.py took 0.077 seconds
[2025-03-01T01:08:57.980+0000] {processor.py:186} INFO - Started process (PID=1060) to work on /home/airflow/.local/lib/python3.12/site-packages/airflow/example_dags/example_task_group_decorator.py
[2025-03-01T01:08:57.981+0000] {processor.py:914} INFO - Processing file /home/airflow/.local/lib/python3.12/site-packages/airflow/example_dags/example_task_group_decorator.py for tasks to queue
[2025-03-01T01:08:57.982+0000] {logging_mixin.py:190} INFO - [2025-03-01T01:08:57.982+0000] {dagbag.py:588} INFO - Filling up the DagBag from /home/airflow/.local/lib/python3.12/site-packages/airflow/example_dags/example_task_group_decorator.py
[2025-03-01T01:08:57.994+0000] {processor.py:925} INFO - DAG(s) 'example_task_group_decorator' retrieved from /home/airflow/.local/lib/python3.12/site-packages/airflow/example_dags/example_task_group_decorator.py
[2025-03-01T01:08:58.015+0000] {logging_mixin.py:190} INFO - [2025-03-01T01:08:58.014+0000] {dag.py:3239} INFO - Sync 1 DAGs
[2025-03-01T01:08:58.028+0000] {logging_mixin.py:190} INFO - [2025-03-01T01:08:58.027+0000] {dag.py:4180} INFO - Setting next_dagrun for example_task_group_decorator to None, run_after=None
[2025-03-01T01:08:58.042+0000] {processor.py:208} INFO - Processing /home/airflow/.local/lib/python3.12/site-packages/airflow/example_dags/example_task_group_decorator.py took 0.066 seconds
[2025-03-01T01:09:29.357+0000] {processor.py:186} INFO - Started process (PID=1123) to work on /home/airflow/.local/lib/python3.12/site-packages/airflow/example_dags/example_task_group_decorator.py
[2025-03-01T01:09:29.357+0000] {processor.py:914} INFO - Processing file /home/airflow/.local/lib/python3.12/site-packages/airflow/example_dags/example_task_group_decorator.py for tasks to queue
[2025-03-01T01:09:29.359+0000] {logging_mixin.py:190} INFO - [2025-03-01T01:09:29.359+0000] {dagbag.py:588} INFO - Filling up the DagBag from /home/airflow/.local/lib/python3.12/site-packages/airflow/example_dags/example_task_group_decorator.py
[2025-03-01T01:09:29.371+0000] {processor.py:925} INFO - DAG(s) 'example_task_group_decorator' retrieved from /home/airflow/.local/lib/python3.12/site-packages/airflow/example_dags/example_task_group_decorator.py
[2025-03-01T01:09:29.393+0000] {logging_mixin.py:190} INFO - [2025-03-01T01:09:29.393+0000] {dag.py:3239} INFO - Sync 1 DAGs
[2025-03-01T01:09:29.405+0000] {logging_mixin.py:190} INFO - [2025-03-01T01:09:29.404+0000] {dag.py:4180} INFO - Setting next_dagrun for example_task_group_decorator to None, run_after=None
[2025-03-01T01:09:29.419+0000] {processor.py:208} INFO - Processing /home/airflow/.local/lib/python3.12/site-packages/airflow/example_dags/example_task_group_decorator.py took 0.067 seconds
[2025-03-01T01:10:00.628+0000] {processor.py:186} INFO - Started process (PID=1186) to work on /home/airflow/.local/lib/python3.12/site-packages/airflow/example_dags/example_task_group_decorator.py
[2025-03-01T01:10:00.629+0000] {processor.py:914} INFO - Processing file /home/airflow/.local/lib/python3.12/site-packages/airflow/example_dags/example_task_group_decorator.py for tasks to queue
[2025-03-01T01:10:00.630+0000] {logging_mixin.py:190} INFO - [2025-03-01T01:10:00.630+0000] {dagbag.py:588} INFO - Filling up the DagBag from /home/airflow/.local/lib/python3.12/site-packages/airflow/example_dags/example_task_group_decorator.py
[2025-03-01T01:10:00.643+0000] {processor.py:925} INFO - DAG(s) 'example_task_group_decorator' retrieved from /home/airflow/.local/lib/python3.12/site-packages/airflow/example_dags/example_task_group_decorator.py
[2025-03-01T01:10:00.663+0000] {logging_mixin.py:190} INFO - [2025-03-01T01:10:00.662+0000] {dag.py:3239} INFO - Sync 1 DAGs
[2025-03-01T01:10:00.675+0000] {logging_mixin.py:190} INFO - [2025-03-01T01:10:00.675+0000] {dag.py:4180} INFO - Setting next_dagrun for example_task_group_decorator to None, run_after=None
[2025-03-01T01:10:00.689+0000] {processor.py:208} INFO - Processing /home/airflow/.local/lib/python3.12/site-packages/airflow/example_dags/example_task_group_decorator.py took 0.065 seconds
[2025-03-01T01:10:32.046+0000] {processor.py:186} INFO - Started process (PID=1249) to work on /home/airflow/.local/lib/python3.12/site-packages/airflow/example_dags/example_task_group_decorator.py
[2025-03-01T01:10:32.047+0000] {processor.py:914} INFO - Processing file /home/airflow/.local/lib/python3.12/site-packages/airflow/example_dags/example_task_group_decorator.py for tasks to queue
[2025-03-01T01:10:32.048+0000] {logging_mixin.py:190} INFO - [2025-03-01T01:10:32.048+0000] {dagbag.py:588} INFO - Filling up the DagBag from /home/airflow/.local/lib/python3.12/site-packages/airflow/example_dags/example_task_group_decorator.py
[2025-03-01T01:10:32.062+0000] {processor.py:925} INFO - DAG(s) 'example_task_group_decorator' retrieved from /home/airflow/.local/lib/python3.12/site-packages/airflow/example_dags/example_task_group_decorator.py
[2025-03-01T01:10:32.088+0000] {logging_mixin.py:190} INFO - [2025-03-01T01:10:32.088+0000] {dag.py:3239} INFO - Sync 1 DAGs
[2025-03-01T01:10:32.101+0000] {logging_mixin.py:190} INFO - [2025-03-01T01:10:32.101+0000] {dag.py:4180} INFO - Setting next_dagrun for example_task_group_decorator to None, run_after=None
[2025-03-01T01:10:32.121+0000] {processor.py:208} INFO - Processing /home/airflow/.local/lib/python3.12/site-packages/airflow/example_dags/example_task_group_decorator.py took 0.080 seconds
[2025-03-01T01:11:03.619+0000] {processor.py:186} INFO - Started process (PID=1313) to work on /home/airflow/.local/lib/python3.12/site-packages/airflow/example_dags/example_task_group_decorator.py
[2025-03-01T01:11:03.619+0000] {processor.py:914} INFO - Processing file /home/airflow/.local/lib/python3.12/site-packages/airflow/example_dags/example_task_group_decorator.py for tasks to queue
[2025-03-01T01:11:03.620+0000] {logging_mixin.py:190} INFO - [2025-03-01T01:11:03.620+0000] {dagbag.py:588} INFO - Filling up the DagBag from /home/airflow/.local/lib/python3.12/site-packages/airflow/example_dags/example_task_group_decorator.py
[2025-03-01T01:11:03.632+0000] {processor.py:925} INFO - DAG(s) 'example_task_group_decorator' retrieved from /home/airflow/.local/lib/python3.12/site-packages/airflow/example_dags/example_task_group_decorator.py
[2025-03-01T01:11:03.656+0000] {logging_mixin.py:190} INFO - [2025-03-01T01:11:03.656+0000] {dag.py:3239} INFO - Sync 1 DAGs
[2025-03-01T01:11:03.669+0000] {logging_mixin.py:190} INFO - [2025-03-01T01:11:03.669+0000] {dag.py:4180} INFO - Setting next_dagrun for example_task_group_decorator to None, run_after=None
[2025-03-01T01:11:03.683+0000] {processor.py:208} INFO - Processing /home/airflow/.local/lib/python3.12/site-packages/airflow/example_dags/example_task_group_decorator.py took 0.069 seconds
[2025-03-01T01:11:35.069+0000] {processor.py:186} INFO - Started process (PID=1383) to work on /home/airflow/.local/lib/python3.12/site-packages/airflow/example_dags/example_task_group_decorator.py
[2025-03-01T01:11:35.069+0000] {processor.py:914} INFO - Processing file /home/airflow/.local/lib/python3.12/site-packages/airflow/example_dags/example_task_group_decorator.py for tasks to queue
[2025-03-01T01:11:35.070+0000] {logging_mixin.py:190} INFO - [2025-03-01T01:11:35.070+0000] {dagbag.py:588} INFO - Filling up the DagBag from /home/airflow/.local/lib/python3.12/site-packages/airflow/example_dags/example_task_group_decorator.py
[2025-03-01T01:11:35.084+0000] {processor.py:925} INFO - DAG(s) 'example_task_group_decorator' retrieved from /home/airflow/.local/lib/python3.12/site-packages/airflow/example_dags/example_task_group_decorator.py
[2025-03-01T01:11:35.104+0000] {logging_mixin.py:190} INFO - [2025-03-01T01:11:35.104+0000] {dag.py:3239} INFO - Sync 1 DAGs
[2025-03-01T01:11:35.116+0000] {logging_mixin.py:190} INFO - [2025-03-01T01:11:35.116+0000] {dag.py:4180} INFO - Setting next_dagrun for example_task_group_decorator to None, run_after=None
[2025-03-01T01:11:35.128+0000] {processor.py:208} INFO - Processing /home/airflow/.local/lib/python3.12/site-packages/airflow/example_dags/example_task_group_decorator.py took 0.063 seconds
[2025-03-01T01:12:06.267+0000] {processor.py:186} INFO - Started process (PID=1447) to work on /home/airflow/.local/lib/python3.12/site-packages/airflow/example_dags/example_task_group_decorator.py
[2025-03-01T01:12:06.267+0000] {processor.py:914} INFO - Processing file /home/airflow/.local/lib/python3.12/site-packages/airflow/example_dags/example_task_group_decorator.py for tasks to queue
[2025-03-01T01:12:06.268+0000] {logging_mixin.py:190} INFO - [2025-03-01T01:12:06.268+0000] {dagbag.py:588} INFO - Filling up the DagBag from /home/airflow/.local/lib/python3.12/site-packages/airflow/example_dags/example_task_group_decorator.py
[2025-03-01T01:12:06.281+0000] {processor.py:925} INFO - DAG(s) 'example_task_group_decorator' retrieved from /home/airflow/.local/lib/python3.12/site-packages/airflow/example_dags/example_task_group_decorator.py
[2025-03-01T01:12:06.301+0000] {logging_mixin.py:190} INFO - [2025-03-01T01:12:06.301+0000] {dag.py:3239} INFO - Sync 1 DAGs
[2025-03-01T01:12:06.313+0000] {logging_mixin.py:190} INFO - [2025-03-01T01:12:06.313+0000] {dag.py:4180} INFO - Setting next_dagrun for example_task_group_decorator to None, run_after=None
[2025-03-01T01:12:06.326+0000] {processor.py:208} INFO - Processing /home/airflow/.local/lib/python3.12/site-packages/airflow/example_dags/example_task_group_decorator.py took 0.064 seconds
[2025-03-01T01:12:37.636+0000] {processor.py:186} INFO - Started process (PID=1511) to work on /home/airflow/.local/lib/python3.12/site-packages/airflow/example_dags/example_task_group_decorator.py
[2025-03-01T01:12:37.636+0000] {processor.py:914} INFO - Processing file /home/airflow/.local/lib/python3.12/site-packages/airflow/example_dags/example_task_group_decorator.py for tasks to queue
[2025-03-01T01:12:37.637+0000] {logging_mixin.py:190} INFO - [2025-03-01T01:12:37.637+0000] {dagbag.py:588} INFO - Filling up the DagBag from /home/airflow/.local/lib/python3.12/site-packages/airflow/example_dags/example_task_group_decorator.py
[2025-03-01T01:12:37.649+0000] {processor.py:925} INFO - DAG(s) 'example_task_group_decorator' retrieved from /home/airflow/.local/lib/python3.12/site-packages/airflow/example_dags/example_task_group_decorator.py
[2025-03-01T01:12:37.667+0000] {logging_mixin.py:190} INFO - [2025-03-01T01:12:37.667+0000] {dag.py:3239} INFO - Sync 1 DAGs
[2025-03-01T01:12:37.678+0000] {logging_mixin.py:190} INFO - [2025-03-01T01:12:37.678+0000] {dag.py:4180} INFO - Setting next_dagrun for example_task_group_decorator to None, run_after=None
[2025-03-01T01:12:37.690+0000] {processor.py:208} INFO - Processing /home/airflow/.local/lib/python3.12/site-packages/airflow/example_dags/example_task_group_decorator.py took 0.059 seconds
[2025-03-01T01:13:08.830+0000] {processor.py:186} INFO - Started process (PID=1575) to work on /home/airflow/.local/lib/python3.12/site-packages/airflow/example_dags/example_task_group_decorator.py
[2025-03-01T01:13:08.831+0000] {processor.py:914} INFO - Processing file /home/airflow/.local/lib/python3.12/site-packages/airflow/example_dags/example_task_group_decorator.py for tasks to queue
[2025-03-01T01:13:08.832+0000] {logging_mixin.py:190} INFO - [2025-03-01T01:13:08.832+0000] {dagbag.py:588} INFO - Filling up the DagBag from /home/airflow/.local/lib/python3.12/site-packages/airflow/example_dags/example_task_group_decorator.py
[2025-03-01T01:13:08.844+0000] {processor.py:925} INFO - DAG(s) 'example_task_group_decorator' retrieved from /home/airflow/.local/lib/python3.12/site-packages/airflow/example_dags/example_task_group_decorator.py
[2025-03-01T01:13:08.869+0000] {logging_mixin.py:190} INFO - [2025-03-01T01:13:08.869+0000] {dag.py:3239} INFO - Sync 1 DAGs
[2025-03-01T01:13:08.883+0000] {logging_mixin.py:190} INFO - [2025-03-01T01:13:08.883+0000] {dag.py:4180} INFO - Setting next_dagrun for example_task_group_decorator to None, run_after=None
[2025-03-01T01:13:08.899+0000] {processor.py:208} INFO - Processing /home/airflow/.local/lib/python3.12/site-packages/airflow/example_dags/example_task_group_decorator.py took 0.074 seconds
[2025-03-01T01:13:39.982+0000] {processor.py:186} INFO - Started process (PID=1639) to work on /home/airflow/.local/lib/python3.12/site-packages/airflow/example_dags/example_task_group_decorator.py
[2025-03-01T01:13:39.982+0000] {processor.py:914} INFO - Processing file /home/airflow/.local/lib/python3.12/site-packages/airflow/example_dags/example_task_group_decorator.py for tasks to queue
[2025-03-01T01:13:39.983+0000] {logging_mixin.py:190} INFO - [2025-03-01T01:13:39.983+0000] {dagbag.py:588} INFO - Filling up the DagBag from /home/airflow/.local/lib/python3.12/site-packages/airflow/example_dags/example_task_group_decorator.py
[2025-03-01T01:13:39.995+0000] {processor.py:925} INFO - DAG(s) 'example_task_group_decorator' retrieved from /home/airflow/.local/lib/python3.12/site-packages/airflow/example_dags/example_task_group_decorator.py
[2025-03-01T01:13:40.019+0000] {logging_mixin.py:190} INFO - [2025-03-01T01:13:40.018+0000] {dag.py:3239} INFO - Sync 1 DAGs
[2025-03-01T01:13:40.034+0000] {logging_mixin.py:190} INFO - [2025-03-01T01:13:40.034+0000] {dag.py:4180} INFO - Setting next_dagrun for example_task_group_decorator to None, run_after=None
[2025-03-01T01:13:40.048+0000] {processor.py:208} INFO - Processing /home/airflow/.local/lib/python3.12/site-packages/airflow/example_dags/example_task_group_decorator.py took 0.070 seconds
[2025-03-01T01:14:11.313+0000] {processor.py:186} INFO - Started process (PID=1703) to work on /home/airflow/.local/lib/python3.12/site-packages/airflow/example_dags/example_task_group_decorator.py
[2025-03-01T01:14:11.314+0000] {processor.py:914} INFO - Processing file /home/airflow/.local/lib/python3.12/site-packages/airflow/example_dags/example_task_group_decorator.py for tasks to queue
[2025-03-01T01:14:11.315+0000] {logging_mixin.py:190} INFO - [2025-03-01T01:14:11.314+0000] {dagbag.py:588} INFO - Filling up the DagBag from /home/airflow/.local/lib/python3.12/site-packages/airflow/example_dags/example_task_group_decorator.py
[2025-03-01T01:14:11.332+0000] {processor.py:925} INFO - DAG(s) 'example_task_group_decorator' retrieved from /home/airflow/.local/lib/python3.12/site-packages/airflow/example_dags/example_task_group_decorator.py
[2025-03-01T01:14:11.358+0000] {logging_mixin.py:190} INFO - [2025-03-01T01:14:11.358+0000] {dag.py:3239} INFO - Sync 1 DAGs
[2025-03-01T01:14:11.369+0000] {logging_mixin.py:190} INFO - [2025-03-01T01:14:11.369+0000] {dag.py:4180} INFO - Setting next_dagrun for example_task_group_decorator to None, run_after=None
[2025-03-01T01:14:11.382+0000] {processor.py:208} INFO - Processing /home/airflow/.local/lib/python3.12/site-packages/airflow/example_dags/example_task_group_decorator.py took 0.074 seconds
[2025-03-01T01:14:42.634+0000] {processor.py:186} INFO - Started process (PID=1767) to work on /home/airflow/.local/lib/python3.12/site-packages/airflow/example_dags/example_task_group_decorator.py
[2025-03-01T01:14:42.634+0000] {processor.py:914} INFO - Processing file /home/airflow/.local/lib/python3.12/site-packages/airflow/example_dags/example_task_group_decorator.py for tasks to queue
[2025-03-01T01:14:42.635+0000] {logging_mixin.py:190} INFO - [2025-03-01T01:14:42.635+0000] {dagbag.py:588} INFO - Filling up the DagBag from /home/airflow/.local/lib/python3.12/site-packages/airflow/example_dags/example_task_group_decorator.py
[2025-03-01T01:14:42.652+0000] {processor.py:925} INFO - DAG(s) 'example_task_group_decorator' retrieved from /home/airflow/.local/lib/python3.12/site-packages/airflow/example_dags/example_task_group_decorator.py
[2025-03-01T01:14:42.684+0000] {logging_mixin.py:190} INFO - [2025-03-01T01:14:42.683+0000] {dag.py:3239} INFO - Sync 1 DAGs
[2025-03-01T01:14:42.700+0000] {logging_mixin.py:190} INFO - [2025-03-01T01:14:42.700+0000] {dag.py:4180} INFO - Setting next_dagrun for example_task_group_decorator to None, run_after=None
[2025-03-01T01:14:42.714+0000] {processor.py:208} INFO - Processing /home/airflow/.local/lib/python3.12/site-packages/airflow/example_dags/example_task_group_decorator.py took 0.085 seconds
[2025-03-01T01:15:13.951+0000] {processor.py:186} INFO - Started process (PID=1831) to work on /home/airflow/.local/lib/python3.12/site-packages/airflow/example_dags/example_task_group_decorator.py
[2025-03-01T01:15:13.952+0000] {processor.py:914} INFO - Processing file /home/airflow/.local/lib/python3.12/site-packages/airflow/example_dags/example_task_group_decorator.py for tasks to queue
[2025-03-01T01:15:13.952+0000] {logging_mixin.py:190} INFO - [2025-03-01T01:15:13.952+0000] {dagbag.py:588} INFO - Filling up the DagBag from /home/airflow/.local/lib/python3.12/site-packages/airflow/example_dags/example_task_group_decorator.py
[2025-03-01T01:15:13.965+0000] {processor.py:925} INFO - DAG(s) 'example_task_group_decorator' retrieved from /home/airflow/.local/lib/python3.12/site-packages/airflow/example_dags/example_task_group_decorator.py
[2025-03-01T01:15:13.986+0000] {logging_mixin.py:190} INFO - [2025-03-01T01:15:13.986+0000] {dag.py:3239} INFO - Sync 1 DAGs
[2025-03-01T01:15:13.999+0000] {logging_mixin.py:190} INFO - [2025-03-01T01:15:13.999+0000] {dag.py:4180} INFO - Setting next_dagrun for example_task_group_decorator to None, run_after=None
[2025-03-01T01:15:14.012+0000] {processor.py:208} INFO - Processing /home/airflow/.local/lib/python3.12/site-packages/airflow/example_dags/example_task_group_decorator.py took 0.066 seconds
[2025-03-01T01:15:45.390+0000] {processor.py:186} INFO - Started process (PID=1899) to work on /home/airflow/.local/lib/python3.12/site-packages/airflow/example_dags/example_task_group_decorator.py
[2025-03-01T01:15:45.390+0000] {processor.py:914} INFO - Processing file /home/airflow/.local/lib/python3.12/site-packages/airflow/example_dags/example_task_group_decorator.py for tasks to queue
[2025-03-01T01:15:45.391+0000] {logging_mixin.py:190} INFO - [2025-03-01T01:15:45.391+0000] {dagbag.py:588} INFO - Filling up the DagBag from /home/airflow/.local/lib/python3.12/site-packages/airflow/example_dags/example_task_group_decorator.py
[2025-03-01T01:15:45.403+0000] {processor.py:925} INFO - DAG(s) 'example_task_group_decorator' retrieved from /home/airflow/.local/lib/python3.12/site-packages/airflow/example_dags/example_task_group_decorator.py
[2025-03-01T01:15:45.428+0000] {logging_mixin.py:190} INFO - [2025-03-01T01:15:45.428+0000] {dag.py:3239} INFO - Sync 1 DAGs
[2025-03-01T01:15:45.442+0000] {logging_mixin.py:190} INFO - [2025-03-01T01:15:45.442+0000] {dag.py:4180} INFO - Setting next_dagrun for example_task_group_decorator to None, run_after=None
[2025-03-01T01:15:45.455+0000] {processor.py:208} INFO - Processing /home/airflow/.local/lib/python3.12/site-packages/airflow/example_dags/example_task_group_decorator.py took 0.070 seconds
[2025-03-01T01:16:16.020+0000] {processor.py:186} INFO - Started process (PID=1963) to work on /home/airflow/.local/lib/python3.12/site-packages/airflow/example_dags/example_task_group_decorator.py
[2025-03-01T01:16:16.021+0000] {processor.py:914} INFO - Processing file /home/airflow/.local/lib/python3.12/site-packages/airflow/example_dags/example_task_group_decorator.py for tasks to queue
[2025-03-01T01:16:16.022+0000] {logging_mixin.py:190} INFO - [2025-03-01T01:16:16.021+0000] {dagbag.py:588} INFO - Filling up the DagBag from /home/airflow/.local/lib/python3.12/site-packages/airflow/example_dags/example_task_group_decorator.py
[2025-03-01T01:16:16.037+0000] {processor.py:925} INFO - DAG(s) 'example_task_group_decorator' retrieved from /home/airflow/.local/lib/python3.12/site-packages/airflow/example_dags/example_task_group_decorator.py
[2025-03-01T01:16:16.056+0000] {logging_mixin.py:190} INFO - [2025-03-01T01:16:16.056+0000] {dag.py:3239} INFO - Sync 1 DAGs
[2025-03-01T01:16:16.069+0000] {logging_mixin.py:190} INFO - [2025-03-01T01:16:16.068+0000] {dag.py:4180} INFO - Setting next_dagrun for example_task_group_decorator to None, run_after=None
[2025-03-01T01:16:16.082+0000] {processor.py:208} INFO - Processing /home/airflow/.local/lib/python3.12/site-packages/airflow/example_dags/example_task_group_decorator.py took 0.066 seconds
[2025-03-01T01:16:48.985+0000] {processor.py:186} INFO - Started process (PID=2041) to work on /home/airflow/.local/lib/python3.12/site-packages/airflow/example_dags/example_task_group_decorator.py
[2025-03-01T01:16:48.986+0000] {processor.py:914} INFO - Processing file /home/airflow/.local/lib/python3.12/site-packages/airflow/example_dags/example_task_group_decorator.py for tasks to queue
[2025-03-01T01:16:48.986+0000] {logging_mixin.py:190} INFO - [2025-03-01T01:16:48.986+0000] {dagbag.py:588} INFO - Filling up the DagBag from /home/airflow/.local/lib/python3.12/site-packages/airflow/example_dags/example_task_group_decorator.py
[2025-03-01T01:16:49.000+0000] {processor.py:925} INFO - DAG(s) 'example_task_group_decorator' retrieved from /home/airflow/.local/lib/python3.12/site-packages/airflow/example_dags/example_task_group_decorator.py
[2025-03-01T01:16:49.020+0000] {logging_mixin.py:190} INFO - [2025-03-01T01:16:49.020+0000] {dag.py:3239} INFO - Sync 1 DAGs
[2025-03-01T01:16:49.032+0000] {logging_mixin.py:190} INFO - [2025-03-01T01:16:49.032+0000] {dag.py:4180} INFO - Setting next_dagrun for example_task_group_decorator to None, run_after=None
[2025-03-01T01:16:49.046+0000] {processor.py:208} INFO - Processing /home/airflow/.local/lib/python3.12/site-packages/airflow/example_dags/example_task_group_decorator.py took 0.066 seconds
