[2025-03-01T01:01:09.607+0000] {processor.py:186} INFO - Started process (PID=101) to work on /home/airflow/.local/lib/python3.12/site-packages/airflow/example_dags/example_inlet_event_extra.py
[2025-03-01T01:01:09.607+0000] {processor.py:914} INFO - Processing file /home/airflow/.local/lib/python3.12/site-packages/airflow/example_dags/example_inlet_event_extra.py for tasks to queue
[2025-03-01T01:01:09.609+0000] {logging_mixin.py:190} INFO - [2025-03-01T01:01:09.609+0000] {dagbag.py:588} INFO - Filling up the DagBag from /home/airflow/.local/lib/python3.12/site-packages/airflow/example_dags/example_inlet_event_extra.py
[2025-03-01T01:01:10.307+0000] {processor.py:925} INFO - DAG(s) 'read_dataset_event', 'read_dataset_event_from_classic' retrieved from /home/airflow/.local/lib/python3.12/site-packages/airflow/example_dags/example_inlet_event_extra.py
[2025-03-01T01:01:10.428+0000] {logging_mixin.py:190} INFO - [2025-03-01T01:01:10.427+0000] {override.py:1911} INFO - Created Permission View: can edit on DAG:read_dataset_event
[2025-03-01T01:01:10.436+0000] {logging_mixin.py:190} INFO - [2025-03-01T01:01:10.436+0000] {override.py:1911} INFO - Created Permission View: can read on DAG:read_dataset_event
[2025-03-01T01:01:10.441+0000] {logging_mixin.py:190} INFO - [2025-03-01T01:01:10.441+0000] {override.py:1911} INFO - Created Permission View: can delete on DAG:read_dataset_event
[2025-03-01T01:01:10.445+0000] {logging_mixin.py:190} INFO - [2025-03-01T01:01:10.445+0000] {override.py:1911} INFO - Created Permission View: menu access on DAG Run:read_dataset_event
[2025-03-01T01:01:10.450+0000] {logging_mixin.py:190} INFO - [2025-03-01T01:01:10.450+0000] {override.py:1911} INFO - Created Permission View: can delete on DAG Run:read_dataset_event
[2025-03-01T01:01:10.454+0000] {logging_mixin.py:190} INFO - [2025-03-01T01:01:10.454+0000] {override.py:1911} INFO - Created Permission View: can create on DAG Run:read_dataset_event
[2025-03-01T01:01:10.459+0000] {logging_mixin.py:190} INFO - [2025-03-01T01:01:10.459+0000] {override.py:1911} INFO - Created Permission View: can read on DAG Run:read_dataset_event
[2025-03-01T01:01:10.492+0000] {logging_mixin.py:190} INFO - [2025-03-01T01:01:10.491+0000] {override.py:1911} INFO - Created Permission View: can edit on DAG:read_dataset_event_from_classic
[2025-03-01T01:01:10.501+0000] {logging_mixin.py:190} INFO - [2025-03-01T01:01:10.500+0000] {override.py:1911} INFO - Created Permission View: can read on DAG:read_dataset_event_from_classic
[2025-03-01T01:01:10.507+0000] {logging_mixin.py:190} INFO - [2025-03-01T01:01:10.506+0000] {override.py:1911} INFO - Created Permission View: can delete on DAG:read_dataset_event_from_classic
[2025-03-01T01:01:10.513+0000] {logging_mixin.py:190} INFO - [2025-03-01T01:01:10.513+0000] {override.py:1911} INFO - Created Permission View: menu access on DAG Run:read_dataset_event_from_classic
[2025-03-01T01:01:10.519+0000] {logging_mixin.py:190} INFO - [2025-03-01T01:01:10.518+0000] {override.py:1911} INFO - Created Permission View: can delete on DAG Run:read_dataset_event_from_classic
[2025-03-01T01:01:10.524+0000] {logging_mixin.py:190} INFO - [2025-03-01T01:01:10.524+0000] {override.py:1911} INFO - Created Permission View: can create on DAG Run:read_dataset_event_from_classic
[2025-03-01T01:01:10.530+0000] {logging_mixin.py:190} INFO - [2025-03-01T01:01:10.530+0000] {override.py:1911} INFO - Created Permission View: can read on DAG Run:read_dataset_event_from_classic
[2025-03-01T01:01:10.530+0000] {logging_mixin.py:190} INFO - [2025-03-01T01:01:10.530+0000] {dag.py:3239} INFO - Sync 2 DAGs
[2025-03-01T01:01:10.549+0000] {logging_mixin.py:190} INFO - [2025-03-01T01:01:10.548+0000] {dag.py:3262} INFO - Creating ORM DAG for read_dataset_event
[2025-03-01T01:01:10.549+0000] {logging_mixin.py:190} INFO - [2025-03-01T01:01:10.549+0000] {dag.py:3262} INFO - Creating ORM DAG for read_dataset_event_from_classic
[2025-03-01T01:01:10.561+0000] {logging_mixin.py:190} INFO - [2025-03-01T01:01:10.561+0000] {dag.py:4180} INFO - Setting next_dagrun for read_dataset_event to 2025-02-28 00:00:00+00:00, run_after=2025-03-01 00:00:00+00:00
[2025-03-01T01:01:10.564+0000] {logging_mixin.py:190} INFO - [2025-03-01T01:01:10.564+0000] {dag.py:4180} INFO - Setting next_dagrun for read_dataset_event_from_classic to 2025-02-28 00:00:00+00:00, run_after=2025-03-01 00:00:00+00:00
[2025-03-01T01:01:10.583+0000] {processor.py:208} INFO - Processing /home/airflow/.local/lib/python3.12/site-packages/airflow/example_dags/example_inlet_event_extra.py took 0.983 seconds
[2025-03-01T01:01:40.951+0000] {processor.py:186} INFO - Started process (PID=163) to work on /home/airflow/.local/lib/python3.12/site-packages/airflow/example_dags/example_inlet_event_extra.py
[2025-03-01T01:01:40.952+0000] {processor.py:914} INFO - Processing file /home/airflow/.local/lib/python3.12/site-packages/airflow/example_dags/example_inlet_event_extra.py for tasks to queue
[2025-03-01T01:01:40.953+0000] {logging_mixin.py:190} INFO - [2025-03-01T01:01:40.953+0000] {dagbag.py:588} INFO - Filling up the DagBag from /home/airflow/.local/lib/python3.12/site-packages/airflow/example_dags/example_inlet_event_extra.py
[2025-03-01T01:01:41.485+0000] {processor.py:925} INFO - DAG(s) 'read_dataset_event', 'read_dataset_event_from_classic' retrieved from /home/airflow/.local/lib/python3.12/site-packages/airflow/example_dags/example_inlet_event_extra.py
[2025-03-01T01:01:41.504+0000] {logging_mixin.py:190} INFO - [2025-03-01T01:01:41.504+0000] {dag.py:3239} INFO - Sync 2 DAGs
[2025-03-01T01:01:41.530+0000] {logging_mixin.py:190} INFO - [2025-03-01T01:01:41.529+0000] {dag.py:4180} INFO - Setting next_dagrun for read_dataset_event to 2025-02-28 00:00:00+00:00, run_after=2025-03-01 00:00:00+00:00
[2025-03-01T01:01:41.535+0000] {logging_mixin.py:190} INFO - [2025-03-01T01:01:41.534+0000] {dag.py:4180} INFO - Setting next_dagrun for read_dataset_event_from_classic to 2025-02-28 00:00:00+00:00, run_after=2025-03-01 00:00:00+00:00
[2025-03-01T01:01:41.547+0000] {processor.py:208} INFO - Processing /home/airflow/.local/lib/python3.12/site-packages/airflow/example_dags/example_inlet_event_extra.py took 0.600 seconds
[2025-03-01T01:02:11.980+0000] {processor.py:186} INFO - Started process (PID=227) to work on /home/airflow/.local/lib/python3.12/site-packages/airflow/example_dags/example_inlet_event_extra.py
[2025-03-01T01:02:11.981+0000] {processor.py:914} INFO - Processing file /home/airflow/.local/lib/python3.12/site-packages/airflow/example_dags/example_inlet_event_extra.py for tasks to queue
[2025-03-01T01:02:11.983+0000] {logging_mixin.py:190} INFO - [2025-03-01T01:02:11.983+0000] {dagbag.py:588} INFO - Filling up the DagBag from /home/airflow/.local/lib/python3.12/site-packages/airflow/example_dags/example_inlet_event_extra.py
[2025-03-01T01:02:12.496+0000] {processor.py:925} INFO - DAG(s) 'read_dataset_event', 'read_dataset_event_from_classic' retrieved from /home/airflow/.local/lib/python3.12/site-packages/airflow/example_dags/example_inlet_event_extra.py
[2025-03-01T01:02:12.513+0000] {logging_mixin.py:190} INFO - [2025-03-01T01:02:12.513+0000] {dag.py:3239} INFO - Sync 2 DAGs
[2025-03-01T01:02:12.532+0000] {logging_mixin.py:190} INFO - [2025-03-01T01:02:12.532+0000] {dag.py:4180} INFO - Setting next_dagrun for read_dataset_event to 2025-02-28 00:00:00+00:00, run_after=2025-03-01 00:00:00+00:00
[2025-03-01T01:02:12.536+0000] {logging_mixin.py:190} INFO - [2025-03-01T01:02:12.536+0000] {dag.py:4180} INFO - Setting next_dagrun for read_dataset_event_from_classic to 2025-02-28 00:00:00+00:00, run_after=2025-03-01 00:00:00+00:00
[2025-03-01T01:02:12.547+0000] {processor.py:208} INFO - Processing /home/airflow/.local/lib/python3.12/site-packages/airflow/example_dags/example_inlet_event_extra.py took 0.571 seconds
[2025-03-01T01:02:42.592+0000] {processor.py:186} INFO - Started process (PID=288) to work on /home/airflow/.local/lib/python3.12/site-packages/airflow/example_dags/example_inlet_event_extra.py
[2025-03-01T01:02:42.592+0000] {processor.py:914} INFO - Processing file /home/airflow/.local/lib/python3.12/site-packages/airflow/example_dags/example_inlet_event_extra.py for tasks to queue
[2025-03-01T01:02:42.594+0000] {logging_mixin.py:190} INFO - [2025-03-01T01:02:42.594+0000] {dagbag.py:588} INFO - Filling up the DagBag from /home/airflow/.local/lib/python3.12/site-packages/airflow/example_dags/example_inlet_event_extra.py
[2025-03-01T01:02:43.085+0000] {processor.py:925} INFO - DAG(s) 'read_dataset_event_from_classic', 'read_dataset_event' retrieved from /home/airflow/.local/lib/python3.12/site-packages/airflow/example_dags/example_inlet_event_extra.py
[2025-03-01T01:02:43.101+0000] {logging_mixin.py:190} INFO - [2025-03-01T01:02:43.101+0000] {dag.py:3239} INFO - Sync 2 DAGs
[2025-03-01T01:02:43.123+0000] {logging_mixin.py:190} INFO - [2025-03-01T01:02:43.122+0000] {dag.py:4180} INFO - Setting next_dagrun for read_dataset_event to 2025-02-28 00:00:00+00:00, run_after=2025-03-01 00:00:00+00:00
[2025-03-01T01:02:43.129+0000] {logging_mixin.py:190} INFO - [2025-03-01T01:02:43.128+0000] {dag.py:4180} INFO - Setting next_dagrun for read_dataset_event_from_classic to 2025-02-28 00:00:00+00:00, run_after=2025-03-01 00:00:00+00:00
[2025-03-01T01:02:43.145+0000] {processor.py:208} INFO - Processing /home/airflow/.local/lib/python3.12/site-packages/airflow/example_dags/example_inlet_event_extra.py took 0.557 seconds
[2025-03-01T01:03:13.562+0000] {processor.py:186} INFO - Started process (PID=351) to work on /home/airflow/.local/lib/python3.12/site-packages/airflow/example_dags/example_inlet_event_extra.py
[2025-03-01T01:03:13.562+0000] {processor.py:914} INFO - Processing file /home/airflow/.local/lib/python3.12/site-packages/airflow/example_dags/example_inlet_event_extra.py for tasks to queue
[2025-03-01T01:03:13.564+0000] {logging_mixin.py:190} INFO - [2025-03-01T01:03:13.564+0000] {dagbag.py:588} INFO - Filling up the DagBag from /home/airflow/.local/lib/python3.12/site-packages/airflow/example_dags/example_inlet_event_extra.py
[2025-03-01T01:03:14.119+0000] {processor.py:925} INFO - DAG(s) 'read_dataset_event', 'read_dataset_event_from_classic' retrieved from /home/airflow/.local/lib/python3.12/site-packages/airflow/example_dags/example_inlet_event_extra.py
[2025-03-01T01:03:14.135+0000] {logging_mixin.py:190} INFO - [2025-03-01T01:03:14.134+0000] {dag.py:3239} INFO - Sync 2 DAGs
[2025-03-01T01:03:14.155+0000] {logging_mixin.py:190} INFO - [2025-03-01T01:03:14.155+0000] {dag.py:4180} INFO - Setting next_dagrun for read_dataset_event to 2025-02-28 00:00:00+00:00, run_after=2025-03-01 00:00:00+00:00
[2025-03-01T01:03:14.159+0000] {logging_mixin.py:190} INFO - [2025-03-01T01:03:14.159+0000] {dag.py:4180} INFO - Setting next_dagrun for read_dataset_event_from_classic to 2025-02-28 00:00:00+00:00, run_after=2025-03-01 00:00:00+00:00
[2025-03-01T01:03:14.170+0000] {processor.py:208} INFO - Processing /home/airflow/.local/lib/python3.12/site-packages/airflow/example_dags/example_inlet_event_extra.py took 0.612 seconds
[2025-03-01T01:03:45.006+0000] {processor.py:186} INFO - Started process (PID=419) to work on /home/airflow/.local/lib/python3.12/site-packages/airflow/example_dags/example_inlet_event_extra.py
[2025-03-01T01:03:45.007+0000] {processor.py:914} INFO - Processing file /home/airflow/.local/lib/python3.12/site-packages/airflow/example_dags/example_inlet_event_extra.py for tasks to queue
[2025-03-01T01:03:45.008+0000] {logging_mixin.py:190} INFO - [2025-03-01T01:03:45.008+0000] {dagbag.py:588} INFO - Filling up the DagBag from /home/airflow/.local/lib/python3.12/site-packages/airflow/example_dags/example_inlet_event_extra.py
[2025-03-01T01:03:45.529+0000] {processor.py:925} INFO - DAG(s) 'read_dataset_event', 'read_dataset_event_from_classic' retrieved from /home/airflow/.local/lib/python3.12/site-packages/airflow/example_dags/example_inlet_event_extra.py
[2025-03-01T01:03:45.546+0000] {logging_mixin.py:190} INFO - [2025-03-01T01:03:45.546+0000] {dag.py:3239} INFO - Sync 2 DAGs
[2025-03-01T01:03:45.568+0000] {logging_mixin.py:190} INFO - [2025-03-01T01:03:45.568+0000] {dag.py:4180} INFO - Setting next_dagrun for read_dataset_event to 2025-02-28 00:00:00+00:00, run_after=2025-03-01 00:00:00+00:00
[2025-03-01T01:03:45.572+0000] {logging_mixin.py:190} INFO - [2025-03-01T01:03:45.572+0000] {dag.py:4180} INFO - Setting next_dagrun for read_dataset_event_from_classic to 2025-02-28 00:00:00+00:00, run_after=2025-03-01 00:00:00+00:00
[2025-03-01T01:03:45.584+0000] {processor.py:208} INFO - Processing /home/airflow/.local/lib/python3.12/site-packages/airflow/example_dags/example_inlet_event_extra.py took 0.582 seconds
[2025-03-01T01:04:15.857+0000] {processor.py:186} INFO - Started process (PID=482) to work on /home/airflow/.local/lib/python3.12/site-packages/airflow/example_dags/example_inlet_event_extra.py
[2025-03-01T01:04:15.858+0000] {processor.py:914} INFO - Processing file /home/airflow/.local/lib/python3.12/site-packages/airflow/example_dags/example_inlet_event_extra.py for tasks to queue
[2025-03-01T01:04:15.860+0000] {logging_mixin.py:190} INFO - [2025-03-01T01:04:15.860+0000] {dagbag.py:588} INFO - Filling up the DagBag from /home/airflow/.local/lib/python3.12/site-packages/airflow/example_dags/example_inlet_event_extra.py
[2025-03-01T01:04:16.479+0000] {processor.py:925} INFO - DAG(s) 'read_dataset_event', 'read_dataset_event_from_classic' retrieved from /home/airflow/.local/lib/python3.12/site-packages/airflow/example_dags/example_inlet_event_extra.py
[2025-03-01T01:04:16.503+0000] {logging_mixin.py:190} INFO - [2025-03-01T01:04:16.503+0000] {dag.py:3239} INFO - Sync 2 DAGs
[2025-03-01T01:04:16.531+0000] {logging_mixin.py:190} INFO - [2025-03-01T01:04:16.531+0000] {dag.py:4180} INFO - Setting next_dagrun for read_dataset_event to 2025-02-28 00:00:00+00:00, run_after=2025-03-01 00:00:00+00:00
[2025-03-01T01:04:16.537+0000] {logging_mixin.py:190} INFO - [2025-03-01T01:04:16.537+0000] {dag.py:4180} INFO - Setting next_dagrun for read_dataset_event_from_classic to 2025-02-28 00:00:00+00:00, run_after=2025-03-01 00:00:00+00:00
[2025-03-01T01:04:16.552+0000] {processor.py:208} INFO - Processing /home/airflow/.local/lib/python3.12/site-packages/airflow/example_dags/example_inlet_event_extra.py took 0.701 seconds
[2025-03-01T01:04:46.689+0000] {processor.py:186} INFO - Started process (PID=545) to work on /home/airflow/.local/lib/python3.12/site-packages/airflow/example_dags/example_inlet_event_extra.py
[2025-03-01T01:04:46.690+0000] {processor.py:914} INFO - Processing file /home/airflow/.local/lib/python3.12/site-packages/airflow/example_dags/example_inlet_event_extra.py for tasks to queue
[2025-03-01T01:04:46.691+0000] {logging_mixin.py:190} INFO - [2025-03-01T01:04:46.691+0000] {dagbag.py:588} INFO - Filling up the DagBag from /home/airflow/.local/lib/python3.12/site-packages/airflow/example_dags/example_inlet_event_extra.py
[2025-03-01T01:04:47.185+0000] {processor.py:925} INFO - DAG(s) 'read_dataset_event', 'read_dataset_event_from_classic' retrieved from /home/airflow/.local/lib/python3.12/site-packages/airflow/example_dags/example_inlet_event_extra.py
[2025-03-01T01:04:47.206+0000] {logging_mixin.py:190} INFO - [2025-03-01T01:04:47.205+0000] {dag.py:3239} INFO - Sync 2 DAGs
[2025-03-01T01:04:47.232+0000] {logging_mixin.py:190} INFO - [2025-03-01T01:04:47.232+0000] {dag.py:4180} INFO - Setting next_dagrun for read_dataset_event to 2025-02-28 00:00:00+00:00, run_after=2025-03-01 00:00:00+00:00
[2025-03-01T01:04:47.237+0000] {logging_mixin.py:190} INFO - [2025-03-01T01:04:47.236+0000] {dag.py:4180} INFO - Setting next_dagrun for read_dataset_event_from_classic to 2025-02-28 00:00:00+00:00, run_after=2025-03-01 00:00:00+00:00
[2025-03-01T01:04:47.250+0000] {processor.py:208} INFO - Processing /home/airflow/.local/lib/python3.12/site-packages/airflow/example_dags/example_inlet_event_extra.py took 0.564 seconds
[2025-03-01T01:05:17.595+0000] {processor.py:186} INFO - Started process (PID=608) to work on /home/airflow/.local/lib/python3.12/site-packages/airflow/example_dags/example_inlet_event_extra.py
[2025-03-01T01:05:17.596+0000] {processor.py:914} INFO - Processing file /home/airflow/.local/lib/python3.12/site-packages/airflow/example_dags/example_inlet_event_extra.py for tasks to queue
[2025-03-01T01:05:17.598+0000] {logging_mixin.py:190} INFO - [2025-03-01T01:05:17.598+0000] {dagbag.py:588} INFO - Filling up the DagBag from /home/airflow/.local/lib/python3.12/site-packages/airflow/example_dags/example_inlet_event_extra.py
[2025-03-01T01:05:18.240+0000] {processor.py:925} INFO - DAG(s) 'read_dataset_event_from_classic', 'read_dataset_event' retrieved from /home/airflow/.local/lib/python3.12/site-packages/airflow/example_dags/example_inlet_event_extra.py
[2025-03-01T01:05:18.263+0000] {logging_mixin.py:190} INFO - [2025-03-01T01:05:18.262+0000] {dag.py:3239} INFO - Sync 2 DAGs
[2025-03-01T01:05:18.292+0000] {logging_mixin.py:190} INFO - [2025-03-01T01:05:18.291+0000] {dag.py:4180} INFO - Setting next_dagrun for read_dataset_event to 2025-02-28 00:00:00+00:00, run_after=2025-03-01 00:00:00+00:00
[2025-03-01T01:05:18.297+0000] {logging_mixin.py:190} INFO - [2025-03-01T01:05:18.297+0000] {dag.py:4180} INFO - Setting next_dagrun for read_dataset_event_from_classic to 2025-02-28 00:00:00+00:00, run_after=2025-03-01 00:00:00+00:00
[2025-03-01T01:05:18.312+0000] {processor.py:208} INFO - Processing /home/airflow/.local/lib/python3.12/site-packages/airflow/example_dags/example_inlet_event_extra.py took 0.723 seconds
[2025-03-01T01:05:49.042+0000] {processor.py:186} INFO - Started process (PID=671) to work on /home/airflow/.local/lib/python3.12/site-packages/airflow/example_dags/example_inlet_event_extra.py
[2025-03-01T01:05:49.043+0000] {processor.py:914} INFO - Processing file /home/airflow/.local/lib/python3.12/site-packages/airflow/example_dags/example_inlet_event_extra.py for tasks to queue
[2025-03-01T01:05:49.044+0000] {logging_mixin.py:190} INFO - [2025-03-01T01:05:49.044+0000] {dagbag.py:588} INFO - Filling up the DagBag from /home/airflow/.local/lib/python3.12/site-packages/airflow/example_dags/example_inlet_event_extra.py
[2025-03-01T01:05:49.646+0000] {processor.py:925} INFO - DAG(s) 'read_dataset_event_from_classic', 'read_dataset_event' retrieved from /home/airflow/.local/lib/python3.12/site-packages/airflow/example_dags/example_inlet_event_extra.py
[2025-03-01T01:05:49.668+0000] {logging_mixin.py:190} INFO - [2025-03-01T01:05:49.668+0000] {dag.py:3239} INFO - Sync 2 DAGs
[2025-03-01T01:05:49.698+0000] {logging_mixin.py:190} INFO - [2025-03-01T01:05:49.698+0000] {dag.py:4180} INFO - Setting next_dagrun for read_dataset_event to 2025-02-28 00:00:00+00:00, run_after=2025-03-01 00:00:00+00:00
[2025-03-01T01:05:49.704+0000] {logging_mixin.py:190} INFO - [2025-03-01T01:05:49.704+0000] {dag.py:4180} INFO - Setting next_dagrun for read_dataset_event_from_classic to 2025-02-28 00:00:00+00:00, run_after=2025-03-01 00:00:00+00:00
[2025-03-01T01:05:49.721+0000] {processor.py:208} INFO - Processing /home/airflow/.local/lib/python3.12/site-packages/airflow/example_dags/example_inlet_event_extra.py took 0.683 seconds
[2025-03-01T01:06:20.484+0000] {processor.py:186} INFO - Started process (PID=734) to work on /home/airflow/.local/lib/python3.12/site-packages/airflow/example_dags/example_inlet_event_extra.py
[2025-03-01T01:06:20.485+0000] {processor.py:914} INFO - Processing file /home/airflow/.local/lib/python3.12/site-packages/airflow/example_dags/example_inlet_event_extra.py for tasks to queue
[2025-03-01T01:06:20.486+0000] {logging_mixin.py:190} INFO - [2025-03-01T01:06:20.486+0000] {dagbag.py:588} INFO - Filling up the DagBag from /home/airflow/.local/lib/python3.12/site-packages/airflow/example_dags/example_inlet_event_extra.py
[2025-03-01T01:06:20.976+0000] {processor.py:925} INFO - DAG(s) 'read_dataset_event', 'read_dataset_event_from_classic' retrieved from /home/airflow/.local/lib/python3.12/site-packages/airflow/example_dags/example_inlet_event_extra.py
[2025-03-01T01:06:20.994+0000] {logging_mixin.py:190} INFO - [2025-03-01T01:06:20.994+0000] {dag.py:3239} INFO - Sync 2 DAGs
[2025-03-01T01:06:21.022+0000] {logging_mixin.py:190} INFO - [2025-03-01T01:06:21.021+0000] {dag.py:4180} INFO - Setting next_dagrun for read_dataset_event to 2025-02-28 00:00:00+00:00, run_after=2025-03-01 00:00:00+00:00
[2025-03-01T01:06:21.026+0000] {logging_mixin.py:190} INFO - [2025-03-01T01:06:21.026+0000] {dag.py:4180} INFO - Setting next_dagrun for read_dataset_event_from_classic to 2025-02-28 00:00:00+00:00, run_after=2025-03-01 00:00:00+00:00
[2025-03-01T01:06:21.040+0000] {processor.py:208} INFO - Processing /home/airflow/.local/lib/python3.12/site-packages/airflow/example_dags/example_inlet_event_extra.py took 0.560 seconds
[2025-03-01T01:06:51.910+0000] {processor.py:186} INFO - Started process (PID=797) to work on /home/airflow/.local/lib/python3.12/site-packages/airflow/example_dags/example_inlet_event_extra.py
[2025-03-01T01:06:51.911+0000] {processor.py:914} INFO - Processing file /home/airflow/.local/lib/python3.12/site-packages/airflow/example_dags/example_inlet_event_extra.py for tasks to queue
[2025-03-01T01:06:51.913+0000] {logging_mixin.py:190} INFO - [2025-03-01T01:06:51.912+0000] {dagbag.py:588} INFO - Filling up the DagBag from /home/airflow/.local/lib/python3.12/site-packages/airflow/example_dags/example_inlet_event_extra.py
[2025-03-01T01:06:52.475+0000] {processor.py:925} INFO - DAG(s) 'read_dataset_event_from_classic', 'read_dataset_event' retrieved from /home/airflow/.local/lib/python3.12/site-packages/airflow/example_dags/example_inlet_event_extra.py
[2025-03-01T01:06:52.497+0000] {logging_mixin.py:190} INFO - [2025-03-01T01:06:52.497+0000] {dag.py:3239} INFO - Sync 2 DAGs
[2025-03-01T01:06:52.524+0000] {logging_mixin.py:190} INFO - [2025-03-01T01:06:52.524+0000] {dag.py:4180} INFO - Setting next_dagrun for read_dataset_event to 2025-02-28 00:00:00+00:00, run_after=2025-03-01 00:00:00+00:00
[2025-03-01T01:06:52.528+0000] {logging_mixin.py:190} INFO - [2025-03-01T01:06:52.528+0000] {dag.py:4180} INFO - Setting next_dagrun for read_dataset_event_from_classic to 2025-02-28 00:00:00+00:00, run_after=2025-03-01 00:00:00+00:00
[2025-03-01T01:06:52.544+0000] {processor.py:208} INFO - Processing /home/airflow/.local/lib/python3.12/site-packages/airflow/example_dags/example_inlet_event_extra.py took 0.639 seconds
[2025-03-01T01:07:23.202+0000] {processor.py:186} INFO - Started process (PID=860) to work on /home/airflow/.local/lib/python3.12/site-packages/airflow/example_dags/example_inlet_event_extra.py
[2025-03-01T01:07:23.202+0000] {processor.py:914} INFO - Processing file /home/airflow/.local/lib/python3.12/site-packages/airflow/example_dags/example_inlet_event_extra.py for tasks to queue
[2025-03-01T01:07:23.204+0000] {logging_mixin.py:190} INFO - [2025-03-01T01:07:23.203+0000] {dagbag.py:588} INFO - Filling up the DagBag from /home/airflow/.local/lib/python3.12/site-packages/airflow/example_dags/example_inlet_event_extra.py
[2025-03-01T01:07:23.702+0000] {processor.py:925} INFO - DAG(s) 'read_dataset_event', 'read_dataset_event_from_classic' retrieved from /home/airflow/.local/lib/python3.12/site-packages/airflow/example_dags/example_inlet_event_extra.py
[2025-03-01T01:07:23.718+0000] {logging_mixin.py:190} INFO - [2025-03-01T01:07:23.718+0000] {dag.py:3239} INFO - Sync 2 DAGs
[2025-03-01T01:07:23.737+0000] {logging_mixin.py:190} INFO - [2025-03-01T01:07:23.736+0000] {dag.py:4180} INFO - Setting next_dagrun for read_dataset_event to 2025-02-28 00:00:00+00:00, run_after=2025-03-01 00:00:00+00:00
[2025-03-01T01:07:23.740+0000] {logging_mixin.py:190} INFO - [2025-03-01T01:07:23.740+0000] {dag.py:4180} INFO - Setting next_dagrun for read_dataset_event_from_classic to 2025-02-28 00:00:00+00:00, run_after=2025-03-01 00:00:00+00:00
[2025-03-01T01:07:23.751+0000] {processor.py:208} INFO - Processing /home/airflow/.local/lib/python3.12/site-packages/airflow/example_dags/example_inlet_event_extra.py took 0.554 seconds
[2025-03-01T01:07:54.394+0000] {processor.py:186} INFO - Started process (PID=923) to work on /home/airflow/.local/lib/python3.12/site-packages/airflow/example_dags/example_inlet_event_extra.py
[2025-03-01T01:07:54.394+0000] {processor.py:914} INFO - Processing file /home/airflow/.local/lib/python3.12/site-packages/airflow/example_dags/example_inlet_event_extra.py for tasks to queue
[2025-03-01T01:07:54.396+0000] {logging_mixin.py:190} INFO - [2025-03-01T01:07:54.395+0000] {dagbag.py:588} INFO - Filling up the DagBag from /home/airflow/.local/lib/python3.12/site-packages/airflow/example_dags/example_inlet_event_extra.py
[2025-03-01T01:07:54.923+0000] {processor.py:925} INFO - DAG(s) 'read_dataset_event', 'read_dataset_event_from_classic' retrieved from /home/airflow/.local/lib/python3.12/site-packages/airflow/example_dags/example_inlet_event_extra.py
[2025-03-01T01:07:54.942+0000] {logging_mixin.py:190} INFO - [2025-03-01T01:07:54.941+0000] {dag.py:3239} INFO - Sync 2 DAGs
[2025-03-01T01:07:54.962+0000] {logging_mixin.py:190} INFO - [2025-03-01T01:07:54.962+0000] {dag.py:4180} INFO - Setting next_dagrun for read_dataset_event to 2025-02-28 00:00:00+00:00, run_after=2025-03-01 00:00:00+00:00
[2025-03-01T01:07:54.966+0000] {logging_mixin.py:190} INFO - [2025-03-01T01:07:54.966+0000] {dag.py:4180} INFO - Setting next_dagrun for read_dataset_event_from_classic to 2025-02-28 00:00:00+00:00, run_after=2025-03-01 00:00:00+00:00
[2025-03-01T01:07:54.977+0000] {processor.py:208} INFO - Processing /home/airflow/.local/lib/python3.12/site-packages/airflow/example_dags/example_inlet_event_extra.py took 0.588 seconds
[2025-03-01T01:08:25.656+0000] {processor.py:186} INFO - Started process (PID=987) to work on /home/airflow/.local/lib/python3.12/site-packages/airflow/example_dags/example_inlet_event_extra.py
[2025-03-01T01:08:25.656+0000] {processor.py:914} INFO - Processing file /home/airflow/.local/lib/python3.12/site-packages/airflow/example_dags/example_inlet_event_extra.py for tasks to queue
[2025-03-01T01:08:25.658+0000] {logging_mixin.py:190} INFO - [2025-03-01T01:08:25.658+0000] {dagbag.py:588} INFO - Filling up the DagBag from /home/airflow/.local/lib/python3.12/site-packages/airflow/example_dags/example_inlet_event_extra.py
[2025-03-01T01:08:26.222+0000] {processor.py:925} INFO - DAG(s) 'read_dataset_event_from_classic', 'read_dataset_event' retrieved from /home/airflow/.local/lib/python3.12/site-packages/airflow/example_dags/example_inlet_event_extra.py
[2025-03-01T01:08:26.240+0000] {logging_mixin.py:190} INFO - [2025-03-01T01:08:26.240+0000] {dag.py:3239} INFO - Sync 2 DAGs
[2025-03-01T01:08:26.261+0000] {logging_mixin.py:190} INFO - [2025-03-01T01:08:26.261+0000] {dag.py:4180} INFO - Setting next_dagrun for read_dataset_event to 2025-02-28 00:00:00+00:00, run_after=2025-03-01 00:00:00+00:00
[2025-03-01T01:08:26.265+0000] {logging_mixin.py:190} INFO - [2025-03-01T01:08:26.265+0000] {dag.py:4180} INFO - Setting next_dagrun for read_dataset_event_from_classic to 2025-02-28 00:00:00+00:00, run_after=2025-03-01 00:00:00+00:00
[2025-03-01T01:08:26.276+0000] {processor.py:208} INFO - Processing /home/airflow/.local/lib/python3.12/site-packages/airflow/example_dags/example_inlet_event_extra.py took 0.627 seconds
[2025-03-01T01:08:56.927+0000] {processor.py:186} INFO - Started process (PID=1049) to work on /home/airflow/.local/lib/python3.12/site-packages/airflow/example_dags/example_inlet_event_extra.py
[2025-03-01T01:08:56.927+0000] {processor.py:914} INFO - Processing file /home/airflow/.local/lib/python3.12/site-packages/airflow/example_dags/example_inlet_event_extra.py for tasks to queue
[2025-03-01T01:08:56.929+0000] {logging_mixin.py:190} INFO - [2025-03-01T01:08:56.929+0000] {dagbag.py:588} INFO - Filling up the DagBag from /home/airflow/.local/lib/python3.12/site-packages/airflow/example_dags/example_inlet_event_extra.py
[2025-03-01T01:08:57.411+0000] {processor.py:925} INFO - DAG(s) 'read_dataset_event', 'read_dataset_event_from_classic' retrieved from /home/airflow/.local/lib/python3.12/site-packages/airflow/example_dags/example_inlet_event_extra.py
[2025-03-01T01:08:57.426+0000] {logging_mixin.py:190} INFO - [2025-03-01T01:08:57.426+0000] {dag.py:3239} INFO - Sync 2 DAGs
[2025-03-01T01:08:57.448+0000] {logging_mixin.py:190} INFO - [2025-03-01T01:08:57.448+0000] {dag.py:4180} INFO - Setting next_dagrun for read_dataset_event to 2025-02-28 00:00:00+00:00, run_after=2025-03-01 00:00:00+00:00
[2025-03-01T01:08:57.452+0000] {logging_mixin.py:190} INFO - [2025-03-01T01:08:57.452+0000] {dag.py:4180} INFO - Setting next_dagrun for read_dataset_event_from_classic to 2025-02-28 00:00:00+00:00, run_after=2025-03-01 00:00:00+00:00
[2025-03-01T01:08:57.465+0000] {processor.py:208} INFO - Processing /home/airflow/.local/lib/python3.12/site-packages/airflow/example_dags/example_inlet_event_extra.py took 0.542 seconds
[2025-03-01T01:09:28.287+0000] {processor.py:186} INFO - Started process (PID=1112) to work on /home/airflow/.local/lib/python3.12/site-packages/airflow/example_dags/example_inlet_event_extra.py
[2025-03-01T01:09:28.288+0000] {processor.py:914} INFO - Processing file /home/airflow/.local/lib/python3.12/site-packages/airflow/example_dags/example_inlet_event_extra.py for tasks to queue
[2025-03-01T01:09:28.289+0000] {logging_mixin.py:190} INFO - [2025-03-01T01:09:28.289+0000] {dagbag.py:588} INFO - Filling up the DagBag from /home/airflow/.local/lib/python3.12/site-packages/airflow/example_dags/example_inlet_event_extra.py
[2025-03-01T01:09:28.771+0000] {processor.py:925} INFO - DAG(s) 'read_dataset_event', 'read_dataset_event_from_classic' retrieved from /home/airflow/.local/lib/python3.12/site-packages/airflow/example_dags/example_inlet_event_extra.py
[2025-03-01T01:09:28.790+0000] {logging_mixin.py:190} INFO - [2025-03-01T01:09:28.790+0000] {dag.py:3239} INFO - Sync 2 DAGs
[2025-03-01T01:09:28.817+0000] {logging_mixin.py:190} INFO - [2025-03-01T01:09:28.817+0000] {dag.py:4180} INFO - Setting next_dagrun for read_dataset_event to 2025-02-28 00:00:00+00:00, run_after=2025-03-01 00:00:00+00:00
[2025-03-01T01:09:28.822+0000] {logging_mixin.py:190} INFO - [2025-03-01T01:09:28.822+0000] {dag.py:4180} INFO - Setting next_dagrun for read_dataset_event_from_classic to 2025-02-28 00:00:00+00:00, run_after=2025-03-01 00:00:00+00:00
[2025-03-01T01:09:28.837+0000] {processor.py:208} INFO - Processing /home/airflow/.local/lib/python3.12/site-packages/airflow/example_dags/example_inlet_event_extra.py took 0.555 seconds
[2025-03-01T01:09:59.579+0000] {processor.py:186} INFO - Started process (PID=1175) to work on /home/airflow/.local/lib/python3.12/site-packages/airflow/example_dags/example_inlet_event_extra.py
[2025-03-01T01:09:59.580+0000] {processor.py:914} INFO - Processing file /home/airflow/.local/lib/python3.12/site-packages/airflow/example_dags/example_inlet_event_extra.py for tasks to queue
[2025-03-01T01:09:59.582+0000] {logging_mixin.py:190} INFO - [2025-03-01T01:09:59.581+0000] {dagbag.py:588} INFO - Filling up the DagBag from /home/airflow/.local/lib/python3.12/site-packages/airflow/example_dags/example_inlet_event_extra.py
[2025-03-01T01:10:00.063+0000] {processor.py:925} INFO - DAG(s) 'read_dataset_event_from_classic', 'read_dataset_event' retrieved from /home/airflow/.local/lib/python3.12/site-packages/airflow/example_dags/example_inlet_event_extra.py
[2025-03-01T01:10:00.082+0000] {logging_mixin.py:190} INFO - [2025-03-01T01:10:00.082+0000] {dag.py:3239} INFO - Sync 2 DAGs
[2025-03-01T01:10:00.110+0000] {logging_mixin.py:190} INFO - [2025-03-01T01:10:00.110+0000] {dag.py:4180} INFO - Setting next_dagrun for read_dataset_event to 2025-02-28 00:00:00+00:00, run_after=2025-03-01 00:00:00+00:00
[2025-03-01T01:10:00.116+0000] {logging_mixin.py:190} INFO - [2025-03-01T01:10:00.116+0000] {dag.py:4180} INFO - Setting next_dagrun for read_dataset_event_from_classic to 2025-02-28 00:00:00+00:00, run_after=2025-03-01 00:00:00+00:00
[2025-03-01T01:10:00.129+0000] {processor.py:208} INFO - Processing /home/airflow/.local/lib/python3.12/site-packages/airflow/example_dags/example_inlet_event_extra.py took 0.553 seconds
[2025-03-01T01:10:30.917+0000] {processor.py:186} INFO - Started process (PID=1238) to work on /home/airflow/.local/lib/python3.12/site-packages/airflow/example_dags/example_inlet_event_extra.py
[2025-03-01T01:10:30.918+0000] {processor.py:914} INFO - Processing file /home/airflow/.local/lib/python3.12/site-packages/airflow/example_dags/example_inlet_event_extra.py for tasks to queue
[2025-03-01T01:10:30.919+0000] {logging_mixin.py:190} INFO - [2025-03-01T01:10:30.919+0000] {dagbag.py:588} INFO - Filling up the DagBag from /home/airflow/.local/lib/python3.12/site-packages/airflow/example_dags/example_inlet_event_extra.py
[2025-03-01T01:10:31.402+0000] {processor.py:925} INFO - DAG(s) 'read_dataset_event', 'read_dataset_event_from_classic' retrieved from /home/airflow/.local/lib/python3.12/site-packages/airflow/example_dags/example_inlet_event_extra.py
[2025-03-01T01:10:31.421+0000] {logging_mixin.py:190} INFO - [2025-03-01T01:10:31.421+0000] {dag.py:3239} INFO - Sync 2 DAGs
[2025-03-01T01:10:31.447+0000] {logging_mixin.py:190} INFO - [2025-03-01T01:10:31.447+0000] {dag.py:4180} INFO - Setting next_dagrun for read_dataset_event to 2025-02-28 00:00:00+00:00, run_after=2025-03-01 00:00:00+00:00
[2025-03-01T01:10:31.453+0000] {logging_mixin.py:190} INFO - [2025-03-01T01:10:31.452+0000] {dag.py:4180} INFO - Setting next_dagrun for read_dataset_event_from_classic to 2025-02-28 00:00:00+00:00, run_after=2025-03-01 00:00:00+00:00
[2025-03-01T01:10:31.466+0000] {processor.py:208} INFO - Processing /home/airflow/.local/lib/python3.12/site-packages/airflow/example_dags/example_inlet_event_extra.py took 0.554 seconds
[2025-03-01T01:11:02.339+0000] {processor.py:186} INFO - Started process (PID=1301) to work on /home/airflow/.local/lib/python3.12/site-packages/airflow/example_dags/example_inlet_event_extra.py
[2025-03-01T01:11:02.339+0000] {processor.py:914} INFO - Processing file /home/airflow/.local/lib/python3.12/site-packages/airflow/example_dags/example_inlet_event_extra.py for tasks to queue
[2025-03-01T01:11:02.341+0000] {logging_mixin.py:190} INFO - [2025-03-01T01:11:02.341+0000] {dagbag.py:588} INFO - Filling up the DagBag from /home/airflow/.local/lib/python3.12/site-packages/airflow/example_dags/example_inlet_event_extra.py
[2025-03-01T01:11:02.861+0000] {processor.py:925} INFO - DAG(s) 'read_dataset_event_from_classic', 'read_dataset_event' retrieved from /home/airflow/.local/lib/python3.12/site-packages/airflow/example_dags/example_inlet_event_extra.py
[2025-03-01T01:11:02.876+0000] {logging_mixin.py:190} INFO - [2025-03-01T01:11:02.876+0000] {dag.py:3239} INFO - Sync 2 DAGs
[2025-03-01T01:11:02.895+0000] {logging_mixin.py:190} INFO - [2025-03-01T01:11:02.895+0000] {dag.py:4180} INFO - Setting next_dagrun for read_dataset_event to 2025-02-28 00:00:00+00:00, run_after=2025-03-01 00:00:00+00:00
[2025-03-01T01:11:02.899+0000] {logging_mixin.py:190} INFO - [2025-03-01T01:11:02.899+0000] {dag.py:4180} INFO - Setting next_dagrun for read_dataset_event_from_classic to 2025-02-28 00:00:00+00:00, run_after=2025-03-01 00:00:00+00:00
[2025-03-01T01:11:02.910+0000] {processor.py:208} INFO - Processing /home/airflow/.local/lib/python3.12/site-packages/airflow/example_dags/example_inlet_event_extra.py took 0.577 seconds
[2025-03-01T01:11:33.994+0000] {processor.py:186} INFO - Started process (PID=1366) to work on /home/airflow/.local/lib/python3.12/site-packages/airflow/example_dags/example_inlet_event_extra.py
[2025-03-01T01:11:33.994+0000] {processor.py:914} INFO - Processing file /home/airflow/.local/lib/python3.12/site-packages/airflow/example_dags/example_inlet_event_extra.py for tasks to queue
[2025-03-01T01:11:33.995+0000] {logging_mixin.py:190} INFO - [2025-03-01T01:11:33.995+0000] {dagbag.py:588} INFO - Filling up the DagBag from /home/airflow/.local/lib/python3.12/site-packages/airflow/example_dags/example_inlet_event_extra.py
[2025-03-01T01:11:34.529+0000] {processor.py:925} INFO - DAG(s) 'read_dataset_event_from_classic', 'read_dataset_event' retrieved from /home/airflow/.local/lib/python3.12/site-packages/airflow/example_dags/example_inlet_event_extra.py
[2025-03-01T01:11:34.547+0000] {logging_mixin.py:190} INFO - [2025-03-01T01:11:34.547+0000] {dag.py:3239} INFO - Sync 2 DAGs
[2025-03-01T01:11:34.568+0000] {logging_mixin.py:190} INFO - [2025-03-01T01:11:34.568+0000] {dag.py:4180} INFO - Setting next_dagrun for read_dataset_event to 2025-02-28 00:00:00+00:00, run_after=2025-03-01 00:00:00+00:00
[2025-03-01T01:11:34.572+0000] {logging_mixin.py:190} INFO - [2025-03-01T01:11:34.572+0000] {dag.py:4180} INFO - Setting next_dagrun for read_dataset_event_from_classic to 2025-02-28 00:00:00+00:00, run_after=2025-03-01 00:00:00+00:00
[2025-03-01T01:11:34.584+0000] {processor.py:208} INFO - Processing /home/airflow/.local/lib/python3.12/site-packages/airflow/example_dags/example_inlet_event_extra.py took 0.594 seconds
[2025-03-01T01:12:05.208+0000] {processor.py:186} INFO - Started process (PID=1436) to work on /home/airflow/.local/lib/python3.12/site-packages/airflow/example_dags/example_inlet_event_extra.py
[2025-03-01T01:12:05.208+0000] {processor.py:914} INFO - Processing file /home/airflow/.local/lib/python3.12/site-packages/airflow/example_dags/example_inlet_event_extra.py for tasks to queue
[2025-03-01T01:12:05.209+0000] {logging_mixin.py:190} INFO - [2025-03-01T01:12:05.209+0000] {dagbag.py:588} INFO - Filling up the DagBag from /home/airflow/.local/lib/python3.12/site-packages/airflow/example_dags/example_inlet_event_extra.py
[2025-03-01T01:12:05.714+0000] {processor.py:925} INFO - DAG(s) 'read_dataset_event_from_classic', 'read_dataset_event' retrieved from /home/airflow/.local/lib/python3.12/site-packages/airflow/example_dags/example_inlet_event_extra.py
[2025-03-01T01:12:05.731+0000] {logging_mixin.py:190} INFO - [2025-03-01T01:12:05.731+0000] {dag.py:3239} INFO - Sync 2 DAGs
[2025-03-01T01:12:05.756+0000] {logging_mixin.py:190} INFO - [2025-03-01T01:12:05.755+0000] {dag.py:4180} INFO - Setting next_dagrun for read_dataset_event to 2025-02-28 00:00:00+00:00, run_after=2025-03-01 00:00:00+00:00
[2025-03-01T01:12:05.760+0000] {logging_mixin.py:190} INFO - [2025-03-01T01:12:05.760+0000] {dag.py:4180} INFO - Setting next_dagrun for read_dataset_event_from_classic to 2025-02-28 00:00:00+00:00, run_after=2025-03-01 00:00:00+00:00
[2025-03-01T01:12:05.774+0000] {processor.py:208} INFO - Processing /home/airflow/.local/lib/python3.12/site-packages/airflow/example_dags/example_inlet_event_extra.py took 0.570 seconds
[2025-03-01T01:12:36.469+0000] {processor.py:186} INFO - Started process (PID=1500) to work on /home/airflow/.local/lib/python3.12/site-packages/airflow/example_dags/example_inlet_event_extra.py
[2025-03-01T01:12:36.470+0000] {processor.py:914} INFO - Processing file /home/airflow/.local/lib/python3.12/site-packages/airflow/example_dags/example_inlet_event_extra.py for tasks to queue
[2025-03-01T01:12:36.471+0000] {logging_mixin.py:190} INFO - [2025-03-01T01:12:36.470+0000] {dagbag.py:588} INFO - Filling up the DagBag from /home/airflow/.local/lib/python3.12/site-packages/airflow/example_dags/example_inlet_event_extra.py
[2025-03-01T01:12:37.006+0000] {processor.py:925} INFO - DAG(s) 'read_dataset_event_from_classic', 'read_dataset_event' retrieved from /home/airflow/.local/lib/python3.12/site-packages/airflow/example_dags/example_inlet_event_extra.py
[2025-03-01T01:12:37.021+0000] {logging_mixin.py:190} INFO - [2025-03-01T01:12:37.021+0000] {dag.py:3239} INFO - Sync 2 DAGs
[2025-03-01T01:12:37.040+0000] {logging_mixin.py:190} INFO - [2025-03-01T01:12:37.040+0000] {dag.py:4180} INFO - Setting next_dagrun for read_dataset_event to 2025-02-28 00:00:00+00:00, run_after=2025-03-01 00:00:00+00:00
[2025-03-01T01:12:37.044+0000] {logging_mixin.py:190} INFO - [2025-03-01T01:12:37.044+0000] {dag.py:4180} INFO - Setting next_dagrun for read_dataset_event_from_classic to 2025-02-28 00:00:00+00:00, run_after=2025-03-01 00:00:00+00:00
[2025-03-01T01:12:37.055+0000] {processor.py:208} INFO - Processing /home/airflow/.local/lib/python3.12/site-packages/airflow/example_dags/example_inlet_event_extra.py took 0.592 seconds
[2025-03-01T01:13:07.735+0000] {processor.py:186} INFO - Started process (PID=1564) to work on /home/airflow/.local/lib/python3.12/site-packages/airflow/example_dags/example_inlet_event_extra.py
[2025-03-01T01:13:07.735+0000] {processor.py:914} INFO - Processing file /home/airflow/.local/lib/python3.12/site-packages/airflow/example_dags/example_inlet_event_extra.py for tasks to queue
[2025-03-01T01:13:07.736+0000] {logging_mixin.py:190} INFO - [2025-03-01T01:13:07.736+0000] {dagbag.py:588} INFO - Filling up the DagBag from /home/airflow/.local/lib/python3.12/site-packages/airflow/example_dags/example_inlet_event_extra.py
[2025-03-01T01:13:08.220+0000] {processor.py:925} INFO - DAG(s) 'read_dataset_event_from_classic', 'read_dataset_event' retrieved from /home/airflow/.local/lib/python3.12/site-packages/airflow/example_dags/example_inlet_event_extra.py
[2025-03-01T01:13:08.235+0000] {logging_mixin.py:190} INFO - [2025-03-01T01:13:08.235+0000] {dag.py:3239} INFO - Sync 2 DAGs
[2025-03-01T01:13:08.254+0000] {logging_mixin.py:190} INFO - [2025-03-01T01:13:08.254+0000] {dag.py:4180} INFO - Setting next_dagrun for read_dataset_event to 2025-02-28 00:00:00+00:00, run_after=2025-03-01 00:00:00+00:00
[2025-03-01T01:13:08.258+0000] {logging_mixin.py:190} INFO - [2025-03-01T01:13:08.258+0000] {dag.py:4180} INFO - Setting next_dagrun for read_dataset_event_from_classic to 2025-02-28 00:00:00+00:00, run_after=2025-03-01 00:00:00+00:00
[2025-03-01T01:13:08.269+0000] {processor.py:208} INFO - Processing /home/airflow/.local/lib/python3.12/site-packages/airflow/example_dags/example_inlet_event_extra.py took 0.539 seconds
[2025-03-01T01:13:38.917+0000] {processor.py:186} INFO - Started process (PID=1628) to work on /home/airflow/.local/lib/python3.12/site-packages/airflow/example_dags/example_inlet_event_extra.py
[2025-03-01T01:13:38.918+0000] {processor.py:914} INFO - Processing file /home/airflow/.local/lib/python3.12/site-packages/airflow/example_dags/example_inlet_event_extra.py for tasks to queue
[2025-03-01T01:13:38.918+0000] {logging_mixin.py:190} INFO - [2025-03-01T01:13:38.918+0000] {dagbag.py:588} INFO - Filling up the DagBag from /home/airflow/.local/lib/python3.12/site-packages/airflow/example_dags/example_inlet_event_extra.py
[2025-03-01T01:13:39.442+0000] {processor.py:925} INFO - DAG(s) 'read_dataset_event_from_classic', 'read_dataset_event' retrieved from /home/airflow/.local/lib/python3.12/site-packages/airflow/example_dags/example_inlet_event_extra.py
[2025-03-01T01:13:39.460+0000] {logging_mixin.py:190} INFO - [2025-03-01T01:13:39.460+0000] {dag.py:3239} INFO - Sync 2 DAGs
[2025-03-01T01:13:39.482+0000] {logging_mixin.py:190} INFO - [2025-03-01T01:13:39.482+0000] {dag.py:4180} INFO - Setting next_dagrun for read_dataset_event to 2025-02-28 00:00:00+00:00, run_after=2025-03-01 00:00:00+00:00
[2025-03-01T01:13:39.488+0000] {logging_mixin.py:190} INFO - [2025-03-01T01:13:39.487+0000] {dag.py:4180} INFO - Setting next_dagrun for read_dataset_event_from_classic to 2025-02-28 00:00:00+00:00, run_after=2025-03-01 00:00:00+00:00
[2025-03-01T01:13:39.503+0000] {processor.py:208} INFO - Processing /home/airflow/.local/lib/python3.12/site-packages/airflow/example_dags/example_inlet_event_extra.py took 0.590 seconds
[2025-03-01T01:14:10.200+0000] {processor.py:186} INFO - Started process (PID=1692) to work on /home/airflow/.local/lib/python3.12/site-packages/airflow/example_dags/example_inlet_event_extra.py
[2025-03-01T01:14:10.201+0000] {processor.py:914} INFO - Processing file /home/airflow/.local/lib/python3.12/site-packages/airflow/example_dags/example_inlet_event_extra.py for tasks to queue
[2025-03-01T01:14:10.202+0000] {logging_mixin.py:190} INFO - [2025-03-01T01:14:10.201+0000] {dagbag.py:588} INFO - Filling up the DagBag from /home/airflow/.local/lib/python3.12/site-packages/airflow/example_dags/example_inlet_event_extra.py
[2025-03-01T01:14:10.697+0000] {processor.py:925} INFO - DAG(s) 'read_dataset_event', 'read_dataset_event_from_classic' retrieved from /home/airflow/.local/lib/python3.12/site-packages/airflow/example_dags/example_inlet_event_extra.py
[2025-03-01T01:14:10.712+0000] {logging_mixin.py:190} INFO - [2025-03-01T01:14:10.712+0000] {dag.py:3239} INFO - Sync 2 DAGs
[2025-03-01T01:14:10.730+0000] {logging_mixin.py:190} INFO - [2025-03-01T01:14:10.730+0000] {dag.py:4180} INFO - Setting next_dagrun for read_dataset_event to 2025-02-28 00:00:00+00:00, run_after=2025-03-01 00:00:00+00:00
[2025-03-01T01:14:10.734+0000] {logging_mixin.py:190} INFO - [2025-03-01T01:14:10.734+0000] {dag.py:4180} INFO - Setting next_dagrun for read_dataset_event_from_classic to 2025-02-28 00:00:00+00:00, run_after=2025-03-01 00:00:00+00:00
[2025-03-01T01:14:10.745+0000] {processor.py:208} INFO - Processing /home/airflow/.local/lib/python3.12/site-packages/airflow/example_dags/example_inlet_event_extra.py took 0.551 seconds
[2025-03-01T01:14:41.540+0000] {processor.py:186} INFO - Started process (PID=1756) to work on /home/airflow/.local/lib/python3.12/site-packages/airflow/example_dags/example_inlet_event_extra.py
[2025-03-01T01:14:41.541+0000] {processor.py:914} INFO - Processing file /home/airflow/.local/lib/python3.12/site-packages/airflow/example_dags/example_inlet_event_extra.py for tasks to queue
[2025-03-01T01:14:41.542+0000] {logging_mixin.py:190} INFO - [2025-03-01T01:14:41.541+0000] {dagbag.py:588} INFO - Filling up the DagBag from /home/airflow/.local/lib/python3.12/site-packages/airflow/example_dags/example_inlet_event_extra.py
[2025-03-01T01:14:42.049+0000] {processor.py:925} INFO - DAG(s) 'read_dataset_event_from_classic', 'read_dataset_event' retrieved from /home/airflow/.local/lib/python3.12/site-packages/airflow/example_dags/example_inlet_event_extra.py
[2025-03-01T01:14:42.069+0000] {logging_mixin.py:190} INFO - [2025-03-01T01:14:42.068+0000] {dag.py:3239} INFO - Sync 2 DAGs
[2025-03-01T01:14:42.094+0000] {logging_mixin.py:190} INFO - [2025-03-01T01:14:42.094+0000] {dag.py:4180} INFO - Setting next_dagrun for read_dataset_event to 2025-02-28 00:00:00+00:00, run_after=2025-03-01 00:00:00+00:00
[2025-03-01T01:14:42.098+0000] {logging_mixin.py:190} INFO - [2025-03-01T01:14:42.098+0000] {dag.py:4180} INFO - Setting next_dagrun for read_dataset_event_from_classic to 2025-02-28 00:00:00+00:00, run_after=2025-03-01 00:00:00+00:00
[2025-03-01T01:14:42.110+0000] {processor.py:208} INFO - Processing /home/airflow/.local/lib/python3.12/site-packages/airflow/example_dags/example_inlet_event_extra.py took 0.574 seconds
[2025-03-01T01:15:12.826+0000] {processor.py:186} INFO - Started process (PID=1820) to work on /home/airflow/.local/lib/python3.12/site-packages/airflow/example_dags/example_inlet_event_extra.py
[2025-03-01T01:15:12.827+0000] {processor.py:914} INFO - Processing file /home/airflow/.local/lib/python3.12/site-packages/airflow/example_dags/example_inlet_event_extra.py for tasks to queue
[2025-03-01T01:15:12.828+0000] {logging_mixin.py:190} INFO - [2025-03-01T01:15:12.828+0000] {dagbag.py:588} INFO - Filling up the DagBag from /home/airflow/.local/lib/python3.12/site-packages/airflow/example_dags/example_inlet_event_extra.py
[2025-03-01T01:15:13.344+0000] {processor.py:925} INFO - DAG(s) 'read_dataset_event_from_classic', 'read_dataset_event' retrieved from /home/airflow/.local/lib/python3.12/site-packages/airflow/example_dags/example_inlet_event_extra.py
[2025-03-01T01:15:13.363+0000] {logging_mixin.py:190} INFO - [2025-03-01T01:15:13.363+0000] {dag.py:3239} INFO - Sync 2 DAGs
[2025-03-01T01:15:13.388+0000] {logging_mixin.py:190} INFO - [2025-03-01T01:15:13.388+0000] {dag.py:4180} INFO - Setting next_dagrun for read_dataset_event to 2025-02-28 00:00:00+00:00, run_after=2025-03-01 00:00:00+00:00
[2025-03-01T01:15:13.392+0000] {logging_mixin.py:190} INFO - [2025-03-01T01:15:13.392+0000] {dag.py:4180} INFO - Setting next_dagrun for read_dataset_event_from_classic to 2025-02-28 00:00:00+00:00, run_after=2025-03-01 00:00:00+00:00
[2025-03-01T01:15:13.405+0000] {processor.py:208} INFO - Processing /home/airflow/.local/lib/python3.12/site-packages/airflow/example_dags/example_inlet_event_extra.py took 0.585 seconds
[2025-03-01T01:15:44.354+0000] {processor.py:186} INFO - Started process (PID=1888) to work on /home/airflow/.local/lib/python3.12/site-packages/airflow/example_dags/example_inlet_event_extra.py
[2025-03-01T01:15:44.355+0000] {processor.py:914} INFO - Processing file /home/airflow/.local/lib/python3.12/site-packages/airflow/example_dags/example_inlet_event_extra.py for tasks to queue
[2025-03-01T01:15:44.356+0000] {logging_mixin.py:190} INFO - [2025-03-01T01:15:44.356+0000] {dagbag.py:588} INFO - Filling up the DagBag from /home/airflow/.local/lib/python3.12/site-packages/airflow/example_dags/example_inlet_event_extra.py
[2025-03-01T01:15:44.883+0000] {processor.py:925} INFO - DAG(s) 'read_dataset_event', 'read_dataset_event_from_classic' retrieved from /home/airflow/.local/lib/python3.12/site-packages/airflow/example_dags/example_inlet_event_extra.py
[2025-03-01T01:15:44.899+0000] {logging_mixin.py:190} INFO - [2025-03-01T01:15:44.899+0000] {dag.py:3239} INFO - Sync 2 DAGs
[2025-03-01T01:15:44.921+0000] {logging_mixin.py:190} INFO - [2025-03-01T01:15:44.921+0000] {dag.py:4180} INFO - Setting next_dagrun for read_dataset_event to 2025-02-28 00:00:00+00:00, run_after=2025-03-01 00:00:00+00:00
[2025-03-01T01:15:44.927+0000] {logging_mixin.py:190} INFO - [2025-03-01T01:15:44.926+0000] {dag.py:4180} INFO - Setting next_dagrun for read_dataset_event_from_classic to 2025-02-28 00:00:00+00:00, run_after=2025-03-01 00:00:00+00:00
[2025-03-01T01:15:44.941+0000] {processor.py:208} INFO - Processing /home/airflow/.local/lib/python3.12/site-packages/airflow/example_dags/example_inlet_event_extra.py took 0.593 seconds
[2025-03-01T01:16:14.997+0000] {processor.py:186} INFO - Started process (PID=1952) to work on /home/airflow/.local/lib/python3.12/site-packages/airflow/example_dags/example_inlet_event_extra.py
[2025-03-01T01:16:14.998+0000] {processor.py:914} INFO - Processing file /home/airflow/.local/lib/python3.12/site-packages/airflow/example_dags/example_inlet_event_extra.py for tasks to queue
[2025-03-01T01:16:14.999+0000] {logging_mixin.py:190} INFO - [2025-03-01T01:16:14.999+0000] {dagbag.py:588} INFO - Filling up the DagBag from /home/airflow/.local/lib/python3.12/site-packages/airflow/example_dags/example_inlet_event_extra.py
[2025-03-01T01:16:15.504+0000] {processor.py:925} INFO - DAG(s) 'read_dataset_event_from_classic', 'read_dataset_event' retrieved from /home/airflow/.local/lib/python3.12/site-packages/airflow/example_dags/example_inlet_event_extra.py
[2025-03-01T01:16:15.524+0000] {logging_mixin.py:190} INFO - [2025-03-01T01:16:15.524+0000] {dag.py:3239} INFO - Sync 2 DAGs
[2025-03-01T01:16:15.544+0000] {logging_mixin.py:190} INFO - [2025-03-01T01:16:15.544+0000] {dag.py:4180} INFO - Setting next_dagrun for read_dataset_event to 2025-02-28 00:00:00+00:00, run_after=2025-03-01 00:00:00+00:00
[2025-03-01T01:16:15.548+0000] {logging_mixin.py:190} INFO - [2025-03-01T01:16:15.548+0000] {dag.py:4180} INFO - Setting next_dagrun for read_dataset_event_from_classic to 2025-02-28 00:00:00+00:00, run_after=2025-03-01 00:00:00+00:00
[2025-03-01T01:16:15.559+0000] {processor.py:208} INFO - Processing /home/airflow/.local/lib/python3.12/site-packages/airflow/example_dags/example_inlet_event_extra.py took 0.568 seconds
[2025-03-01T01:16:46.842+0000] {processor.py:186} INFO - Started process (PID=2015) to work on /home/airflow/.local/lib/python3.12/site-packages/airflow/example_dags/example_inlet_event_extra.py
[2025-03-01T01:16:46.843+0000] {processor.py:914} INFO - Processing file /home/airflow/.local/lib/python3.12/site-packages/airflow/example_dags/example_inlet_event_extra.py for tasks to queue
[2025-03-01T01:16:46.844+0000] {logging_mixin.py:190} INFO - [2025-03-01T01:16:46.844+0000] {dagbag.py:588} INFO - Filling up the DagBag from /home/airflow/.local/lib/python3.12/site-packages/airflow/example_dags/example_inlet_event_extra.py
[2025-03-01T01:16:47.585+0000] {processor.py:925} INFO - DAG(s) 'read_dataset_event', 'read_dataset_event_from_classic' retrieved from /home/airflow/.local/lib/python3.12/site-packages/airflow/example_dags/example_inlet_event_extra.py
[2025-03-01T01:16:47.608+0000] {logging_mixin.py:190} INFO - [2025-03-01T01:16:47.607+0000] {dag.py:3239} INFO - Sync 2 DAGs
[2025-03-01T01:16:47.638+0000] {logging_mixin.py:190} INFO - [2025-03-01T01:16:47.638+0000] {dag.py:4180} INFO - Setting next_dagrun for read_dataset_event to 2025-02-28 00:00:00+00:00, run_after=2025-03-01 00:00:00+00:00
[2025-03-01T01:16:47.643+0000] {logging_mixin.py:190} INFO - [2025-03-01T01:16:47.643+0000] {dag.py:4180} INFO - Setting next_dagrun for read_dataset_event_from_classic to 2025-02-28 00:00:00+00:00, run_after=2025-03-01 00:00:00+00:00
[2025-03-01T01:16:47.657+0000] {processor.py:208} INFO - Processing /home/airflow/.local/lib/python3.12/site-packages/airflow/example_dags/example_inlet_event_extra.py took 0.821 seconds
