[2025-03-01T01:01:07.975+0000] {processor.py:186} INFO - Started process (PID=92) to work on /home/airflow/.local/lib/python3.12/site-packages/airflow/example_dags/example_complex.py
[2025-03-01T01:01:07.976+0000] {processor.py:914} INFO - Processing file /home/airflow/.local/lib/python3.12/site-packages/airflow/example_dags/example_complex.py for tasks to queue
[2025-03-01T01:01:07.978+0000] {logging_mixin.py:190} INFO - [2025-03-01T01:01:07.977+0000] {dagbag.py:588} INFO - Filling up the DagBag from /home/airflow/.local/lib/python3.12/site-packages/airflow/example_dags/example_complex.py
[2025-03-01T01:01:07.993+0000] {processor.py:925} INFO - DAG(s) 'example_complex' retrieved from /home/airflow/.local/lib/python3.12/site-packages/airflow/example_dags/example_complex.py
[2025-03-01T01:01:08.128+0000] {logging_mixin.py:190} INFO - [2025-03-01T01:01:08.128+0000] {override.py:1911} INFO - Created Permission View: can edit on DAG:example_complex
[2025-03-01T01:01:08.138+0000] {logging_mixin.py:190} INFO - [2025-03-01T01:01:08.137+0000] {override.py:1911} INFO - Created Permission View: can read on DAG:example_complex
[2025-03-01T01:01:08.143+0000] {logging_mixin.py:190} INFO - [2025-03-01T01:01:08.143+0000] {override.py:1911} INFO - Created Permission View: can delete on DAG:example_complex
[2025-03-01T01:01:08.148+0000] {logging_mixin.py:190} INFO - [2025-03-01T01:01:08.148+0000] {override.py:1911} INFO - Created Permission View: menu access on DAG Run:example_complex
[2025-03-01T01:01:08.154+0000] {logging_mixin.py:190} INFO - [2025-03-01T01:01:08.153+0000] {override.py:1911} INFO - Created Permission View: can delete on DAG Run:example_complex
[2025-03-01T01:01:08.159+0000] {logging_mixin.py:190} INFO - [2025-03-01T01:01:08.159+0000] {override.py:1911} INFO - Created Permission View: can create on DAG Run:example_complex
[2025-03-01T01:01:08.164+0000] {logging_mixin.py:190} INFO - [2025-03-01T01:01:08.164+0000] {override.py:1911} INFO - Created Permission View: can read on DAG Run:example_complex
[2025-03-01T01:01:08.164+0000] {logging_mixin.py:190} INFO - [2025-03-01T01:01:08.164+0000] {dag.py:3239} INFO - Sync 1 DAGs
[2025-03-01T01:01:08.178+0000] {logging_mixin.py:190} INFO - [2025-03-01T01:01:08.178+0000] {dag.py:3262} INFO - Creating ORM DAG for example_complex
[2025-03-01T01:01:08.179+0000] {logging_mixin.py:190} INFO - [2025-03-01T01:01:08.179+0000] {dag.py:4180} INFO - Setting next_dagrun for example_complex to None, run_after=None
[2025-03-01T01:01:08.196+0000] {processor.py:208} INFO - Processing /home/airflow/.local/lib/python3.12/site-packages/airflow/example_dags/example_complex.py took 0.228 seconds
[2025-03-01T01:01:38.408+0000] {processor.py:186} INFO - Started process (PID=154) to work on /home/airflow/.local/lib/python3.12/site-packages/airflow/example_dags/example_complex.py
[2025-03-01T01:01:38.409+0000] {processor.py:914} INFO - Processing file /home/airflow/.local/lib/python3.12/site-packages/airflow/example_dags/example_complex.py for tasks to queue
[2025-03-01T01:01:38.410+0000] {logging_mixin.py:190} INFO - [2025-03-01T01:01:38.410+0000] {dagbag.py:588} INFO - Filling up the DagBag from /home/airflow/.local/lib/python3.12/site-packages/airflow/example_dags/example_complex.py
[2025-03-01T01:01:38.420+0000] {processor.py:925} INFO - DAG(s) 'example_complex' retrieved from /home/airflow/.local/lib/python3.12/site-packages/airflow/example_dags/example_complex.py
[2025-03-01T01:01:38.450+0000] {logging_mixin.py:190} INFO - [2025-03-01T01:01:38.449+0000] {dag.py:3239} INFO - Sync 1 DAGs
[2025-03-01T01:01:38.460+0000] {logging_mixin.py:190} INFO - [2025-03-01T01:01:38.460+0000] {dag.py:4180} INFO - Setting next_dagrun for example_complex to None, run_after=None
[2025-03-01T01:01:38.472+0000] {processor.py:208} INFO - Processing /home/airflow/.local/lib/python3.12/site-packages/airflow/example_dags/example_complex.py took 0.070 seconds
[2025-03-01T01:02:08.735+0000] {processor.py:186} INFO - Started process (PID=218) to work on /home/airflow/.local/lib/python3.12/site-packages/airflow/example_dags/example_complex.py
[2025-03-01T01:02:08.736+0000] {processor.py:914} INFO - Processing file /home/airflow/.local/lib/python3.12/site-packages/airflow/example_dags/example_complex.py for tasks to queue
[2025-03-01T01:02:08.738+0000] {logging_mixin.py:190} INFO - [2025-03-01T01:02:08.737+0000] {dagbag.py:588} INFO - Filling up the DagBag from /home/airflow/.local/lib/python3.12/site-packages/airflow/example_dags/example_complex.py
[2025-03-01T01:02:08.747+0000] {processor.py:925} INFO - DAG(s) 'example_complex' retrieved from /home/airflow/.local/lib/python3.12/site-packages/airflow/example_dags/example_complex.py
[2025-03-01T01:02:08.775+0000] {logging_mixin.py:190} INFO - [2025-03-01T01:02:08.774+0000] {dag.py:3239} INFO - Sync 1 DAGs
[2025-03-01T01:02:08.789+0000] {logging_mixin.py:190} INFO - [2025-03-01T01:02:08.789+0000] {dag.py:4180} INFO - Setting next_dagrun for example_complex to None, run_after=None
[2025-03-01T01:02:08.807+0000] {processor.py:208} INFO - Processing /home/airflow/.local/lib/python3.12/site-packages/airflow/example_dags/example_complex.py took 0.076 seconds
[2025-03-01T01:02:39.116+0000] {processor.py:186} INFO - Started process (PID=279) to work on /home/airflow/.local/lib/python3.12/site-packages/airflow/example_dags/example_complex.py
[2025-03-01T01:02:39.116+0000] {processor.py:914} INFO - Processing file /home/airflow/.local/lib/python3.12/site-packages/airflow/example_dags/example_complex.py for tasks to queue
[2025-03-01T01:02:39.118+0000] {logging_mixin.py:190} INFO - [2025-03-01T01:02:39.118+0000] {dagbag.py:588} INFO - Filling up the DagBag from /home/airflow/.local/lib/python3.12/site-packages/airflow/example_dags/example_complex.py
[2025-03-01T01:02:39.131+0000] {processor.py:925} INFO - DAG(s) 'example_complex' retrieved from /home/airflow/.local/lib/python3.12/site-packages/airflow/example_dags/example_complex.py
[2025-03-01T01:02:39.164+0000] {logging_mixin.py:190} INFO - [2025-03-01T01:02:39.164+0000] {dag.py:3239} INFO - Sync 1 DAGs
[2025-03-01T01:02:39.178+0000] {logging_mixin.py:190} INFO - [2025-03-01T01:02:39.177+0000] {dag.py:4180} INFO - Setting next_dagrun for example_complex to None, run_after=None
[2025-03-01T01:02:39.192+0000] {processor.py:208} INFO - Processing /home/airflow/.local/lib/python3.12/site-packages/airflow/example_dags/example_complex.py took 0.082 seconds
[2025-03-01T01:03:09.681+0000] {processor.py:186} INFO - Started process (PID=342) to work on /home/airflow/.local/lib/python3.12/site-packages/airflow/example_dags/example_complex.py
[2025-03-01T01:03:09.682+0000] {processor.py:914} INFO - Processing file /home/airflow/.local/lib/python3.12/site-packages/airflow/example_dags/example_complex.py for tasks to queue
[2025-03-01T01:03:09.684+0000] {logging_mixin.py:190} INFO - [2025-03-01T01:03:09.684+0000] {dagbag.py:588} INFO - Filling up the DagBag from /home/airflow/.local/lib/python3.12/site-packages/airflow/example_dags/example_complex.py
[2025-03-01T01:03:09.699+0000] {processor.py:925} INFO - DAG(s) 'example_complex' retrieved from /home/airflow/.local/lib/python3.12/site-packages/airflow/example_dags/example_complex.py
[2025-03-01T01:03:09.723+0000] {logging_mixin.py:190} INFO - [2025-03-01T01:03:09.723+0000] {dag.py:3239} INFO - Sync 1 DAGs
[2025-03-01T01:03:09.736+0000] {logging_mixin.py:190} INFO - [2025-03-01T01:03:09.735+0000] {dag.py:4180} INFO - Setting next_dagrun for example_complex to None, run_after=None
[2025-03-01T01:03:09.749+0000] {processor.py:208} INFO - Processing /home/airflow/.local/lib/python3.12/site-packages/airflow/example_dags/example_complex.py took 0.074 seconds
[2025-03-01T01:03:40.444+0000] {processor.py:186} INFO - Started process (PID=405) to work on /home/airflow/.local/lib/python3.12/site-packages/airflow/example_dags/example_complex.py
[2025-03-01T01:03:40.445+0000] {processor.py:914} INFO - Processing file /home/airflow/.local/lib/python3.12/site-packages/airflow/example_dags/example_complex.py for tasks to queue
[2025-03-01T01:03:40.447+0000] {logging_mixin.py:190} INFO - [2025-03-01T01:03:40.446+0000] {dagbag.py:588} INFO - Filling up the DagBag from /home/airflow/.local/lib/python3.12/site-packages/airflow/example_dags/example_complex.py
[2025-03-01T01:03:40.456+0000] {processor.py:925} INFO - DAG(s) 'example_complex' retrieved from /home/airflow/.local/lib/python3.12/site-packages/airflow/example_dags/example_complex.py
[2025-03-01T01:03:40.487+0000] {logging_mixin.py:190} INFO - [2025-03-01T01:03:40.486+0000] {dag.py:3239} INFO - Sync 1 DAGs
[2025-03-01T01:03:40.499+0000] {logging_mixin.py:190} INFO - [2025-03-01T01:03:40.499+0000] {dag.py:4180} INFO - Setting next_dagrun for example_complex to None, run_after=None
[2025-03-01T01:03:40.515+0000] {processor.py:208} INFO - Processing /home/airflow/.local/lib/python3.12/site-packages/airflow/example_dags/example_complex.py took 0.075 seconds
[2025-03-01T01:04:10.767+0000] {processor.py:186} INFO - Started process (PID=468) to work on /home/airflow/.local/lib/python3.12/site-packages/airflow/example_dags/example_complex.py
[2025-03-01T01:04:10.768+0000] {processor.py:914} INFO - Processing file /home/airflow/.local/lib/python3.12/site-packages/airflow/example_dags/example_complex.py for tasks to queue
[2025-03-01T01:04:10.770+0000] {logging_mixin.py:190} INFO - [2025-03-01T01:04:10.769+0000] {dagbag.py:588} INFO - Filling up the DagBag from /home/airflow/.local/lib/python3.12/site-packages/airflow/example_dags/example_complex.py
[2025-03-01T01:04:10.783+0000] {processor.py:925} INFO - DAG(s) 'example_complex' retrieved from /home/airflow/.local/lib/python3.12/site-packages/airflow/example_dags/example_complex.py
[2025-03-01T01:04:10.812+0000] {logging_mixin.py:190} INFO - [2025-03-01T01:04:10.812+0000] {dag.py:3239} INFO - Sync 1 DAGs
[2025-03-01T01:04:10.823+0000] {logging_mixin.py:190} INFO - [2025-03-01T01:04:10.823+0000] {dag.py:4180} INFO - Setting next_dagrun for example_complex to None, run_after=None
[2025-03-01T01:04:10.836+0000] {processor.py:208} INFO - Processing /home/airflow/.local/lib/python3.12/site-packages/airflow/example_dags/example_complex.py took 0.073 seconds
[2025-03-01T01:04:41.225+0000] {processor.py:186} INFO - Started process (PID=531) to work on /home/airflow/.local/lib/python3.12/site-packages/airflow/example_dags/example_complex.py
[2025-03-01T01:04:41.226+0000] {processor.py:914} INFO - Processing file /home/airflow/.local/lib/python3.12/site-packages/airflow/example_dags/example_complex.py for tasks to queue
[2025-03-01T01:04:41.227+0000] {logging_mixin.py:190} INFO - [2025-03-01T01:04:41.227+0000] {dagbag.py:588} INFO - Filling up the DagBag from /home/airflow/.local/lib/python3.12/site-packages/airflow/example_dags/example_complex.py
[2025-03-01T01:04:41.236+0000] {processor.py:925} INFO - DAG(s) 'example_complex' retrieved from /home/airflow/.local/lib/python3.12/site-packages/airflow/example_dags/example_complex.py
[2025-03-01T01:04:41.260+0000] {logging_mixin.py:190} INFO - [2025-03-01T01:04:41.260+0000] {dag.py:3239} INFO - Sync 1 DAGs
[2025-03-01T01:04:41.271+0000] {logging_mixin.py:190} INFO - [2025-03-01T01:04:41.271+0000] {dag.py:4180} INFO - Setting next_dagrun for example_complex to None, run_after=None
[2025-03-01T01:04:41.283+0000] {processor.py:208} INFO - Processing /home/airflow/.local/lib/python3.12/site-packages/airflow/example_dags/example_complex.py took 0.063 seconds
[2025-03-01T01:05:11.397+0000] {processor.py:186} INFO - Started process (PID=594) to work on /home/airflow/.local/lib/python3.12/site-packages/airflow/example_dags/example_complex.py
[2025-03-01T01:05:11.398+0000] {processor.py:914} INFO - Processing file /home/airflow/.local/lib/python3.12/site-packages/airflow/example_dags/example_complex.py for tasks to queue
[2025-03-01T01:05:11.400+0000] {logging_mixin.py:190} INFO - [2025-03-01T01:05:11.399+0000] {dagbag.py:588} INFO - Filling up the DagBag from /home/airflow/.local/lib/python3.12/site-packages/airflow/example_dags/example_complex.py
[2025-03-01T01:05:11.409+0000] {processor.py:925} INFO - DAG(s) 'example_complex' retrieved from /home/airflow/.local/lib/python3.12/site-packages/airflow/example_dags/example_complex.py
[2025-03-01T01:05:11.433+0000] {logging_mixin.py:190} INFO - [2025-03-01T01:05:11.433+0000] {dag.py:3239} INFO - Sync 1 DAGs
[2025-03-01T01:05:11.444+0000] {logging_mixin.py:190} INFO - [2025-03-01T01:05:11.443+0000] {dag.py:4180} INFO - Setting next_dagrun for example_complex to None, run_after=None
[2025-03-01T01:05:11.456+0000] {processor.py:208} INFO - Processing /home/airflow/.local/lib/python3.12/site-packages/airflow/example_dags/example_complex.py took 0.063 seconds
[2025-03-01T01:05:42.013+0000] {processor.py:186} INFO - Started process (PID=657) to work on /home/airflow/.local/lib/python3.12/site-packages/airflow/example_dags/example_complex.py
[2025-03-01T01:05:42.013+0000] {processor.py:914} INFO - Processing file /home/airflow/.local/lib/python3.12/site-packages/airflow/example_dags/example_complex.py for tasks to queue
[2025-03-01T01:05:42.015+0000] {logging_mixin.py:190} INFO - [2025-03-01T01:05:42.015+0000] {dagbag.py:588} INFO - Filling up the DagBag from /home/airflow/.local/lib/python3.12/site-packages/airflow/example_dags/example_complex.py
[2025-03-01T01:05:42.024+0000] {processor.py:925} INFO - DAG(s) 'example_complex' retrieved from /home/airflow/.local/lib/python3.12/site-packages/airflow/example_dags/example_complex.py
[2025-03-01T01:05:42.048+0000] {logging_mixin.py:190} INFO - [2025-03-01T01:05:42.048+0000] {dag.py:3239} INFO - Sync 1 DAGs
[2025-03-01T01:05:42.059+0000] {logging_mixin.py:190} INFO - [2025-03-01T01:05:42.059+0000] {dag.py:4180} INFO - Setting next_dagrun for example_complex to None, run_after=None
[2025-03-01T01:05:42.071+0000] {processor.py:208} INFO - Processing /home/airflow/.local/lib/python3.12/site-packages/airflow/example_dags/example_complex.py took 0.063 seconds
[2025-03-01T01:06:12.360+0000] {processor.py:186} INFO - Started process (PID=720) to work on /home/airflow/.local/lib/python3.12/site-packages/airflow/example_dags/example_complex.py
[2025-03-01T01:06:12.361+0000] {processor.py:914} INFO - Processing file /home/airflow/.local/lib/python3.12/site-packages/airflow/example_dags/example_complex.py for tasks to queue
[2025-03-01T01:06:12.362+0000] {logging_mixin.py:190} INFO - [2025-03-01T01:06:12.362+0000] {dagbag.py:588} INFO - Filling up the DagBag from /home/airflow/.local/lib/python3.12/site-packages/airflow/example_dags/example_complex.py
[2025-03-01T01:06:12.372+0000] {processor.py:925} INFO - DAG(s) 'example_complex' retrieved from /home/airflow/.local/lib/python3.12/site-packages/airflow/example_dags/example_complex.py
[2025-03-01T01:06:12.395+0000] {logging_mixin.py:190} INFO - [2025-03-01T01:06:12.395+0000] {dag.py:3239} INFO - Sync 1 DAGs
[2025-03-01T01:06:12.406+0000] {logging_mixin.py:190} INFO - [2025-03-01T01:06:12.406+0000] {dag.py:4180} INFO - Setting next_dagrun for example_complex to None, run_after=None
[2025-03-01T01:06:12.418+0000] {processor.py:208} INFO - Processing /home/airflow/.local/lib/python3.12/site-packages/airflow/example_dags/example_complex.py took 0.062 seconds
[2025-03-01T01:06:42.805+0000] {processor.py:186} INFO - Started process (PID=783) to work on /home/airflow/.local/lib/python3.12/site-packages/airflow/example_dags/example_complex.py
[2025-03-01T01:06:42.806+0000] {processor.py:914} INFO - Processing file /home/airflow/.local/lib/python3.12/site-packages/airflow/example_dags/example_complex.py for tasks to queue
[2025-03-01T01:06:42.807+0000] {logging_mixin.py:190} INFO - [2025-03-01T01:06:42.807+0000] {dagbag.py:588} INFO - Filling up the DagBag from /home/airflow/.local/lib/python3.12/site-packages/airflow/example_dags/example_complex.py
[2025-03-01T01:06:42.817+0000] {processor.py:925} INFO - DAG(s) 'example_complex' retrieved from /home/airflow/.local/lib/python3.12/site-packages/airflow/example_dags/example_complex.py
[2025-03-01T01:06:42.842+0000] {logging_mixin.py:190} INFO - [2025-03-01T01:06:42.842+0000] {dag.py:3239} INFO - Sync 1 DAGs
[2025-03-01T01:06:42.853+0000] {logging_mixin.py:190} INFO - [2025-03-01T01:06:42.852+0000] {dag.py:4180} INFO - Setting next_dagrun for example_complex to None, run_after=None
[2025-03-01T01:06:42.865+0000] {processor.py:208} INFO - Processing /home/airflow/.local/lib/python3.12/site-packages/airflow/example_dags/example_complex.py took 0.064 seconds
[2025-03-01T01:07:13.140+0000] {processor.py:186} INFO - Started process (PID=846) to work on /home/airflow/.local/lib/python3.12/site-packages/airflow/example_dags/example_complex.py
[2025-03-01T01:07:13.141+0000] {processor.py:914} INFO - Processing file /home/airflow/.local/lib/python3.12/site-packages/airflow/example_dags/example_complex.py for tasks to queue
[2025-03-01T01:07:13.142+0000] {logging_mixin.py:190} INFO - [2025-03-01T01:07:13.142+0000] {dagbag.py:588} INFO - Filling up the DagBag from /home/airflow/.local/lib/python3.12/site-packages/airflow/example_dags/example_complex.py
[2025-03-01T01:07:13.152+0000] {processor.py:925} INFO - DAG(s) 'example_complex' retrieved from /home/airflow/.local/lib/python3.12/site-packages/airflow/example_dags/example_complex.py
[2025-03-01T01:07:13.176+0000] {logging_mixin.py:190} INFO - [2025-03-01T01:07:13.176+0000] {dag.py:3239} INFO - Sync 1 DAGs
[2025-03-01T01:07:13.187+0000] {logging_mixin.py:190} INFO - [2025-03-01T01:07:13.187+0000] {dag.py:4180} INFO - Setting next_dagrun for example_complex to None, run_after=None
[2025-03-01T01:07:13.200+0000] {processor.py:208} INFO - Processing /home/airflow/.local/lib/python3.12/site-packages/airflow/example_dags/example_complex.py took 0.064 seconds
[2025-03-01T01:07:43.316+0000] {processor.py:186} INFO - Started process (PID=909) to work on /home/airflow/.local/lib/python3.12/site-packages/airflow/example_dags/example_complex.py
[2025-03-01T01:07:43.316+0000] {processor.py:914} INFO - Processing file /home/airflow/.local/lib/python3.12/site-packages/airflow/example_dags/example_complex.py for tasks to queue
[2025-03-01T01:07:43.318+0000] {logging_mixin.py:190} INFO - [2025-03-01T01:07:43.318+0000] {dagbag.py:588} INFO - Filling up the DagBag from /home/airflow/.local/lib/python3.12/site-packages/airflow/example_dags/example_complex.py
[2025-03-01T01:07:43.327+0000] {processor.py:925} INFO - DAG(s) 'example_complex' retrieved from /home/airflow/.local/lib/python3.12/site-packages/airflow/example_dags/example_complex.py
[2025-03-01T01:07:43.352+0000] {logging_mixin.py:190} INFO - [2025-03-01T01:07:43.352+0000] {dag.py:3239} INFO - Sync 1 DAGs
[2025-03-01T01:07:43.366+0000] {logging_mixin.py:190} INFO - [2025-03-01T01:07:43.366+0000] {dag.py:4180} INFO - Setting next_dagrun for example_complex to None, run_after=None
[2025-03-01T01:07:43.379+0000] {processor.py:208} INFO - Processing /home/airflow/.local/lib/python3.12/site-packages/airflow/example_dags/example_complex.py took 0.067 seconds
[2025-03-01T01:08:13.553+0000] {processor.py:186} INFO - Started process (PID=973) to work on /home/airflow/.local/lib/python3.12/site-packages/airflow/example_dags/example_complex.py
[2025-03-01T01:08:13.553+0000] {processor.py:914} INFO - Processing file /home/airflow/.local/lib/python3.12/site-packages/airflow/example_dags/example_complex.py for tasks to queue
[2025-03-01T01:08:13.555+0000] {logging_mixin.py:190} INFO - [2025-03-01T01:08:13.555+0000] {dagbag.py:588} INFO - Filling up the DagBag from /home/airflow/.local/lib/python3.12/site-packages/airflow/example_dags/example_complex.py
[2025-03-01T01:08:13.567+0000] {processor.py:925} INFO - DAG(s) 'example_complex' retrieved from /home/airflow/.local/lib/python3.12/site-packages/airflow/example_dags/example_complex.py
[2025-03-01T01:08:13.591+0000] {logging_mixin.py:190} INFO - [2025-03-01T01:08:13.591+0000] {dag.py:3239} INFO - Sync 1 DAGs
[2025-03-01T01:08:13.602+0000] {logging_mixin.py:190} INFO - [2025-03-01T01:08:13.602+0000] {dag.py:4180} INFO - Setting next_dagrun for example_complex to None, run_after=None
[2025-03-01T01:08:13.615+0000] {processor.py:208} INFO - Processing /home/airflow/.local/lib/python3.12/site-packages/airflow/example_dags/example_complex.py took 0.066 seconds
[2025-03-01T01:08:43.825+0000] {processor.py:186} INFO - Started process (PID=1035) to work on /home/airflow/.local/lib/python3.12/site-packages/airflow/example_dags/example_complex.py
[2025-03-01T01:08:43.826+0000] {processor.py:914} INFO - Processing file /home/airflow/.local/lib/python3.12/site-packages/airflow/example_dags/example_complex.py for tasks to queue
[2025-03-01T01:08:43.827+0000] {logging_mixin.py:190} INFO - [2025-03-01T01:08:43.827+0000] {dagbag.py:588} INFO - Filling up the DagBag from /home/airflow/.local/lib/python3.12/site-packages/airflow/example_dags/example_complex.py
[2025-03-01T01:08:43.837+0000] {processor.py:925} INFO - DAG(s) 'example_complex' retrieved from /home/airflow/.local/lib/python3.12/site-packages/airflow/example_dags/example_complex.py
[2025-03-01T01:08:43.860+0000] {logging_mixin.py:190} INFO - [2025-03-01T01:08:43.860+0000] {dag.py:3239} INFO - Sync 1 DAGs
[2025-03-01T01:08:43.871+0000] {logging_mixin.py:190} INFO - [2025-03-01T01:08:43.871+0000] {dag.py:4180} INFO - Setting next_dagrun for example_complex to None, run_after=None
[2025-03-01T01:08:43.883+0000] {processor.py:208} INFO - Processing /home/airflow/.local/lib/python3.12/site-packages/airflow/example_dags/example_complex.py took 0.062 seconds
[2025-03-01T01:09:14.116+0000] {processor.py:186} INFO - Started process (PID=1098) to work on /home/airflow/.local/lib/python3.12/site-packages/airflow/example_dags/example_complex.py
[2025-03-01T01:09:14.116+0000] {processor.py:914} INFO - Processing file /home/airflow/.local/lib/python3.12/site-packages/airflow/example_dags/example_complex.py for tasks to queue
[2025-03-01T01:09:14.118+0000] {logging_mixin.py:190} INFO - [2025-03-01T01:09:14.118+0000] {dagbag.py:588} INFO - Filling up the DagBag from /home/airflow/.local/lib/python3.12/site-packages/airflow/example_dags/example_complex.py
[2025-03-01T01:09:14.127+0000] {processor.py:925} INFO - DAG(s) 'example_complex' retrieved from /home/airflow/.local/lib/python3.12/site-packages/airflow/example_dags/example_complex.py
[2025-03-01T01:09:14.160+0000] {logging_mixin.py:190} INFO - [2025-03-01T01:09:14.160+0000] {dag.py:3239} INFO - Sync 1 DAGs
[2025-03-01T01:09:14.174+0000] {logging_mixin.py:190} INFO - [2025-03-01T01:09:14.174+0000] {dag.py:4180} INFO - Setting next_dagrun for example_complex to None, run_after=None
[2025-03-01T01:09:14.188+0000] {processor.py:208} INFO - Processing /home/airflow/.local/lib/python3.12/site-packages/airflow/example_dags/example_complex.py took 0.077 seconds
[2025-03-01T01:09:44.390+0000] {processor.py:186} INFO - Started process (PID=1161) to work on /home/airflow/.local/lib/python3.12/site-packages/airflow/example_dags/example_complex.py
[2025-03-01T01:09:44.390+0000] {processor.py:914} INFO - Processing file /home/airflow/.local/lib/python3.12/site-packages/airflow/example_dags/example_complex.py for tasks to queue
[2025-03-01T01:09:44.392+0000] {logging_mixin.py:190} INFO - [2025-03-01T01:09:44.392+0000] {dagbag.py:588} INFO - Filling up the DagBag from /home/airflow/.local/lib/python3.12/site-packages/airflow/example_dags/example_complex.py
[2025-03-01T01:09:44.401+0000] {processor.py:925} INFO - DAG(s) 'example_complex' retrieved from /home/airflow/.local/lib/python3.12/site-packages/airflow/example_dags/example_complex.py
[2025-03-01T01:09:44.434+0000] {logging_mixin.py:190} INFO - [2025-03-01T01:09:44.434+0000] {dag.py:3239} INFO - Sync 1 DAGs
[2025-03-01T01:09:44.448+0000] {logging_mixin.py:190} INFO - [2025-03-01T01:09:44.448+0000] {dag.py:4180} INFO - Setting next_dagrun for example_complex to None, run_after=None
[2025-03-01T01:09:44.462+0000] {processor.py:208} INFO - Processing /home/airflow/.local/lib/python3.12/site-packages/airflow/example_dags/example_complex.py took 0.077 seconds
[2025-03-01T01:10:14.649+0000] {processor.py:186} INFO - Started process (PID=1224) to work on /home/airflow/.local/lib/python3.12/site-packages/airflow/example_dags/example_complex.py
[2025-03-01T01:10:14.650+0000] {processor.py:914} INFO - Processing file /home/airflow/.local/lib/python3.12/site-packages/airflow/example_dags/example_complex.py for tasks to queue
[2025-03-01T01:10:14.652+0000] {logging_mixin.py:190} INFO - [2025-03-01T01:10:14.652+0000] {dagbag.py:588} INFO - Filling up the DagBag from /home/airflow/.local/lib/python3.12/site-packages/airflow/example_dags/example_complex.py
[2025-03-01T01:10:14.666+0000] {processor.py:925} INFO - DAG(s) 'example_complex' retrieved from /home/airflow/.local/lib/python3.12/site-packages/airflow/example_dags/example_complex.py
[2025-03-01T01:10:14.704+0000] {logging_mixin.py:190} INFO - [2025-03-01T01:10:14.703+0000] {dag.py:3239} INFO - Sync 1 DAGs
[2025-03-01T01:10:14.720+0000] {logging_mixin.py:190} INFO - [2025-03-01T01:10:14.720+0000] {dag.py:4180} INFO - Setting next_dagrun for example_complex to None, run_after=None
[2025-03-01T01:10:14.736+0000] {processor.py:208} INFO - Processing /home/airflow/.local/lib/python3.12/site-packages/airflow/example_dags/example_complex.py took 0.095 seconds
[2025-03-01T01:10:45.078+0000] {processor.py:186} INFO - Started process (PID=1287) to work on /home/airflow/.local/lib/python3.12/site-packages/airflow/example_dags/example_complex.py
[2025-03-01T01:10:45.078+0000] {processor.py:914} INFO - Processing file /home/airflow/.local/lib/python3.12/site-packages/airflow/example_dags/example_complex.py for tasks to queue
[2025-03-01T01:10:45.081+0000] {logging_mixin.py:190} INFO - [2025-03-01T01:10:45.080+0000] {dagbag.py:588} INFO - Filling up the DagBag from /home/airflow/.local/lib/python3.12/site-packages/airflow/example_dags/example_complex.py
[2025-03-01T01:10:45.095+0000] {processor.py:925} INFO - DAG(s) 'example_complex' retrieved from /home/airflow/.local/lib/python3.12/site-packages/airflow/example_dags/example_complex.py
[2025-03-01T01:10:45.132+0000] {logging_mixin.py:190} INFO - [2025-03-01T01:10:45.132+0000] {dag.py:3239} INFO - Sync 1 DAGs
[2025-03-01T01:10:45.148+0000] {logging_mixin.py:190} INFO - [2025-03-01T01:10:45.147+0000] {dag.py:4180} INFO - Setting next_dagrun for example_complex to None, run_after=None
[2025-03-01T01:10:45.164+0000] {processor.py:208} INFO - Processing /home/airflow/.local/lib/python3.12/site-packages/airflow/example_dags/example_complex.py took 0.093 seconds
[2025-03-01T01:11:15.662+0000] {processor.py:186} INFO - Started process (PID=1351) to work on /home/airflow/.local/lib/python3.12/site-packages/airflow/example_dags/example_complex.py
[2025-03-01T01:11:15.663+0000] {processor.py:914} INFO - Processing file /home/airflow/.local/lib/python3.12/site-packages/airflow/example_dags/example_complex.py for tasks to queue
[2025-03-01T01:11:15.664+0000] {logging_mixin.py:190} INFO - [2025-03-01T01:11:15.664+0000] {dagbag.py:588} INFO - Filling up the DagBag from /home/airflow/.local/lib/python3.12/site-packages/airflow/example_dags/example_complex.py
[2025-03-01T01:11:15.673+0000] {processor.py:925} INFO - DAG(s) 'example_complex' retrieved from /home/airflow/.local/lib/python3.12/site-packages/airflow/example_dags/example_complex.py
[2025-03-01T01:11:15.698+0000] {logging_mixin.py:190} INFO - [2025-03-01T01:11:15.697+0000] {dag.py:3239} INFO - Sync 1 DAGs
[2025-03-01T01:11:15.711+0000] {logging_mixin.py:190} INFO - [2025-03-01T01:11:15.711+0000] {dag.py:4180} INFO - Setting next_dagrun for example_complex to None, run_after=None
[2025-03-01T01:11:15.727+0000] {processor.py:208} INFO - Processing /home/airflow/.local/lib/python3.12/site-packages/airflow/example_dags/example_complex.py took 0.069 seconds
[2025-03-01T01:11:46.045+0000] {processor.py:186} INFO - Started process (PID=1415) to work on /home/airflow/.local/lib/python3.12/site-packages/airflow/example_dags/example_complex.py
[2025-03-01T01:11:46.046+0000] {processor.py:914} INFO - Processing file /home/airflow/.local/lib/python3.12/site-packages/airflow/example_dags/example_complex.py for tasks to queue
[2025-03-01T01:11:46.047+0000] {logging_mixin.py:190} INFO - [2025-03-01T01:11:46.046+0000] {dagbag.py:588} INFO - Filling up the DagBag from /home/airflow/.local/lib/python3.12/site-packages/airflow/example_dags/example_complex.py
[2025-03-01T01:11:46.056+0000] {processor.py:925} INFO - DAG(s) 'example_complex' retrieved from /home/airflow/.local/lib/python3.12/site-packages/airflow/example_dags/example_complex.py
[2025-03-01T01:11:46.081+0000] {logging_mixin.py:190} INFO - [2025-03-01T01:11:46.081+0000] {dag.py:3239} INFO - Sync 1 DAGs
[2025-03-01T01:11:46.094+0000] {logging_mixin.py:190} INFO - [2025-03-01T01:11:46.094+0000] {dag.py:4180} INFO - Setting next_dagrun for example_complex to None, run_after=None
[2025-03-01T01:11:46.107+0000] {processor.py:208} INFO - Processing /home/airflow/.local/lib/python3.12/site-packages/airflow/example_dags/example_complex.py took 0.066 seconds
[2025-03-01T01:12:16.296+0000] {processor.py:186} INFO - Started process (PID=1479) to work on /home/airflow/.local/lib/python3.12/site-packages/airflow/example_dags/example_complex.py
[2025-03-01T01:12:16.297+0000] {processor.py:914} INFO - Processing file /home/airflow/.local/lib/python3.12/site-packages/airflow/example_dags/example_complex.py for tasks to queue
[2025-03-01T01:12:16.297+0000] {logging_mixin.py:190} INFO - [2025-03-01T01:12:16.297+0000] {dagbag.py:588} INFO - Filling up the DagBag from /home/airflow/.local/lib/python3.12/site-packages/airflow/example_dags/example_complex.py
[2025-03-01T01:12:16.307+0000] {processor.py:925} INFO - DAG(s) 'example_complex' retrieved from /home/airflow/.local/lib/python3.12/site-packages/airflow/example_dags/example_complex.py
[2025-03-01T01:12:16.331+0000] {logging_mixin.py:190} INFO - [2025-03-01T01:12:16.331+0000] {dag.py:3239} INFO - Sync 1 DAGs
[2025-03-01T01:12:16.344+0000] {logging_mixin.py:190} INFO - [2025-03-01T01:12:16.344+0000] {dag.py:4180} INFO - Setting next_dagrun for example_complex to None, run_after=None
[2025-03-01T01:12:16.359+0000] {processor.py:208} INFO - Processing /home/airflow/.local/lib/python3.12/site-packages/airflow/example_dags/example_complex.py took 0.068 seconds
[2025-03-01T01:12:46.568+0000] {processor.py:186} INFO - Started process (PID=1543) to work on /home/airflow/.local/lib/python3.12/site-packages/airflow/example_dags/example_complex.py
[2025-03-01T01:12:46.569+0000] {processor.py:914} INFO - Processing file /home/airflow/.local/lib/python3.12/site-packages/airflow/example_dags/example_complex.py for tasks to queue
[2025-03-01T01:12:46.569+0000] {logging_mixin.py:190} INFO - [2025-03-01T01:12:46.569+0000] {dagbag.py:588} INFO - Filling up the DagBag from /home/airflow/.local/lib/python3.12/site-packages/airflow/example_dags/example_complex.py
[2025-03-01T01:12:46.579+0000] {processor.py:925} INFO - DAG(s) 'example_complex' retrieved from /home/airflow/.local/lib/python3.12/site-packages/airflow/example_dags/example_complex.py
[2025-03-01T01:12:46.602+0000] {logging_mixin.py:190} INFO - [2025-03-01T01:12:46.602+0000] {dag.py:3239} INFO - Sync 1 DAGs
[2025-03-01T01:12:46.613+0000] {logging_mixin.py:190} INFO - [2025-03-01T01:12:46.613+0000] {dag.py:4180} INFO - Setting next_dagrun for example_complex to None, run_after=None
[2025-03-01T01:12:46.625+0000] {processor.py:208} INFO - Processing /home/airflow/.local/lib/python3.12/site-packages/airflow/example_dags/example_complex.py took 0.062 seconds
[2025-03-01T01:13:16.729+0000] {processor.py:186} INFO - Started process (PID=1607) to work on /home/airflow/.local/lib/python3.12/site-packages/airflow/example_dags/example_complex.py
[2025-03-01T01:13:16.730+0000] {processor.py:914} INFO - Processing file /home/airflow/.local/lib/python3.12/site-packages/airflow/example_dags/example_complex.py for tasks to queue
[2025-03-01T01:13:16.731+0000] {logging_mixin.py:190} INFO - [2025-03-01T01:13:16.730+0000] {dagbag.py:588} INFO - Filling up the DagBag from /home/airflow/.local/lib/python3.12/site-packages/airflow/example_dags/example_complex.py
[2025-03-01T01:13:16.740+0000] {processor.py:925} INFO - DAG(s) 'example_complex' retrieved from /home/airflow/.local/lib/python3.12/site-packages/airflow/example_dags/example_complex.py
[2025-03-01T01:13:16.763+0000] {logging_mixin.py:190} INFO - [2025-03-01T01:13:16.763+0000] {dag.py:3239} INFO - Sync 1 DAGs
[2025-03-01T01:13:16.775+0000] {logging_mixin.py:190} INFO - [2025-03-01T01:13:16.775+0000] {dag.py:4180} INFO - Setting next_dagrun for example_complex to None, run_after=None
[2025-03-01T01:13:16.788+0000] {processor.py:208} INFO - Processing /home/airflow/.local/lib/python3.12/site-packages/airflow/example_dags/example_complex.py took 0.063 seconds
[2025-03-01T01:13:47.022+0000] {processor.py:186} INFO - Started process (PID=1671) to work on /home/airflow/.local/lib/python3.12/site-packages/airflow/example_dags/example_complex.py
[2025-03-01T01:13:47.022+0000] {processor.py:914} INFO - Processing file /home/airflow/.local/lib/python3.12/site-packages/airflow/example_dags/example_complex.py for tasks to queue
[2025-03-01T01:13:47.023+0000] {logging_mixin.py:190} INFO - [2025-03-01T01:13:47.023+0000] {dagbag.py:588} INFO - Filling up the DagBag from /home/airflow/.local/lib/python3.12/site-packages/airflow/example_dags/example_complex.py
[2025-03-01T01:13:47.033+0000] {processor.py:925} INFO - DAG(s) 'example_complex' retrieved from /home/airflow/.local/lib/python3.12/site-packages/airflow/example_dags/example_complex.py
[2025-03-01T01:13:47.068+0000] {logging_mixin.py:190} INFO - [2025-03-01T01:13:47.068+0000] {dag.py:3239} INFO - Sync 1 DAGs
[2025-03-01T01:13:47.084+0000] {logging_mixin.py:190} INFO - [2025-03-01T01:13:47.083+0000] {dag.py:4180} INFO - Setting next_dagrun for example_complex to None, run_after=None
[2025-03-01T01:13:47.100+0000] {processor.py:208} INFO - Processing /home/airflow/.local/lib/python3.12/site-packages/airflow/example_dags/example_complex.py took 0.083 seconds
[2025-03-01T01:14:17.321+0000] {processor.py:186} INFO - Started process (PID=1735) to work on /home/airflow/.local/lib/python3.12/site-packages/airflow/example_dags/example_complex.py
[2025-03-01T01:14:17.322+0000] {processor.py:914} INFO - Processing file /home/airflow/.local/lib/python3.12/site-packages/airflow/example_dags/example_complex.py for tasks to queue
[2025-03-01T01:14:17.323+0000] {logging_mixin.py:190} INFO - [2025-03-01T01:14:17.322+0000] {dagbag.py:588} INFO - Filling up the DagBag from /home/airflow/.local/lib/python3.12/site-packages/airflow/example_dags/example_complex.py
[2025-03-01T01:14:17.332+0000] {processor.py:925} INFO - DAG(s) 'example_complex' retrieved from /home/airflow/.local/lib/python3.12/site-packages/airflow/example_dags/example_complex.py
[2025-03-01T01:14:17.358+0000] {logging_mixin.py:190} INFO - [2025-03-01T01:14:17.358+0000] {dag.py:3239} INFO - Sync 1 DAGs
[2025-03-01T01:14:17.371+0000] {logging_mixin.py:190} INFO - [2025-03-01T01:14:17.371+0000] {dag.py:4180} INFO - Setting next_dagrun for example_complex to None, run_after=None
[2025-03-01T01:14:17.383+0000] {processor.py:208} INFO - Processing /home/airflow/.local/lib/python3.12/site-packages/airflow/example_dags/example_complex.py took 0.066 seconds
[2025-03-01T01:14:47.625+0000] {processor.py:186} INFO - Started process (PID=1799) to work on /home/airflow/.local/lib/python3.12/site-packages/airflow/example_dags/example_complex.py
[2025-03-01T01:14:47.625+0000] {processor.py:914} INFO - Processing file /home/airflow/.local/lib/python3.12/site-packages/airflow/example_dags/example_complex.py for tasks to queue
[2025-03-01T01:14:47.626+0000] {logging_mixin.py:190} INFO - [2025-03-01T01:14:47.626+0000] {dagbag.py:588} INFO - Filling up the DagBag from /home/airflow/.local/lib/python3.12/site-packages/airflow/example_dags/example_complex.py
[2025-03-01T01:14:47.635+0000] {processor.py:925} INFO - DAG(s) 'example_complex' retrieved from /home/airflow/.local/lib/python3.12/site-packages/airflow/example_dags/example_complex.py
[2025-03-01T01:14:47.659+0000] {logging_mixin.py:190} INFO - [2025-03-01T01:14:47.659+0000] {dag.py:3239} INFO - Sync 1 DAGs
[2025-03-01T01:14:47.671+0000] {logging_mixin.py:190} INFO - [2025-03-01T01:14:47.671+0000] {dag.py:4180} INFO - Setting next_dagrun for example_complex to None, run_after=None
[2025-03-01T01:14:47.685+0000] {processor.py:208} INFO - Processing /home/airflow/.local/lib/python3.12/site-packages/airflow/example_dags/example_complex.py took 0.064 seconds
[2025-03-01T01:15:17.974+0000] {processor.py:186} INFO - Started process (PID=1863) to work on /home/airflow/.local/lib/python3.12/site-packages/airflow/example_dags/example_complex.py
[2025-03-01T01:15:17.975+0000] {processor.py:914} INFO - Processing file /home/airflow/.local/lib/python3.12/site-packages/airflow/example_dags/example_complex.py for tasks to queue
[2025-03-01T01:15:17.976+0000] {logging_mixin.py:190} INFO - [2025-03-01T01:15:17.975+0000] {dagbag.py:588} INFO - Filling up the DagBag from /home/airflow/.local/lib/python3.12/site-packages/airflow/example_dags/example_complex.py
[2025-03-01T01:15:17.985+0000] {processor.py:925} INFO - DAG(s) 'example_complex' retrieved from /home/airflow/.local/lib/python3.12/site-packages/airflow/example_dags/example_complex.py
[2025-03-01T01:15:18.011+0000] {logging_mixin.py:190} INFO - [2025-03-01T01:15:18.011+0000] {dag.py:3239} INFO - Sync 1 DAGs
[2025-03-01T01:15:18.023+0000] {logging_mixin.py:190} INFO - [2025-03-01T01:15:18.022+0000] {dag.py:4180} INFO - Setting next_dagrun for example_complex to None, run_after=None
[2025-03-01T01:15:18.035+0000] {processor.py:208} INFO - Processing /home/airflow/.local/lib/python3.12/site-packages/airflow/example_dags/example_complex.py took 0.065 seconds
[2025-03-01T01:15:48.873+0000] {processor.py:186} INFO - Started process (PID=1929) to work on /home/airflow/.local/lib/python3.12/site-packages/airflow/example_dags/example_complex.py
[2025-03-01T01:15:48.874+0000] {processor.py:914} INFO - Processing file /home/airflow/.local/lib/python3.12/site-packages/airflow/example_dags/example_complex.py for tasks to queue
[2025-03-01T01:15:48.875+0000] {logging_mixin.py:190} INFO - [2025-03-01T01:15:48.875+0000] {dagbag.py:588} INFO - Filling up the DagBag from /home/airflow/.local/lib/python3.12/site-packages/airflow/example_dags/example_complex.py
[2025-03-01T01:15:48.884+0000] {processor.py:925} INFO - DAG(s) 'example_complex' retrieved from /home/airflow/.local/lib/python3.12/site-packages/airflow/example_dags/example_complex.py
[2025-03-01T01:15:48.909+0000] {logging_mixin.py:190} INFO - [2025-03-01T01:15:48.909+0000] {dag.py:3239} INFO - Sync 1 DAGs
[2025-03-01T01:15:48.920+0000] {logging_mixin.py:190} INFO - [2025-03-01T01:15:48.920+0000] {dag.py:4180} INFO - Setting next_dagrun for example_complex to None, run_after=None
[2025-03-01T01:15:48.932+0000] {processor.py:208} INFO - Processing /home/airflow/.local/lib/python3.12/site-packages/airflow/example_dags/example_complex.py took 0.063 seconds
[2025-03-01T01:16:19.496+0000] {processor.py:186} INFO - Started process (PID=1993) to work on /home/airflow/.local/lib/python3.12/site-packages/airflow/example_dags/example_complex.py
[2025-03-01T01:16:19.496+0000] {processor.py:914} INFO - Processing file /home/airflow/.local/lib/python3.12/site-packages/airflow/example_dags/example_complex.py for tasks to queue
[2025-03-01T01:16:19.497+0000] {logging_mixin.py:190} INFO - [2025-03-01T01:16:19.497+0000] {dagbag.py:588} INFO - Filling up the DagBag from /home/airflow/.local/lib/python3.12/site-packages/airflow/example_dags/example_complex.py
[2025-03-01T01:16:19.507+0000] {processor.py:925} INFO - DAG(s) 'example_complex' retrieved from /home/airflow/.local/lib/python3.12/site-packages/airflow/example_dags/example_complex.py
[2025-03-01T01:16:19.530+0000] {logging_mixin.py:190} INFO - [2025-03-01T01:16:19.530+0000] {dag.py:3239} INFO - Sync 1 DAGs
[2025-03-01T01:16:19.541+0000] {logging_mixin.py:190} INFO - [2025-03-01T01:16:19.541+0000] {dag.py:4180} INFO - Setting next_dagrun for example_complex to None, run_after=None
[2025-03-01T01:16:19.553+0000] {processor.py:208} INFO - Processing /home/airflow/.local/lib/python3.12/site-packages/airflow/example_dags/example_complex.py took 0.062 seconds
[2025-03-01T01:16:49.713+0000] {processor.py:186} INFO - Started process (PID=2057) to work on /home/airflow/.local/lib/python3.12/site-packages/airflow/example_dags/example_complex.py
[2025-03-01T01:16:49.714+0000] {processor.py:914} INFO - Processing file /home/airflow/.local/lib/python3.12/site-packages/airflow/example_dags/example_complex.py for tasks to queue
[2025-03-01T01:16:49.715+0000] {logging_mixin.py:190} INFO - [2025-03-01T01:16:49.715+0000] {dagbag.py:588} INFO - Filling up the DagBag from /home/airflow/.local/lib/python3.12/site-packages/airflow/example_dags/example_complex.py
[2025-03-01T01:16:49.724+0000] {processor.py:925} INFO - DAG(s) 'example_complex' retrieved from /home/airflow/.local/lib/python3.12/site-packages/airflow/example_dags/example_complex.py
[2025-03-01T01:16:49.748+0000] {logging_mixin.py:190} INFO - [2025-03-01T01:16:49.748+0000] {dag.py:3239} INFO - Sync 1 DAGs
[2025-03-01T01:16:49.760+0000] {logging_mixin.py:190} INFO - [2025-03-01T01:16:49.760+0000] {dag.py:4180} INFO - Setting next_dagrun for example_complex to None, run_after=None
[2025-03-01T01:16:49.773+0000] {processor.py:208} INFO - Processing /home/airflow/.local/lib/python3.12/site-packages/airflow/example_dags/example_complex.py took 0.064 seconds
