[2025-03-01T01:01:02.266+0000] {processor.py:186} INFO - Started process (PID=66) to work on /home/airflow/.local/lib/python3.12/site-packages/airflow/example_dags/example_branch_operator.py
[2025-03-01T01:01:02.271+0000] {processor.py:914} INFO - Processing file /home/airflow/.local/lib/python3.12/site-packages/airflow/example_dags/example_branch_operator.py for tasks to queue
[2025-03-01T01:01:02.274+0000] {logging_mixin.py:190} INFO - [2025-03-01T01:01:02.273+0000] {dagbag.py:588} INFO - Filling up the DagBag from /home/airflow/.local/lib/python3.12/site-packages/airflow/example_dags/example_branch_operator.py
[2025-03-01T01:01:02.356+0000] {processor.py:925} INFO - DAG(s) 'example_branch_operator' retrieved from /home/airflow/.local/lib/python3.12/site-packages/airflow/example_dags/example_branch_operator.py
[2025-03-01T01:01:02.675+0000] {logging_mixin.py:190} INFO - [2025-03-01T01:01:02.674+0000] {override.py:1911} INFO - Created Permission View: can edit on DAG:example_branch_operator
[2025-03-01T01:01:02.702+0000] {logging_mixin.py:190} INFO - [2025-03-01T01:01:02.701+0000] {override.py:1911} INFO - Created Permission View: can read on DAG:example_branch_operator
[2025-03-01T01:01:02.707+0000] {logging_mixin.py:190} INFO - [2025-03-01T01:01:02.707+0000] {override.py:1911} INFO - Created Permission View: can delete on DAG:example_branch_operator
[2025-03-01T01:01:02.712+0000] {logging_mixin.py:190} INFO - [2025-03-01T01:01:02.712+0000] {override.py:1911} INFO - Created Permission View: menu access on DAG Run:example_branch_operator
[2025-03-01T01:01:02.717+0000] {logging_mixin.py:190} INFO - [2025-03-01T01:01:02.717+0000] {override.py:1911} INFO - Created Permission View: can delete on DAG Run:example_branch_operator
[2025-03-01T01:01:02.723+0000] {logging_mixin.py:190} INFO - [2025-03-01T01:01:02.722+0000] {override.py:1911} INFO - Created Permission View: can create on DAG Run:example_branch_operator
[2025-03-01T01:01:02.728+0000] {logging_mixin.py:190} INFO - [2025-03-01T01:01:02.728+0000] {override.py:1911} INFO - Created Permission View: can read on DAG Run:example_branch_operator
[2025-03-01T01:01:02.728+0000] {logging_mixin.py:190} INFO - [2025-03-01T01:01:02.728+0000] {dag.py:3239} INFO - Sync 1 DAGs
[2025-03-01T01:01:02.742+0000] {logging_mixin.py:190} INFO - [2025-03-01T01:01:02.742+0000] {dag.py:3262} INFO - Creating ORM DAG for example_branch_operator
[2025-03-01T01:01:02.753+0000] {logging_mixin.py:190} INFO - [2025-03-01T01:01:02.753+0000] {dag.py:4180} INFO - Setting next_dagrun for example_branch_operator to 2025-02-28 00:00:00+00:00, run_after=2025-03-01 00:00:00+00:00
[2025-03-01T01:01:02.772+0000] {processor.py:208} INFO - Processing /home/airflow/.local/lib/python3.12/site-packages/airflow/example_dags/example_branch_operator.py took 0.517 seconds
[2025-03-01T01:01:32.860+0000] {processor.py:186} INFO - Started process (PID=128) to work on /home/airflow/.local/lib/python3.12/site-packages/airflow/example_dags/example_branch_operator.py
[2025-03-01T01:01:32.861+0000] {processor.py:914} INFO - Processing file /home/airflow/.local/lib/python3.12/site-packages/airflow/example_dags/example_branch_operator.py for tasks to queue
[2025-03-01T01:01:32.863+0000] {logging_mixin.py:190} INFO - [2025-03-01T01:01:32.863+0000] {dagbag.py:588} INFO - Filling up the DagBag from /home/airflow/.local/lib/python3.12/site-packages/airflow/example_dags/example_branch_operator.py
[2025-03-01T01:01:32.882+0000] {processor.py:925} INFO - DAG(s) 'example_branch_operator' retrieved from /home/airflow/.local/lib/python3.12/site-packages/airflow/example_dags/example_branch_operator.py
[2025-03-01T01:01:32.911+0000] {logging_mixin.py:190} INFO - [2025-03-01T01:01:32.911+0000] {dag.py:3239} INFO - Sync 1 DAGs
[2025-03-01T01:01:32.939+0000] {logging_mixin.py:190} INFO - [2025-03-01T01:01:32.938+0000] {dag.py:4180} INFO - Setting next_dagrun for example_branch_operator to 2025-02-28 00:00:00+00:00, run_after=2025-03-01 00:00:00+00:00
[2025-03-01T01:01:32.954+0000] {processor.py:208} INFO - Processing /home/airflow/.local/lib/python3.12/site-packages/airflow/example_dags/example_branch_operator.py took 0.100 seconds
[2025-03-01T01:02:03.598+0000] {processor.py:186} INFO - Started process (PID=192) to work on /home/airflow/.local/lib/python3.12/site-packages/airflow/example_dags/example_branch_operator.py
[2025-03-01T01:02:03.599+0000] {processor.py:914} INFO - Processing file /home/airflow/.local/lib/python3.12/site-packages/airflow/example_dags/example_branch_operator.py for tasks to queue
[2025-03-01T01:02:03.600+0000] {logging_mixin.py:190} INFO - [2025-03-01T01:02:03.600+0000] {dagbag.py:588} INFO - Filling up the DagBag from /home/airflow/.local/lib/python3.12/site-packages/airflow/example_dags/example_branch_operator.py
[2025-03-01T01:02:03.614+0000] {processor.py:925} INFO - DAG(s) 'example_branch_operator' retrieved from /home/airflow/.local/lib/python3.12/site-packages/airflow/example_dags/example_branch_operator.py
[2025-03-01T01:02:03.645+0000] {logging_mixin.py:190} INFO - [2025-03-01T01:02:03.645+0000] {dag.py:3239} INFO - Sync 1 DAGs
[2025-03-01T01:02:03.667+0000] {logging_mixin.py:190} INFO - [2025-03-01T01:02:03.666+0000] {dag.py:4180} INFO - Setting next_dagrun for example_branch_operator to 2025-02-28 00:00:00+00:00, run_after=2025-03-01 00:00:00+00:00
[2025-03-01T01:02:03.681+0000] {processor.py:208} INFO - Processing /home/airflow/.local/lib/python3.12/site-packages/airflow/example_dags/example_branch_operator.py took 0.087 seconds
[2025-03-01T01:02:33.946+0000] {processor.py:186} INFO - Started process (PID=254) to work on /home/airflow/.local/lib/python3.12/site-packages/airflow/example_dags/example_branch_operator.py
[2025-03-01T01:02:33.946+0000] {processor.py:914} INFO - Processing file /home/airflow/.local/lib/python3.12/site-packages/airflow/example_dags/example_branch_operator.py for tasks to queue
[2025-03-01T01:02:33.948+0000] {logging_mixin.py:190} INFO - [2025-03-01T01:02:33.948+0000] {dagbag.py:588} INFO - Filling up the DagBag from /home/airflow/.local/lib/python3.12/site-packages/airflow/example_dags/example_branch_operator.py
[2025-03-01T01:02:33.961+0000] {processor.py:925} INFO - DAG(s) 'example_branch_operator' retrieved from /home/airflow/.local/lib/python3.12/site-packages/airflow/example_dags/example_branch_operator.py
[2025-03-01T01:02:33.986+0000] {logging_mixin.py:190} INFO - [2025-03-01T01:02:33.986+0000] {dag.py:3239} INFO - Sync 1 DAGs
[2025-03-01T01:02:34.004+0000] {logging_mixin.py:190} INFO - [2025-03-01T01:02:34.004+0000] {dag.py:4180} INFO - Setting next_dagrun for example_branch_operator to 2025-02-28 00:00:00+00:00, run_after=2025-03-01 00:00:00+00:00
[2025-03-01T01:02:34.016+0000] {processor.py:208} INFO - Processing /home/airflow/.local/lib/python3.12/site-packages/airflow/example_dags/example_branch_operator.py took 0.076 seconds
[2025-03-01T01:03:04.505+0000] {processor.py:186} INFO - Started process (PID=317) to work on /home/airflow/.local/lib/python3.12/site-packages/airflow/example_dags/example_branch_operator.py
[2025-03-01T01:03:04.506+0000] {processor.py:914} INFO - Processing file /home/airflow/.local/lib/python3.12/site-packages/airflow/example_dags/example_branch_operator.py for tasks to queue
[2025-03-01T01:03:04.507+0000] {logging_mixin.py:190} INFO - [2025-03-01T01:03:04.507+0000] {dagbag.py:588} INFO - Filling up the DagBag from /home/airflow/.local/lib/python3.12/site-packages/airflow/example_dags/example_branch_operator.py
[2025-03-01T01:03:04.525+0000] {processor.py:925} INFO - DAG(s) 'example_branch_operator' retrieved from /home/airflow/.local/lib/python3.12/site-packages/airflow/example_dags/example_branch_operator.py
[2025-03-01T01:03:04.556+0000] {logging_mixin.py:190} INFO - [2025-03-01T01:03:04.556+0000] {dag.py:3239} INFO - Sync 1 DAGs
[2025-03-01T01:03:04.583+0000] {logging_mixin.py:190} INFO - [2025-03-01T01:03:04.582+0000] {dag.py:4180} INFO - Setting next_dagrun for example_branch_operator to 2025-02-28 00:00:00+00:00, run_after=2025-03-01 00:00:00+00:00
[2025-03-01T01:03:04.598+0000] {processor.py:208} INFO - Processing /home/airflow/.local/lib/python3.12/site-packages/airflow/example_dags/example_branch_operator.py took 0.097 seconds
[2025-03-01T01:03:35.187+0000] {processor.py:186} INFO - Started process (PID=380) to work on /home/airflow/.local/lib/python3.12/site-packages/airflow/example_dags/example_branch_operator.py
[2025-03-01T01:03:35.188+0000] {processor.py:914} INFO - Processing file /home/airflow/.local/lib/python3.12/site-packages/airflow/example_dags/example_branch_operator.py for tasks to queue
[2025-03-01T01:03:35.189+0000] {logging_mixin.py:190} INFO - [2025-03-01T01:03:35.189+0000] {dagbag.py:588} INFO - Filling up the DagBag from /home/airflow/.local/lib/python3.12/site-packages/airflow/example_dags/example_branch_operator.py
[2025-03-01T01:03:35.203+0000] {processor.py:925} INFO - DAG(s) 'example_branch_operator' retrieved from /home/airflow/.local/lib/python3.12/site-packages/airflow/example_dags/example_branch_operator.py
[2025-03-01T01:03:35.223+0000] {logging_mixin.py:190} INFO - [2025-03-01T01:03:35.223+0000] {dag.py:3239} INFO - Sync 1 DAGs
[2025-03-01T01:03:35.241+0000] {logging_mixin.py:190} INFO - [2025-03-01T01:03:35.240+0000] {dag.py:4180} INFO - Setting next_dagrun for example_branch_operator to 2025-02-28 00:00:00+00:00, run_after=2025-03-01 00:00:00+00:00
[2025-03-01T01:03:35.253+0000] {processor.py:208} INFO - Processing /home/airflow/.local/lib/python3.12/site-packages/airflow/example_dags/example_branch_operator.py took 0.070 seconds
[2025-03-01T01:04:05.365+0000] {processor.py:186} INFO - Started process (PID=443) to work on /home/airflow/.local/lib/python3.12/site-packages/airflow/example_dags/example_branch_operator.py
[2025-03-01T01:04:05.366+0000] {processor.py:914} INFO - Processing file /home/airflow/.local/lib/python3.12/site-packages/airflow/example_dags/example_branch_operator.py for tasks to queue
[2025-03-01T01:04:05.367+0000] {logging_mixin.py:190} INFO - [2025-03-01T01:04:05.367+0000] {dagbag.py:588} INFO - Filling up the DagBag from /home/airflow/.local/lib/python3.12/site-packages/airflow/example_dags/example_branch_operator.py
[2025-03-01T01:04:05.387+0000] {processor.py:925} INFO - DAG(s) 'example_branch_operator' retrieved from /home/airflow/.local/lib/python3.12/site-packages/airflow/example_dags/example_branch_operator.py
[2025-03-01T01:04:05.419+0000] {logging_mixin.py:190} INFO - [2025-03-01T01:04:05.419+0000] {dag.py:3239} INFO - Sync 1 DAGs
[2025-03-01T01:04:05.444+0000] {logging_mixin.py:190} INFO - [2025-03-01T01:04:05.444+0000] {dag.py:4180} INFO - Setting next_dagrun for example_branch_operator to 2025-02-28 00:00:00+00:00, run_after=2025-03-01 00:00:00+00:00
[2025-03-01T01:04:05.461+0000] {processor.py:208} INFO - Processing /home/airflow/.local/lib/python3.12/site-packages/airflow/example_dags/example_branch_operator.py took 0.100 seconds
[2025-03-01T01:04:35.995+0000] {processor.py:186} INFO - Started process (PID=506) to work on /home/airflow/.local/lib/python3.12/site-packages/airflow/example_dags/example_branch_operator.py
[2025-03-01T01:04:35.995+0000] {processor.py:914} INFO - Processing file /home/airflow/.local/lib/python3.12/site-packages/airflow/example_dags/example_branch_operator.py for tasks to queue
[2025-03-01T01:04:35.997+0000] {logging_mixin.py:190} INFO - [2025-03-01T01:04:35.997+0000] {dagbag.py:588} INFO - Filling up the DagBag from /home/airflow/.local/lib/python3.12/site-packages/airflow/example_dags/example_branch_operator.py
[2025-03-01T01:04:36.010+0000] {processor.py:925} INFO - DAG(s) 'example_branch_operator' retrieved from /home/airflow/.local/lib/python3.12/site-packages/airflow/example_dags/example_branch_operator.py
[2025-03-01T01:04:36.033+0000] {logging_mixin.py:190} INFO - [2025-03-01T01:04:36.032+0000] {dag.py:3239} INFO - Sync 1 DAGs
[2025-03-01T01:04:36.054+0000] {logging_mixin.py:190} INFO - [2025-03-01T01:04:36.054+0000] {dag.py:4180} INFO - Setting next_dagrun for example_branch_operator to 2025-02-28 00:00:00+00:00, run_after=2025-03-01 00:00:00+00:00
[2025-03-01T01:04:36.067+0000] {processor.py:208} INFO - Processing /home/airflow/.local/lib/python3.12/site-packages/airflow/example_dags/example_branch_operator.py took 0.077 seconds
[2025-03-01T01:05:06.167+0000] {processor.py:186} INFO - Started process (PID=569) to work on /home/airflow/.local/lib/python3.12/site-packages/airflow/example_dags/example_branch_operator.py
[2025-03-01T01:05:06.168+0000] {processor.py:914} INFO - Processing file /home/airflow/.local/lib/python3.12/site-packages/airflow/example_dags/example_branch_operator.py for tasks to queue
[2025-03-01T01:05:06.169+0000] {logging_mixin.py:190} INFO - [2025-03-01T01:05:06.169+0000] {dagbag.py:588} INFO - Filling up the DagBag from /home/airflow/.local/lib/python3.12/site-packages/airflow/example_dags/example_branch_operator.py
[2025-03-01T01:05:06.183+0000] {processor.py:925} INFO - DAG(s) 'example_branch_operator' retrieved from /home/airflow/.local/lib/python3.12/site-packages/airflow/example_dags/example_branch_operator.py
[2025-03-01T01:05:06.205+0000] {logging_mixin.py:190} INFO - [2025-03-01T01:05:06.205+0000] {dag.py:3239} INFO - Sync 1 DAGs
[2025-03-01T01:05:06.227+0000] {logging_mixin.py:190} INFO - [2025-03-01T01:05:06.227+0000] {dag.py:4180} INFO - Setting next_dagrun for example_branch_operator to 2025-02-28 00:00:00+00:00, run_after=2025-03-01 00:00:00+00:00
[2025-03-01T01:05:06.240+0000] {processor.py:208} INFO - Processing /home/airflow/.local/lib/python3.12/site-packages/airflow/example_dags/example_branch_operator.py took 0.077 seconds
[2025-03-01T01:05:36.769+0000] {processor.py:186} INFO - Started process (PID=632) to work on /home/airflow/.local/lib/python3.12/site-packages/airflow/example_dags/example_branch_operator.py
[2025-03-01T01:05:36.769+0000] {processor.py:914} INFO - Processing file /home/airflow/.local/lib/python3.12/site-packages/airflow/example_dags/example_branch_operator.py for tasks to queue
[2025-03-01T01:05:36.771+0000] {logging_mixin.py:190} INFO - [2025-03-01T01:05:36.771+0000] {dagbag.py:588} INFO - Filling up the DagBag from /home/airflow/.local/lib/python3.12/site-packages/airflow/example_dags/example_branch_operator.py
[2025-03-01T01:05:36.785+0000] {processor.py:925} INFO - DAG(s) 'example_branch_operator' retrieved from /home/airflow/.local/lib/python3.12/site-packages/airflow/example_dags/example_branch_operator.py
[2025-03-01T01:05:36.806+0000] {logging_mixin.py:190} INFO - [2025-03-01T01:05:36.806+0000] {dag.py:3239} INFO - Sync 1 DAGs
[2025-03-01T01:05:36.827+0000] {logging_mixin.py:190} INFO - [2025-03-01T01:05:36.827+0000] {dag.py:4180} INFO - Setting next_dagrun for example_branch_operator to 2025-02-28 00:00:00+00:00, run_after=2025-03-01 00:00:00+00:00
[2025-03-01T01:05:36.841+0000] {processor.py:208} INFO - Processing /home/airflow/.local/lib/python3.12/site-packages/airflow/example_dags/example_branch_operator.py took 0.076 seconds
[2025-03-01T01:06:07.133+0000] {processor.py:186} INFO - Started process (PID=695) to work on /home/airflow/.local/lib/python3.12/site-packages/airflow/example_dags/example_branch_operator.py
[2025-03-01T01:06:07.134+0000] {processor.py:914} INFO - Processing file /home/airflow/.local/lib/python3.12/site-packages/airflow/example_dags/example_branch_operator.py for tasks to queue
[2025-03-01T01:06:07.135+0000] {logging_mixin.py:190} INFO - [2025-03-01T01:06:07.135+0000] {dagbag.py:588} INFO - Filling up the DagBag from /home/airflow/.local/lib/python3.12/site-packages/airflow/example_dags/example_branch_operator.py
[2025-03-01T01:06:07.149+0000] {processor.py:925} INFO - DAG(s) 'example_branch_operator' retrieved from /home/airflow/.local/lib/python3.12/site-packages/airflow/example_dags/example_branch_operator.py
[2025-03-01T01:06:07.170+0000] {logging_mixin.py:190} INFO - [2025-03-01T01:06:07.170+0000] {dag.py:3239} INFO - Sync 1 DAGs
[2025-03-01T01:06:07.191+0000] {logging_mixin.py:190} INFO - [2025-03-01T01:06:07.191+0000] {dag.py:4180} INFO - Setting next_dagrun for example_branch_operator to 2025-02-28 00:00:00+00:00, run_after=2025-03-01 00:00:00+00:00
[2025-03-01T01:06:07.204+0000] {processor.py:208} INFO - Processing /home/airflow/.local/lib/python3.12/site-packages/airflow/example_dags/example_branch_operator.py took 0.075 seconds
[2025-03-01T01:06:37.497+0000] {processor.py:186} INFO - Started process (PID=758) to work on /home/airflow/.local/lib/python3.12/site-packages/airflow/example_dags/example_branch_operator.py
[2025-03-01T01:06:37.498+0000] {processor.py:914} INFO - Processing file /home/airflow/.local/lib/python3.12/site-packages/airflow/example_dags/example_branch_operator.py for tasks to queue
[2025-03-01T01:06:37.499+0000] {logging_mixin.py:190} INFO - [2025-03-01T01:06:37.499+0000] {dagbag.py:588} INFO - Filling up the DagBag from /home/airflow/.local/lib/python3.12/site-packages/airflow/example_dags/example_branch_operator.py
[2025-03-01T01:06:37.513+0000] {processor.py:925} INFO - DAG(s) 'example_branch_operator' retrieved from /home/airflow/.local/lib/python3.12/site-packages/airflow/example_dags/example_branch_operator.py
[2025-03-01T01:06:37.540+0000] {logging_mixin.py:190} INFO - [2025-03-01T01:06:37.540+0000] {dag.py:3239} INFO - Sync 1 DAGs
[2025-03-01T01:06:37.564+0000] {logging_mixin.py:190} INFO - [2025-03-01T01:06:37.564+0000] {dag.py:4180} INFO - Setting next_dagrun for example_branch_operator to 2025-02-28 00:00:00+00:00, run_after=2025-03-01 00:00:00+00:00
[2025-03-01T01:06:37.576+0000] {processor.py:208} INFO - Processing /home/airflow/.local/lib/python3.12/site-packages/airflow/example_dags/example_branch_operator.py took 0.084 seconds
[2025-03-01T01:07:07.909+0000] {processor.py:186} INFO - Started process (PID=821) to work on /home/airflow/.local/lib/python3.12/site-packages/airflow/example_dags/example_branch_operator.py
[2025-03-01T01:07:07.910+0000] {processor.py:914} INFO - Processing file /home/airflow/.local/lib/python3.12/site-packages/airflow/example_dags/example_branch_operator.py for tasks to queue
[2025-03-01T01:07:07.912+0000] {logging_mixin.py:190} INFO - [2025-03-01T01:07:07.912+0000] {dagbag.py:588} INFO - Filling up the DagBag from /home/airflow/.local/lib/python3.12/site-packages/airflow/example_dags/example_branch_operator.py
[2025-03-01T01:07:07.925+0000] {processor.py:925} INFO - DAG(s) 'example_branch_operator' retrieved from /home/airflow/.local/lib/python3.12/site-packages/airflow/example_dags/example_branch_operator.py
[2025-03-01T01:07:07.947+0000] {logging_mixin.py:190} INFO - [2025-03-01T01:07:07.946+0000] {dag.py:3239} INFO - Sync 1 DAGs
[2025-03-01T01:07:07.967+0000] {logging_mixin.py:190} INFO - [2025-03-01T01:07:07.967+0000] {dag.py:4180} INFO - Setting next_dagrun for example_branch_operator to 2025-02-28 00:00:00+00:00, run_after=2025-03-01 00:00:00+00:00
[2025-03-01T01:07:07.979+0000] {processor.py:208} INFO - Processing /home/airflow/.local/lib/python3.12/site-packages/airflow/example_dags/example_branch_operator.py took 0.075 seconds
[2025-03-01T01:07:38.022+0000] {processor.py:186} INFO - Started process (PID=884) to work on /home/airflow/.local/lib/python3.12/site-packages/airflow/example_dags/example_branch_operator.py
[2025-03-01T01:07:38.023+0000] {processor.py:914} INFO - Processing file /home/airflow/.local/lib/python3.12/site-packages/airflow/example_dags/example_branch_operator.py for tasks to queue
[2025-03-01T01:07:38.024+0000] {logging_mixin.py:190} INFO - [2025-03-01T01:07:38.024+0000] {dagbag.py:588} INFO - Filling up the DagBag from /home/airflow/.local/lib/python3.12/site-packages/airflow/example_dags/example_branch_operator.py
[2025-03-01T01:07:38.038+0000] {processor.py:925} INFO - DAG(s) 'example_branch_operator' retrieved from /home/airflow/.local/lib/python3.12/site-packages/airflow/example_dags/example_branch_operator.py
[2025-03-01T01:07:38.068+0000] {logging_mixin.py:190} INFO - [2025-03-01T01:07:38.068+0000] {dag.py:3239} INFO - Sync 1 DAGs
[2025-03-01T01:07:38.095+0000] {logging_mixin.py:190} INFO - [2025-03-01T01:07:38.095+0000] {dag.py:4180} INFO - Setting next_dagrun for example_branch_operator to 2025-02-28 00:00:00+00:00, run_after=2025-03-01 00:00:00+00:00
[2025-03-01T01:07:38.110+0000] {processor.py:208} INFO - Processing /home/airflow/.local/lib/python3.12/site-packages/airflow/example_dags/example_branch_operator.py took 0.092 seconds
[2025-03-01T01:08:08.313+0000] {processor.py:186} INFO - Started process (PID=948) to work on /home/airflow/.local/lib/python3.12/site-packages/airflow/example_dags/example_branch_operator.py
[2025-03-01T01:08:08.314+0000] {processor.py:914} INFO - Processing file /home/airflow/.local/lib/python3.12/site-packages/airflow/example_dags/example_branch_operator.py for tasks to queue
[2025-03-01T01:08:08.316+0000] {logging_mixin.py:190} INFO - [2025-03-01T01:08:08.315+0000] {dagbag.py:588} INFO - Filling up the DagBag from /home/airflow/.local/lib/python3.12/site-packages/airflow/example_dags/example_branch_operator.py
[2025-03-01T01:08:08.329+0000] {processor.py:925} INFO - DAG(s) 'example_branch_operator' retrieved from /home/airflow/.local/lib/python3.12/site-packages/airflow/example_dags/example_branch_operator.py
[2025-03-01T01:08:08.351+0000] {logging_mixin.py:190} INFO - [2025-03-01T01:08:08.351+0000] {dag.py:3239} INFO - Sync 1 DAGs
[2025-03-01T01:08:08.371+0000] {logging_mixin.py:190} INFO - [2025-03-01T01:08:08.371+0000] {dag.py:4180} INFO - Setting next_dagrun for example_branch_operator to 2025-02-28 00:00:00+00:00, run_after=2025-03-01 00:00:00+00:00
[2025-03-01T01:08:08.383+0000] {processor.py:208} INFO - Processing /home/airflow/.local/lib/python3.12/site-packages/airflow/example_dags/example_branch_operator.py took 0.074 seconds
[2025-03-01T01:08:38.579+0000] {processor.py:186} INFO - Started process (PID=1010) to work on /home/airflow/.local/lib/python3.12/site-packages/airflow/example_dags/example_branch_operator.py
[2025-03-01T01:08:38.580+0000] {processor.py:914} INFO - Processing file /home/airflow/.local/lib/python3.12/site-packages/airflow/example_dags/example_branch_operator.py for tasks to queue
[2025-03-01T01:08:38.581+0000] {logging_mixin.py:190} INFO - [2025-03-01T01:08:38.581+0000] {dagbag.py:588} INFO - Filling up the DagBag from /home/airflow/.local/lib/python3.12/site-packages/airflow/example_dags/example_branch_operator.py
[2025-03-01T01:08:38.595+0000] {processor.py:925} INFO - DAG(s) 'example_branch_operator' retrieved from /home/airflow/.local/lib/python3.12/site-packages/airflow/example_dags/example_branch_operator.py
[2025-03-01T01:08:38.618+0000] {logging_mixin.py:190} INFO - [2025-03-01T01:08:38.617+0000] {dag.py:3239} INFO - Sync 1 DAGs
[2025-03-01T01:08:38.640+0000] {logging_mixin.py:190} INFO - [2025-03-01T01:08:38.639+0000] {dag.py:4180} INFO - Setting next_dagrun for example_branch_operator to 2025-02-28 00:00:00+00:00, run_after=2025-03-01 00:00:00+00:00
[2025-03-01T01:08:38.653+0000] {processor.py:208} INFO - Processing /home/airflow/.local/lib/python3.12/site-packages/airflow/example_dags/example_branch_operator.py took 0.078 seconds
[2025-03-01T01:09:08.750+0000] {processor.py:186} INFO - Started process (PID=1073) to work on /home/airflow/.local/lib/python3.12/site-packages/airflow/example_dags/example_branch_operator.py
[2025-03-01T01:09:08.751+0000] {processor.py:914} INFO - Processing file /home/airflow/.local/lib/python3.12/site-packages/airflow/example_dags/example_branch_operator.py for tasks to queue
[2025-03-01T01:09:08.753+0000] {logging_mixin.py:190} INFO - [2025-03-01T01:09:08.752+0000] {dagbag.py:588} INFO - Filling up the DagBag from /home/airflow/.local/lib/python3.12/site-packages/airflow/example_dags/example_branch_operator.py
[2025-03-01T01:09:08.766+0000] {processor.py:925} INFO - DAG(s) 'example_branch_operator' retrieved from /home/airflow/.local/lib/python3.12/site-packages/airflow/example_dags/example_branch_operator.py
[2025-03-01T01:09:08.796+0000] {logging_mixin.py:190} INFO - [2025-03-01T01:09:08.795+0000] {dag.py:3239} INFO - Sync 1 DAGs
[2025-03-01T01:09:08.823+0000] {logging_mixin.py:190} INFO - [2025-03-01T01:09:08.822+0000] {dag.py:4180} INFO - Setting next_dagrun for example_branch_operator to 2025-02-28 00:00:00+00:00, run_after=2025-03-01 00:00:00+00:00
[2025-03-01T01:09:08.838+0000] {processor.py:208} INFO - Processing /home/airflow/.local/lib/python3.12/site-packages/airflow/example_dags/example_branch_operator.py took 0.094 seconds
[2025-03-01T01:09:39.143+0000] {processor.py:186} INFO - Started process (PID=1136) to work on /home/airflow/.local/lib/python3.12/site-packages/airflow/example_dags/example_branch_operator.py
[2025-03-01T01:09:39.143+0000] {processor.py:914} INFO - Processing file /home/airflow/.local/lib/python3.12/site-packages/airflow/example_dags/example_branch_operator.py for tasks to queue
[2025-03-01T01:09:39.145+0000] {logging_mixin.py:190} INFO - [2025-03-01T01:09:39.144+0000] {dagbag.py:588} INFO - Filling up the DagBag from /home/airflow/.local/lib/python3.12/site-packages/airflow/example_dags/example_branch_operator.py
[2025-03-01T01:09:39.164+0000] {processor.py:925} INFO - DAG(s) 'example_branch_operator' retrieved from /home/airflow/.local/lib/python3.12/site-packages/airflow/example_dags/example_branch_operator.py
[2025-03-01T01:09:39.195+0000] {logging_mixin.py:190} INFO - [2025-03-01T01:09:39.194+0000] {dag.py:3239} INFO - Sync 1 DAGs
[2025-03-01T01:09:39.221+0000] {logging_mixin.py:190} INFO - [2025-03-01T01:09:39.221+0000] {dag.py:4180} INFO - Setting next_dagrun for example_branch_operator to 2025-02-28 00:00:00+00:00, run_after=2025-03-01 00:00:00+00:00
[2025-03-01T01:09:39.238+0000] {processor.py:208} INFO - Processing /home/airflow/.local/lib/python3.12/site-packages/airflow/example_dags/example_branch_operator.py took 0.100 seconds
[2025-03-01T01:10:09.397+0000] {processor.py:186} INFO - Started process (PID=1199) to work on /home/airflow/.local/lib/python3.12/site-packages/airflow/example_dags/example_branch_operator.py
[2025-03-01T01:10:09.398+0000] {processor.py:914} INFO - Processing file /home/airflow/.local/lib/python3.12/site-packages/airflow/example_dags/example_branch_operator.py for tasks to queue
[2025-03-01T01:10:09.400+0000] {logging_mixin.py:190} INFO - [2025-03-01T01:10:09.400+0000] {dagbag.py:588} INFO - Filling up the DagBag from /home/airflow/.local/lib/python3.12/site-packages/airflow/example_dags/example_branch_operator.py
[2025-03-01T01:10:09.418+0000] {processor.py:925} INFO - DAG(s) 'example_branch_operator' retrieved from /home/airflow/.local/lib/python3.12/site-packages/airflow/example_dags/example_branch_operator.py
[2025-03-01T01:10:09.442+0000] {logging_mixin.py:190} INFO - [2025-03-01T01:10:09.442+0000] {dag.py:3239} INFO - Sync 1 DAGs
[2025-03-01T01:10:09.460+0000] {logging_mixin.py:190} INFO - [2025-03-01T01:10:09.460+0000] {dag.py:4180} INFO - Setting next_dagrun for example_branch_operator to 2025-02-28 00:00:00+00:00, run_after=2025-03-01 00:00:00+00:00
[2025-03-01T01:10:09.473+0000] {processor.py:208} INFO - Processing /home/airflow/.local/lib/python3.12/site-packages/airflow/example_dags/example_branch_operator.py took 0.081 seconds
[2025-03-01T01:10:39.859+0000] {processor.py:186} INFO - Started process (PID=1262) to work on /home/airflow/.local/lib/python3.12/site-packages/airflow/example_dags/example_branch_operator.py
[2025-03-01T01:10:39.859+0000] {processor.py:914} INFO - Processing file /home/airflow/.local/lib/python3.12/site-packages/airflow/example_dags/example_branch_operator.py for tasks to queue
[2025-03-01T01:10:39.861+0000] {logging_mixin.py:190} INFO - [2025-03-01T01:10:39.861+0000] {dagbag.py:588} INFO - Filling up the DagBag from /home/airflow/.local/lib/python3.12/site-packages/airflow/example_dags/example_branch_operator.py
[2025-03-01T01:10:39.875+0000] {processor.py:925} INFO - DAG(s) 'example_branch_operator' retrieved from /home/airflow/.local/lib/python3.12/site-packages/airflow/example_dags/example_branch_operator.py
[2025-03-01T01:10:39.896+0000] {logging_mixin.py:190} INFO - [2025-03-01T01:10:39.896+0000] {dag.py:3239} INFO - Sync 1 DAGs
[2025-03-01T01:10:39.919+0000] {logging_mixin.py:190} INFO - [2025-03-01T01:10:39.919+0000] {dag.py:4180} INFO - Setting next_dagrun for example_branch_operator to 2025-02-28 00:00:00+00:00, run_after=2025-03-01 00:00:00+00:00
[2025-03-01T01:10:39.932+0000] {processor.py:208} INFO - Processing /home/airflow/.local/lib/python3.12/site-packages/airflow/example_dags/example_branch_operator.py took 0.078 seconds
[2025-03-01T01:11:10.390+0000] {processor.py:186} INFO - Started process (PID=1326) to work on /home/airflow/.local/lib/python3.12/site-packages/airflow/example_dags/example_branch_operator.py
[2025-03-01T01:11:10.391+0000] {processor.py:914} INFO - Processing file /home/airflow/.local/lib/python3.12/site-packages/airflow/example_dags/example_branch_operator.py for tasks to queue
[2025-03-01T01:11:10.391+0000] {logging_mixin.py:190} INFO - [2025-03-01T01:11:10.391+0000] {dagbag.py:588} INFO - Filling up the DagBag from /home/airflow/.local/lib/python3.12/site-packages/airflow/example_dags/example_branch_operator.py
[2025-03-01T01:11:10.406+0000] {processor.py:925} INFO - DAG(s) 'example_branch_operator' retrieved from /home/airflow/.local/lib/python3.12/site-packages/airflow/example_dags/example_branch_operator.py
[2025-03-01T01:11:10.428+0000] {logging_mixin.py:190} INFO - [2025-03-01T01:11:10.428+0000] {dag.py:3239} INFO - Sync 1 DAGs
[2025-03-01T01:11:10.449+0000] {logging_mixin.py:190} INFO - [2025-03-01T01:11:10.449+0000] {dag.py:4180} INFO - Setting next_dagrun for example_branch_operator to 2025-02-28 00:00:00+00:00, run_after=2025-03-01 00:00:00+00:00
[2025-03-01T01:11:10.463+0000] {processor.py:208} INFO - Processing /home/airflow/.local/lib/python3.12/site-packages/airflow/example_dags/example_branch_operator.py took 0.077 seconds
[2025-03-01T01:11:40.856+0000] {processor.py:186} INFO - Started process (PID=1390) to work on /home/airflow/.local/lib/python3.12/site-packages/airflow/example_dags/example_branch_operator.py
[2025-03-01T01:11:40.856+0000] {processor.py:914} INFO - Processing file /home/airflow/.local/lib/python3.12/site-packages/airflow/example_dags/example_branch_operator.py for tasks to queue
[2025-03-01T01:11:40.857+0000] {logging_mixin.py:190} INFO - [2025-03-01T01:11:40.857+0000] {dagbag.py:588} INFO - Filling up the DagBag from /home/airflow/.local/lib/python3.12/site-packages/airflow/example_dags/example_branch_operator.py
[2025-03-01T01:11:40.871+0000] {processor.py:925} INFO - DAG(s) 'example_branch_operator' retrieved from /home/airflow/.local/lib/python3.12/site-packages/airflow/example_dags/example_branch_operator.py
[2025-03-01T01:11:40.892+0000] {logging_mixin.py:190} INFO - [2025-03-01T01:11:40.892+0000] {dag.py:3239} INFO - Sync 1 DAGs
[2025-03-01T01:11:40.912+0000] {logging_mixin.py:190} INFO - [2025-03-01T01:11:40.912+0000] {dag.py:4180} INFO - Setting next_dagrun for example_branch_operator to 2025-02-28 00:00:00+00:00, run_after=2025-03-01 00:00:00+00:00
[2025-03-01T01:11:40.925+0000] {processor.py:208} INFO - Processing /home/airflow/.local/lib/python3.12/site-packages/airflow/example_dags/example_branch_operator.py took 0.074 seconds
[2025-03-01T01:12:11.013+0000] {processor.py:186} INFO - Started process (PID=1454) to work on /home/airflow/.local/lib/python3.12/site-packages/airflow/example_dags/example_branch_operator.py
[2025-03-01T01:12:11.013+0000] {processor.py:914} INFO - Processing file /home/airflow/.local/lib/python3.12/site-packages/airflow/example_dags/example_branch_operator.py for tasks to queue
[2025-03-01T01:12:11.014+0000] {logging_mixin.py:190} INFO - [2025-03-01T01:12:11.014+0000] {dagbag.py:588} INFO - Filling up the DagBag from /home/airflow/.local/lib/python3.12/site-packages/airflow/example_dags/example_branch_operator.py
[2025-03-01T01:12:11.027+0000] {processor.py:925} INFO - DAG(s) 'example_branch_operator' retrieved from /home/airflow/.local/lib/python3.12/site-packages/airflow/example_dags/example_branch_operator.py
[2025-03-01T01:12:11.047+0000] {logging_mixin.py:190} INFO - [2025-03-01T01:12:11.047+0000] {dag.py:3239} INFO - Sync 1 DAGs
[2025-03-01T01:12:11.066+0000] {logging_mixin.py:190} INFO - [2025-03-01T01:12:11.066+0000] {dag.py:4180} INFO - Setting next_dagrun for example_branch_operator to 2025-02-28 00:00:00+00:00, run_after=2025-03-01 00:00:00+00:00
[2025-03-01T01:12:11.079+0000] {processor.py:208} INFO - Processing /home/airflow/.local/lib/python3.12/site-packages/airflow/example_dags/example_branch_operator.py took 0.070 seconds
[2025-03-01T01:12:41.393+0000] {processor.py:186} INFO - Started process (PID=1518) to work on /home/airflow/.local/lib/python3.12/site-packages/airflow/example_dags/example_branch_operator.py
[2025-03-01T01:12:41.393+0000] {processor.py:914} INFO - Processing file /home/airflow/.local/lib/python3.12/site-packages/airflow/example_dags/example_branch_operator.py for tasks to queue
[2025-03-01T01:12:41.394+0000] {logging_mixin.py:190} INFO - [2025-03-01T01:12:41.394+0000] {dagbag.py:588} INFO - Filling up the DagBag from /home/airflow/.local/lib/python3.12/site-packages/airflow/example_dags/example_branch_operator.py
[2025-03-01T01:12:41.408+0000] {processor.py:925} INFO - DAG(s) 'example_branch_operator' retrieved from /home/airflow/.local/lib/python3.12/site-packages/airflow/example_dags/example_branch_operator.py
[2025-03-01T01:12:41.429+0000] {logging_mixin.py:190} INFO - [2025-03-01T01:12:41.429+0000] {dag.py:3239} INFO - Sync 1 DAGs
[2025-03-01T01:12:41.449+0000] {logging_mixin.py:190} INFO - [2025-03-01T01:12:41.449+0000] {dag.py:4180} INFO - Setting next_dagrun for example_branch_operator to 2025-02-28 00:00:00+00:00, run_after=2025-03-01 00:00:00+00:00
[2025-03-01T01:12:41.463+0000] {processor.py:208} INFO - Processing /home/airflow/.local/lib/python3.12/site-packages/airflow/example_dags/example_branch_operator.py took 0.075 seconds
[2025-03-01T01:13:11.636+0000] {processor.py:186} INFO - Started process (PID=1582) to work on /home/airflow/.local/lib/python3.12/site-packages/airflow/example_dags/example_branch_operator.py
[2025-03-01T01:13:11.636+0000] {processor.py:914} INFO - Processing file /home/airflow/.local/lib/python3.12/site-packages/airflow/example_dags/example_branch_operator.py for tasks to queue
[2025-03-01T01:13:11.637+0000] {logging_mixin.py:190} INFO - [2025-03-01T01:13:11.637+0000] {dagbag.py:588} INFO - Filling up the DagBag from /home/airflow/.local/lib/python3.12/site-packages/airflow/example_dags/example_branch_operator.py
[2025-03-01T01:13:11.651+0000] {processor.py:925} INFO - DAG(s) 'example_branch_operator' retrieved from /home/airflow/.local/lib/python3.12/site-packages/airflow/example_dags/example_branch_operator.py
[2025-03-01T01:13:11.676+0000] {logging_mixin.py:190} INFO - [2025-03-01T01:13:11.675+0000] {dag.py:3239} INFO - Sync 1 DAGs
[2025-03-01T01:13:11.697+0000] {logging_mixin.py:190} INFO - [2025-03-01T01:13:11.697+0000] {dag.py:4180} INFO - Setting next_dagrun for example_branch_operator to 2025-02-28 00:00:00+00:00, run_after=2025-03-01 00:00:00+00:00
[2025-03-01T01:13:11.714+0000] {processor.py:208} INFO - Processing /home/airflow/.local/lib/python3.12/site-packages/airflow/example_dags/example_branch_operator.py took 0.082 seconds
[2025-03-01T01:13:42.150+0000] {processor.py:186} INFO - Started process (PID=1645) to work on /home/airflow/.local/lib/python3.12/site-packages/airflow/example_dags/example_branch_operator.py
[2025-03-01T01:13:42.151+0000] {processor.py:914} INFO - Processing file /home/airflow/.local/lib/python3.12/site-packages/airflow/example_dags/example_branch_operator.py for tasks to queue
[2025-03-01T01:13:42.152+0000] {logging_mixin.py:190} INFO - [2025-03-01T01:13:42.152+0000] {dagbag.py:588} INFO - Filling up the DagBag from /home/airflow/.local/lib/python3.12/site-packages/airflow/example_dags/example_branch_operator.py
[2025-03-01T01:13:42.166+0000] {processor.py:925} INFO - DAG(s) 'example_branch_operator' retrieved from /home/airflow/.local/lib/python3.12/site-packages/airflow/example_dags/example_branch_operator.py
[2025-03-01T01:13:42.186+0000] {logging_mixin.py:190} INFO - [2025-03-01T01:13:42.186+0000] {dag.py:3239} INFO - Sync 1 DAGs
[2025-03-01T01:13:42.210+0000] {logging_mixin.py:190} INFO - [2025-03-01T01:13:42.210+0000] {dag.py:4180} INFO - Setting next_dagrun for example_branch_operator to 2025-02-28 00:00:00+00:00, run_after=2025-03-01 00:00:00+00:00
[2025-03-01T01:13:42.226+0000] {processor.py:208} INFO - Processing /home/airflow/.local/lib/python3.12/site-packages/airflow/example_dags/example_branch_operator.py took 0.080 seconds
[2025-03-01T01:14:12.498+0000] {processor.py:186} INFO - Started process (PID=1709) to work on /home/airflow/.local/lib/python3.12/site-packages/airflow/example_dags/example_branch_operator.py
[2025-03-01T01:14:12.499+0000] {processor.py:914} INFO - Processing file /home/airflow/.local/lib/python3.12/site-packages/airflow/example_dags/example_branch_operator.py for tasks to queue
[2025-03-01T01:14:12.500+0000] {logging_mixin.py:190} INFO - [2025-03-01T01:14:12.500+0000] {dagbag.py:588} INFO - Filling up the DagBag from /home/airflow/.local/lib/python3.12/site-packages/airflow/example_dags/example_branch_operator.py
[2025-03-01T01:14:12.520+0000] {processor.py:925} INFO - DAG(s) 'example_branch_operator' retrieved from /home/airflow/.local/lib/python3.12/site-packages/airflow/example_dags/example_branch_operator.py
[2025-03-01T01:14:12.552+0000] {logging_mixin.py:190} INFO - [2025-03-01T01:14:12.552+0000] {dag.py:3239} INFO - Sync 1 DAGs
[2025-03-01T01:14:12.579+0000] {logging_mixin.py:190} INFO - [2025-03-01T01:14:12.579+0000] {dag.py:4180} INFO - Setting next_dagrun for example_branch_operator to 2025-02-28 00:00:00+00:00, run_after=2025-03-01 00:00:00+00:00
[2025-03-01T01:14:12.594+0000] {processor.py:208} INFO - Processing /home/airflow/.local/lib/python3.12/site-packages/airflow/example_dags/example_branch_operator.py took 0.101 seconds
[2025-03-01T01:14:42.804+0000] {processor.py:186} INFO - Started process (PID=1773) to work on /home/airflow/.local/lib/python3.12/site-packages/airflow/example_dags/example_branch_operator.py
[2025-03-01T01:14:42.805+0000] {processor.py:914} INFO - Processing file /home/airflow/.local/lib/python3.12/site-packages/airflow/example_dags/example_branch_operator.py for tasks to queue
[2025-03-01T01:14:42.806+0000] {logging_mixin.py:190} INFO - [2025-03-01T01:14:42.806+0000] {dagbag.py:588} INFO - Filling up the DagBag from /home/airflow/.local/lib/python3.12/site-packages/airflow/example_dags/example_branch_operator.py
[2025-03-01T01:14:42.822+0000] {processor.py:925} INFO - DAG(s) 'example_branch_operator' retrieved from /home/airflow/.local/lib/python3.12/site-packages/airflow/example_dags/example_branch_operator.py
[2025-03-01T01:14:42.850+0000] {logging_mixin.py:190} INFO - [2025-03-01T01:14:42.850+0000] {dag.py:3239} INFO - Sync 1 DAGs
[2025-03-01T01:14:42.876+0000] {logging_mixin.py:190} INFO - [2025-03-01T01:14:42.876+0000] {dag.py:4180} INFO - Setting next_dagrun for example_branch_operator to 2025-02-28 00:00:00+00:00, run_after=2025-03-01 00:00:00+00:00
[2025-03-01T01:14:42.894+0000] {processor.py:208} INFO - Processing /home/airflow/.local/lib/python3.12/site-packages/airflow/example_dags/example_branch_operator.py took 0.095 seconds
[2025-03-01T01:15:14.124+0000] {processor.py:186} INFO - Started process (PID=1836) to work on /home/airflow/.local/lib/python3.12/site-packages/airflow/example_dags/example_branch_operator.py
[2025-03-01T01:15:14.124+0000] {processor.py:914} INFO - Processing file /home/airflow/.local/lib/python3.12/site-packages/airflow/example_dags/example_branch_operator.py for tasks to queue
[2025-03-01T01:15:14.125+0000] {logging_mixin.py:190} INFO - [2025-03-01T01:15:14.125+0000] {dagbag.py:588} INFO - Filling up the DagBag from /home/airflow/.local/lib/python3.12/site-packages/airflow/example_dags/example_branch_operator.py
[2025-03-01T01:15:14.139+0000] {processor.py:925} INFO - DAG(s) 'example_branch_operator' retrieved from /home/airflow/.local/lib/python3.12/site-packages/airflow/example_dags/example_branch_operator.py
[2025-03-01T01:15:14.162+0000] {logging_mixin.py:190} INFO - [2025-03-01T01:15:14.161+0000] {dag.py:3239} INFO - Sync 1 DAGs
[2025-03-01T01:15:14.180+0000] {logging_mixin.py:190} INFO - [2025-03-01T01:15:14.180+0000] {dag.py:4180} INFO - Setting next_dagrun for example_branch_operator to 2025-02-28 00:00:00+00:00, run_after=2025-03-01 00:00:00+00:00
[2025-03-01T01:15:14.192+0000] {processor.py:208} INFO - Processing /home/airflow/.local/lib/python3.12/site-packages/airflow/example_dags/example_branch_operator.py took 0.073 seconds
[2025-03-01T01:15:44.233+0000] {processor.py:186} INFO - Started process (PID=1886) to work on /home/airflow/.local/lib/python3.12/site-packages/airflow/example_dags/example_branch_operator.py
[2025-03-01T01:15:44.234+0000] {processor.py:914} INFO - Processing file /home/airflow/.local/lib/python3.12/site-packages/airflow/example_dags/example_branch_operator.py for tasks to queue
[2025-03-01T01:15:44.234+0000] {logging_mixin.py:190} INFO - [2025-03-01T01:15:44.234+0000] {dagbag.py:588} INFO - Filling up the DagBag from /home/airflow/.local/lib/python3.12/site-packages/airflow/example_dags/example_branch_operator.py
[2025-03-01T01:15:44.249+0000] {processor.py:925} INFO - DAG(s) 'example_branch_operator' retrieved from /home/airflow/.local/lib/python3.12/site-packages/airflow/example_dags/example_branch_operator.py
[2025-03-01T01:15:44.279+0000] {logging_mixin.py:190} INFO - [2025-03-01T01:15:44.279+0000] {dag.py:3239} INFO - Sync 1 DAGs
[2025-03-01T01:15:44.309+0000] {logging_mixin.py:190} INFO - [2025-03-01T01:15:44.309+0000] {dag.py:4180} INFO - Setting next_dagrun for example_branch_operator to 2025-02-28 00:00:00+00:00, run_after=2025-03-01 00:00:00+00:00
[2025-03-01T01:15:44.324+0000] {processor.py:208} INFO - Processing /home/airflow/.local/lib/python3.12/site-packages/airflow/example_dags/example_branch_operator.py took 0.095 seconds
[2025-03-01T01:16:14.858+0000] {processor.py:186} INFO - Started process (PID=1950) to work on /home/airflow/.local/lib/python3.12/site-packages/airflow/example_dags/example_branch_operator.py
[2025-03-01T01:16:14.858+0000] {processor.py:914} INFO - Processing file /home/airflow/.local/lib/python3.12/site-packages/airflow/example_dags/example_branch_operator.py for tasks to queue
[2025-03-01T01:16:14.860+0000] {logging_mixin.py:190} INFO - [2025-03-01T01:16:14.859+0000] {dagbag.py:588} INFO - Filling up the DagBag from /home/airflow/.local/lib/python3.12/site-packages/airflow/example_dags/example_branch_operator.py
[2025-03-01T01:16:14.884+0000] {processor.py:925} INFO - DAG(s) 'example_branch_operator' retrieved from /home/airflow/.local/lib/python3.12/site-packages/airflow/example_dags/example_branch_operator.py
[2025-03-01T01:16:14.917+0000] {logging_mixin.py:190} INFO - [2025-03-01T01:16:14.916+0000] {dag.py:3239} INFO - Sync 1 DAGs
[2025-03-01T01:16:14.949+0000] {logging_mixin.py:190} INFO - [2025-03-01T01:16:14.949+0000] {dag.py:4180} INFO - Setting next_dagrun for example_branch_operator to 2025-02-28 00:00:00+00:00, run_after=2025-03-01 00:00:00+00:00
[2025-03-01T01:16:14.965+0000] {processor.py:208} INFO - Processing /home/airflow/.local/lib/python3.12/site-packages/airflow/example_dags/example_branch_operator.py took 0.113 seconds
[2025-03-01T01:16:45.763+0000] {processor.py:186} INFO - Started process (PID=2011) to work on /home/airflow/.local/lib/python3.12/site-packages/airflow/example_dags/example_branch_operator.py
[2025-03-01T01:16:45.766+0000] {processor.py:914} INFO - Processing file /home/airflow/.local/lib/python3.12/site-packages/airflow/example_dags/example_branch_operator.py for tasks to queue
[2025-03-01T01:16:45.773+0000] {logging_mixin.py:190} INFO - [2025-03-01T01:16:45.772+0000] {dagbag.py:588} INFO - Filling up the DagBag from /home/airflow/.local/lib/python3.12/site-packages/airflow/example_dags/example_branch_operator.py
[2025-03-01T01:16:45.792+0000] {processor.py:925} INFO - DAG(s) 'example_branch_operator' retrieved from /home/airflow/.local/lib/python3.12/site-packages/airflow/example_dags/example_branch_operator.py
[2025-03-01T01:16:45.826+0000] {logging_mixin.py:190} INFO - [2025-03-01T01:16:45.826+0000] {dag.py:3239} INFO - Sync 1 DAGs
[2025-03-01T01:16:45.853+0000] {logging_mixin.py:190} INFO - [2025-03-01T01:16:45.853+0000] {dag.py:4180} INFO - Setting next_dagrun for example_branch_operator to 2025-02-28 00:00:00+00:00, run_after=2025-03-01 00:00:00+00:00
[2025-03-01T01:16:45.871+0000] {processor.py:208} INFO - Processing /home/airflow/.local/lib/python3.12/site-packages/airflow/example_dags/example_branch_operator.py took 0.124 seconds
