[2025-03-01T01:01:04.472+0000] {processor.py:186} INFO - Started process (PID=78) to work on /home/airflow/.local/lib/python3.12/site-packages/airflow/example_dags/example_branch_python_dop_operator_3.py
[2025-03-01T01:01:04.473+0000] {processor.py:914} INFO - Processing file /home/airflow/.local/lib/python3.12/site-packages/airflow/example_dags/example_branch_python_dop_operator_3.py for tasks to queue
[2025-03-01T01:01:04.475+0000] {logging_mixin.py:190} INFO - [2025-03-01T01:01:04.475+0000] {dagbag.py:588} INFO - Filling up the DagBag from /home/airflow/.local/lib/python3.12/site-packages/airflow/example_dags/example_branch_python_dop_operator_3.py
[2025-03-01T01:01:04.489+0000] {processor.py:925} INFO - DAG(s) 'example_branch_dop_operator_v3' retrieved from /home/airflow/.local/lib/python3.12/site-packages/airflow/example_dags/example_branch_python_dop_operator_3.py
[2025-03-01T01:01:04.632+0000] {logging_mixin.py:190} INFO - [2025-03-01T01:01:04.632+0000] {override.py:1911} INFO - Created Permission View: can edit on DAG:example_branch_dop_operator_v3
[2025-03-01T01:01:04.642+0000] {logging_mixin.py:190} INFO - [2025-03-01T01:01:04.642+0000] {override.py:1911} INFO - Created Permission View: can read on DAG:example_branch_dop_operator_v3
[2025-03-01T01:01:04.647+0000] {logging_mixin.py:190} INFO - [2025-03-01T01:01:04.647+0000] {override.py:1911} INFO - Created Permission View: can delete on DAG:example_branch_dop_operator_v3
[2025-03-01T01:01:04.653+0000] {logging_mixin.py:190} INFO - [2025-03-01T01:01:04.652+0000] {override.py:1911} INFO - Created Permission View: menu access on DAG Run:example_branch_dop_operator_v3
[2025-03-01T01:01:04.658+0000] {logging_mixin.py:190} INFO - [2025-03-01T01:01:04.658+0000] {override.py:1911} INFO - Created Permission View: can delete on DAG Run:example_branch_dop_operator_v3
[2025-03-01T01:01:04.663+0000] {logging_mixin.py:190} INFO - [2025-03-01T01:01:04.662+0000] {override.py:1911} INFO - Created Permission View: can create on DAG Run:example_branch_dop_operator_v3
[2025-03-01T01:01:04.667+0000] {logging_mixin.py:190} INFO - [2025-03-01T01:01:04.667+0000] {override.py:1911} INFO - Created Permission View: can read on DAG Run:example_branch_dop_operator_v3
[2025-03-01T01:01:04.668+0000] {logging_mixin.py:190} INFO - [2025-03-01T01:01:04.668+0000] {dag.py:3239} INFO - Sync 1 DAGs
[2025-03-01T01:01:04.680+0000] {logging_mixin.py:190} INFO - [2025-03-01T01:01:04.680+0000] {dag.py:3262} INFO - Creating ORM DAG for example_branch_dop_operator_v3
[2025-03-01T01:01:04.694+0000] {logging_mixin.py:190} INFO - [2025-03-01T01:01:04.693+0000] {dag.py:4180} INFO - Setting next_dagrun for example_branch_dop_operator_v3 to 2025-03-01 01:00:00+00:00, run_after=2025-03-01 01:01:00+00:00
[2025-03-01T01:01:04.707+0000] {processor.py:208} INFO - Processing /home/airflow/.local/lib/python3.12/site-packages/airflow/example_dags/example_branch_python_dop_operator_3.py took 0.241 seconds
[2025-03-01T01:01:35.497+0000] {processor.py:186} INFO - Started process (PID=140) to work on /home/airflow/.local/lib/python3.12/site-packages/airflow/example_dags/example_branch_python_dop_operator_3.py
[2025-03-01T01:01:35.497+0000] {processor.py:914} INFO - Processing file /home/airflow/.local/lib/python3.12/site-packages/airflow/example_dags/example_branch_python_dop_operator_3.py for tasks to queue
[2025-03-01T01:01:35.499+0000] {logging_mixin.py:190} INFO - [2025-03-01T01:01:35.499+0000] {dagbag.py:588} INFO - Filling up the DagBag from /home/airflow/.local/lib/python3.12/site-packages/airflow/example_dags/example_branch_python_dop_operator_3.py
[2025-03-01T01:01:35.507+0000] {processor.py:925} INFO - DAG(s) 'example_branch_dop_operator_v3' retrieved from /home/airflow/.local/lib/python3.12/site-packages/airflow/example_dags/example_branch_python_dop_operator_3.py
[2025-03-01T01:01:35.521+0000] {logging_mixin.py:190} INFO - [2025-03-01T01:01:35.521+0000] {dag.py:3239} INFO - Sync 1 DAGs
[2025-03-01T01:01:35.541+0000] {logging_mixin.py:190} INFO - [2025-03-01T01:01:35.540+0000] {dag.py:4180} INFO - Setting next_dagrun for example_branch_dop_operator_v3 to 2025-03-01 01:00:00+00:00, run_after=2025-03-01 01:01:00+00:00
[2025-03-01T01:01:35.554+0000] {processor.py:208} INFO - Processing /home/airflow/.local/lib/python3.12/site-packages/airflow/example_dags/example_branch_python_dop_operator_3.py took 0.061 seconds
[2025-03-01T01:02:06.197+0000] {processor.py:186} INFO - Started process (PID=204) to work on /home/airflow/.local/lib/python3.12/site-packages/airflow/example_dags/example_branch_python_dop_operator_3.py
[2025-03-01T01:02:06.198+0000] {processor.py:914} INFO - Processing file /home/airflow/.local/lib/python3.12/site-packages/airflow/example_dags/example_branch_python_dop_operator_3.py for tasks to queue
[2025-03-01T01:02:06.200+0000] {logging_mixin.py:190} INFO - [2025-03-01T01:02:06.200+0000] {dagbag.py:588} INFO - Filling up the DagBag from /home/airflow/.local/lib/python3.12/site-packages/airflow/example_dags/example_branch_python_dop_operator_3.py
[2025-03-01T01:02:06.208+0000] {processor.py:925} INFO - DAG(s) 'example_branch_dop_operator_v3' retrieved from /home/airflow/.local/lib/python3.12/site-packages/airflow/example_dags/example_branch_python_dop_operator_3.py
[2025-03-01T01:02:06.227+0000] {logging_mixin.py:190} INFO - [2025-03-01T01:02:06.227+0000] {dag.py:3239} INFO - Sync 1 DAGs
[2025-03-01T01:02:06.256+0000] {logging_mixin.py:190} INFO - [2025-03-01T01:02:06.256+0000] {dag.py:4180} INFO - Setting next_dagrun for example_branch_dop_operator_v3 to 2025-03-01 01:01:00+00:00, run_after=2025-03-01 01:02:00+00:00
[2025-03-01T01:02:06.270+0000] {processor.py:208} INFO - Processing /home/airflow/.local/lib/python3.12/site-packages/airflow/example_dags/example_branch_python_dop_operator_3.py took 0.078 seconds
[2025-03-01T01:02:36.460+0000] {processor.py:186} INFO - Started process (PID=266) to work on /home/airflow/.local/lib/python3.12/site-packages/airflow/example_dags/example_branch_python_dop_operator_3.py
[2025-03-01T01:02:36.460+0000] {processor.py:914} INFO - Processing file /home/airflow/.local/lib/python3.12/site-packages/airflow/example_dags/example_branch_python_dop_operator_3.py for tasks to queue
[2025-03-01T01:02:36.462+0000] {logging_mixin.py:190} INFO - [2025-03-01T01:02:36.462+0000] {dagbag.py:588} INFO - Filling up the DagBag from /home/airflow/.local/lib/python3.12/site-packages/airflow/example_dags/example_branch_python_dop_operator_3.py
[2025-03-01T01:02:36.473+0000] {processor.py:925} INFO - DAG(s) 'example_branch_dop_operator_v3' retrieved from /home/airflow/.local/lib/python3.12/site-packages/airflow/example_dags/example_branch_python_dop_operator_3.py
[2025-03-01T01:02:36.492+0000] {logging_mixin.py:190} INFO - [2025-03-01T01:02:36.492+0000] {dag.py:3239} INFO - Sync 1 DAGs
[2025-03-01T01:02:36.521+0000] {logging_mixin.py:190} INFO - [2025-03-01T01:02:36.520+0000] {dag.py:4180} INFO - Setting next_dagrun for example_branch_dop_operator_v3 to 2025-03-01 01:01:00+00:00, run_after=2025-03-01 01:02:00+00:00
[2025-03-01T01:02:36.534+0000] {processor.py:208} INFO - Processing /home/airflow/.local/lib/python3.12/site-packages/airflow/example_dags/example_branch_python_dop_operator_3.py took 0.080 seconds
[2025-03-01T01:03:07.158+0000] {processor.py:186} INFO - Started process (PID=329) to work on /home/airflow/.local/lib/python3.12/site-packages/airflow/example_dags/example_branch_python_dop_operator_3.py
[2025-03-01T01:03:07.159+0000] {processor.py:914} INFO - Processing file /home/airflow/.local/lib/python3.12/site-packages/airflow/example_dags/example_branch_python_dop_operator_3.py for tasks to queue
[2025-03-01T01:03:07.161+0000] {logging_mixin.py:190} INFO - [2025-03-01T01:03:07.161+0000] {dagbag.py:588} INFO - Filling up the DagBag from /home/airflow/.local/lib/python3.12/site-packages/airflow/example_dags/example_branch_python_dop_operator_3.py
[2025-03-01T01:03:07.171+0000] {processor.py:925} INFO - DAG(s) 'example_branch_dop_operator_v3' retrieved from /home/airflow/.local/lib/python3.12/site-packages/airflow/example_dags/example_branch_python_dop_operator_3.py
[2025-03-01T01:03:07.188+0000] {logging_mixin.py:190} INFO - [2025-03-01T01:03:07.188+0000] {dag.py:3239} INFO - Sync 1 DAGs
[2025-03-01T01:03:07.210+0000] {logging_mixin.py:190} INFO - [2025-03-01T01:03:07.210+0000] {dag.py:4180} INFO - Setting next_dagrun for example_branch_dop_operator_v3 to 2025-03-01 01:02:00+00:00, run_after=2025-03-01 01:03:00+00:00
[2025-03-01T01:03:07.227+0000] {processor.py:208} INFO - Processing /home/airflow/.local/lib/python3.12/site-packages/airflow/example_dags/example_branch_python_dop_operator_3.py took 0.074 seconds
[2025-03-01T01:03:37.842+0000] {processor.py:186} INFO - Started process (PID=392) to work on /home/airflow/.local/lib/python3.12/site-packages/airflow/example_dags/example_branch_python_dop_operator_3.py
[2025-03-01T01:03:37.843+0000] {processor.py:914} INFO - Processing file /home/airflow/.local/lib/python3.12/site-packages/airflow/example_dags/example_branch_python_dop_operator_3.py for tasks to queue
[2025-03-01T01:03:37.845+0000] {logging_mixin.py:190} INFO - [2025-03-01T01:03:37.844+0000] {dagbag.py:588} INFO - Filling up the DagBag from /home/airflow/.local/lib/python3.12/site-packages/airflow/example_dags/example_branch_python_dop_operator_3.py
[2025-03-01T01:03:37.856+0000] {processor.py:925} INFO - DAG(s) 'example_branch_dop_operator_v3' retrieved from /home/airflow/.local/lib/python3.12/site-packages/airflow/example_dags/example_branch_python_dop_operator_3.py
[2025-03-01T01:03:37.876+0000] {logging_mixin.py:190} INFO - [2025-03-01T01:03:37.876+0000] {dag.py:3239} INFO - Sync 1 DAGs
[2025-03-01T01:03:37.903+0000] {logging_mixin.py:190} INFO - [2025-03-01T01:03:37.903+0000] {dag.py:4180} INFO - Setting next_dagrun for example_branch_dop_operator_v3 to 2025-03-01 01:02:00+00:00, run_after=2025-03-01 01:03:00+00:00
[2025-03-01T01:03:37.917+0000] {processor.py:208} INFO - Processing /home/airflow/.local/lib/python3.12/site-packages/airflow/example_dags/example_branch_python_dop_operator_3.py took 0.080 seconds
[2025-03-01T01:04:07.984+0000] {processor.py:186} INFO - Started process (PID=455) to work on /home/airflow/.local/lib/python3.12/site-packages/airflow/example_dags/example_branch_python_dop_operator_3.py
[2025-03-01T01:04:07.984+0000] {processor.py:914} INFO - Processing file /home/airflow/.local/lib/python3.12/site-packages/airflow/example_dags/example_branch_python_dop_operator_3.py for tasks to queue
[2025-03-01T01:04:07.986+0000] {logging_mixin.py:190} INFO - [2025-03-01T01:04:07.986+0000] {dagbag.py:588} INFO - Filling up the DagBag from /home/airflow/.local/lib/python3.12/site-packages/airflow/example_dags/example_branch_python_dop_operator_3.py
[2025-03-01T01:04:07.997+0000] {processor.py:925} INFO - DAG(s) 'example_branch_dop_operator_v3' retrieved from /home/airflow/.local/lib/python3.12/site-packages/airflow/example_dags/example_branch_python_dop_operator_3.py
[2025-03-01T01:04:08.017+0000] {logging_mixin.py:190} INFO - [2025-03-01T01:04:08.017+0000] {dag.py:3239} INFO - Sync 1 DAGs
[2025-03-01T01:04:08.044+0000] {logging_mixin.py:190} INFO - [2025-03-01T01:04:08.044+0000] {dag.py:4180} INFO - Setting next_dagrun for example_branch_dop_operator_v3 to 2025-03-01 01:03:00+00:00, run_after=2025-03-01 01:04:00+00:00
[2025-03-01T01:04:08.059+0000] {processor.py:208} INFO - Processing /home/airflow/.local/lib/python3.12/site-packages/airflow/example_dags/example_branch_python_dop_operator_3.py took 0.082 seconds
[2025-03-01T01:04:38.563+0000] {processor.py:186} INFO - Started process (PID=518) to work on /home/airflow/.local/lib/python3.12/site-packages/airflow/example_dags/example_branch_python_dop_operator_3.py
[2025-03-01T01:04:38.564+0000] {processor.py:914} INFO - Processing file /home/airflow/.local/lib/python3.12/site-packages/airflow/example_dags/example_branch_python_dop_operator_3.py for tasks to queue
[2025-03-01T01:04:38.565+0000] {logging_mixin.py:190} INFO - [2025-03-01T01:04:38.565+0000] {dagbag.py:588} INFO - Filling up the DagBag from /home/airflow/.local/lib/python3.12/site-packages/airflow/example_dags/example_branch_python_dop_operator_3.py
[2025-03-01T01:04:38.573+0000] {processor.py:925} INFO - DAG(s) 'example_branch_dop_operator_v3' retrieved from /home/airflow/.local/lib/python3.12/site-packages/airflow/example_dags/example_branch_python_dop_operator_3.py
[2025-03-01T01:04:38.588+0000] {logging_mixin.py:190} INFO - [2025-03-01T01:04:38.588+0000] {dag.py:3239} INFO - Sync 1 DAGs
[2025-03-01T01:04:38.608+0000] {logging_mixin.py:190} INFO - [2025-03-01T01:04:38.608+0000] {dag.py:4180} INFO - Setting next_dagrun for example_branch_dop_operator_v3 to 2025-03-01 01:03:00+00:00, run_after=2025-03-01 01:04:00+00:00
[2025-03-01T01:04:38.620+0000] {processor.py:208} INFO - Processing /home/airflow/.local/lib/python3.12/site-packages/airflow/example_dags/example_branch_python_dop_operator_3.py took 0.062 seconds
[2025-03-01T01:05:08.730+0000] {processor.py:186} INFO - Started process (PID=581) to work on /home/airflow/.local/lib/python3.12/site-packages/airflow/example_dags/example_branch_python_dop_operator_3.py
[2025-03-01T01:05:08.731+0000] {processor.py:914} INFO - Processing file /home/airflow/.local/lib/python3.12/site-packages/airflow/example_dags/example_branch_python_dop_operator_3.py for tasks to queue
[2025-03-01T01:05:08.732+0000] {logging_mixin.py:190} INFO - [2025-03-01T01:05:08.732+0000] {dagbag.py:588} INFO - Filling up the DagBag from /home/airflow/.local/lib/python3.12/site-packages/airflow/example_dags/example_branch_python_dop_operator_3.py
[2025-03-01T01:05:08.740+0000] {processor.py:925} INFO - DAG(s) 'example_branch_dop_operator_v3' retrieved from /home/airflow/.local/lib/python3.12/site-packages/airflow/example_dags/example_branch_python_dop_operator_3.py
[2025-03-01T01:05:08.755+0000] {logging_mixin.py:190} INFO - [2025-03-01T01:05:08.754+0000] {dag.py:3239} INFO - Sync 1 DAGs
[2025-03-01T01:05:08.774+0000] {logging_mixin.py:190} INFO - [2025-03-01T01:05:08.774+0000] {dag.py:4180} INFO - Setting next_dagrun for example_branch_dop_operator_v3 to 2025-03-01 01:04:00+00:00, run_after=2025-03-01 01:05:00+00:00
[2025-03-01T01:05:08.789+0000] {processor.py:208} INFO - Processing /home/airflow/.local/lib/python3.12/site-packages/airflow/example_dags/example_branch_python_dop_operator_3.py took 0.063 seconds
[2025-03-01T01:05:39.335+0000] {processor.py:186} INFO - Started process (PID=644) to work on /home/airflow/.local/lib/python3.12/site-packages/airflow/example_dags/example_branch_python_dop_operator_3.py
[2025-03-01T01:05:39.335+0000] {processor.py:914} INFO - Processing file /home/airflow/.local/lib/python3.12/site-packages/airflow/example_dags/example_branch_python_dop_operator_3.py for tasks to queue
[2025-03-01T01:05:39.337+0000] {logging_mixin.py:190} INFO - [2025-03-01T01:05:39.336+0000] {dagbag.py:588} INFO - Filling up the DagBag from /home/airflow/.local/lib/python3.12/site-packages/airflow/example_dags/example_branch_python_dop_operator_3.py
[2025-03-01T01:05:39.344+0000] {processor.py:925} INFO - DAG(s) 'example_branch_dop_operator_v3' retrieved from /home/airflow/.local/lib/python3.12/site-packages/airflow/example_dags/example_branch_python_dop_operator_3.py
[2025-03-01T01:05:39.360+0000] {logging_mixin.py:190} INFO - [2025-03-01T01:05:39.360+0000] {dag.py:3239} INFO - Sync 1 DAGs
[2025-03-01T01:05:39.380+0000] {logging_mixin.py:190} INFO - [2025-03-01T01:05:39.380+0000] {dag.py:4180} INFO - Setting next_dagrun for example_branch_dop_operator_v3 to 2025-03-01 01:04:00+00:00, run_after=2025-03-01 01:05:00+00:00
[2025-03-01T01:05:39.392+0000] {processor.py:208} INFO - Processing /home/airflow/.local/lib/python3.12/site-packages/airflow/example_dags/example_branch_python_dop_operator_3.py took 0.061 seconds
[2025-03-01T01:06:09.679+0000] {processor.py:186} INFO - Started process (PID=707) to work on /home/airflow/.local/lib/python3.12/site-packages/airflow/example_dags/example_branch_python_dop_operator_3.py
[2025-03-01T01:06:09.680+0000] {processor.py:914} INFO - Processing file /home/airflow/.local/lib/python3.12/site-packages/airflow/example_dags/example_branch_python_dop_operator_3.py for tasks to queue
[2025-03-01T01:06:09.681+0000] {logging_mixin.py:190} INFO - [2025-03-01T01:06:09.681+0000] {dagbag.py:588} INFO - Filling up the DagBag from /home/airflow/.local/lib/python3.12/site-packages/airflow/example_dags/example_branch_python_dop_operator_3.py
[2025-03-01T01:06:09.689+0000] {processor.py:925} INFO - DAG(s) 'example_branch_dop_operator_v3' retrieved from /home/airflow/.local/lib/python3.12/site-packages/airflow/example_dags/example_branch_python_dop_operator_3.py
[2025-03-01T01:06:09.703+0000] {logging_mixin.py:190} INFO - [2025-03-01T01:06:09.703+0000] {dag.py:3239} INFO - Sync 1 DAGs
[2025-03-01T01:06:09.723+0000] {logging_mixin.py:190} INFO - [2025-03-01T01:06:09.723+0000] {dag.py:4180} INFO - Setting next_dagrun for example_branch_dop_operator_v3 to 2025-03-01 01:05:00+00:00, run_after=2025-03-01 01:06:00+00:00
[2025-03-01T01:06:09.735+0000] {processor.py:208} INFO - Processing /home/airflow/.local/lib/python3.12/site-packages/airflow/example_dags/example_branch_python_dop_operator_3.py took 0.061 seconds
[2025-03-01T01:06:40.127+0000] {processor.py:186} INFO - Started process (PID=770) to work on /home/airflow/.local/lib/python3.12/site-packages/airflow/example_dags/example_branch_python_dop_operator_3.py
[2025-03-01T01:06:40.128+0000] {processor.py:914} INFO - Processing file /home/airflow/.local/lib/python3.12/site-packages/airflow/example_dags/example_branch_python_dop_operator_3.py for tasks to queue
[2025-03-01T01:06:40.129+0000] {logging_mixin.py:190} INFO - [2025-03-01T01:06:40.129+0000] {dagbag.py:588} INFO - Filling up the DagBag from /home/airflow/.local/lib/python3.12/site-packages/airflow/example_dags/example_branch_python_dop_operator_3.py
[2025-03-01T01:06:40.137+0000] {processor.py:925} INFO - DAG(s) 'example_branch_dop_operator_v3' retrieved from /home/airflow/.local/lib/python3.12/site-packages/airflow/example_dags/example_branch_python_dop_operator_3.py
[2025-03-01T01:06:40.152+0000] {logging_mixin.py:190} INFO - [2025-03-01T01:06:40.151+0000] {dag.py:3239} INFO - Sync 1 DAGs
[2025-03-01T01:06:40.171+0000] {logging_mixin.py:190} INFO - [2025-03-01T01:06:40.170+0000] {dag.py:4180} INFO - Setting next_dagrun for example_branch_dop_operator_v3 to 2025-03-01 01:05:00+00:00, run_after=2025-03-01 01:06:00+00:00
[2025-03-01T01:06:40.182+0000] {processor.py:208} INFO - Processing /home/airflow/.local/lib/python3.12/site-packages/airflow/example_dags/example_branch_python_dop_operator_3.py took 0.059 seconds
[2025-03-01T01:07:10.475+0000] {processor.py:186} INFO - Started process (PID=833) to work on /home/airflow/.local/lib/python3.12/site-packages/airflow/example_dags/example_branch_python_dop_operator_3.py
[2025-03-01T01:07:10.476+0000] {processor.py:914} INFO - Processing file /home/airflow/.local/lib/python3.12/site-packages/airflow/example_dags/example_branch_python_dop_operator_3.py for tasks to queue
[2025-03-01T01:07:10.478+0000] {logging_mixin.py:190} INFO - [2025-03-01T01:07:10.478+0000] {dagbag.py:588} INFO - Filling up the DagBag from /home/airflow/.local/lib/python3.12/site-packages/airflow/example_dags/example_branch_python_dop_operator_3.py
[2025-03-01T01:07:10.489+0000] {processor.py:925} INFO - DAG(s) 'example_branch_dop_operator_v3' retrieved from /home/airflow/.local/lib/python3.12/site-packages/airflow/example_dags/example_branch_python_dop_operator_3.py
[2025-03-01T01:07:10.508+0000] {logging_mixin.py:190} INFO - [2025-03-01T01:07:10.508+0000] {dag.py:3239} INFO - Sync 1 DAGs
[2025-03-01T01:07:10.531+0000] {logging_mixin.py:190} INFO - [2025-03-01T01:07:10.531+0000] {dag.py:4180} INFO - Setting next_dagrun for example_branch_dop_operator_v3 to 2025-03-01 01:06:00+00:00, run_after=2025-03-01 01:07:00+00:00
[2025-03-01T01:07:10.543+0000] {processor.py:208} INFO - Processing /home/airflow/.local/lib/python3.12/site-packages/airflow/example_dags/example_branch_python_dop_operator_3.py took 0.074 seconds
[2025-03-01T01:07:40.633+0000] {processor.py:186} INFO - Started process (PID=896) to work on /home/airflow/.local/lib/python3.12/site-packages/airflow/example_dags/example_branch_python_dop_operator_3.py
[2025-03-01T01:07:40.634+0000] {processor.py:914} INFO - Processing file /home/airflow/.local/lib/python3.12/site-packages/airflow/example_dags/example_branch_python_dop_operator_3.py for tasks to queue
[2025-03-01T01:07:40.636+0000] {logging_mixin.py:190} INFO - [2025-03-01T01:07:40.635+0000] {dagbag.py:588} INFO - Filling up the DagBag from /home/airflow/.local/lib/python3.12/site-packages/airflow/example_dags/example_branch_python_dop_operator_3.py
[2025-03-01T01:07:40.646+0000] {processor.py:925} INFO - DAG(s) 'example_branch_dop_operator_v3' retrieved from /home/airflow/.local/lib/python3.12/site-packages/airflow/example_dags/example_branch_python_dop_operator_3.py
[2025-03-01T01:07:40.662+0000] {logging_mixin.py:190} INFO - [2025-03-01T01:07:40.661+0000] {dag.py:3239} INFO - Sync 1 DAGs
[2025-03-01T01:07:40.682+0000] {logging_mixin.py:190} INFO - [2025-03-01T01:07:40.681+0000] {dag.py:4180} INFO - Setting next_dagrun for example_branch_dop_operator_v3 to 2025-03-01 01:06:00+00:00, run_after=2025-03-01 01:07:00+00:00
[2025-03-01T01:07:40.694+0000] {processor.py:208} INFO - Processing /home/airflow/.local/lib/python3.12/site-packages/airflow/example_dags/example_branch_python_dop_operator_3.py took 0.066 seconds
[2025-03-01T01:08:10.874+0000] {processor.py:186} INFO - Started process (PID=960) to work on /home/airflow/.local/lib/python3.12/site-packages/airflow/example_dags/example_branch_python_dop_operator_3.py
[2025-03-01T01:08:10.875+0000] {processor.py:914} INFO - Processing file /home/airflow/.local/lib/python3.12/site-packages/airflow/example_dags/example_branch_python_dop_operator_3.py for tasks to queue
[2025-03-01T01:08:10.876+0000] {logging_mixin.py:190} INFO - [2025-03-01T01:08:10.876+0000] {dagbag.py:588} INFO - Filling up the DagBag from /home/airflow/.local/lib/python3.12/site-packages/airflow/example_dags/example_branch_python_dop_operator_3.py
[2025-03-01T01:08:10.884+0000] {processor.py:925} INFO - DAG(s) 'example_branch_dop_operator_v3' retrieved from /home/airflow/.local/lib/python3.12/site-packages/airflow/example_dags/example_branch_python_dop_operator_3.py
[2025-03-01T01:08:10.899+0000] {logging_mixin.py:190} INFO - [2025-03-01T01:08:10.899+0000] {dag.py:3239} INFO - Sync 1 DAGs
[2025-03-01T01:08:10.919+0000] {logging_mixin.py:190} INFO - [2025-03-01T01:08:10.919+0000] {dag.py:4180} INFO - Setting next_dagrun for example_branch_dop_operator_v3 to 2025-03-01 01:07:00+00:00, run_after=2025-03-01 01:08:00+00:00
[2025-03-01T01:08:10.931+0000] {processor.py:208} INFO - Processing /home/airflow/.local/lib/python3.12/site-packages/airflow/example_dags/example_branch_python_dop_operator_3.py took 0.062 seconds
[2025-03-01T01:08:41.170+0000] {processor.py:186} INFO - Started process (PID=1022) to work on /home/airflow/.local/lib/python3.12/site-packages/airflow/example_dags/example_branch_python_dop_operator_3.py
[2025-03-01T01:08:41.171+0000] {processor.py:914} INFO - Processing file /home/airflow/.local/lib/python3.12/site-packages/airflow/example_dags/example_branch_python_dop_operator_3.py for tasks to queue
[2025-03-01T01:08:41.172+0000] {logging_mixin.py:190} INFO - [2025-03-01T01:08:41.172+0000] {dagbag.py:588} INFO - Filling up the DagBag from /home/airflow/.local/lib/python3.12/site-packages/airflow/example_dags/example_branch_python_dop_operator_3.py
[2025-03-01T01:08:41.180+0000] {processor.py:925} INFO - DAG(s) 'example_branch_dop_operator_v3' retrieved from /home/airflow/.local/lib/python3.12/site-packages/airflow/example_dags/example_branch_python_dop_operator_3.py
[2025-03-01T01:08:41.194+0000] {logging_mixin.py:190} INFO - [2025-03-01T01:08:41.194+0000] {dag.py:3239} INFO - Sync 1 DAGs
[2025-03-01T01:08:41.213+0000] {logging_mixin.py:190} INFO - [2025-03-01T01:08:41.213+0000] {dag.py:4180} INFO - Setting next_dagrun for example_branch_dop_operator_v3 to 2025-03-01 01:07:00+00:00, run_after=2025-03-01 01:08:00+00:00
[2025-03-01T01:08:41.225+0000] {processor.py:208} INFO - Processing /home/airflow/.local/lib/python3.12/site-packages/airflow/example_dags/example_branch_python_dop_operator_3.py took 0.059 seconds
[2025-03-01T01:09:11.456+0000] {processor.py:186} INFO - Started process (PID=1085) to work on /home/airflow/.local/lib/python3.12/site-packages/airflow/example_dags/example_branch_python_dop_operator_3.py
[2025-03-01T01:09:11.456+0000] {processor.py:914} INFO - Processing file /home/airflow/.local/lib/python3.12/site-packages/airflow/example_dags/example_branch_python_dop_operator_3.py for tasks to queue
[2025-03-01T01:09:11.458+0000] {logging_mixin.py:190} INFO - [2025-03-01T01:09:11.457+0000] {dagbag.py:588} INFO - Filling up the DagBag from /home/airflow/.local/lib/python3.12/site-packages/airflow/example_dags/example_branch_python_dop_operator_3.py
[2025-03-01T01:09:11.465+0000] {processor.py:925} INFO - DAG(s) 'example_branch_dop_operator_v3' retrieved from /home/airflow/.local/lib/python3.12/site-packages/airflow/example_dags/example_branch_python_dop_operator_3.py
[2025-03-01T01:09:11.480+0000] {logging_mixin.py:190} INFO - [2025-03-01T01:09:11.480+0000] {dag.py:3239} INFO - Sync 1 DAGs
[2025-03-01T01:09:11.499+0000] {logging_mixin.py:190} INFO - [2025-03-01T01:09:11.499+0000] {dag.py:4180} INFO - Setting next_dagrun for example_branch_dop_operator_v3 to 2025-03-01 01:08:00+00:00, run_after=2025-03-01 01:09:00+00:00
[2025-03-01T01:09:11.511+0000] {processor.py:208} INFO - Processing /home/airflow/.local/lib/python3.12/site-packages/airflow/example_dags/example_branch_python_dop_operator_3.py took 0.060 seconds
[2025-03-01T01:09:41.725+0000] {processor.py:186} INFO - Started process (PID=1148) to work on /home/airflow/.local/lib/python3.12/site-packages/airflow/example_dags/example_branch_python_dop_operator_3.py
[2025-03-01T01:09:41.726+0000] {processor.py:914} INFO - Processing file /home/airflow/.local/lib/python3.12/site-packages/airflow/example_dags/example_branch_python_dop_operator_3.py for tasks to queue
[2025-03-01T01:09:41.727+0000] {logging_mixin.py:190} INFO - [2025-03-01T01:09:41.727+0000] {dagbag.py:588} INFO - Filling up the DagBag from /home/airflow/.local/lib/python3.12/site-packages/airflow/example_dags/example_branch_python_dop_operator_3.py
[2025-03-01T01:09:41.736+0000] {processor.py:925} INFO - DAG(s) 'example_branch_dop_operator_v3' retrieved from /home/airflow/.local/lib/python3.12/site-packages/airflow/example_dags/example_branch_python_dop_operator_3.py
[2025-03-01T01:09:41.753+0000] {logging_mixin.py:190} INFO - [2025-03-01T01:09:41.753+0000] {dag.py:3239} INFO - Sync 1 DAGs
[2025-03-01T01:09:41.780+0000] {logging_mixin.py:190} INFO - [2025-03-01T01:09:41.779+0000] {dag.py:4180} INFO - Setting next_dagrun for example_branch_dop_operator_v3 to 2025-03-01 01:08:00+00:00, run_after=2025-03-01 01:09:00+00:00
[2025-03-01T01:09:41.799+0000] {processor.py:208} INFO - Processing /home/airflow/.local/lib/python3.12/site-packages/airflow/example_dags/example_branch_python_dop_operator_3.py took 0.078 seconds
[2025-03-01T01:10:11.996+0000] {processor.py:186} INFO - Started process (PID=1211) to work on /home/airflow/.local/lib/python3.12/site-packages/airflow/example_dags/example_branch_python_dop_operator_3.py
[2025-03-01T01:10:11.997+0000] {processor.py:914} INFO - Processing file /home/airflow/.local/lib/python3.12/site-packages/airflow/example_dags/example_branch_python_dop_operator_3.py for tasks to queue
[2025-03-01T01:10:11.998+0000] {logging_mixin.py:190} INFO - [2025-03-01T01:10:11.998+0000] {dagbag.py:588} INFO - Filling up the DagBag from /home/airflow/.local/lib/python3.12/site-packages/airflow/example_dags/example_branch_python_dop_operator_3.py
[2025-03-01T01:10:12.007+0000] {processor.py:925} INFO - DAG(s) 'example_branch_dop_operator_v3' retrieved from /home/airflow/.local/lib/python3.12/site-packages/airflow/example_dags/example_branch_python_dop_operator_3.py
[2025-03-01T01:10:12.023+0000] {logging_mixin.py:190} INFO - [2025-03-01T01:10:12.023+0000] {dag.py:3239} INFO - Sync 1 DAGs
[2025-03-01T01:10:12.045+0000] {logging_mixin.py:190} INFO - [2025-03-01T01:10:12.045+0000] {dag.py:4180} INFO - Setting next_dagrun for example_branch_dop_operator_v3 to 2025-03-01 01:09:00+00:00, run_after=2025-03-01 01:10:00+00:00
[2025-03-01T01:10:12.061+0000] {processor.py:208} INFO - Processing /home/airflow/.local/lib/python3.12/site-packages/airflow/example_dags/example_branch_python_dop_operator_3.py took 0.070 seconds
