[2025-03-01T01:01:06.337+0000] {processor.py:186} INFO - Started process (PID=84) to work on /home/airflow/.local/lib/python3.12/site-packages/airflow/example_dags/example_branch_labels.py
[2025-03-01T01:01:06.338+0000] {processor.py:914} INFO - Processing file /home/airflow/.local/lib/python3.12/site-packages/airflow/example_dags/example_branch_labels.py for tasks to queue
[2025-03-01T01:01:06.340+0000] {logging_mixin.py:190} INFO - [2025-03-01T01:01:06.340+0000] {dagbag.py:588} INFO - Filling up the DagBag from /home/airflow/.local/lib/python3.12/site-packages/airflow/example_dags/example_branch_labels.py
[2025-03-01T01:01:06.351+0000] {processor.py:925} INFO - DAG(s) 'example_branch_labels' retrieved from /home/airflow/.local/lib/python3.12/site-packages/airflow/example_dags/example_branch_labels.py
[2025-03-01T01:01:06.479+0000] {logging_mixin.py:190} INFO - [2025-03-01T01:01:06.479+0000] {override.py:1911} INFO - Created Permission View: can edit on DAG:example_branch_labels
[2025-03-01T01:01:06.489+0000] {logging_mixin.py:190} INFO - [2025-03-01T01:01:06.489+0000] {override.py:1911} INFO - Created Permission View: can read on DAG:example_branch_labels
[2025-03-01T01:01:06.495+0000] {logging_mixin.py:190} INFO - [2025-03-01T01:01:06.494+0000] {override.py:1911} INFO - Created Permission View: can delete on DAG:example_branch_labels
[2025-03-01T01:01:06.500+0000] {logging_mixin.py:190} INFO - [2025-03-01T01:01:06.500+0000] {override.py:1911} INFO - Created Permission View: menu access on DAG Run:example_branch_labels
[2025-03-01T01:01:06.506+0000] {logging_mixin.py:190} INFO - [2025-03-01T01:01:06.506+0000] {override.py:1911} INFO - Created Permission View: can delete on DAG Run:example_branch_labels
[2025-03-01T01:01:06.511+0000] {logging_mixin.py:190} INFO - [2025-03-01T01:01:06.511+0000] {override.py:1911} INFO - Created Permission View: can create on DAG Run:example_branch_labels
[2025-03-01T01:01:06.517+0000] {logging_mixin.py:190} INFO - [2025-03-01T01:01:06.516+0000] {override.py:1911} INFO - Created Permission View: can read on DAG Run:example_branch_labels
[2025-03-01T01:01:06.517+0000] {logging_mixin.py:190} INFO - [2025-03-01T01:01:06.517+0000] {dag.py:3239} INFO - Sync 1 DAGs
[2025-03-01T01:01:06.531+0000] {logging_mixin.py:190} INFO - [2025-03-01T01:01:06.530+0000] {dag.py:3262} INFO - Creating ORM DAG for example_branch_labels
[2025-03-01T01:01:06.542+0000] {logging_mixin.py:190} INFO - [2025-03-01T01:01:06.542+0000] {dag.py:4180} INFO - Setting next_dagrun for example_branch_labels to 2025-02-28 00:00:00+00:00, run_after=2025-03-01 00:00:00+00:00
[2025-03-01T01:01:06.555+0000] {processor.py:208} INFO - Processing /home/airflow/.local/lib/python3.12/site-packages/airflow/example_dags/example_branch_labels.py took 0.224 seconds
[2025-03-01T01:01:36.735+0000] {processor.py:186} INFO - Started process (PID=145) to work on /home/airflow/.local/lib/python3.12/site-packages/airflow/example_dags/example_branch_labels.py
[2025-03-01T01:01:36.736+0000] {processor.py:914} INFO - Processing file /home/airflow/.local/lib/python3.12/site-packages/airflow/example_dags/example_branch_labels.py for tasks to queue
[2025-03-01T01:01:36.738+0000] {logging_mixin.py:190} INFO - [2025-03-01T01:01:36.738+0000] {dagbag.py:588} INFO - Filling up the DagBag from /home/airflow/.local/lib/python3.12/site-packages/airflow/example_dags/example_branch_labels.py
[2025-03-01T01:01:36.749+0000] {processor.py:925} INFO - DAG(s) 'example_branch_labels' retrieved from /home/airflow/.local/lib/python3.12/site-packages/airflow/example_dags/example_branch_labels.py
[2025-03-01T01:01:36.769+0000] {logging_mixin.py:190} INFO - [2025-03-01T01:01:36.769+0000] {dag.py:3239} INFO - Sync 1 DAGs
[2025-03-01T01:01:36.794+0000] {logging_mixin.py:190} INFO - [2025-03-01T01:01:36.794+0000] {dag.py:4180} INFO - Setting next_dagrun for example_branch_labels to 2025-02-28 00:00:00+00:00, run_after=2025-03-01 00:00:00+00:00
[2025-03-01T01:01:36.806+0000] {processor.py:208} INFO - Processing /home/airflow/.local/lib/python3.12/site-packages/airflow/example_dags/example_branch_labels.py took 0.077 seconds
[2025-03-01T01:02:07.392+0000] {processor.py:186} INFO - Started process (PID=209) to work on /home/airflow/.local/lib/python3.12/site-packages/airflow/example_dags/example_branch_labels.py
[2025-03-01T01:02:07.393+0000] {processor.py:914} INFO - Processing file /home/airflow/.local/lib/python3.12/site-packages/airflow/example_dags/example_branch_labels.py for tasks to queue
[2025-03-01T01:02:07.394+0000] {logging_mixin.py:190} INFO - [2025-03-01T01:02:07.394+0000] {dagbag.py:588} INFO - Filling up the DagBag from /home/airflow/.local/lib/python3.12/site-packages/airflow/example_dags/example_branch_labels.py
[2025-03-01T01:02:07.402+0000] {processor.py:925} INFO - DAG(s) 'example_branch_labels' retrieved from /home/airflow/.local/lib/python3.12/site-packages/airflow/example_dags/example_branch_labels.py
[2025-03-01T01:02:07.417+0000] {logging_mixin.py:190} INFO - [2025-03-01T01:02:07.417+0000] {dag.py:3239} INFO - Sync 1 DAGs
[2025-03-01T01:02:07.434+0000] {logging_mixin.py:190} INFO - [2025-03-01T01:02:07.434+0000] {dag.py:4180} INFO - Setting next_dagrun for example_branch_labels to 2025-02-28 00:00:00+00:00, run_after=2025-03-01 00:00:00+00:00
[2025-03-01T01:02:07.446+0000] {processor.py:208} INFO - Processing /home/airflow/.local/lib/python3.12/site-packages/airflow/example_dags/example_branch_labels.py took 0.058 seconds
[2025-03-01T01:02:37.645+0000] {processor.py:186} INFO - Started process (PID=271) to work on /home/airflow/.local/lib/python3.12/site-packages/airflow/example_dags/example_branch_labels.py
[2025-03-01T01:02:37.646+0000] {processor.py:914} INFO - Processing file /home/airflow/.local/lib/python3.12/site-packages/airflow/example_dags/example_branch_labels.py for tasks to queue
[2025-03-01T01:02:37.648+0000] {logging_mixin.py:190} INFO - [2025-03-01T01:02:37.648+0000] {dagbag.py:588} INFO - Filling up the DagBag from /home/airflow/.local/lib/python3.12/site-packages/airflow/example_dags/example_branch_labels.py
[2025-03-01T01:02:37.659+0000] {processor.py:925} INFO - DAG(s) 'example_branch_labels' retrieved from /home/airflow/.local/lib/python3.12/site-packages/airflow/example_dags/example_branch_labels.py
[2025-03-01T01:02:37.674+0000] {logging_mixin.py:190} INFO - [2025-03-01T01:02:37.673+0000] {dag.py:3239} INFO - Sync 1 DAGs
[2025-03-01T01:02:37.691+0000] {logging_mixin.py:190} INFO - [2025-03-01T01:02:37.691+0000] {dag.py:4180} INFO - Setting next_dagrun for example_branch_labels to 2025-02-28 00:00:00+00:00, run_after=2025-03-01 00:00:00+00:00
[2025-03-01T01:02:37.703+0000] {processor.py:208} INFO - Processing /home/airflow/.local/lib/python3.12/site-packages/airflow/example_dags/example_branch_labels.py took 0.064 seconds
[2025-03-01T01:03:08.338+0000] {processor.py:186} INFO - Started process (PID=334) to work on /home/airflow/.local/lib/python3.12/site-packages/airflow/example_dags/example_branch_labels.py
[2025-03-01T01:03:08.339+0000] {processor.py:914} INFO - Processing file /home/airflow/.local/lib/python3.12/site-packages/airflow/example_dags/example_branch_labels.py for tasks to queue
[2025-03-01T01:03:08.340+0000] {logging_mixin.py:190} INFO - [2025-03-01T01:03:08.340+0000] {dagbag.py:588} INFO - Filling up the DagBag from /home/airflow/.local/lib/python3.12/site-packages/airflow/example_dags/example_branch_labels.py
[2025-03-01T01:03:08.348+0000] {processor.py:925} INFO - DAG(s) 'example_branch_labels' retrieved from /home/airflow/.local/lib/python3.12/site-packages/airflow/example_dags/example_branch_labels.py
[2025-03-01T01:03:08.363+0000] {logging_mixin.py:190} INFO - [2025-03-01T01:03:08.363+0000] {dag.py:3239} INFO - Sync 1 DAGs
[2025-03-01T01:03:08.380+0000] {logging_mixin.py:190} INFO - [2025-03-01T01:03:08.380+0000] {dag.py:4180} INFO - Setting next_dagrun for example_branch_labels to 2025-02-28 00:00:00+00:00, run_after=2025-03-01 00:00:00+00:00
[2025-03-01T01:03:08.392+0000] {processor.py:208} INFO - Processing /home/airflow/.local/lib/python3.12/site-packages/airflow/example_dags/example_branch_labels.py took 0.059 seconds
[2025-03-01T01:03:39.087+0000] {processor.py:186} INFO - Started process (PID=397) to work on /home/airflow/.local/lib/python3.12/site-packages/airflow/example_dags/example_branch_labels.py
[2025-03-01T01:03:39.090+0000] {processor.py:914} INFO - Processing file /home/airflow/.local/lib/python3.12/site-packages/airflow/example_dags/example_branch_labels.py for tasks to queue
[2025-03-01T01:03:39.092+0000] {logging_mixin.py:190} INFO - [2025-03-01T01:03:39.091+0000] {dagbag.py:588} INFO - Filling up the DagBag from /home/airflow/.local/lib/python3.12/site-packages/airflow/example_dags/example_branch_labels.py
[2025-03-01T01:03:39.104+0000] {processor.py:925} INFO - DAG(s) 'example_branch_labels' retrieved from /home/airflow/.local/lib/python3.12/site-packages/airflow/example_dags/example_branch_labels.py
[2025-03-01T01:03:39.126+0000] {logging_mixin.py:190} INFO - [2025-03-01T01:03:39.126+0000] {dag.py:3239} INFO - Sync 1 DAGs
[2025-03-01T01:03:39.156+0000] {logging_mixin.py:190} INFO - [2025-03-01T01:03:39.156+0000] {dag.py:4180} INFO - Setting next_dagrun for example_branch_labels to 2025-02-28 00:00:00+00:00, run_after=2025-03-01 00:00:00+00:00
[2025-03-01T01:03:39.179+0000] {processor.py:208} INFO - Processing /home/airflow/.local/lib/python3.12/site-packages/airflow/example_dags/example_branch_labels.py took 0.099 seconds
[2025-03-01T01:04:10.207+0000] {processor.py:186} INFO - Started process (PID=460) to work on /home/airflow/.local/lib/python3.12/site-packages/airflow/example_dags/example_branch_labels.py
[2025-03-01T01:04:10.208+0000] {processor.py:914} INFO - Processing file /home/airflow/.local/lib/python3.12/site-packages/airflow/example_dags/example_branch_labels.py for tasks to queue
[2025-03-01T01:04:10.210+0000] {logging_mixin.py:190} INFO - [2025-03-01T01:04:10.209+0000] {dagbag.py:588} INFO - Filling up the DagBag from /home/airflow/.local/lib/python3.12/site-packages/airflow/example_dags/example_branch_labels.py
[2025-03-01T01:04:10.220+0000] {processor.py:925} INFO - DAG(s) 'example_branch_labels' retrieved from /home/airflow/.local/lib/python3.12/site-packages/airflow/example_dags/example_branch_labels.py
[2025-03-01T01:04:10.236+0000] {logging_mixin.py:190} INFO - [2025-03-01T01:04:10.236+0000] {dag.py:3239} INFO - Sync 1 DAGs
[2025-03-01T01:04:10.261+0000] {logging_mixin.py:190} INFO - [2025-03-01T01:04:10.261+0000] {dag.py:4180} INFO - Setting next_dagrun for example_branch_labels to 2025-02-28 00:00:00+00:00, run_after=2025-03-01 00:00:00+00:00
[2025-03-01T01:04:10.278+0000] {processor.py:208} INFO - Processing /home/airflow/.local/lib/python3.12/site-packages/airflow/example_dags/example_branch_labels.py took 0.077 seconds
[2025-03-01T01:04:40.798+0000] {processor.py:186} INFO - Started process (PID=523) to work on /home/airflow/.local/lib/python3.12/site-packages/airflow/example_dags/example_branch_labels.py
[2025-03-01T01:04:40.799+0000] {processor.py:914} INFO - Processing file /home/airflow/.local/lib/python3.12/site-packages/airflow/example_dags/example_branch_labels.py for tasks to queue
[2025-03-01T01:04:40.800+0000] {logging_mixin.py:190} INFO - [2025-03-01T01:04:40.800+0000] {dagbag.py:588} INFO - Filling up the DagBag from /home/airflow/.local/lib/python3.12/site-packages/airflow/example_dags/example_branch_labels.py
[2025-03-01T01:04:40.808+0000] {processor.py:925} INFO - DAG(s) 'example_branch_labels' retrieved from /home/airflow/.local/lib/python3.12/site-packages/airflow/example_dags/example_branch_labels.py
[2025-03-01T01:04:40.827+0000] {logging_mixin.py:190} INFO - [2025-03-01T01:04:40.826+0000] {dag.py:3239} INFO - Sync 1 DAGs
[2025-03-01T01:04:40.852+0000] {logging_mixin.py:190} INFO - [2025-03-01T01:04:40.852+0000] {dag.py:4180} INFO - Setting next_dagrun for example_branch_labels to 2025-02-28 00:00:00+00:00, run_after=2025-03-01 00:00:00+00:00
[2025-03-01T01:04:40.867+0000] {processor.py:208} INFO - Processing /home/airflow/.local/lib/python3.12/site-packages/airflow/example_dags/example_branch_labels.py took 0.075 seconds
[2025-03-01T01:05:10.967+0000] {processor.py:186} INFO - Started process (PID=586) to work on /home/airflow/.local/lib/python3.12/site-packages/airflow/example_dags/example_branch_labels.py
[2025-03-01T01:05:10.967+0000] {processor.py:914} INFO - Processing file /home/airflow/.local/lib/python3.12/site-packages/airflow/example_dags/example_branch_labels.py for tasks to queue
[2025-03-01T01:05:10.969+0000] {logging_mixin.py:190} INFO - [2025-03-01T01:05:10.969+0000] {dagbag.py:588} INFO - Filling up the DagBag from /home/airflow/.local/lib/python3.12/site-packages/airflow/example_dags/example_branch_labels.py
[2025-03-01T01:05:10.977+0000] {processor.py:925} INFO - DAG(s) 'example_branch_labels' retrieved from /home/airflow/.local/lib/python3.12/site-packages/airflow/example_dags/example_branch_labels.py
[2025-03-01T01:05:10.996+0000] {logging_mixin.py:190} INFO - [2025-03-01T01:05:10.996+0000] {dag.py:3239} INFO - Sync 1 DAGs
[2025-03-01T01:05:11.022+0000] {logging_mixin.py:190} INFO - [2025-03-01T01:05:11.022+0000] {dag.py:4180} INFO - Setting next_dagrun for example_branch_labels to 2025-02-28 00:00:00+00:00, run_after=2025-03-01 00:00:00+00:00
[2025-03-01T01:05:11.038+0000] {processor.py:208} INFO - Processing /home/airflow/.local/lib/python3.12/site-packages/airflow/example_dags/example_branch_labels.py took 0.075 seconds
[2025-03-01T01:05:41.576+0000] {processor.py:186} INFO - Started process (PID=649) to work on /home/airflow/.local/lib/python3.12/site-packages/airflow/example_dags/example_branch_labels.py
[2025-03-01T01:05:41.577+0000] {processor.py:914} INFO - Processing file /home/airflow/.local/lib/python3.12/site-packages/airflow/example_dags/example_branch_labels.py for tasks to queue
[2025-03-01T01:05:41.578+0000] {logging_mixin.py:190} INFO - [2025-03-01T01:05:41.578+0000] {dagbag.py:588} INFO - Filling up the DagBag from /home/airflow/.local/lib/python3.12/site-packages/airflow/example_dags/example_branch_labels.py
[2025-03-01T01:05:41.587+0000] {processor.py:925} INFO - DAG(s) 'example_branch_labels' retrieved from /home/airflow/.local/lib/python3.12/site-packages/airflow/example_dags/example_branch_labels.py
[2025-03-01T01:05:41.602+0000] {logging_mixin.py:190} INFO - [2025-03-01T01:05:41.602+0000] {dag.py:3239} INFO - Sync 1 DAGs
[2025-03-01T01:05:41.622+0000] {logging_mixin.py:190} INFO - [2025-03-01T01:05:41.621+0000] {dag.py:4180} INFO - Setting next_dagrun for example_branch_labels to 2025-02-28 00:00:00+00:00, run_after=2025-03-01 00:00:00+00:00
[2025-03-01T01:05:41.634+0000] {processor.py:208} INFO - Processing /home/airflow/.local/lib/python3.12/site-packages/airflow/example_dags/example_branch_labels.py took 0.062 seconds
[2025-03-01T01:06:11.932+0000] {processor.py:186} INFO - Started process (PID=712) to work on /home/airflow/.local/lib/python3.12/site-packages/airflow/example_dags/example_branch_labels.py
[2025-03-01T01:06:11.932+0000] {processor.py:914} INFO - Processing file /home/airflow/.local/lib/python3.12/site-packages/airflow/example_dags/example_branch_labels.py for tasks to queue
[2025-03-01T01:06:11.934+0000] {logging_mixin.py:190} INFO - [2025-03-01T01:06:11.933+0000] {dagbag.py:588} INFO - Filling up the DagBag from /home/airflow/.local/lib/python3.12/site-packages/airflow/example_dags/example_branch_labels.py
[2025-03-01T01:06:11.941+0000] {processor.py:925} INFO - DAG(s) 'example_branch_labels' retrieved from /home/airflow/.local/lib/python3.12/site-packages/airflow/example_dags/example_branch_labels.py
[2025-03-01T01:06:11.958+0000] {logging_mixin.py:190} INFO - [2025-03-01T01:06:11.958+0000] {dag.py:3239} INFO - Sync 1 DAGs
[2025-03-01T01:06:11.977+0000] {logging_mixin.py:190} INFO - [2025-03-01T01:06:11.977+0000] {dag.py:4180} INFO - Setting next_dagrun for example_branch_labels to 2025-02-28 00:00:00+00:00, run_after=2025-03-01 00:00:00+00:00
[2025-03-01T01:06:11.989+0000] {processor.py:208} INFO - Processing /home/airflow/.local/lib/python3.12/site-packages/airflow/example_dags/example_branch_labels.py took 0.062 seconds
[2025-03-01T01:06:42.375+0000] {processor.py:186} INFO - Started process (PID=775) to work on /home/airflow/.local/lib/python3.12/site-packages/airflow/example_dags/example_branch_labels.py
[2025-03-01T01:06:42.375+0000] {processor.py:914} INFO - Processing file /home/airflow/.local/lib/python3.12/site-packages/airflow/example_dags/example_branch_labels.py for tasks to queue
[2025-03-01T01:06:42.377+0000] {logging_mixin.py:190} INFO - [2025-03-01T01:06:42.377+0000] {dagbag.py:588} INFO - Filling up the DagBag from /home/airflow/.local/lib/python3.12/site-packages/airflow/example_dags/example_branch_labels.py
[2025-03-01T01:06:42.385+0000] {processor.py:925} INFO - DAG(s) 'example_branch_labels' retrieved from /home/airflow/.local/lib/python3.12/site-packages/airflow/example_dags/example_branch_labels.py
[2025-03-01T01:06:42.402+0000] {logging_mixin.py:190} INFO - [2025-03-01T01:06:42.402+0000] {dag.py:3239} INFO - Sync 1 DAGs
[2025-03-01T01:06:42.426+0000] {logging_mixin.py:190} INFO - [2025-03-01T01:06:42.426+0000] {dag.py:4180} INFO - Setting next_dagrun for example_branch_labels to 2025-02-28 00:00:00+00:00, run_after=2025-03-01 00:00:00+00:00
[2025-03-01T01:06:42.441+0000] {processor.py:208} INFO - Processing /home/airflow/.local/lib/python3.12/site-packages/airflow/example_dags/example_branch_labels.py took 0.070 seconds
[2025-03-01T01:07:12.732+0000] {processor.py:186} INFO - Started process (PID=838) to work on /home/airflow/.local/lib/python3.12/site-packages/airflow/example_dags/example_branch_labels.py
[2025-03-01T01:07:12.733+0000] {processor.py:914} INFO - Processing file /home/airflow/.local/lib/python3.12/site-packages/airflow/example_dags/example_branch_labels.py for tasks to queue
[2025-03-01T01:07:12.734+0000] {logging_mixin.py:190} INFO - [2025-03-01T01:07:12.734+0000] {dagbag.py:588} INFO - Filling up the DagBag from /home/airflow/.local/lib/python3.12/site-packages/airflow/example_dags/example_branch_labels.py
[2025-03-01T01:07:12.745+0000] {processor.py:925} INFO - DAG(s) 'example_branch_labels' retrieved from /home/airflow/.local/lib/python3.12/site-packages/airflow/example_dags/example_branch_labels.py
[2025-03-01T01:07:12.760+0000] {logging_mixin.py:190} INFO - [2025-03-01T01:07:12.760+0000] {dag.py:3239} INFO - Sync 1 DAGs
[2025-03-01T01:07:12.778+0000] {logging_mixin.py:190} INFO - [2025-03-01T01:07:12.778+0000] {dag.py:4180} INFO - Setting next_dagrun for example_branch_labels to 2025-02-28 00:00:00+00:00, run_after=2025-03-01 00:00:00+00:00
[2025-03-01T01:07:12.790+0000] {processor.py:208} INFO - Processing /home/airflow/.local/lib/python3.12/site-packages/airflow/example_dags/example_branch_labels.py took 0.062 seconds
[2025-03-01T01:07:42.883+0000] {processor.py:186} INFO - Started process (PID=901) to work on /home/airflow/.local/lib/python3.12/site-packages/airflow/example_dags/example_branch_labels.py
[2025-03-01T01:07:42.883+0000] {processor.py:914} INFO - Processing file /home/airflow/.local/lib/python3.12/site-packages/airflow/example_dags/example_branch_labels.py for tasks to queue
[2025-03-01T01:07:42.885+0000] {logging_mixin.py:190} INFO - [2025-03-01T01:07:42.885+0000] {dagbag.py:588} INFO - Filling up the DagBag from /home/airflow/.local/lib/python3.12/site-packages/airflow/example_dags/example_branch_labels.py
[2025-03-01T01:07:42.893+0000] {processor.py:925} INFO - DAG(s) 'example_branch_labels' retrieved from /home/airflow/.local/lib/python3.12/site-packages/airflow/example_dags/example_branch_labels.py
[2025-03-01T01:07:42.909+0000] {logging_mixin.py:190} INFO - [2025-03-01T01:07:42.909+0000] {dag.py:3239} INFO - Sync 1 DAGs
[2025-03-01T01:07:42.933+0000] {logging_mixin.py:190} INFO - [2025-03-01T01:07:42.933+0000] {dag.py:4180} INFO - Setting next_dagrun for example_branch_labels to 2025-02-28 00:00:00+00:00, run_after=2025-03-01 00:00:00+00:00
[2025-03-01T01:07:42.947+0000] {processor.py:208} INFO - Processing /home/airflow/.local/lib/python3.12/site-packages/airflow/example_dags/example_branch_labels.py took 0.069 seconds
[2025-03-01T01:08:13.118+0000] {processor.py:186} INFO - Started process (PID=965) to work on /home/airflow/.local/lib/python3.12/site-packages/airflow/example_dags/example_branch_labels.py
[2025-03-01T01:08:13.119+0000] {processor.py:914} INFO - Processing file /home/airflow/.local/lib/python3.12/site-packages/airflow/example_dags/example_branch_labels.py for tasks to queue
[2025-03-01T01:08:13.121+0000] {logging_mixin.py:190} INFO - [2025-03-01T01:08:13.121+0000] {dagbag.py:588} INFO - Filling up the DagBag from /home/airflow/.local/lib/python3.12/site-packages/airflow/example_dags/example_branch_labels.py
[2025-03-01T01:08:13.129+0000] {processor.py:925} INFO - DAG(s) 'example_branch_labels' retrieved from /home/airflow/.local/lib/python3.12/site-packages/airflow/example_dags/example_branch_labels.py
[2025-03-01T01:08:13.144+0000] {logging_mixin.py:190} INFO - [2025-03-01T01:08:13.144+0000] {dag.py:3239} INFO - Sync 1 DAGs
[2025-03-01T01:08:13.161+0000] {logging_mixin.py:190} INFO - [2025-03-01T01:08:13.161+0000] {dag.py:4180} INFO - Setting next_dagrun for example_branch_labels to 2025-02-28 00:00:00+00:00, run_after=2025-03-01 00:00:00+00:00
[2025-03-01T01:08:13.173+0000] {processor.py:208} INFO - Processing /home/airflow/.local/lib/python3.12/site-packages/airflow/example_dags/example_branch_labels.py took 0.060 seconds
[2025-03-01T01:08:43.404+0000] {processor.py:186} INFO - Started process (PID=1027) to work on /home/airflow/.local/lib/python3.12/site-packages/airflow/example_dags/example_branch_labels.py
[2025-03-01T01:08:43.405+0000] {processor.py:914} INFO - Processing file /home/airflow/.local/lib/python3.12/site-packages/airflow/example_dags/example_branch_labels.py for tasks to queue
[2025-03-01T01:08:43.407+0000] {logging_mixin.py:190} INFO - [2025-03-01T01:08:43.407+0000] {dagbag.py:588} INFO - Filling up the DagBag from /home/airflow/.local/lib/python3.12/site-packages/airflow/example_dags/example_branch_labels.py
[2025-03-01T01:08:43.416+0000] {processor.py:925} INFO - DAG(s) 'example_branch_labels' retrieved from /home/airflow/.local/lib/python3.12/site-packages/airflow/example_dags/example_branch_labels.py
[2025-03-01T01:08:43.433+0000] {logging_mixin.py:190} INFO - [2025-03-01T01:08:43.432+0000] {dag.py:3239} INFO - Sync 1 DAGs
[2025-03-01T01:08:43.457+0000] {logging_mixin.py:190} INFO - [2025-03-01T01:08:43.457+0000] {dag.py:4180} INFO - Setting next_dagrun for example_branch_labels to 2025-02-28 00:00:00+00:00, run_after=2025-03-01 00:00:00+00:00
[2025-03-01T01:08:43.470+0000] {processor.py:208} INFO - Processing /home/airflow/.local/lib/python3.12/site-packages/airflow/example_dags/example_branch_labels.py took 0.071 seconds
[2025-03-01T01:09:13.686+0000] {processor.py:186} INFO - Started process (PID=1090) to work on /home/airflow/.local/lib/python3.12/site-packages/airflow/example_dags/example_branch_labels.py
[2025-03-01T01:09:13.687+0000] {processor.py:914} INFO - Processing file /home/airflow/.local/lib/python3.12/site-packages/airflow/example_dags/example_branch_labels.py for tasks to queue
[2025-03-01T01:09:13.688+0000] {logging_mixin.py:190} INFO - [2025-03-01T01:09:13.688+0000] {dagbag.py:588} INFO - Filling up the DagBag from /home/airflow/.local/lib/python3.12/site-packages/airflow/example_dags/example_branch_labels.py
[2025-03-01T01:09:13.696+0000] {processor.py:925} INFO - DAG(s) 'example_branch_labels' retrieved from /home/airflow/.local/lib/python3.12/site-packages/airflow/example_dags/example_branch_labels.py
[2025-03-01T01:09:13.713+0000] {logging_mixin.py:190} INFO - [2025-03-01T01:09:13.713+0000] {dag.py:3239} INFO - Sync 1 DAGs
[2025-03-01T01:09:13.738+0000] {logging_mixin.py:190} INFO - [2025-03-01T01:09:13.737+0000] {dag.py:4180} INFO - Setting next_dagrun for example_branch_labels to 2025-02-28 00:00:00+00:00, run_after=2025-03-01 00:00:00+00:00
[2025-03-01T01:09:13.752+0000] {processor.py:208} INFO - Processing /home/airflow/.local/lib/python3.12/site-packages/airflow/example_dags/example_branch_labels.py took 0.070 seconds
[2025-03-01T01:09:43.943+0000] {processor.py:186} INFO - Started process (PID=1153) to work on /home/airflow/.local/lib/python3.12/site-packages/airflow/example_dags/example_branch_labels.py
[2025-03-01T01:09:43.943+0000] {processor.py:914} INFO - Processing file /home/airflow/.local/lib/python3.12/site-packages/airflow/example_dags/example_branch_labels.py for tasks to queue
[2025-03-01T01:09:43.945+0000] {logging_mixin.py:190} INFO - [2025-03-01T01:09:43.945+0000] {dagbag.py:588} INFO - Filling up the DagBag from /home/airflow/.local/lib/python3.12/site-packages/airflow/example_dags/example_branch_labels.py
[2025-03-01T01:09:43.953+0000] {processor.py:925} INFO - DAG(s) 'example_branch_labels' retrieved from /home/airflow/.local/lib/python3.12/site-packages/airflow/example_dags/example_branch_labels.py
[2025-03-01T01:09:43.970+0000] {logging_mixin.py:190} INFO - [2025-03-01T01:09:43.970+0000] {dag.py:3239} INFO - Sync 1 DAGs
[2025-03-01T01:09:43.995+0000] {logging_mixin.py:190} INFO - [2025-03-01T01:09:43.995+0000] {dag.py:4180} INFO - Setting next_dagrun for example_branch_labels to 2025-02-28 00:00:00+00:00, run_after=2025-03-01 00:00:00+00:00
[2025-03-01T01:09:44.011+0000] {processor.py:208} INFO - Processing /home/airflow/.local/lib/python3.12/site-packages/airflow/example_dags/example_branch_labels.py took 0.073 seconds
[2025-03-01T01:10:14.212+0000] {processor.py:186} INFO - Started process (PID=1216) to work on /home/airflow/.local/lib/python3.12/site-packages/airflow/example_dags/example_branch_labels.py
[2025-03-01T01:10:14.213+0000] {processor.py:914} INFO - Processing file /home/airflow/.local/lib/python3.12/site-packages/airflow/example_dags/example_branch_labels.py for tasks to queue
[2025-03-01T01:10:14.215+0000] {logging_mixin.py:190} INFO - [2025-03-01T01:10:14.214+0000] {dagbag.py:588} INFO - Filling up the DagBag from /home/airflow/.local/lib/python3.12/site-packages/airflow/example_dags/example_branch_labels.py
[2025-03-01T01:10:14.223+0000] {processor.py:925} INFO - DAG(s) 'example_branch_labels' retrieved from /home/airflow/.local/lib/python3.12/site-packages/airflow/example_dags/example_branch_labels.py
[2025-03-01T01:10:14.239+0000] {logging_mixin.py:190} INFO - [2025-03-01T01:10:14.238+0000] {dag.py:3239} INFO - Sync 1 DAGs
[2025-03-01T01:10:14.266+0000] {logging_mixin.py:190} INFO - [2025-03-01T01:10:14.264+0000] {dag.py:4180} INFO - Setting next_dagrun for example_branch_labels to 2025-02-28 00:00:00+00:00, run_after=2025-03-01 00:00:00+00:00
[2025-03-01T01:10:14.281+0000] {processor.py:208} INFO - Processing /home/airflow/.local/lib/python3.12/site-packages/airflow/example_dags/example_branch_labels.py took 0.074 seconds
[2025-03-01T01:10:44.680+0000] {processor.py:186} INFO - Started process (PID=1279) to work on /home/airflow/.local/lib/python3.12/site-packages/airflow/example_dags/example_branch_labels.py
[2025-03-01T01:10:44.681+0000] {processor.py:914} INFO - Processing file /home/airflow/.local/lib/python3.12/site-packages/airflow/example_dags/example_branch_labels.py for tasks to queue
[2025-03-01T01:10:44.683+0000] {logging_mixin.py:190} INFO - [2025-03-01T01:10:44.683+0000] {dagbag.py:588} INFO - Filling up the DagBag from /home/airflow/.local/lib/python3.12/site-packages/airflow/example_dags/example_branch_labels.py
[2025-03-01T01:10:44.692+0000] {processor.py:925} INFO - DAG(s) 'example_branch_labels' retrieved from /home/airflow/.local/lib/python3.12/site-packages/airflow/example_dags/example_branch_labels.py
[2025-03-01T01:10:44.708+0000] {logging_mixin.py:190} INFO - [2025-03-01T01:10:44.708+0000] {dag.py:3239} INFO - Sync 1 DAGs
[2025-03-01T01:10:44.733+0000] {logging_mixin.py:190} INFO - [2025-03-01T01:10:44.733+0000] {dag.py:4180} INFO - Setting next_dagrun for example_branch_labels to 2025-02-28 00:00:00+00:00, run_after=2025-03-01 00:00:00+00:00
[2025-03-01T01:10:44.747+0000] {processor.py:208} INFO - Processing /home/airflow/.local/lib/python3.12/site-packages/airflow/example_dags/example_branch_labels.py took 0.072 seconds
[2025-03-01T01:11:15.213+0000] {processor.py:186} INFO - Started process (PID=1343) to work on /home/airflow/.local/lib/python3.12/site-packages/airflow/example_dags/example_branch_labels.py
[2025-03-01T01:11:15.213+0000] {processor.py:914} INFO - Processing file /home/airflow/.local/lib/python3.12/site-packages/airflow/example_dags/example_branch_labels.py for tasks to queue
[2025-03-01T01:11:15.214+0000] {logging_mixin.py:190} INFO - [2025-03-01T01:11:15.214+0000] {dagbag.py:588} INFO - Filling up the DagBag from /home/airflow/.local/lib/python3.12/site-packages/airflow/example_dags/example_branch_labels.py
[2025-03-01T01:11:15.222+0000] {processor.py:925} INFO - DAG(s) 'example_branch_labels' retrieved from /home/airflow/.local/lib/python3.12/site-packages/airflow/example_dags/example_branch_labels.py
[2025-03-01T01:11:15.238+0000] {logging_mixin.py:190} INFO - [2025-03-01T01:11:15.238+0000] {dag.py:3239} INFO - Sync 1 DAGs
[2025-03-01T01:11:15.256+0000] {logging_mixin.py:190} INFO - [2025-03-01T01:11:15.256+0000] {dag.py:4180} INFO - Setting next_dagrun for example_branch_labels to 2025-02-28 00:00:00+00:00, run_after=2025-03-01 00:00:00+00:00
[2025-03-01T01:11:15.268+0000] {processor.py:208} INFO - Processing /home/airflow/.local/lib/python3.12/site-packages/airflow/example_dags/example_branch_labels.py took 0.059 seconds
[2025-03-01T01:11:45.633+0000] {processor.py:186} INFO - Started process (PID=1407) to work on /home/airflow/.local/lib/python3.12/site-packages/airflow/example_dags/example_branch_labels.py
[2025-03-01T01:11:45.634+0000] {processor.py:914} INFO - Processing file /home/airflow/.local/lib/python3.12/site-packages/airflow/example_dags/example_branch_labels.py for tasks to queue
[2025-03-01T01:11:45.635+0000] {logging_mixin.py:190} INFO - [2025-03-01T01:11:45.634+0000] {dagbag.py:588} INFO - Filling up the DagBag from /home/airflow/.local/lib/python3.12/site-packages/airflow/example_dags/example_branch_labels.py
[2025-03-01T01:11:45.645+0000] {processor.py:925} INFO - DAG(s) 'example_branch_labels' retrieved from /home/airflow/.local/lib/python3.12/site-packages/airflow/example_dags/example_branch_labels.py
[2025-03-01T01:11:45.663+0000] {logging_mixin.py:190} INFO - [2025-03-01T01:11:45.663+0000] {dag.py:3239} INFO - Sync 1 DAGs
[2025-03-01T01:11:45.683+0000] {logging_mixin.py:190} INFO - [2025-03-01T01:11:45.683+0000] {dag.py:4180} INFO - Setting next_dagrun for example_branch_labels to 2025-02-28 00:00:00+00:00, run_after=2025-03-01 00:00:00+00:00
[2025-03-01T01:11:45.697+0000] {processor.py:208} INFO - Processing /home/airflow/.local/lib/python3.12/site-packages/airflow/example_dags/example_branch_labels.py took 0.069 seconds
[2025-03-01T01:12:15.882+0000] {processor.py:186} INFO - Started process (PID=1471) to work on /home/airflow/.local/lib/python3.12/site-packages/airflow/example_dags/example_branch_labels.py
[2025-03-01T01:12:15.883+0000] {processor.py:914} INFO - Processing file /home/airflow/.local/lib/python3.12/site-packages/airflow/example_dags/example_branch_labels.py for tasks to queue
[2025-03-01T01:12:15.884+0000] {logging_mixin.py:190} INFO - [2025-03-01T01:12:15.883+0000] {dagbag.py:588} INFO - Filling up the DagBag from /home/airflow/.local/lib/python3.12/site-packages/airflow/example_dags/example_branch_labels.py
[2025-03-01T01:12:15.892+0000] {processor.py:925} INFO - DAG(s) 'example_branch_labels' retrieved from /home/airflow/.local/lib/python3.12/site-packages/airflow/example_dags/example_branch_labels.py
[2025-03-01T01:12:15.910+0000] {logging_mixin.py:190} INFO - [2025-03-01T01:12:15.910+0000] {dag.py:3239} INFO - Sync 1 DAGs
[2025-03-01T01:12:15.930+0000] {logging_mixin.py:190} INFO - [2025-03-01T01:12:15.929+0000] {dag.py:4180} INFO - Setting next_dagrun for example_branch_labels to 2025-02-28 00:00:00+00:00, run_after=2025-03-01 00:00:00+00:00
[2025-03-01T01:12:15.943+0000] {processor.py:208} INFO - Processing /home/airflow/.local/lib/python3.12/site-packages/airflow/example_dags/example_branch_labels.py took 0.065 seconds
[2025-03-01T01:12:46.213+0000] {processor.py:186} INFO - Started process (PID=1535) to work on /home/airflow/.local/lib/python3.12/site-packages/airflow/example_dags/example_branch_labels.py
[2025-03-01T01:12:46.214+0000] {processor.py:914} INFO - Processing file /home/airflow/.local/lib/python3.12/site-packages/airflow/example_dags/example_branch_labels.py for tasks to queue
[2025-03-01T01:12:46.215+0000] {logging_mixin.py:190} INFO - [2025-03-01T01:12:46.214+0000] {dagbag.py:588} INFO - Filling up the DagBag from /home/airflow/.local/lib/python3.12/site-packages/airflow/example_dags/example_branch_labels.py
[2025-03-01T01:12:46.223+0000] {processor.py:925} INFO - DAG(s) 'example_branch_labels' retrieved from /home/airflow/.local/lib/python3.12/site-packages/airflow/example_dags/example_branch_labels.py
[2025-03-01T01:12:46.239+0000] {logging_mixin.py:190} INFO - [2025-03-01T01:12:46.239+0000] {dag.py:3239} INFO - Sync 1 DAGs
[2025-03-01T01:12:46.265+0000] {logging_mixin.py:190} INFO - [2025-03-01T01:12:46.264+0000] {dag.py:4180} INFO - Setting next_dagrun for example_branch_labels to 2025-02-28 00:00:00+00:00, run_after=2025-03-01 00:00:00+00:00
[2025-03-01T01:12:46.281+0000] {processor.py:208} INFO - Processing /home/airflow/.local/lib/python3.12/site-packages/airflow/example_dags/example_branch_labels.py took 0.072 seconds
[2025-03-01T01:13:16.381+0000] {processor.py:186} INFO - Started process (PID=1599) to work on /home/airflow/.local/lib/python3.12/site-packages/airflow/example_dags/example_branch_labels.py
[2025-03-01T01:13:16.382+0000] {processor.py:914} INFO - Processing file /home/airflow/.local/lib/python3.12/site-packages/airflow/example_dags/example_branch_labels.py for tasks to queue
[2025-03-01T01:13:16.383+0000] {logging_mixin.py:190} INFO - [2025-03-01T01:13:16.382+0000] {dagbag.py:588} INFO - Filling up the DagBag from /home/airflow/.local/lib/python3.12/site-packages/airflow/example_dags/example_branch_labels.py
[2025-03-01T01:13:16.391+0000] {processor.py:925} INFO - DAG(s) 'example_branch_labels' retrieved from /home/airflow/.local/lib/python3.12/site-packages/airflow/example_dags/example_branch_labels.py
[2025-03-01T01:13:16.409+0000] {logging_mixin.py:190} INFO - [2025-03-01T01:13:16.408+0000] {dag.py:3239} INFO - Sync 1 DAGs
[2025-03-01T01:13:16.428+0000] {logging_mixin.py:190} INFO - [2025-03-01T01:13:16.427+0000] {dag.py:4180} INFO - Setting next_dagrun for example_branch_labels to 2025-02-28 00:00:00+00:00, run_after=2025-03-01 00:00:00+00:00
[2025-03-01T01:13:16.442+0000] {processor.py:208} INFO - Processing /home/airflow/.local/lib/python3.12/site-packages/airflow/example_dags/example_branch_labels.py took 0.065 seconds
[2025-03-01T01:13:46.519+0000] {processor.py:186} INFO - Started process (PID=1663) to work on /home/airflow/.local/lib/python3.12/site-packages/airflow/example_dags/example_branch_labels.py
[2025-03-01T01:13:46.520+0000] {processor.py:914} INFO - Processing file /home/airflow/.local/lib/python3.12/site-packages/airflow/example_dags/example_branch_labels.py for tasks to queue
[2025-03-01T01:13:46.521+0000] {logging_mixin.py:190} INFO - [2025-03-01T01:13:46.521+0000] {dagbag.py:588} INFO - Filling up the DagBag from /home/airflow/.local/lib/python3.12/site-packages/airflow/example_dags/example_branch_labels.py
[2025-03-01T01:13:46.531+0000] {processor.py:925} INFO - DAG(s) 'example_branch_labels' retrieved from /home/airflow/.local/lib/python3.12/site-packages/airflow/example_dags/example_branch_labels.py
[2025-03-01T01:13:46.550+0000] {logging_mixin.py:190} INFO - [2025-03-01T01:13:46.549+0000] {dag.py:3239} INFO - Sync 1 DAGs
[2025-03-01T01:13:46.574+0000] {logging_mixin.py:190} INFO - [2025-03-01T01:13:46.574+0000] {dag.py:4180} INFO - Setting next_dagrun for example_branch_labels to 2025-02-28 00:00:00+00:00, run_after=2025-03-01 00:00:00+00:00
[2025-03-01T01:13:46.588+0000] {processor.py:208} INFO - Processing /home/airflow/.local/lib/python3.12/site-packages/airflow/example_dags/example_branch_labels.py took 0.075 seconds
[2025-03-01T01:14:16.898+0000] {processor.py:186} INFO - Started process (PID=1727) to work on /home/airflow/.local/lib/python3.12/site-packages/airflow/example_dags/example_branch_labels.py
[2025-03-01T01:14:16.898+0000] {processor.py:914} INFO - Processing file /home/airflow/.local/lib/python3.12/site-packages/airflow/example_dags/example_branch_labels.py for tasks to queue
[2025-03-01T01:14:16.899+0000] {logging_mixin.py:190} INFO - [2025-03-01T01:14:16.899+0000] {dagbag.py:588} INFO - Filling up the DagBag from /home/airflow/.local/lib/python3.12/site-packages/airflow/example_dags/example_branch_labels.py
[2025-03-01T01:14:16.907+0000] {processor.py:925} INFO - DAG(s) 'example_branch_labels' retrieved from /home/airflow/.local/lib/python3.12/site-packages/airflow/example_dags/example_branch_labels.py
[2025-03-01T01:14:16.924+0000] {logging_mixin.py:190} INFO - [2025-03-01T01:14:16.924+0000] {dag.py:3239} INFO - Sync 1 DAGs
[2025-03-01T01:14:16.949+0000] {logging_mixin.py:190} INFO - [2025-03-01T01:14:16.949+0000] {dag.py:4180} INFO - Setting next_dagrun for example_branch_labels to 2025-02-28 00:00:00+00:00, run_after=2025-03-01 00:00:00+00:00
[2025-03-01T01:14:16.963+0000] {processor.py:208} INFO - Processing /home/airflow/.local/lib/python3.12/site-packages/airflow/example_dags/example_branch_labels.py took 0.069 seconds
[2025-03-01T01:14:47.182+0000] {processor.py:186} INFO - Started process (PID=1791) to work on /home/airflow/.local/lib/python3.12/site-packages/airflow/example_dags/example_branch_labels.py
[2025-03-01T01:14:47.183+0000] {processor.py:914} INFO - Processing file /home/airflow/.local/lib/python3.12/site-packages/airflow/example_dags/example_branch_labels.py for tasks to queue
[2025-03-01T01:14:47.184+0000] {logging_mixin.py:190} INFO - [2025-03-01T01:14:47.183+0000] {dagbag.py:588} INFO - Filling up the DagBag from /home/airflow/.local/lib/python3.12/site-packages/airflow/example_dags/example_branch_labels.py
[2025-03-01T01:14:47.192+0000] {processor.py:925} INFO - DAG(s) 'example_branch_labels' retrieved from /home/airflow/.local/lib/python3.12/site-packages/airflow/example_dags/example_branch_labels.py
[2025-03-01T01:14:47.209+0000] {logging_mixin.py:190} INFO - [2025-03-01T01:14:47.209+0000] {dag.py:3239} INFO - Sync 1 DAGs
[2025-03-01T01:14:47.234+0000] {logging_mixin.py:190} INFO - [2025-03-01T01:14:47.233+0000] {dag.py:4180} INFO - Setting next_dagrun for example_branch_labels to 2025-02-28 00:00:00+00:00, run_after=2025-03-01 00:00:00+00:00
[2025-03-01T01:14:47.248+0000] {processor.py:208} INFO - Processing /home/airflow/.local/lib/python3.12/site-packages/airflow/example_dags/example_branch_labels.py took 0.070 seconds
[2025-03-01T01:15:17.550+0000] {processor.py:186} INFO - Started process (PID=1855) to work on /home/airflow/.local/lib/python3.12/site-packages/airflow/example_dags/example_branch_labels.py
[2025-03-01T01:15:17.551+0000] {processor.py:914} INFO - Processing file /home/airflow/.local/lib/python3.12/site-packages/airflow/example_dags/example_branch_labels.py for tasks to queue
[2025-03-01T01:15:17.552+0000] {logging_mixin.py:190} INFO - [2025-03-01T01:15:17.552+0000] {dagbag.py:588} INFO - Filling up the DagBag from /home/airflow/.local/lib/python3.12/site-packages/airflow/example_dags/example_branch_labels.py
[2025-03-01T01:15:17.560+0000] {processor.py:925} INFO - DAG(s) 'example_branch_labels' retrieved from /home/airflow/.local/lib/python3.12/site-packages/airflow/example_dags/example_branch_labels.py
[2025-03-01T01:15:17.578+0000] {logging_mixin.py:190} INFO - [2025-03-01T01:15:17.578+0000] {dag.py:3239} INFO - Sync 1 DAGs
[2025-03-01T01:15:17.599+0000] {logging_mixin.py:190} INFO - [2025-03-01T01:15:17.598+0000] {dag.py:4180} INFO - Setting next_dagrun for example_branch_labels to 2025-02-28 00:00:00+00:00, run_after=2025-03-01 00:00:00+00:00
[2025-03-01T01:15:17.613+0000] {processor.py:208} INFO - Processing /home/airflow/.local/lib/python3.12/site-packages/airflow/example_dags/example_branch_labels.py took 0.067 seconds
[2025-03-01T01:15:48.448+0000] {processor.py:186} INFO - Started process (PID=1921) to work on /home/airflow/.local/lib/python3.12/site-packages/airflow/example_dags/example_branch_labels.py
[2025-03-01T01:15:48.448+0000] {processor.py:914} INFO - Processing file /home/airflow/.local/lib/python3.12/site-packages/airflow/example_dags/example_branch_labels.py for tasks to queue
[2025-03-01T01:15:48.450+0000] {logging_mixin.py:190} INFO - [2025-03-01T01:15:48.449+0000] {dagbag.py:588} INFO - Filling up the DagBag from /home/airflow/.local/lib/python3.12/site-packages/airflow/example_dags/example_branch_labels.py
[2025-03-01T01:15:48.459+0000] {processor.py:925} INFO - DAG(s) 'example_branch_labels' retrieved from /home/airflow/.local/lib/python3.12/site-packages/airflow/example_dags/example_branch_labels.py
[2025-03-01T01:15:48.476+0000] {logging_mixin.py:190} INFO - [2025-03-01T01:15:48.476+0000] {dag.py:3239} INFO - Sync 1 DAGs
[2025-03-01T01:15:48.497+0000] {logging_mixin.py:190} INFO - [2025-03-01T01:15:48.497+0000] {dag.py:4180} INFO - Setting next_dagrun for example_branch_labels to 2025-02-28 00:00:00+00:00, run_after=2025-03-01 00:00:00+00:00
[2025-03-01T01:15:48.510+0000] {processor.py:208} INFO - Processing /home/airflow/.local/lib/python3.12/site-packages/airflow/example_dags/example_branch_labels.py took 0.068 seconds
[2025-03-01T01:16:19.066+0000] {processor.py:186} INFO - Started process (PID=1985) to work on /home/airflow/.local/lib/python3.12/site-packages/airflow/example_dags/example_branch_labels.py
[2025-03-01T01:16:19.067+0000] {processor.py:914} INFO - Processing file /home/airflow/.local/lib/python3.12/site-packages/airflow/example_dags/example_branch_labels.py for tasks to queue
[2025-03-01T01:16:19.068+0000] {logging_mixin.py:190} INFO - [2025-03-01T01:16:19.068+0000] {dagbag.py:588} INFO - Filling up the DagBag from /home/airflow/.local/lib/python3.12/site-packages/airflow/example_dags/example_branch_labels.py
[2025-03-01T01:16:19.076+0000] {processor.py:925} INFO - DAG(s) 'example_branch_labels' retrieved from /home/airflow/.local/lib/python3.12/site-packages/airflow/example_dags/example_branch_labels.py
[2025-03-01T01:16:19.094+0000] {logging_mixin.py:190} INFO - [2025-03-01T01:16:19.093+0000] {dag.py:3239} INFO - Sync 1 DAGs
[2025-03-01T01:16:19.119+0000] {logging_mixin.py:190} INFO - [2025-03-01T01:16:19.118+0000] {dag.py:4180} INFO - Setting next_dagrun for example_branch_labels to 2025-02-28 00:00:00+00:00, run_after=2025-03-01 00:00:00+00:00
[2025-03-01T01:16:19.132+0000] {processor.py:208} INFO - Processing /home/airflow/.local/lib/python3.12/site-packages/airflow/example_dags/example_branch_labels.py took 0.071 seconds
[2025-03-01T01:16:49.258+0000] {processor.py:186} INFO - Started process (PID=2049) to work on /home/airflow/.local/lib/python3.12/site-packages/airflow/example_dags/example_branch_labels.py
[2025-03-01T01:16:49.258+0000] {processor.py:914} INFO - Processing file /home/airflow/.local/lib/python3.12/site-packages/airflow/example_dags/example_branch_labels.py for tasks to queue
[2025-03-01T01:16:49.259+0000] {logging_mixin.py:190} INFO - [2025-03-01T01:16:49.259+0000] {dagbag.py:588} INFO - Filling up the DagBag from /home/airflow/.local/lib/python3.12/site-packages/airflow/example_dags/example_branch_labels.py
[2025-03-01T01:16:49.267+0000] {processor.py:925} INFO - DAG(s) 'example_branch_labels' retrieved from /home/airflow/.local/lib/python3.12/site-packages/airflow/example_dags/example_branch_labels.py
[2025-03-01T01:16:49.283+0000] {logging_mixin.py:190} INFO - [2025-03-01T01:16:49.283+0000] {dag.py:3239} INFO - Sync 1 DAGs
[2025-03-01T01:16:49.303+0000] {logging_mixin.py:190} INFO - [2025-03-01T01:16:49.303+0000] {dag.py:4180} INFO - Setting next_dagrun for example_branch_labels to 2025-02-28 00:00:00+00:00, run_after=2025-03-01 00:00:00+00:00
[2025-03-01T01:16:49.315+0000] {processor.py:208} INFO - Processing /home/airflow/.local/lib/python3.12/site-packages/airflow/example_dags/example_branch_labels.py took 0.061 seconds
