[2025-03-01T01:01:07.766+0000] {processor.py:186} INFO - Started process (PID=91) to work on /home/airflow/.local/lib/python3.12/site-packages/airflow/example_dags/example_sensor_decorator.py
[2025-03-01T01:01:07.767+0000] {processor.py:914} INFO - Processing file /home/airflow/.local/lib/python3.12/site-packages/airflow/example_dags/example_sensor_decorator.py for tasks to queue
[2025-03-01T01:01:07.769+0000] {logging_mixin.py:190} INFO - [2025-03-01T01:01:07.769+0000] {dagbag.py:588} INFO - Filling up the DagBag from /home/airflow/.local/lib/python3.12/site-packages/airflow/example_dags/example_sensor_decorator.py
[2025-03-01T01:01:07.778+0000] {processor.py:925} INFO - DAG(s) 'example_sensor_decorator' retrieved from /home/airflow/.local/lib/python3.12/site-packages/airflow/example_dags/example_sensor_decorator.py
[2025-03-01T01:01:07.897+0000] {logging_mixin.py:190} INFO - [2025-03-01T01:01:07.896+0000] {override.py:1911} INFO - Created Permission View: can edit on DAG:example_sensor_decorator
[2025-03-01T01:01:07.908+0000] {logging_mixin.py:190} INFO - [2025-03-01T01:01:07.908+0000] {override.py:1911} INFO - Created Permission View: can read on DAG:example_sensor_decorator
[2025-03-01T01:01:07.914+0000] {logging_mixin.py:190} INFO - [2025-03-01T01:01:07.914+0000] {override.py:1911} INFO - Created Permission View: can delete on DAG:example_sensor_decorator
[2025-03-01T01:01:07.922+0000] {logging_mixin.py:190} INFO - [2025-03-01T01:01:07.922+0000] {override.py:1911} INFO - Created Permission View: menu access on DAG Run:example_sensor_decorator
[2025-03-01T01:01:07.927+0000] {logging_mixin.py:190} INFO - [2025-03-01T01:01:07.927+0000] {override.py:1911} INFO - Created Permission View: can delete on DAG Run:example_sensor_decorator
[2025-03-01T01:01:07.932+0000] {logging_mixin.py:190} INFO - [2025-03-01T01:01:07.932+0000] {override.py:1911} INFO - Created Permission View: can create on DAG Run:example_sensor_decorator
[2025-03-01T01:01:07.937+0000] {logging_mixin.py:190} INFO - [2025-03-01T01:01:07.936+0000] {override.py:1911} INFO - Created Permission View: can read on DAG Run:example_sensor_decorator
[2025-03-01T01:01:07.937+0000] {logging_mixin.py:190} INFO - [2025-03-01T01:01:07.937+0000] {dag.py:3239} INFO - Sync 1 DAGs
[2025-03-01T01:01:07.950+0000] {logging_mixin.py:190} INFO - [2025-03-01T01:01:07.950+0000] {dag.py:3262} INFO - Creating ORM DAG for example_sensor_decorator
[2025-03-01T01:01:07.951+0000] {logging_mixin.py:190} INFO - [2025-03-01T01:01:07.951+0000] {dag.py:4180} INFO - Setting next_dagrun for example_sensor_decorator to None, run_after=None
[2025-03-01T01:01:07.962+0000] {processor.py:208} INFO - Processing /home/airflow/.local/lib/python3.12/site-packages/airflow/example_dags/example_sensor_decorator.py took 0.202 seconds
[2025-03-01T01:01:38.314+0000] {processor.py:186} INFO - Started process (PID=153) to work on /home/airflow/.local/lib/python3.12/site-packages/airflow/example_dags/example_sensor_decorator.py
[2025-03-01T01:01:38.315+0000] {processor.py:914} INFO - Processing file /home/airflow/.local/lib/python3.12/site-packages/airflow/example_dags/example_sensor_decorator.py for tasks to queue
[2025-03-01T01:01:38.317+0000] {logging_mixin.py:190} INFO - [2025-03-01T01:01:38.317+0000] {dagbag.py:588} INFO - Filling up the DagBag from /home/airflow/.local/lib/python3.12/site-packages/airflow/example_dags/example_sensor_decorator.py
[2025-03-01T01:01:38.325+0000] {processor.py:925} INFO - DAG(s) 'example_sensor_decorator' retrieved from /home/airflow/.local/lib/python3.12/site-packages/airflow/example_dags/example_sensor_decorator.py
[2025-03-01T01:01:38.345+0000] {logging_mixin.py:190} INFO - [2025-03-01T01:01:38.345+0000] {dag.py:3239} INFO - Sync 1 DAGs
[2025-03-01T01:01:38.358+0000] {logging_mixin.py:190} INFO - [2025-03-01T01:01:38.358+0000] {dag.py:4180} INFO - Setting next_dagrun for example_sensor_decorator to None, run_after=None
[2025-03-01T01:01:38.377+0000] {processor.py:208} INFO - Processing /home/airflow/.local/lib/python3.12/site-packages/airflow/example_dags/example_sensor_decorator.py took 0.069 seconds
[2025-03-01T01:02:08.658+0000] {processor.py:186} INFO - Started process (PID=216) to work on /home/airflow/.local/lib/python3.12/site-packages/airflow/example_dags/example_sensor_decorator.py
[2025-03-01T01:02:08.659+0000] {processor.py:914} INFO - Processing file /home/airflow/.local/lib/python3.12/site-packages/airflow/example_dags/example_sensor_decorator.py for tasks to queue
[2025-03-01T01:02:08.660+0000] {logging_mixin.py:190} INFO - [2025-03-01T01:02:08.660+0000] {dagbag.py:588} INFO - Filling up the DagBag from /home/airflow/.local/lib/python3.12/site-packages/airflow/example_dags/example_sensor_decorator.py
[2025-03-01T01:02:08.668+0000] {processor.py:925} INFO - DAG(s) 'example_sensor_decorator' retrieved from /home/airflow/.local/lib/python3.12/site-packages/airflow/example_dags/example_sensor_decorator.py
[2025-03-01T01:02:08.684+0000] {logging_mixin.py:190} INFO - [2025-03-01T01:02:08.684+0000] {dag.py:3239} INFO - Sync 1 DAGs
[2025-03-01T01:02:08.695+0000] {logging_mixin.py:190} INFO - [2025-03-01T01:02:08.695+0000] {dag.py:4180} INFO - Setting next_dagrun for example_sensor_decorator to None, run_after=None
[2025-03-01T01:02:08.709+0000] {processor.py:208} INFO - Processing /home/airflow/.local/lib/python3.12/site-packages/airflow/example_dags/example_sensor_decorator.py took 0.056 seconds
[2025-03-01T01:02:39.106+0000] {processor.py:186} INFO - Started process (PID=278) to work on /home/airflow/.local/lib/python3.12/site-packages/airflow/example_dags/example_sensor_decorator.py
[2025-03-01T01:02:39.107+0000] {processor.py:914} INFO - Processing file /home/airflow/.local/lib/python3.12/site-packages/airflow/example_dags/example_sensor_decorator.py for tasks to queue
[2025-03-01T01:02:39.109+0000] {logging_mixin.py:190} INFO - [2025-03-01T01:02:39.109+0000] {dagbag.py:588} INFO - Filling up the DagBag from /home/airflow/.local/lib/python3.12/site-packages/airflow/example_dags/example_sensor_decorator.py
[2025-03-01T01:02:39.117+0000] {processor.py:925} INFO - DAG(s) 'example_sensor_decorator' retrieved from /home/airflow/.local/lib/python3.12/site-packages/airflow/example_dags/example_sensor_decorator.py
[2025-03-01T01:02:39.135+0000] {logging_mixin.py:190} INFO - [2025-03-01T01:02:39.134+0000] {dag.py:3239} INFO - Sync 1 DAGs
[2025-03-01T01:02:39.149+0000] {logging_mixin.py:190} INFO - [2025-03-01T01:02:39.149+0000] {dag.py:4180} INFO - Setting next_dagrun for example_sensor_decorator to None, run_after=None
[2025-03-01T01:02:39.164+0000] {processor.py:208} INFO - Processing /home/airflow/.local/lib/python3.12/site-packages/airflow/example_dags/example_sensor_decorator.py took 0.062 seconds
[2025-03-01T01:03:09.628+0000] {processor.py:186} INFO - Started process (PID=341) to work on /home/airflow/.local/lib/python3.12/site-packages/airflow/example_dags/example_sensor_decorator.py
[2025-03-01T01:03:09.629+0000] {processor.py:914} INFO - Processing file /home/airflow/.local/lib/python3.12/site-packages/airflow/example_dags/example_sensor_decorator.py for tasks to queue
[2025-03-01T01:03:09.631+0000] {logging_mixin.py:190} INFO - [2025-03-01T01:03:09.630+0000] {dagbag.py:588} INFO - Filling up the DagBag from /home/airflow/.local/lib/python3.12/site-packages/airflow/example_dags/example_sensor_decorator.py
[2025-03-01T01:03:09.637+0000] {processor.py:925} INFO - DAG(s) 'example_sensor_decorator' retrieved from /home/airflow/.local/lib/python3.12/site-packages/airflow/example_dags/example_sensor_decorator.py
[2025-03-01T01:03:09.653+0000] {logging_mixin.py:190} INFO - [2025-03-01T01:03:09.653+0000] {dag.py:3239} INFO - Sync 1 DAGs
[2025-03-01T01:03:09.669+0000] {logging_mixin.py:190} INFO - [2025-03-01T01:03:09.669+0000] {dag.py:4180} INFO - Setting next_dagrun for example_sensor_decorator to None, run_after=None
[2025-03-01T01:03:09.683+0000] {processor.py:208} INFO - Processing /home/airflow/.local/lib/python3.12/site-packages/airflow/example_dags/example_sensor_decorator.py took 0.060 seconds
[2025-03-01T01:03:40.419+0000] {processor.py:186} INFO - Started process (PID=404) to work on /home/airflow/.local/lib/python3.12/site-packages/airflow/example_dags/example_sensor_decorator.py
[2025-03-01T01:03:40.420+0000] {processor.py:914} INFO - Processing file /home/airflow/.local/lib/python3.12/site-packages/airflow/example_dags/example_sensor_decorator.py for tasks to queue
[2025-03-01T01:03:40.422+0000] {logging_mixin.py:190} INFO - [2025-03-01T01:03:40.421+0000] {dagbag.py:588} INFO - Filling up the DagBag from /home/airflow/.local/lib/python3.12/site-packages/airflow/example_dags/example_sensor_decorator.py
[2025-03-01T01:03:40.429+0000] {processor.py:925} INFO - DAG(s) 'example_sensor_decorator' retrieved from /home/airflow/.local/lib/python3.12/site-packages/airflow/example_dags/example_sensor_decorator.py
[2025-03-01T01:03:40.447+0000] {logging_mixin.py:190} INFO - [2025-03-01T01:03:40.447+0000] {dag.py:3239} INFO - Sync 1 DAGs
[2025-03-01T01:03:40.462+0000] {logging_mixin.py:190} INFO - [2025-03-01T01:03:40.461+0000] {dag.py:4180} INFO - Setting next_dagrun for example_sensor_decorator to None, run_after=None
[2025-03-01T01:03:40.478+0000] {processor.py:208} INFO - Processing /home/airflow/.local/lib/python3.12/site-packages/airflow/example_dags/example_sensor_decorator.py took 0.064 seconds
[2025-03-01T01:04:10.687+0000] {processor.py:186} INFO - Started process (PID=467) to work on /home/airflow/.local/lib/python3.12/site-packages/airflow/example_dags/example_sensor_decorator.py
[2025-03-01T01:04:10.688+0000] {processor.py:914} INFO - Processing file /home/airflow/.local/lib/python3.12/site-packages/airflow/example_dags/example_sensor_decorator.py for tasks to queue
[2025-03-01T01:04:10.689+0000] {logging_mixin.py:190} INFO - [2025-03-01T01:04:10.689+0000] {dagbag.py:588} INFO - Filling up the DagBag from /home/airflow/.local/lib/python3.12/site-packages/airflow/example_dags/example_sensor_decorator.py
[2025-03-01T01:04:10.696+0000] {processor.py:925} INFO - DAG(s) 'example_sensor_decorator' retrieved from /home/airflow/.local/lib/python3.12/site-packages/airflow/example_dags/example_sensor_decorator.py
[2025-03-01T01:04:10.713+0000] {logging_mixin.py:190} INFO - [2025-03-01T01:04:10.713+0000] {dag.py:3239} INFO - Sync 1 DAGs
[2025-03-01T01:04:10.725+0000] {logging_mixin.py:190} INFO - [2025-03-01T01:04:10.725+0000] {dag.py:4180} INFO - Setting next_dagrun for example_sensor_decorator to None, run_after=None
[2025-03-01T01:04:10.742+0000] {processor.py:208} INFO - Processing /home/airflow/.local/lib/python3.12/site-packages/airflow/example_dags/example_sensor_decorator.py took 0.059 seconds
[2025-03-01T01:04:41.156+0000] {processor.py:186} INFO - Started process (PID=530) to work on /home/airflow/.local/lib/python3.12/site-packages/airflow/example_dags/example_sensor_decorator.py
[2025-03-01T01:04:41.156+0000] {processor.py:914} INFO - Processing file /home/airflow/.local/lib/python3.12/site-packages/airflow/example_dags/example_sensor_decorator.py for tasks to queue
[2025-03-01T01:04:41.158+0000] {logging_mixin.py:190} INFO - [2025-03-01T01:04:41.158+0000] {dagbag.py:588} INFO - Filling up the DagBag from /home/airflow/.local/lib/python3.12/site-packages/airflow/example_dags/example_sensor_decorator.py
[2025-03-01T01:04:41.164+0000] {processor.py:925} INFO - DAG(s) 'example_sensor_decorator' retrieved from /home/airflow/.local/lib/python3.12/site-packages/airflow/example_dags/example_sensor_decorator.py
[2025-03-01T01:04:41.178+0000] {logging_mixin.py:190} INFO - [2025-03-01T01:04:41.178+0000] {dag.py:3239} INFO - Sync 1 DAGs
[2025-03-01T01:04:41.189+0000] {logging_mixin.py:190} INFO - [2025-03-01T01:04:41.189+0000] {dag.py:4180} INFO - Setting next_dagrun for example_sensor_decorator to None, run_after=None
[2025-03-01T01:04:41.202+0000] {processor.py:208} INFO - Processing /home/airflow/.local/lib/python3.12/site-packages/airflow/example_dags/example_sensor_decorator.py took 0.051 seconds
[2025-03-01T01:05:11.328+0000] {processor.py:186} INFO - Started process (PID=593) to work on /home/airflow/.local/lib/python3.12/site-packages/airflow/example_dags/example_sensor_decorator.py
[2025-03-01T01:05:11.329+0000] {processor.py:914} INFO - Processing file /home/airflow/.local/lib/python3.12/site-packages/airflow/example_dags/example_sensor_decorator.py for tasks to queue
[2025-03-01T01:05:11.331+0000] {logging_mixin.py:190} INFO - [2025-03-01T01:05:11.330+0000] {dagbag.py:588} INFO - Filling up the DagBag from /home/airflow/.local/lib/python3.12/site-packages/airflow/example_dags/example_sensor_decorator.py
[2025-03-01T01:05:11.337+0000] {processor.py:925} INFO - DAG(s) 'example_sensor_decorator' retrieved from /home/airflow/.local/lib/python3.12/site-packages/airflow/example_dags/example_sensor_decorator.py
[2025-03-01T01:05:11.351+0000] {logging_mixin.py:190} INFO - [2025-03-01T01:05:11.351+0000] {dag.py:3239} INFO - Sync 1 DAGs
[2025-03-01T01:05:11.361+0000] {logging_mixin.py:190} INFO - [2025-03-01T01:05:11.361+0000] {dag.py:4180} INFO - Setting next_dagrun for example_sensor_decorator to None, run_after=None
[2025-03-01T01:05:11.375+0000] {processor.py:208} INFO - Processing /home/airflow/.local/lib/python3.12/site-packages/airflow/example_dags/example_sensor_decorator.py took 0.051 seconds
[2025-03-01T01:05:41.943+0000] {processor.py:186} INFO - Started process (PID=656) to work on /home/airflow/.local/lib/python3.12/site-packages/airflow/example_dags/example_sensor_decorator.py
[2025-03-01T01:05:41.944+0000] {processor.py:914} INFO - Processing file /home/airflow/.local/lib/python3.12/site-packages/airflow/example_dags/example_sensor_decorator.py for tasks to queue
[2025-03-01T01:05:41.945+0000] {logging_mixin.py:190} INFO - [2025-03-01T01:05:41.945+0000] {dagbag.py:588} INFO - Filling up the DagBag from /home/airflow/.local/lib/python3.12/site-packages/airflow/example_dags/example_sensor_decorator.py
[2025-03-01T01:05:41.951+0000] {processor.py:925} INFO - DAG(s) 'example_sensor_decorator' retrieved from /home/airflow/.local/lib/python3.12/site-packages/airflow/example_dags/example_sensor_decorator.py
[2025-03-01T01:05:41.966+0000] {logging_mixin.py:190} INFO - [2025-03-01T01:05:41.966+0000] {dag.py:3239} INFO - Sync 1 DAGs
[2025-03-01T01:05:41.977+0000] {logging_mixin.py:190} INFO - [2025-03-01T01:05:41.977+0000] {dag.py:4180} INFO - Setting next_dagrun for example_sensor_decorator to None, run_after=None
[2025-03-01T01:05:41.991+0000] {processor.py:208} INFO - Processing /home/airflow/.local/lib/python3.12/site-packages/airflow/example_dags/example_sensor_decorator.py took 0.052 seconds
[2025-03-01T01:06:12.286+0000] {processor.py:186} INFO - Started process (PID=719) to work on /home/airflow/.local/lib/python3.12/site-packages/airflow/example_dags/example_sensor_decorator.py
[2025-03-01T01:06:12.286+0000] {processor.py:914} INFO - Processing file /home/airflow/.local/lib/python3.12/site-packages/airflow/example_dags/example_sensor_decorator.py for tasks to queue
[2025-03-01T01:06:12.288+0000] {logging_mixin.py:190} INFO - [2025-03-01T01:06:12.288+0000] {dagbag.py:588} INFO - Filling up the DagBag from /home/airflow/.local/lib/python3.12/site-packages/airflow/example_dags/example_sensor_decorator.py
[2025-03-01T01:06:12.295+0000] {processor.py:925} INFO - DAG(s) 'example_sensor_decorator' retrieved from /home/airflow/.local/lib/python3.12/site-packages/airflow/example_dags/example_sensor_decorator.py
[2025-03-01T01:06:12.312+0000] {logging_mixin.py:190} INFO - [2025-03-01T01:06:12.312+0000] {dag.py:3239} INFO - Sync 1 DAGs
[2025-03-01T01:06:12.325+0000] {logging_mixin.py:190} INFO - [2025-03-01T01:06:12.325+0000] {dag.py:4180} INFO - Setting next_dagrun for example_sensor_decorator to None, run_after=None
[2025-03-01T01:06:12.338+0000] {processor.py:208} INFO - Processing /home/airflow/.local/lib/python3.12/site-packages/airflow/example_dags/example_sensor_decorator.py took 0.057 seconds
[2025-03-01T01:06:42.726+0000] {processor.py:186} INFO - Started process (PID=782) to work on /home/airflow/.local/lib/python3.12/site-packages/airflow/example_dags/example_sensor_decorator.py
[2025-03-01T01:06:42.727+0000] {processor.py:914} INFO - Processing file /home/airflow/.local/lib/python3.12/site-packages/airflow/example_dags/example_sensor_decorator.py for tasks to queue
[2025-03-01T01:06:42.728+0000] {logging_mixin.py:190} INFO - [2025-03-01T01:06:42.728+0000] {dagbag.py:588} INFO - Filling up the DagBag from /home/airflow/.local/lib/python3.12/site-packages/airflow/example_dags/example_sensor_decorator.py
[2025-03-01T01:06:42.735+0000] {processor.py:925} INFO - DAG(s) 'example_sensor_decorator' retrieved from /home/airflow/.local/lib/python3.12/site-packages/airflow/example_dags/example_sensor_decorator.py
[2025-03-01T01:06:42.752+0000] {logging_mixin.py:190} INFO - [2025-03-01T01:06:42.751+0000] {dag.py:3239} INFO - Sync 1 DAGs
[2025-03-01T01:06:42.765+0000] {logging_mixin.py:190} INFO - [2025-03-01T01:06:42.765+0000] {dag.py:4180} INFO - Setting next_dagrun for example_sensor_decorator to None, run_after=None
[2025-03-01T01:06:42.780+0000] {processor.py:208} INFO - Processing /home/airflow/.local/lib/python3.12/site-packages/airflow/example_dags/example_sensor_decorator.py took 0.058 seconds
[2025-03-01T01:07:13.064+0000] {processor.py:186} INFO - Started process (PID=845) to work on /home/airflow/.local/lib/python3.12/site-packages/airflow/example_dags/example_sensor_decorator.py
[2025-03-01T01:07:13.065+0000] {processor.py:914} INFO - Processing file /home/airflow/.local/lib/python3.12/site-packages/airflow/example_dags/example_sensor_decorator.py for tasks to queue
[2025-03-01T01:07:13.066+0000] {logging_mixin.py:190} INFO - [2025-03-01T01:07:13.066+0000] {dagbag.py:588} INFO - Filling up the DagBag from /home/airflow/.local/lib/python3.12/site-packages/airflow/example_dags/example_sensor_decorator.py
[2025-03-01T01:07:13.073+0000] {processor.py:925} INFO - DAG(s) 'example_sensor_decorator' retrieved from /home/airflow/.local/lib/python3.12/site-packages/airflow/example_dags/example_sensor_decorator.py
[2025-03-01T01:07:13.089+0000] {logging_mixin.py:190} INFO - [2025-03-01T01:07:13.089+0000] {dag.py:3239} INFO - Sync 1 DAGs
[2025-03-01T01:07:13.103+0000] {logging_mixin.py:190} INFO - [2025-03-01T01:07:13.103+0000] {dag.py:4180} INFO - Setting next_dagrun for example_sensor_decorator to None, run_after=None
[2025-03-01T01:07:13.117+0000] {processor.py:208} INFO - Processing /home/airflow/.local/lib/python3.12/site-packages/airflow/example_dags/example_sensor_decorator.py took 0.057 seconds
[2025-03-01T01:07:43.246+0000] {processor.py:186} INFO - Started process (PID=908) to work on /home/airflow/.local/lib/python3.12/site-packages/airflow/example_dags/example_sensor_decorator.py
[2025-03-01T01:07:43.247+0000] {processor.py:914} INFO - Processing file /home/airflow/.local/lib/python3.12/site-packages/airflow/example_dags/example_sensor_decorator.py for tasks to queue
[2025-03-01T01:07:43.248+0000] {logging_mixin.py:190} INFO - [2025-03-01T01:07:43.248+0000] {dagbag.py:588} INFO - Filling up the DagBag from /home/airflow/.local/lib/python3.12/site-packages/airflow/example_dags/example_sensor_decorator.py
[2025-03-01T01:07:43.254+0000] {processor.py:925} INFO - DAG(s) 'example_sensor_decorator' retrieved from /home/airflow/.local/lib/python3.12/site-packages/airflow/example_dags/example_sensor_decorator.py
[2025-03-01T01:07:43.268+0000] {logging_mixin.py:190} INFO - [2025-03-01T01:07:43.268+0000] {dag.py:3239} INFO - Sync 1 DAGs
[2025-03-01T01:07:43.280+0000] {logging_mixin.py:190} INFO - [2025-03-01T01:07:43.280+0000] {dag.py:4180} INFO - Setting next_dagrun for example_sensor_decorator to None, run_after=None
[2025-03-01T01:07:43.293+0000] {processor.py:208} INFO - Processing /home/airflow/.local/lib/python3.12/site-packages/airflow/example_dags/example_sensor_decorator.py took 0.051 seconds
[2025-03-01T01:08:13.545+0000] {processor.py:186} INFO - Started process (PID=972) to work on /home/airflow/.local/lib/python3.12/site-packages/airflow/example_dags/example_sensor_decorator.py
[2025-03-01T01:08:13.546+0000] {processor.py:914} INFO - Processing file /home/airflow/.local/lib/python3.12/site-packages/airflow/example_dags/example_sensor_decorator.py for tasks to queue
[2025-03-01T01:08:13.548+0000] {logging_mixin.py:190} INFO - [2025-03-01T01:08:13.547+0000] {dagbag.py:588} INFO - Filling up the DagBag from /home/airflow/.local/lib/python3.12/site-packages/airflow/example_dags/example_sensor_decorator.py
[2025-03-01T01:08:13.554+0000] {processor.py:925} INFO - DAG(s) 'example_sensor_decorator' retrieved from /home/airflow/.local/lib/python3.12/site-packages/airflow/example_dags/example_sensor_decorator.py
[2025-03-01T01:08:13.571+0000] {logging_mixin.py:190} INFO - [2025-03-01T01:08:13.571+0000] {dag.py:3239} INFO - Sync 1 DAGs
[2025-03-01T01:08:13.582+0000] {logging_mixin.py:190} INFO - [2025-03-01T01:08:13.582+0000] {dag.py:4180} INFO - Setting next_dagrun for example_sensor_decorator to None, run_after=None
[2025-03-01T01:08:13.594+0000] {processor.py:208} INFO - Processing /home/airflow/.local/lib/python3.12/site-packages/airflow/example_dags/example_sensor_decorator.py took 0.053 seconds
[2025-03-01T01:08:43.818+0000] {processor.py:186} INFO - Started process (PID=1034) to work on /home/airflow/.local/lib/python3.12/site-packages/airflow/example_dags/example_sensor_decorator.py
[2025-03-01T01:08:43.818+0000] {processor.py:914} INFO - Processing file /home/airflow/.local/lib/python3.12/site-packages/airflow/example_dags/example_sensor_decorator.py for tasks to queue
[2025-03-01T01:08:43.820+0000] {logging_mixin.py:190} INFO - [2025-03-01T01:08:43.820+0000] {dagbag.py:588} INFO - Filling up the DagBag from /home/airflow/.local/lib/python3.12/site-packages/airflow/example_dags/example_sensor_decorator.py
[2025-03-01T01:08:43.826+0000] {processor.py:925} INFO - DAG(s) 'example_sensor_decorator' retrieved from /home/airflow/.local/lib/python3.12/site-packages/airflow/example_dags/example_sensor_decorator.py
[2025-03-01T01:08:43.841+0000] {logging_mixin.py:190} INFO - [2025-03-01T01:08:43.841+0000] {dag.py:3239} INFO - Sync 1 DAGs
[2025-03-01T01:08:43.852+0000] {logging_mixin.py:190} INFO - [2025-03-01T01:08:43.852+0000] {dag.py:4180} INFO - Setting next_dagrun for example_sensor_decorator to None, run_after=None
[2025-03-01T01:08:43.864+0000] {processor.py:208} INFO - Processing /home/airflow/.local/lib/python3.12/site-packages/airflow/example_dags/example_sensor_decorator.py took 0.050 seconds
[2025-03-01T01:09:14.109+0000] {processor.py:186} INFO - Started process (PID=1097) to work on /home/airflow/.local/lib/python3.12/site-packages/airflow/example_dags/example_sensor_decorator.py
[2025-03-01T01:09:14.109+0000] {processor.py:914} INFO - Processing file /home/airflow/.local/lib/python3.12/site-packages/airflow/example_dags/example_sensor_decorator.py for tasks to queue
[2025-03-01T01:09:14.111+0000] {logging_mixin.py:190} INFO - [2025-03-01T01:09:14.111+0000] {dagbag.py:588} INFO - Filling up the DagBag from /home/airflow/.local/lib/python3.12/site-packages/airflow/example_dags/example_sensor_decorator.py
[2025-03-01T01:09:14.117+0000] {processor.py:925} INFO - DAG(s) 'example_sensor_decorator' retrieved from /home/airflow/.local/lib/python3.12/site-packages/airflow/example_dags/example_sensor_decorator.py
[2025-03-01T01:09:14.132+0000] {logging_mixin.py:190} INFO - [2025-03-01T01:09:14.132+0000] {dag.py:3239} INFO - Sync 1 DAGs
[2025-03-01T01:09:14.147+0000] {logging_mixin.py:190} INFO - [2025-03-01T01:09:14.147+0000] {dag.py:4180} INFO - Setting next_dagrun for example_sensor_decorator to None, run_after=None
[2025-03-01T01:09:14.163+0000] {processor.py:208} INFO - Processing /home/airflow/.local/lib/python3.12/site-packages/airflow/example_dags/example_sensor_decorator.py took 0.058 seconds
[2025-03-01T01:09:44.382+0000] {processor.py:186} INFO - Started process (PID=1160) to work on /home/airflow/.local/lib/python3.12/site-packages/airflow/example_dags/example_sensor_decorator.py
[2025-03-01T01:09:44.382+0000] {processor.py:914} INFO - Processing file /home/airflow/.local/lib/python3.12/site-packages/airflow/example_dags/example_sensor_decorator.py for tasks to queue
[2025-03-01T01:09:44.384+0000] {logging_mixin.py:190} INFO - [2025-03-01T01:09:44.384+0000] {dagbag.py:588} INFO - Filling up the DagBag from /home/airflow/.local/lib/python3.12/site-packages/airflow/example_dags/example_sensor_decorator.py
[2025-03-01T01:09:44.390+0000] {processor.py:925} INFO - DAG(s) 'example_sensor_decorator' retrieved from /home/airflow/.local/lib/python3.12/site-packages/airflow/example_dags/example_sensor_decorator.py
[2025-03-01T01:09:44.405+0000] {logging_mixin.py:190} INFO - [2025-03-01T01:09:44.405+0000] {dag.py:3239} INFO - Sync 1 DAGs
[2025-03-01T01:09:44.419+0000] {logging_mixin.py:190} INFO - [2025-03-01T01:09:44.419+0000] {dag.py:4180} INFO - Setting next_dagrun for example_sensor_decorator to None, run_after=None
[2025-03-01T01:09:44.435+0000] {processor.py:208} INFO - Processing /home/airflow/.local/lib/python3.12/site-packages/airflow/example_dags/example_sensor_decorator.py took 0.058 seconds
[2025-03-01T01:10:14.622+0000] {processor.py:186} INFO - Started process (PID=1223) to work on /home/airflow/.local/lib/python3.12/site-packages/airflow/example_dags/example_sensor_decorator.py
[2025-03-01T01:10:14.622+0000] {processor.py:914} INFO - Processing file /home/airflow/.local/lib/python3.12/site-packages/airflow/example_dags/example_sensor_decorator.py for tasks to queue
[2025-03-01T01:10:14.624+0000] {logging_mixin.py:190} INFO - [2025-03-01T01:10:14.624+0000] {dagbag.py:588} INFO - Filling up the DagBag from /home/airflow/.local/lib/python3.12/site-packages/airflow/example_dags/example_sensor_decorator.py
[2025-03-01T01:10:14.631+0000] {processor.py:925} INFO - DAG(s) 'example_sensor_decorator' retrieved from /home/airflow/.local/lib/python3.12/site-packages/airflow/example_dags/example_sensor_decorator.py
[2025-03-01T01:10:14.649+0000] {logging_mixin.py:190} INFO - [2025-03-01T01:10:14.649+0000] {dag.py:3239} INFO - Sync 1 DAGs
[2025-03-01T01:10:14.660+0000] {logging_mixin.py:190} INFO - [2025-03-01T01:10:14.660+0000] {dag.py:4180} INFO - Setting next_dagrun for example_sensor_decorator to None, run_after=None
[2025-03-01T01:10:14.674+0000] {processor.py:208} INFO - Processing /home/airflow/.local/lib/python3.12/site-packages/airflow/example_dags/example_sensor_decorator.py took 0.056 seconds
