[2025-03-01T01:01:09.277+0000] {processor.py:186} INFO - Started process (PID=99) to work on /home/airflow/.local/lib/python3.12/site-packages/airflow/example_dags/example_dataset_alias_with_no_taskflow.py
[2025-03-01T01:01:09.278+0000] {processor.py:914} INFO - Processing file /home/airflow/.local/lib/python3.12/site-packages/airflow/example_dags/example_dataset_alias_with_no_taskflow.py for tasks to queue
[2025-03-01T01:01:09.281+0000] {logging_mixin.py:190} INFO - [2025-03-01T01:01:09.281+0000] {dagbag.py:588} INFO - Filling up the DagBag from /home/airflow/.local/lib/python3.12/site-packages/airflow/example_dags/example_dataset_alias_with_no_taskflow.py
[2025-03-01T01:01:09.934+0000] {processor.py:925} INFO - DAG(s) 'dataset_alias_example_alias_consumer_with_no_taskflow', 'dataset_alias_example_alias_producer_with_no_taskflow', 'dataset_s3_bucket_consumer_with_no_taskflow', 'dataset_s3_bucket_producer_with_no_taskflow' retrieved from /home/airflow/.local/lib/python3.12/site-packages/airflow/example_dags/example_dataset_alias_with_no_taskflow.py
[2025-03-01T01:01:10.013+0000] {logging_mixin.py:190} INFO - [2025-03-01T01:01:10.012+0000] {override.py:1911} INFO - Created Permission View: can edit on DAG:dataset_alias_example_alias_consumer_with_no_taskflow
[2025-03-01T01:01:10.022+0000] {logging_mixin.py:190} INFO - [2025-03-01T01:01:10.021+0000] {override.py:1911} INFO - Created Permission View: can read on DAG:dataset_alias_example_alias_consumer_with_no_taskflow
[2025-03-01T01:01:10.028+0000] {logging_mixin.py:190} INFO - [2025-03-01T01:01:10.027+0000] {override.py:1911} INFO - Created Permission View: can delete on DAG:dataset_alias_example_alias_consumer_with_no_taskflow
[2025-03-01T01:01:10.033+0000] {logging_mixin.py:190} INFO - [2025-03-01T01:01:10.033+0000] {override.py:1911} INFO - Created Permission View: menu access on DAG Run:dataset_alias_example_alias_consumer_with_no_taskflow
[2025-03-01T01:01:10.038+0000] {logging_mixin.py:190} INFO - [2025-03-01T01:01:10.038+0000] {override.py:1911} INFO - Created Permission View: can delete on DAG Run:dataset_alias_example_alias_consumer_with_no_taskflow
[2025-03-01T01:01:10.042+0000] {logging_mixin.py:190} INFO - [2025-03-01T01:01:10.042+0000] {override.py:1911} INFO - Created Permission View: can create on DAG Run:dataset_alias_example_alias_consumer_with_no_taskflow
[2025-03-01T01:01:10.046+0000] {logging_mixin.py:190} INFO - [2025-03-01T01:01:10.046+0000] {override.py:1911} INFO - Created Permission View: can read on DAG Run:dataset_alias_example_alias_consumer_with_no_taskflow
[2025-03-01T01:01:10.056+0000] {logging_mixin.py:190} INFO - [2025-03-01T01:01:10.056+0000] {override.py:1911} INFO - Created Permission View: can edit on DAG:dataset_alias_example_alias_producer_with_no_taskflow
[2025-03-01T01:01:10.060+0000] {logging_mixin.py:190} INFO - [2025-03-01T01:01:10.060+0000] {override.py:1911} INFO - Created Permission View: can read on DAG:dataset_alias_example_alias_producer_with_no_taskflow
[2025-03-01T01:01:10.066+0000] {logging_mixin.py:190} INFO - [2025-03-01T01:01:10.065+0000] {override.py:1911} INFO - Created Permission View: can delete on DAG:dataset_alias_example_alias_producer_with_no_taskflow
[2025-03-01T01:01:10.070+0000] {logging_mixin.py:190} INFO - [2025-03-01T01:01:10.070+0000] {override.py:1911} INFO - Created Permission View: menu access on DAG Run:dataset_alias_example_alias_producer_with_no_taskflow
[2025-03-01T01:01:10.074+0000] {logging_mixin.py:190} INFO - [2025-03-01T01:01:10.074+0000] {override.py:1911} INFO - Created Permission View: can delete on DAG Run:dataset_alias_example_alias_producer_with_no_taskflow
[2025-03-01T01:01:10.079+0000] {logging_mixin.py:190} INFO - [2025-03-01T01:01:10.079+0000] {override.py:1911} INFO - Created Permission View: can create on DAG Run:dataset_alias_example_alias_producer_with_no_taskflow
[2025-03-01T01:01:10.083+0000] {logging_mixin.py:190} INFO - [2025-03-01T01:01:10.083+0000] {override.py:1911} INFO - Created Permission View: can read on DAG Run:dataset_alias_example_alias_producer_with_no_taskflow
[2025-03-01T01:01:10.092+0000] {logging_mixin.py:190} INFO - [2025-03-01T01:01:10.092+0000] {override.py:1911} INFO - Created Permission View: can edit on DAG:dataset_s3_bucket_consumer_with_no_taskflow
[2025-03-01T01:01:10.098+0000] {logging_mixin.py:190} INFO - [2025-03-01T01:01:10.098+0000] {override.py:1911} INFO - Created Permission View: can read on DAG:dataset_s3_bucket_consumer_with_no_taskflow
[2025-03-01T01:01:10.104+0000] {logging_mixin.py:190} INFO - [2025-03-01T01:01:10.104+0000] {override.py:1911} INFO - Created Permission View: can delete on DAG:dataset_s3_bucket_consumer_with_no_taskflow
[2025-03-01T01:01:10.109+0000] {logging_mixin.py:190} INFO - [2025-03-01T01:01:10.108+0000] {override.py:1911} INFO - Created Permission View: menu access on DAG Run:dataset_s3_bucket_consumer_with_no_taskflow
[2025-03-01T01:01:10.113+0000] {logging_mixin.py:190} INFO - [2025-03-01T01:01:10.113+0000] {override.py:1911} INFO - Created Permission View: can delete on DAG Run:dataset_s3_bucket_consumer_with_no_taskflow
[2025-03-01T01:01:10.117+0000] {logging_mixin.py:190} INFO - [2025-03-01T01:01:10.117+0000] {override.py:1911} INFO - Created Permission View: can create on DAG Run:dataset_s3_bucket_consumer_with_no_taskflow
[2025-03-01T01:01:10.121+0000] {logging_mixin.py:190} INFO - [2025-03-01T01:01:10.121+0000] {override.py:1911} INFO - Created Permission View: can read on DAG Run:dataset_s3_bucket_consumer_with_no_taskflow
[2025-03-01T01:01:10.129+0000] {logging_mixin.py:190} INFO - [2025-03-01T01:01:10.129+0000] {override.py:1911} INFO - Created Permission View: can edit on DAG:dataset_s3_bucket_producer_with_no_taskflow
[2025-03-01T01:01:10.133+0000] {logging_mixin.py:190} INFO - [2025-03-01T01:01:10.133+0000] {override.py:1911} INFO - Created Permission View: can read on DAG:dataset_s3_bucket_producer_with_no_taskflow
[2025-03-01T01:01:10.138+0000] {logging_mixin.py:190} INFO - [2025-03-01T01:01:10.138+0000] {override.py:1911} INFO - Created Permission View: can delete on DAG:dataset_s3_bucket_producer_with_no_taskflow
[2025-03-01T01:01:10.142+0000] {logging_mixin.py:190} INFO - [2025-03-01T01:01:10.142+0000] {override.py:1911} INFO - Created Permission View: menu access on DAG Run:dataset_s3_bucket_producer_with_no_taskflow
[2025-03-01T01:01:10.146+0000] {logging_mixin.py:190} INFO - [2025-03-01T01:01:10.146+0000] {override.py:1911} INFO - Created Permission View: can delete on DAG Run:dataset_s3_bucket_producer_with_no_taskflow
[2025-03-01T01:01:10.150+0000] {logging_mixin.py:190} INFO - [2025-03-01T01:01:10.150+0000] {override.py:1911} INFO - Created Permission View: can create on DAG Run:dataset_s3_bucket_producer_with_no_taskflow
[2025-03-01T01:01:10.154+0000] {logging_mixin.py:190} INFO - [2025-03-01T01:01:10.154+0000] {override.py:1911} INFO - Created Permission View: can read on DAG Run:dataset_s3_bucket_producer_with_no_taskflow
[2025-03-01T01:01:10.154+0000] {logging_mixin.py:190} INFO - [2025-03-01T01:01:10.154+0000] {dag.py:3239} INFO - Sync 4 DAGs
[2025-03-01T01:01:10.165+0000] {logging_mixin.py:190} INFO - [2025-03-01T01:01:10.165+0000] {dag.py:3262} INFO - Creating ORM DAG for dataset_s3_bucket_consumer_with_no_taskflow
[2025-03-01T01:01:10.166+0000] {logging_mixin.py:190} INFO - [2025-03-01T01:01:10.166+0000] {dag.py:3262} INFO - Creating ORM DAG for dataset_s3_bucket_producer_with_no_taskflow
[2025-03-01T01:01:10.166+0000] {logging_mixin.py:190} INFO - [2025-03-01T01:01:10.166+0000] {dag.py:3262} INFO - Creating ORM DAG for dataset_alias_example_alias_producer_with_no_taskflow
[2025-03-01T01:01:10.167+0000] {logging_mixin.py:190} INFO - [2025-03-01T01:01:10.166+0000] {dag.py:3262} INFO - Creating ORM DAG for dataset_alias_example_alias_consumer_with_no_taskflow
[2025-03-01T01:01:10.175+0000] {logging_mixin.py:190} INFO - [2025-03-01T01:01:10.174+0000] {dag.py:4180} INFO - Setting next_dagrun for dataset_alias_example_alias_consumer_with_no_taskflow to None, run_after=None
[2025-03-01T01:01:10.175+0000] {logging_mixin.py:190} INFO - [2025-03-01T01:01:10.175+0000] {dag.py:4180} INFO - Setting next_dagrun for dataset_alias_example_alias_producer_with_no_taskflow to None, run_after=None
[2025-03-01T01:01:10.176+0000] {logging_mixin.py:190} INFO - [2025-03-01T01:01:10.176+0000] {dag.py:4180} INFO - Setting next_dagrun for dataset_s3_bucket_consumer_with_no_taskflow to None, run_after=None
[2025-03-01T01:01:10.176+0000] {logging_mixin.py:190} INFO - [2025-03-01T01:01:10.176+0000] {dag.py:4180} INFO - Setting next_dagrun for dataset_s3_bucket_producer_with_no_taskflow to None, run_after=None
[2025-03-01T01:01:10.197+0000] {processor.py:208} INFO - Processing /home/airflow/.local/lib/python3.12/site-packages/airflow/example_dags/example_dataset_alias_with_no_taskflow.py took 0.928 seconds
[2025-03-01T01:01:40.944+0000] {processor.py:186} INFO - Started process (PID=162) to work on /home/airflow/.local/lib/python3.12/site-packages/airflow/example_dags/example_dataset_alias_with_no_taskflow.py
[2025-03-01T01:01:40.944+0000] {processor.py:914} INFO - Processing file /home/airflow/.local/lib/python3.12/site-packages/airflow/example_dags/example_dataset_alias_with_no_taskflow.py for tasks to queue
[2025-03-01T01:01:40.946+0000] {logging_mixin.py:190} INFO - [2025-03-01T01:01:40.946+0000] {dagbag.py:588} INFO - Filling up the DagBag from /home/airflow/.local/lib/python3.12/site-packages/airflow/example_dags/example_dataset_alias_with_no_taskflow.py
[2025-03-01T01:01:41.460+0000] {processor.py:925} INFO - DAG(s) 'dataset_alias_example_alias_producer_with_no_taskflow', 'dataset_s3_bucket_producer_with_no_taskflow', 'dataset_s3_bucket_consumer_with_no_taskflow', 'dataset_alias_example_alias_consumer_with_no_taskflow' retrieved from /home/airflow/.local/lib/python3.12/site-packages/airflow/example_dags/example_dataset_alias_with_no_taskflow.py
[2025-03-01T01:01:41.481+0000] {logging_mixin.py:190} INFO - [2025-03-01T01:01:41.481+0000] {dag.py:3239} INFO - Sync 4 DAGs
[2025-03-01T01:01:41.505+0000] {logging_mixin.py:190} INFO - [2025-03-01T01:01:41.504+0000] {dag.py:4180} INFO - Setting next_dagrun for dataset_alias_example_alias_consumer_with_no_taskflow to None, run_after=None
[2025-03-01T01:01:41.507+0000] {logging_mixin.py:190} INFO - [2025-03-01T01:01:41.507+0000] {dag.py:4180} INFO - Setting next_dagrun for dataset_alias_example_alias_producer_with_no_taskflow to None, run_after=None
[2025-03-01T01:01:41.509+0000] {logging_mixin.py:190} INFO - [2025-03-01T01:01:41.508+0000] {dag.py:4180} INFO - Setting next_dagrun for dataset_s3_bucket_consumer_with_no_taskflow to None, run_after=None
[2025-03-01T01:01:41.510+0000] {logging_mixin.py:190} INFO - [2025-03-01T01:01:41.510+0000] {dag.py:4180} INFO - Setting next_dagrun for dataset_s3_bucket_producer_with_no_taskflow to None, run_after=None
[2025-03-01T01:01:41.529+0000] {processor.py:208} INFO - Processing /home/airflow/.local/lib/python3.12/site-packages/airflow/example_dags/example_dataset_alias_with_no_taskflow.py took 0.590 seconds
[2025-03-01T01:02:11.973+0000] {processor.py:186} INFO - Started process (PID=226) to work on /home/airflow/.local/lib/python3.12/site-packages/airflow/example_dags/example_dataset_alias_with_no_taskflow.py
[2025-03-01T01:02:11.974+0000] {processor.py:914} INFO - Processing file /home/airflow/.local/lib/python3.12/site-packages/airflow/example_dags/example_dataset_alias_with_no_taskflow.py for tasks to queue
[2025-03-01T01:02:11.976+0000] {logging_mixin.py:190} INFO - [2025-03-01T01:02:11.975+0000] {dagbag.py:588} INFO - Filling up the DagBag from /home/airflow/.local/lib/python3.12/site-packages/airflow/example_dags/example_dataset_alias_with_no_taskflow.py
[2025-03-01T01:02:12.516+0000] {processor.py:925} INFO - DAG(s) 'dataset_s3_bucket_consumer_with_no_taskflow', 'dataset_s3_bucket_producer_with_no_taskflow', 'dataset_alias_example_alias_producer_with_no_taskflow', 'dataset_alias_example_alias_consumer_with_no_taskflow' retrieved from /home/airflow/.local/lib/python3.12/site-packages/airflow/example_dags/example_dataset_alias_with_no_taskflow.py
[2025-03-01T01:02:12.531+0000] {logging_mixin.py:190} INFO - [2025-03-01T01:02:12.531+0000] {dag.py:3239} INFO - Sync 4 DAGs
[2025-03-01T01:02:12.549+0000] {logging_mixin.py:190} INFO - [2025-03-01T01:02:12.549+0000] {dag.py:4180} INFO - Setting next_dagrun for dataset_alias_example_alias_consumer_with_no_taskflow to None, run_after=None
[2025-03-01T01:02:12.551+0000] {logging_mixin.py:190} INFO - [2025-03-01T01:02:12.551+0000] {dag.py:4180} INFO - Setting next_dagrun for dataset_alias_example_alias_producer_with_no_taskflow to None, run_after=None
[2025-03-01T01:02:12.552+0000] {logging_mixin.py:190} INFO - [2025-03-01T01:02:12.552+0000] {dag.py:4180} INFO - Setting next_dagrun for dataset_s3_bucket_consumer_with_no_taskflow to None, run_after=None
[2025-03-01T01:02:12.553+0000] {logging_mixin.py:190} INFO - [2025-03-01T01:02:12.553+0000] {dag.py:4180} INFO - Setting next_dagrun for dataset_s3_bucket_producer_with_no_taskflow to None, run_after=None
[2025-03-01T01:02:12.568+0000] {processor.py:208} INFO - Processing /home/airflow/.local/lib/python3.12/site-packages/airflow/example_dags/example_dataset_alias_with_no_taskflow.py took 0.599 seconds
[2025-03-01T01:02:43.142+0000] {processor.py:186} INFO - Started process (PID=289) to work on /home/airflow/.local/lib/python3.12/site-packages/airflow/example_dags/example_dataset_alias_with_no_taskflow.py
[2025-03-01T01:02:43.147+0000] {processor.py:914} INFO - Processing file /home/airflow/.local/lib/python3.12/site-packages/airflow/example_dags/example_dataset_alias_with_no_taskflow.py for tasks to queue
[2025-03-01T01:02:43.149+0000] {logging_mixin.py:190} INFO - [2025-03-01T01:02:43.149+0000] {dagbag.py:588} INFO - Filling up the DagBag from /home/airflow/.local/lib/python3.12/site-packages/airflow/example_dags/example_dataset_alias_with_no_taskflow.py
[2025-03-01T01:02:43.748+0000] {processor.py:925} INFO - DAG(s) 'dataset_alias_example_alias_consumer_with_no_taskflow', 'dataset_alias_example_alias_producer_with_no_taskflow', 'dataset_s3_bucket_consumer_with_no_taskflow', 'dataset_s3_bucket_producer_with_no_taskflow' retrieved from /home/airflow/.local/lib/python3.12/site-packages/airflow/example_dags/example_dataset_alias_with_no_taskflow.py
[2025-03-01T01:02:43.765+0000] {logging_mixin.py:190} INFO - [2025-03-01T01:02:43.764+0000] {dag.py:3239} INFO - Sync 4 DAGs
[2025-03-01T01:02:43.784+0000] {logging_mixin.py:190} INFO - [2025-03-01T01:02:43.784+0000] {dag.py:4180} INFO - Setting next_dagrun for dataset_alias_example_alias_consumer_with_no_taskflow to None, run_after=None
[2025-03-01T01:02:43.786+0000] {logging_mixin.py:190} INFO - [2025-03-01T01:02:43.786+0000] {dag.py:4180} INFO - Setting next_dagrun for dataset_alias_example_alias_producer_with_no_taskflow to None, run_after=None
[2025-03-01T01:02:43.787+0000] {logging_mixin.py:190} INFO - [2025-03-01T01:02:43.787+0000] {dag.py:4180} INFO - Setting next_dagrun for dataset_s3_bucket_consumer_with_no_taskflow to None, run_after=None
[2025-03-01T01:02:43.788+0000] {logging_mixin.py:190} INFO - [2025-03-01T01:02:43.788+0000] {dag.py:4180} INFO - Setting next_dagrun for dataset_s3_bucket_producer_with_no_taskflow to None, run_after=None
[2025-03-01T01:02:43.802+0000] {processor.py:208} INFO - Processing /home/airflow/.local/lib/python3.12/site-packages/airflow/example_dags/example_dataset_alias_with_no_taskflow.py took 0.667 seconds
[2025-03-01T01:03:13.930+0000] {processor.py:186} INFO - Started process (PID=356) to work on /home/airflow/.local/lib/python3.12/site-packages/airflow/example_dags/example_dataset_alias_with_no_taskflow.py
[2025-03-01T01:03:13.931+0000] {processor.py:914} INFO - Processing file /home/airflow/.local/lib/python3.12/site-packages/airflow/example_dags/example_dataset_alias_with_no_taskflow.py for tasks to queue
[2025-03-01T01:03:13.933+0000] {logging_mixin.py:190} INFO - [2025-03-01T01:03:13.933+0000] {dagbag.py:588} INFO - Filling up the DagBag from /home/airflow/.local/lib/python3.12/site-packages/airflow/example_dags/example_dataset_alias_with_no_taskflow.py
[2025-03-01T01:03:14.489+0000] {processor.py:925} INFO - DAG(s) 'dataset_alias_example_alias_consumer_with_no_taskflow', 'dataset_s3_bucket_consumer_with_no_taskflow', 'dataset_alias_example_alias_producer_with_no_taskflow', 'dataset_s3_bucket_producer_with_no_taskflow' retrieved from /home/airflow/.local/lib/python3.12/site-packages/airflow/example_dags/example_dataset_alias_with_no_taskflow.py
[2025-03-01T01:03:14.505+0000] {logging_mixin.py:190} INFO - [2025-03-01T01:03:14.504+0000] {dag.py:3239} INFO - Sync 4 DAGs
[2025-03-01T01:03:14.523+0000] {logging_mixin.py:190} INFO - [2025-03-01T01:03:14.523+0000] {dag.py:4180} INFO - Setting next_dagrun for dataset_alias_example_alias_consumer_with_no_taskflow to None, run_after=None
[2025-03-01T01:03:14.525+0000] {logging_mixin.py:190} INFO - [2025-03-01T01:03:14.525+0000] {dag.py:4180} INFO - Setting next_dagrun for dataset_alias_example_alias_producer_with_no_taskflow to None, run_after=None
[2025-03-01T01:03:14.526+0000] {logging_mixin.py:190} INFO - [2025-03-01T01:03:14.526+0000] {dag.py:4180} INFO - Setting next_dagrun for dataset_s3_bucket_consumer_with_no_taskflow to None, run_after=None
[2025-03-01T01:03:14.527+0000] {logging_mixin.py:190} INFO - [2025-03-01T01:03:14.527+0000] {dag.py:4180} INFO - Setting next_dagrun for dataset_s3_bucket_producer_with_no_taskflow to None, run_after=None
[2025-03-01T01:03:14.542+0000] {processor.py:208} INFO - Processing /home/airflow/.local/lib/python3.12/site-packages/airflow/example_dags/example_dataset_alias_with_no_taskflow.py took 0.616 seconds
[2025-03-01T01:03:45.000+0000] {processor.py:186} INFO - Started process (PID=418) to work on /home/airflow/.local/lib/python3.12/site-packages/airflow/example_dags/example_dataset_alias_with_no_taskflow.py
[2025-03-01T01:03:45.000+0000] {processor.py:914} INFO - Processing file /home/airflow/.local/lib/python3.12/site-packages/airflow/example_dags/example_dataset_alias_with_no_taskflow.py for tasks to queue
[2025-03-01T01:03:45.002+0000] {logging_mixin.py:190} INFO - [2025-03-01T01:03:45.002+0000] {dagbag.py:588} INFO - Filling up the DagBag from /home/airflow/.local/lib/python3.12/site-packages/airflow/example_dags/example_dataset_alias_with_no_taskflow.py
[2025-03-01T01:03:45.541+0000] {processor.py:925} INFO - DAG(s) 'dataset_s3_bucket_producer_with_no_taskflow', 'dataset_s3_bucket_consumer_with_no_taskflow', 'dataset_alias_example_alias_producer_with_no_taskflow', 'dataset_alias_example_alias_consumer_with_no_taskflow' retrieved from /home/airflow/.local/lib/python3.12/site-packages/airflow/example_dags/example_dataset_alias_with_no_taskflow.py
[2025-03-01T01:03:45.557+0000] {logging_mixin.py:190} INFO - [2025-03-01T01:03:45.557+0000] {dag.py:3239} INFO - Sync 4 DAGs
[2025-03-01T01:03:45.578+0000] {logging_mixin.py:190} INFO - [2025-03-01T01:03:45.578+0000] {dag.py:4180} INFO - Setting next_dagrun for dataset_alias_example_alias_consumer_with_no_taskflow to None, run_after=None
[2025-03-01T01:03:45.580+0000] {logging_mixin.py:190} INFO - [2025-03-01T01:03:45.580+0000] {dag.py:4180} INFO - Setting next_dagrun for dataset_alias_example_alias_producer_with_no_taskflow to None, run_after=None
[2025-03-01T01:03:45.581+0000] {logging_mixin.py:190} INFO - [2025-03-01T01:03:45.581+0000] {dag.py:4180} INFO - Setting next_dagrun for dataset_s3_bucket_consumer_with_no_taskflow to None, run_after=None
[2025-03-01T01:03:45.582+0000] {logging_mixin.py:190} INFO - [2025-03-01T01:03:45.582+0000] {dag.py:4180} INFO - Setting next_dagrun for dataset_s3_bucket_producer_with_no_taskflow to None, run_after=None
[2025-03-01T01:03:45.597+0000] {processor.py:208} INFO - Processing /home/airflow/.local/lib/python3.12/site-packages/airflow/example_dags/example_dataset_alias_with_no_taskflow.py took 0.602 seconds
[2025-03-01T01:04:15.847+0000] {processor.py:186} INFO - Started process (PID=481) to work on /home/airflow/.local/lib/python3.12/site-packages/airflow/example_dags/example_dataset_alias_with_no_taskflow.py
[2025-03-01T01:04:15.848+0000] {processor.py:914} INFO - Processing file /home/airflow/.local/lib/python3.12/site-packages/airflow/example_dags/example_dataset_alias_with_no_taskflow.py for tasks to queue
[2025-03-01T01:04:15.850+0000] {logging_mixin.py:190} INFO - [2025-03-01T01:04:15.849+0000] {dagbag.py:588} INFO - Filling up the DagBag from /home/airflow/.local/lib/python3.12/site-packages/airflow/example_dags/example_dataset_alias_with_no_taskflow.py
[2025-03-01T01:04:16.532+0000] {processor.py:925} INFO - DAG(s) 'dataset_s3_bucket_producer_with_no_taskflow', 'dataset_s3_bucket_consumer_with_no_taskflow', 'dataset_alias_example_alias_producer_with_no_taskflow', 'dataset_alias_example_alias_consumer_with_no_taskflow' retrieved from /home/airflow/.local/lib/python3.12/site-packages/airflow/example_dags/example_dataset_alias_with_no_taskflow.py
[2025-03-01T01:04:16.554+0000] {logging_mixin.py:190} INFO - [2025-03-01T01:04:16.554+0000] {dag.py:3239} INFO - Sync 4 DAGs
[2025-03-01T01:04:16.578+0000] {logging_mixin.py:190} INFO - [2025-03-01T01:04:16.578+0000] {dag.py:4180} INFO - Setting next_dagrun for dataset_alias_example_alias_consumer_with_no_taskflow to None, run_after=None
[2025-03-01T01:04:16.581+0000] {logging_mixin.py:190} INFO - [2025-03-01T01:04:16.581+0000] {dag.py:4180} INFO - Setting next_dagrun for dataset_alias_example_alias_producer_with_no_taskflow to None, run_after=None
[2025-03-01T01:04:16.582+0000] {logging_mixin.py:190} INFO - [2025-03-01T01:04:16.582+0000] {dag.py:4180} INFO - Setting next_dagrun for dataset_s3_bucket_consumer_with_no_taskflow to None, run_after=None
[2025-03-01T01:04:16.584+0000] {logging_mixin.py:190} INFO - [2025-03-01T01:04:16.583+0000] {dag.py:4180} INFO - Setting next_dagrun for dataset_s3_bucket_producer_with_no_taskflow to None, run_after=None
[2025-03-01T01:04:16.606+0000] {processor.py:208} INFO - Processing /home/airflow/.local/lib/python3.12/site-packages/airflow/example_dags/example_dataset_alias_with_no_taskflow.py took 0.764 seconds
[2025-03-01T01:04:46.683+0000] {processor.py:186} INFO - Started process (PID=544) to work on /home/airflow/.local/lib/python3.12/site-packages/airflow/example_dags/example_dataset_alias_with_no_taskflow.py
[2025-03-01T01:04:46.683+0000] {processor.py:914} INFO - Processing file /home/airflow/.local/lib/python3.12/site-packages/airflow/example_dags/example_dataset_alias_with_no_taskflow.py for tasks to queue
[2025-03-01T01:04:46.685+0000] {logging_mixin.py:190} INFO - [2025-03-01T01:04:46.684+0000] {dagbag.py:588} INFO - Filling up the DagBag from /home/airflow/.local/lib/python3.12/site-packages/airflow/example_dags/example_dataset_alias_with_no_taskflow.py
[2025-03-01T01:04:47.195+0000] {processor.py:925} INFO - DAG(s) 'dataset_s3_bucket_producer_with_no_taskflow', 'dataset_s3_bucket_consumer_with_no_taskflow', 'dataset_alias_example_alias_consumer_with_no_taskflow', 'dataset_alias_example_alias_producer_with_no_taskflow' retrieved from /home/airflow/.local/lib/python3.12/site-packages/airflow/example_dags/example_dataset_alias_with_no_taskflow.py
[2025-03-01T01:04:47.217+0000] {logging_mixin.py:190} INFO - [2025-03-01T01:04:47.216+0000] {dag.py:3239} INFO - Sync 4 DAGs
[2025-03-01T01:04:47.239+0000] {logging_mixin.py:190} INFO - [2025-03-01T01:04:47.239+0000] {dag.py:4180} INFO - Setting next_dagrun for dataset_alias_example_alias_consumer_with_no_taskflow to None, run_after=None
[2025-03-01T01:04:47.241+0000] {logging_mixin.py:190} INFO - [2025-03-01T01:04:47.241+0000] {dag.py:4180} INFO - Setting next_dagrun for dataset_alias_example_alias_producer_with_no_taskflow to None, run_after=None
[2025-03-01T01:04:47.242+0000] {logging_mixin.py:190} INFO - [2025-03-01T01:04:47.242+0000] {dag.py:4180} INFO - Setting next_dagrun for dataset_s3_bucket_consumer_with_no_taskflow to None, run_after=None
[2025-03-01T01:04:47.243+0000] {logging_mixin.py:190} INFO - [2025-03-01T01:04:47.243+0000] {dag.py:4180} INFO - Setting next_dagrun for dataset_s3_bucket_producer_with_no_taskflow to None, run_after=None
[2025-03-01T01:04:47.263+0000] {processor.py:208} INFO - Processing /home/airflow/.local/lib/python3.12/site-packages/airflow/example_dags/example_dataset_alias_with_no_taskflow.py took 0.584 seconds
[2025-03-01T01:05:17.585+0000] {processor.py:186} INFO - Started process (PID=607) to work on /home/airflow/.local/lib/python3.12/site-packages/airflow/example_dags/example_dataset_alias_with_no_taskflow.py
[2025-03-01T01:05:17.586+0000] {processor.py:914} INFO - Processing file /home/airflow/.local/lib/python3.12/site-packages/airflow/example_dags/example_dataset_alias_with_no_taskflow.py for tasks to queue
[2025-03-01T01:05:17.587+0000] {logging_mixin.py:190} INFO - [2025-03-01T01:05:17.587+0000] {dagbag.py:588} INFO - Filling up the DagBag from /home/airflow/.local/lib/python3.12/site-packages/airflow/example_dags/example_dataset_alias_with_no_taskflow.py
[2025-03-01T01:05:18.229+0000] {processor.py:925} INFO - DAG(s) 'dataset_alias_example_alias_producer_with_no_taskflow', 'dataset_s3_bucket_consumer_with_no_taskflow', 'dataset_s3_bucket_producer_with_no_taskflow', 'dataset_alias_example_alias_consumer_with_no_taskflow' retrieved from /home/airflow/.local/lib/python3.12/site-packages/airflow/example_dags/example_dataset_alias_with_no_taskflow.py
[2025-03-01T01:05:18.251+0000] {logging_mixin.py:190} INFO - [2025-03-01T01:05:18.250+0000] {dag.py:3239} INFO - Sync 4 DAGs
[2025-03-01T01:05:18.276+0000] {logging_mixin.py:190} INFO - [2025-03-01T01:05:18.276+0000] {dag.py:4180} INFO - Setting next_dagrun for dataset_alias_example_alias_consumer_with_no_taskflow to None, run_after=None
[2025-03-01T01:05:18.278+0000] {logging_mixin.py:190} INFO - [2025-03-01T01:05:18.278+0000] {dag.py:4180} INFO - Setting next_dagrun for dataset_alias_example_alias_producer_with_no_taskflow to None, run_after=None
[2025-03-01T01:05:18.280+0000] {logging_mixin.py:190} INFO - [2025-03-01T01:05:18.279+0000] {dag.py:4180} INFO - Setting next_dagrun for dataset_s3_bucket_consumer_with_no_taskflow to None, run_after=None
[2025-03-01T01:05:18.281+0000] {logging_mixin.py:190} INFO - [2025-03-01T01:05:18.281+0000] {dag.py:4180} INFO - Setting next_dagrun for dataset_s3_bucket_producer_with_no_taskflow to None, run_after=None
[2025-03-01T01:05:18.301+0000] {processor.py:208} INFO - Processing /home/airflow/.local/lib/python3.12/site-packages/airflow/example_dags/example_dataset_alias_with_no_taskflow.py took 0.721 seconds
[2025-03-01T01:05:49.035+0000] {processor.py:186} INFO - Started process (PID=670) to work on /home/airflow/.local/lib/python3.12/site-packages/airflow/example_dags/example_dataset_alias_with_no_taskflow.py
[2025-03-01T01:05:49.036+0000] {processor.py:914} INFO - Processing file /home/airflow/.local/lib/python3.12/site-packages/airflow/example_dags/example_dataset_alias_with_no_taskflow.py for tasks to queue
[2025-03-01T01:05:49.037+0000] {logging_mixin.py:190} INFO - [2025-03-01T01:05:49.037+0000] {dagbag.py:588} INFO - Filling up the DagBag from /home/airflow/.local/lib/python3.12/site-packages/airflow/example_dags/example_dataset_alias_with_no_taskflow.py
[2025-03-01T01:05:49.567+0000] {processor.py:925} INFO - DAG(s) 'dataset_s3_bucket_consumer_with_no_taskflow', 'dataset_alias_example_alias_consumer_with_no_taskflow', 'dataset_s3_bucket_producer_with_no_taskflow', 'dataset_alias_example_alias_producer_with_no_taskflow' retrieved from /home/airflow/.local/lib/python3.12/site-packages/airflow/example_dags/example_dataset_alias_with_no_taskflow.py
[2025-03-01T01:05:49.582+0000] {logging_mixin.py:190} INFO - [2025-03-01T01:05:49.582+0000] {dag.py:3239} INFO - Sync 4 DAGs
[2025-03-01T01:05:49.600+0000] {logging_mixin.py:190} INFO - [2025-03-01T01:05:49.600+0000] {dag.py:4180} INFO - Setting next_dagrun for dataset_alias_example_alias_consumer_with_no_taskflow to None, run_after=None
[2025-03-01T01:05:49.602+0000] {logging_mixin.py:190} INFO - [2025-03-01T01:05:49.602+0000] {dag.py:4180} INFO - Setting next_dagrun for dataset_alias_example_alias_producer_with_no_taskflow to None, run_after=None
[2025-03-01T01:05:49.603+0000] {logging_mixin.py:190} INFO - [2025-03-01T01:05:49.603+0000] {dag.py:4180} INFO - Setting next_dagrun for dataset_s3_bucket_consumer_with_no_taskflow to None, run_after=None
[2025-03-01T01:05:49.604+0000] {logging_mixin.py:190} INFO - [2025-03-01T01:05:49.604+0000] {dag.py:4180} INFO - Setting next_dagrun for dataset_s3_bucket_producer_with_no_taskflow to None, run_after=None
[2025-03-01T01:05:49.619+0000] {processor.py:208} INFO - Processing /home/airflow/.local/lib/python3.12/site-packages/airflow/example_dags/example_dataset_alias_with_no_taskflow.py took 0.588 seconds
[2025-03-01T01:06:20.478+0000] {processor.py:186} INFO - Started process (PID=733) to work on /home/airflow/.local/lib/python3.12/site-packages/airflow/example_dags/example_dataset_alias_with_no_taskflow.py
[2025-03-01T01:06:20.479+0000] {processor.py:914} INFO - Processing file /home/airflow/.local/lib/python3.12/site-packages/airflow/example_dags/example_dataset_alias_with_no_taskflow.py for tasks to queue
[2025-03-01T01:06:20.480+0000] {logging_mixin.py:190} INFO - [2025-03-01T01:06:20.480+0000] {dagbag.py:588} INFO - Filling up the DagBag from /home/airflow/.local/lib/python3.12/site-packages/airflow/example_dags/example_dataset_alias_with_no_taskflow.py
[2025-03-01T01:06:20.991+0000] {processor.py:925} INFO - DAG(s) 'dataset_s3_bucket_producer_with_no_taskflow', 'dataset_alias_example_alias_consumer_with_no_taskflow', 'dataset_s3_bucket_consumer_with_no_taskflow', 'dataset_alias_example_alias_producer_with_no_taskflow' retrieved from /home/airflow/.local/lib/python3.12/site-packages/airflow/example_dags/example_dataset_alias_with_no_taskflow.py
[2025-03-01T01:06:21.012+0000] {logging_mixin.py:190} INFO - [2025-03-01T01:06:21.011+0000] {dag.py:3239} INFO - Sync 4 DAGs
[2025-03-01T01:06:21.037+0000] {logging_mixin.py:190} INFO - [2025-03-01T01:06:21.037+0000] {dag.py:4180} INFO - Setting next_dagrun for dataset_alias_example_alias_consumer_with_no_taskflow to None, run_after=None
[2025-03-01T01:06:21.039+0000] {logging_mixin.py:190} INFO - [2025-03-01T01:06:21.039+0000] {dag.py:4180} INFO - Setting next_dagrun for dataset_alias_example_alias_producer_with_no_taskflow to None, run_after=None
[2025-03-01T01:06:21.041+0000] {logging_mixin.py:190} INFO - [2025-03-01T01:06:21.040+0000] {dag.py:4180} INFO - Setting next_dagrun for dataset_s3_bucket_consumer_with_no_taskflow to None, run_after=None
[2025-03-01T01:06:21.042+0000] {logging_mixin.py:190} INFO - [2025-03-01T01:06:21.042+0000] {dag.py:4180} INFO - Setting next_dagrun for dataset_s3_bucket_producer_with_no_taskflow to None, run_after=None
[2025-03-01T01:06:21.060+0000] {processor.py:208} INFO - Processing /home/airflow/.local/lib/python3.12/site-packages/airflow/example_dags/example_dataset_alias_with_no_taskflow.py took 0.586 seconds
[2025-03-01T01:06:51.903+0000] {processor.py:186} INFO - Started process (PID=796) to work on /home/airflow/.local/lib/python3.12/site-packages/airflow/example_dags/example_dataset_alias_with_no_taskflow.py
[2025-03-01T01:06:51.904+0000] {processor.py:914} INFO - Processing file /home/airflow/.local/lib/python3.12/site-packages/airflow/example_dags/example_dataset_alias_with_no_taskflow.py for tasks to queue
[2025-03-01T01:06:51.906+0000] {logging_mixin.py:190} INFO - [2025-03-01T01:06:51.906+0000] {dagbag.py:588} INFO - Filling up the DagBag from /home/airflow/.local/lib/python3.12/site-packages/airflow/example_dags/example_dataset_alias_with_no_taskflow.py
[2025-03-01T01:06:52.501+0000] {processor.py:925} INFO - DAG(s) 'dataset_s3_bucket_consumer_with_no_taskflow', 'dataset_alias_example_alias_producer_with_no_taskflow', 'dataset_s3_bucket_producer_with_no_taskflow', 'dataset_alias_example_alias_consumer_with_no_taskflow' retrieved from /home/airflow/.local/lib/python3.12/site-packages/airflow/example_dags/example_dataset_alias_with_no_taskflow.py
[2025-03-01T01:06:52.523+0000] {logging_mixin.py:190} INFO - [2025-03-01T01:06:52.522+0000] {dag.py:3239} INFO - Sync 4 DAGs
[2025-03-01T01:06:52.544+0000] {logging_mixin.py:190} INFO - [2025-03-01T01:06:52.543+0000] {dag.py:4180} INFO - Setting next_dagrun for dataset_alias_example_alias_consumer_with_no_taskflow to None, run_after=None
[2025-03-01T01:06:52.546+0000] {logging_mixin.py:190} INFO - [2025-03-01T01:06:52.546+0000] {dag.py:4180} INFO - Setting next_dagrun for dataset_alias_example_alias_producer_with_no_taskflow to None, run_after=None
[2025-03-01T01:06:52.547+0000] {logging_mixin.py:190} INFO - [2025-03-01T01:06:52.547+0000] {dag.py:4180} INFO - Setting next_dagrun for dataset_s3_bucket_consumer_with_no_taskflow to None, run_after=None
[2025-03-01T01:06:52.549+0000] {logging_mixin.py:190} INFO - [2025-03-01T01:06:52.548+0000] {dag.py:4180} INFO - Setting next_dagrun for dataset_s3_bucket_producer_with_no_taskflow to None, run_after=None
[2025-03-01T01:06:52.566+0000] {processor.py:208} INFO - Processing /home/airflow/.local/lib/python3.12/site-packages/airflow/example_dags/example_dataset_alias_with_no_taskflow.py took 0.669 seconds
[2025-03-01T01:07:23.196+0000] {processor.py:186} INFO - Started process (PID=859) to work on /home/airflow/.local/lib/python3.12/site-packages/airflow/example_dags/example_dataset_alias_with_no_taskflow.py
[2025-03-01T01:07:23.196+0000] {processor.py:914} INFO - Processing file /home/airflow/.local/lib/python3.12/site-packages/airflow/example_dags/example_dataset_alias_with_no_taskflow.py for tasks to queue
[2025-03-01T01:07:23.198+0000] {logging_mixin.py:190} INFO - [2025-03-01T01:07:23.198+0000] {dagbag.py:588} INFO - Filling up the DagBag from /home/airflow/.local/lib/python3.12/site-packages/airflow/example_dags/example_dataset_alias_with_no_taskflow.py
[2025-03-01T01:07:23.724+0000] {processor.py:925} INFO - DAG(s) 'dataset_alias_example_alias_consumer_with_no_taskflow', 'dataset_alias_example_alias_producer_with_no_taskflow', 'dataset_s3_bucket_producer_with_no_taskflow', 'dataset_s3_bucket_consumer_with_no_taskflow' retrieved from /home/airflow/.local/lib/python3.12/site-packages/airflow/example_dags/example_dataset_alias_with_no_taskflow.py
[2025-03-01T01:07:23.739+0000] {logging_mixin.py:190} INFO - [2025-03-01T01:07:23.739+0000] {dag.py:3239} INFO - Sync 4 DAGs
[2025-03-01T01:07:23.756+0000] {logging_mixin.py:190} INFO - [2025-03-01T01:07:23.756+0000] {dag.py:4180} INFO - Setting next_dagrun for dataset_alias_example_alias_consumer_with_no_taskflow to None, run_after=None
[2025-03-01T01:07:23.758+0000] {logging_mixin.py:190} INFO - [2025-03-01T01:07:23.758+0000] {dag.py:4180} INFO - Setting next_dagrun for dataset_alias_example_alias_producer_with_no_taskflow to None, run_after=None
[2025-03-01T01:07:23.759+0000] {logging_mixin.py:190} INFO - [2025-03-01T01:07:23.759+0000] {dag.py:4180} INFO - Setting next_dagrun for dataset_s3_bucket_consumer_with_no_taskflow to None, run_after=None
[2025-03-01T01:07:23.760+0000] {logging_mixin.py:190} INFO - [2025-03-01T01:07:23.760+0000] {dag.py:4180} INFO - Setting next_dagrun for dataset_s3_bucket_producer_with_no_taskflow to None, run_after=None
[2025-03-01T01:07:23.775+0000] {processor.py:208} INFO - Processing /home/airflow/.local/lib/python3.12/site-packages/airflow/example_dags/example_dataset_alias_with_no_taskflow.py took 0.584 seconds
[2025-03-01T01:07:54.387+0000] {processor.py:186} INFO - Started process (PID=922) to work on /home/airflow/.local/lib/python3.12/site-packages/airflow/example_dags/example_dataset_alias_with_no_taskflow.py
[2025-03-01T01:07:54.388+0000] {processor.py:914} INFO - Processing file /home/airflow/.local/lib/python3.12/site-packages/airflow/example_dags/example_dataset_alias_with_no_taskflow.py for tasks to queue
[2025-03-01T01:07:54.389+0000] {logging_mixin.py:190} INFO - [2025-03-01T01:07:54.389+0000] {dagbag.py:588} INFO - Filling up the DagBag from /home/airflow/.local/lib/python3.12/site-packages/airflow/example_dags/example_dataset_alias_with_no_taskflow.py
[2025-03-01T01:07:54.945+0000] {processor.py:925} INFO - DAG(s) 'dataset_s3_bucket_consumer_with_no_taskflow', 'dataset_s3_bucket_producer_with_no_taskflow', 'dataset_alias_example_alias_producer_with_no_taskflow', 'dataset_alias_example_alias_consumer_with_no_taskflow' retrieved from /home/airflow/.local/lib/python3.12/site-packages/airflow/example_dags/example_dataset_alias_with_no_taskflow.py
[2025-03-01T01:07:54.962+0000] {logging_mixin.py:190} INFO - [2025-03-01T01:07:54.961+0000] {dag.py:3239} INFO - Sync 4 DAGs
[2025-03-01T01:07:54.981+0000] {logging_mixin.py:190} INFO - [2025-03-01T01:07:54.981+0000] {dag.py:4180} INFO - Setting next_dagrun for dataset_alias_example_alias_consumer_with_no_taskflow to None, run_after=None
[2025-03-01T01:07:54.983+0000] {logging_mixin.py:190} INFO - [2025-03-01T01:07:54.983+0000] {dag.py:4180} INFO - Setting next_dagrun for dataset_alias_example_alias_producer_with_no_taskflow to None, run_after=None
[2025-03-01T01:07:54.984+0000] {logging_mixin.py:190} INFO - [2025-03-01T01:07:54.984+0000] {dag.py:4180} INFO - Setting next_dagrun for dataset_s3_bucket_consumer_with_no_taskflow to None, run_after=None
[2025-03-01T01:07:54.985+0000] {logging_mixin.py:190} INFO - [2025-03-01T01:07:54.985+0000] {dag.py:4180} INFO - Setting next_dagrun for dataset_s3_bucket_producer_with_no_taskflow to None, run_after=None
[2025-03-01T01:07:55.001+0000] {processor.py:208} INFO - Processing /home/airflow/.local/lib/python3.12/site-packages/airflow/example_dags/example_dataset_alias_with_no_taskflow.py took 0.618 seconds
[2025-03-01T01:08:25.645+0000] {processor.py:186} INFO - Started process (PID=986) to work on /home/airflow/.local/lib/python3.12/site-packages/airflow/example_dags/example_dataset_alias_with_no_taskflow.py
[2025-03-01T01:08:25.646+0000] {processor.py:914} INFO - Processing file /home/airflow/.local/lib/python3.12/site-packages/airflow/example_dags/example_dataset_alias_with_no_taskflow.py for tasks to queue
[2025-03-01T01:08:25.648+0000] {logging_mixin.py:190} INFO - [2025-03-01T01:08:25.648+0000] {dagbag.py:588} INFO - Filling up the DagBag from /home/airflow/.local/lib/python3.12/site-packages/airflow/example_dags/example_dataset_alias_with_no_taskflow.py
[2025-03-01T01:08:26.230+0000] {processor.py:925} INFO - DAG(s) 'dataset_s3_bucket_producer_with_no_taskflow', 'dataset_alias_example_alias_producer_with_no_taskflow', 'dataset_alias_example_alias_consumer_with_no_taskflow', 'dataset_s3_bucket_consumer_with_no_taskflow' retrieved from /home/airflow/.local/lib/python3.12/site-packages/airflow/example_dags/example_dataset_alias_with_no_taskflow.py
[2025-03-01T01:08:26.253+0000] {logging_mixin.py:190} INFO - [2025-03-01T01:08:26.252+0000] {dag.py:3239} INFO - Sync 4 DAGs
[2025-03-01T01:08:26.273+0000] {logging_mixin.py:190} INFO - [2025-03-01T01:08:26.273+0000] {dag.py:4180} INFO - Setting next_dagrun for dataset_alias_example_alias_consumer_with_no_taskflow to None, run_after=None
[2025-03-01T01:08:26.275+0000] {logging_mixin.py:190} INFO - [2025-03-01T01:08:26.274+0000] {dag.py:4180} INFO - Setting next_dagrun for dataset_alias_example_alias_producer_with_no_taskflow to None, run_after=None
[2025-03-01T01:08:26.276+0000] {logging_mixin.py:190} INFO - [2025-03-01T01:08:26.276+0000] {dag.py:4180} INFO - Setting next_dagrun for dataset_s3_bucket_consumer_with_no_taskflow to None, run_after=None
[2025-03-01T01:08:26.277+0000] {logging_mixin.py:190} INFO - [2025-03-01T01:08:26.276+0000] {dag.py:4180} INFO - Setting next_dagrun for dataset_s3_bucket_producer_with_no_taskflow to None, run_after=None
[2025-03-01T01:08:26.292+0000] {processor.py:208} INFO - Processing /home/airflow/.local/lib/python3.12/site-packages/airflow/example_dags/example_dataset_alias_with_no_taskflow.py took 0.653 seconds
[2025-03-01T01:08:56.920+0000] {processor.py:186} INFO - Started process (PID=1048) to work on /home/airflow/.local/lib/python3.12/site-packages/airflow/example_dags/example_dataset_alias_with_no_taskflow.py
[2025-03-01T01:08:56.921+0000] {processor.py:914} INFO - Processing file /home/airflow/.local/lib/python3.12/site-packages/airflow/example_dags/example_dataset_alias_with_no_taskflow.py for tasks to queue
[2025-03-01T01:08:56.922+0000] {logging_mixin.py:190} INFO - [2025-03-01T01:08:56.922+0000] {dagbag.py:588} INFO - Filling up the DagBag from /home/airflow/.local/lib/python3.12/site-packages/airflow/example_dags/example_dataset_alias_with_no_taskflow.py
[2025-03-01T01:08:57.420+0000] {processor.py:925} INFO - DAG(s) 'dataset_alias_example_alias_consumer_with_no_taskflow', 'dataset_alias_example_alias_producer_with_no_taskflow', 'dataset_s3_bucket_producer_with_no_taskflow', 'dataset_s3_bucket_consumer_with_no_taskflow' retrieved from /home/airflow/.local/lib/python3.12/site-packages/airflow/example_dags/example_dataset_alias_with_no_taskflow.py
[2025-03-01T01:08:57.437+0000] {logging_mixin.py:190} INFO - [2025-03-01T01:08:57.437+0000] {dag.py:3239} INFO - Sync 4 DAGs
[2025-03-01T01:08:57.456+0000] {logging_mixin.py:190} INFO - [2025-03-01T01:08:57.456+0000] {dag.py:4180} INFO - Setting next_dagrun for dataset_alias_example_alias_consumer_with_no_taskflow to None, run_after=None
[2025-03-01T01:08:57.458+0000] {logging_mixin.py:190} INFO - [2025-03-01T01:08:57.458+0000] {dag.py:4180} INFO - Setting next_dagrun for dataset_alias_example_alias_producer_with_no_taskflow to None, run_after=None
[2025-03-01T01:08:57.459+0000] {logging_mixin.py:190} INFO - [2025-03-01T01:08:57.459+0000] {dag.py:4180} INFO - Setting next_dagrun for dataset_s3_bucket_consumer_with_no_taskflow to None, run_after=None
[2025-03-01T01:08:57.460+0000] {logging_mixin.py:190} INFO - [2025-03-01T01:08:57.460+0000] {dag.py:4180} INFO - Setting next_dagrun for dataset_s3_bucket_producer_with_no_taskflow to None, run_after=None
[2025-03-01T01:08:57.476+0000] {processor.py:208} INFO - Processing /home/airflow/.local/lib/python3.12/site-packages/airflow/example_dags/example_dataset_alias_with_no_taskflow.py took 0.560 seconds
[2025-03-01T01:09:28.280+0000] {processor.py:186} INFO - Started process (PID=1111) to work on /home/airflow/.local/lib/python3.12/site-packages/airflow/example_dags/example_dataset_alias_with_no_taskflow.py
[2025-03-01T01:09:28.281+0000] {processor.py:914} INFO - Processing file /home/airflow/.local/lib/python3.12/site-packages/airflow/example_dags/example_dataset_alias_with_no_taskflow.py for tasks to queue
[2025-03-01T01:09:28.283+0000] {logging_mixin.py:190} INFO - [2025-03-01T01:09:28.282+0000] {dagbag.py:588} INFO - Filling up the DagBag from /home/airflow/.local/lib/python3.12/site-packages/airflow/example_dags/example_dataset_alias_with_no_taskflow.py
[2025-03-01T01:09:28.783+0000] {processor.py:925} INFO - DAG(s) 'dataset_alias_example_alias_producer_with_no_taskflow', 'dataset_s3_bucket_consumer_with_no_taskflow', 'dataset_s3_bucket_producer_with_no_taskflow', 'dataset_alias_example_alias_consumer_with_no_taskflow' retrieved from /home/airflow/.local/lib/python3.12/site-packages/airflow/example_dags/example_dataset_alias_with_no_taskflow.py
[2025-03-01T01:09:28.804+0000] {logging_mixin.py:190} INFO - [2025-03-01T01:09:28.803+0000] {dag.py:3239} INFO - Sync 4 DAGs
[2025-03-01T01:09:28.829+0000] {logging_mixin.py:190} INFO - [2025-03-01T01:09:28.829+0000] {dag.py:4180} INFO - Setting next_dagrun for dataset_alias_example_alias_consumer_with_no_taskflow to None, run_after=None
[2025-03-01T01:09:28.831+0000] {logging_mixin.py:190} INFO - [2025-03-01T01:09:28.831+0000] {dag.py:4180} INFO - Setting next_dagrun for dataset_alias_example_alias_producer_with_no_taskflow to None, run_after=None
[2025-03-01T01:09:28.833+0000] {logging_mixin.py:190} INFO - [2025-03-01T01:09:28.833+0000] {dag.py:4180} INFO - Setting next_dagrun for dataset_s3_bucket_consumer_with_no_taskflow to None, run_after=None
[2025-03-01T01:09:28.834+0000] {logging_mixin.py:190} INFO - [2025-03-01T01:09:28.834+0000] {dag.py:4180} INFO - Setting next_dagrun for dataset_s3_bucket_producer_with_no_taskflow to None, run_after=None
[2025-03-01T01:09:28.851+0000] {processor.py:208} INFO - Processing /home/airflow/.local/lib/python3.12/site-packages/airflow/example_dags/example_dataset_alias_with_no_taskflow.py took 0.575 seconds
[2025-03-01T01:09:59.572+0000] {processor.py:186} INFO - Started process (PID=1174) to work on /home/airflow/.local/lib/python3.12/site-packages/airflow/example_dags/example_dataset_alias_with_no_taskflow.py
[2025-03-01T01:09:59.573+0000] {processor.py:914} INFO - Processing file /home/airflow/.local/lib/python3.12/site-packages/airflow/example_dags/example_dataset_alias_with_no_taskflow.py for tasks to queue
[2025-03-01T01:09:59.575+0000] {logging_mixin.py:190} INFO - [2025-03-01T01:09:59.574+0000] {dagbag.py:588} INFO - Filling up the DagBag from /home/airflow/.local/lib/python3.12/site-packages/airflow/example_dags/example_dataset_alias_with_no_taskflow.py
[2025-03-01T01:10:00.077+0000] {processor.py:925} INFO - DAG(s) 'dataset_s3_bucket_consumer_with_no_taskflow', 'dataset_s3_bucket_producer_with_no_taskflow', 'dataset_alias_example_alias_consumer_with_no_taskflow', 'dataset_alias_example_alias_producer_with_no_taskflow' retrieved from /home/airflow/.local/lib/python3.12/site-packages/airflow/example_dags/example_dataset_alias_with_no_taskflow.py
[2025-03-01T01:10:00.098+0000] {logging_mixin.py:190} INFO - [2025-03-01T01:10:00.097+0000] {dag.py:3239} INFO - Sync 4 DAGs
[2025-03-01T01:10:00.122+0000] {logging_mixin.py:190} INFO - [2025-03-01T01:10:00.122+0000] {dag.py:4180} INFO - Setting next_dagrun for dataset_alias_example_alias_consumer_with_no_taskflow to None, run_after=None
[2025-03-01T01:10:00.125+0000] {logging_mixin.py:190} INFO - [2025-03-01T01:10:00.125+0000] {dag.py:4180} INFO - Setting next_dagrun for dataset_alias_example_alias_producer_with_no_taskflow to None, run_after=None
[2025-03-01T01:10:00.126+0000] {logging_mixin.py:190} INFO - [2025-03-01T01:10:00.126+0000] {dag.py:4180} INFO - Setting next_dagrun for dataset_s3_bucket_consumer_with_no_taskflow to None, run_after=None
[2025-03-01T01:10:00.127+0000] {logging_mixin.py:190} INFO - [2025-03-01T01:10:00.127+0000] {dag.py:4180} INFO - Setting next_dagrun for dataset_s3_bucket_producer_with_no_taskflow to None, run_after=None
[2025-03-01T01:10:00.142+0000] {processor.py:208} INFO - Processing /home/airflow/.local/lib/python3.12/site-packages/airflow/example_dags/example_dataset_alias_with_no_taskflow.py took 0.574 seconds
[2025-03-01T01:10:30.910+0000] {processor.py:186} INFO - Started process (PID=1237) to work on /home/airflow/.local/lib/python3.12/site-packages/airflow/example_dags/example_dataset_alias_with_no_taskflow.py
[2025-03-01T01:10:30.911+0000] {processor.py:914} INFO - Processing file /home/airflow/.local/lib/python3.12/site-packages/airflow/example_dags/example_dataset_alias_with_no_taskflow.py for tasks to queue
[2025-03-01T01:10:30.912+0000] {logging_mixin.py:190} INFO - [2025-03-01T01:10:30.912+0000] {dagbag.py:588} INFO - Filling up the DagBag from /home/airflow/.local/lib/python3.12/site-packages/airflow/example_dags/example_dataset_alias_with_no_taskflow.py
[2025-03-01T01:10:31.415+0000] {processor.py:925} INFO - DAG(s) 'dataset_s3_bucket_producer_with_no_taskflow', 'dataset_alias_example_alias_producer_with_no_taskflow', 'dataset_s3_bucket_consumer_with_no_taskflow', 'dataset_alias_example_alias_consumer_with_no_taskflow' retrieved from /home/airflow/.local/lib/python3.12/site-packages/airflow/example_dags/example_dataset_alias_with_no_taskflow.py
[2025-03-01T01:10:31.435+0000] {logging_mixin.py:190} INFO - [2025-03-01T01:10:31.435+0000] {dag.py:3239} INFO - Sync 4 DAGs
[2025-03-01T01:10:31.459+0000] {logging_mixin.py:190} INFO - [2025-03-01T01:10:31.459+0000] {dag.py:4180} INFO - Setting next_dagrun for dataset_alias_example_alias_consumer_with_no_taskflow to None, run_after=None
[2025-03-01T01:10:31.461+0000] {logging_mixin.py:190} INFO - [2025-03-01T01:10:31.461+0000] {dag.py:4180} INFO - Setting next_dagrun for dataset_alias_example_alias_producer_with_no_taskflow to None, run_after=None
[2025-03-01T01:10:31.464+0000] {logging_mixin.py:190} INFO - [2025-03-01T01:10:31.464+0000] {dag.py:4180} INFO - Setting next_dagrun for dataset_s3_bucket_consumer_with_no_taskflow to None, run_after=None
[2025-03-01T01:10:31.465+0000] {logging_mixin.py:190} INFO - [2025-03-01T01:10:31.465+0000] {dag.py:4180} INFO - Setting next_dagrun for dataset_s3_bucket_producer_with_no_taskflow to None, run_after=None
[2025-03-01T01:10:31.482+0000] {processor.py:208} INFO - Processing /home/airflow/.local/lib/python3.12/site-packages/airflow/example_dags/example_dataset_alias_with_no_taskflow.py took 0.577 seconds
