[2025-03-01T01:01:03.878+0000] {processor.py:186} INFO - Started process (PID=75) to work on /home/airflow/.local/lib/python3.12/site-packages/airflow/example_dags/example_external_task_marker_dag.py
[2025-03-01T01:01:03.878+0000] {processor.py:914} INFO - Processing file /home/airflow/.local/lib/python3.12/site-packages/airflow/example_dags/example_external_task_marker_dag.py for tasks to queue
[2025-03-01T01:01:03.881+0000] {logging_mixin.py:190} INFO - [2025-03-01T01:01:03.880+0000] {dagbag.py:588} INFO - Filling up the DagBag from /home/airflow/.local/lib/python3.12/site-packages/airflow/example_dags/example_external_task_marker_dag.py
[2025-03-01T01:01:03.895+0000] {processor.py:925} INFO - DAG(s) 'example_external_task_marker_child', 'example_external_task_marker_parent' retrieved from /home/airflow/.local/lib/python3.12/site-packages/airflow/example_dags/example_external_task_marker_dag.py
[2025-03-01T01:01:04.048+0000] {logging_mixin.py:190} INFO - [2025-03-01T01:01:04.048+0000] {override.py:1911} INFO - Created Permission View: can edit on DAG:example_external_task_marker_child
[2025-03-01T01:01:04.067+0000] {logging_mixin.py:190} INFO - [2025-03-01T01:01:04.066+0000] {override.py:1911} INFO - Created Permission View: can read on DAG:example_external_task_marker_child
[2025-03-01T01:01:04.077+0000] {logging_mixin.py:190} INFO - [2025-03-01T01:01:04.077+0000] {override.py:1911} INFO - Created Permission View: can delete on DAG:example_external_task_marker_child
[2025-03-01T01:01:04.082+0000] {logging_mixin.py:190} INFO - [2025-03-01T01:01:04.082+0000] {override.py:1911} INFO - Created Permission View: menu access on DAG Run:example_external_task_marker_child
[2025-03-01T01:01:04.087+0000] {logging_mixin.py:190} INFO - [2025-03-01T01:01:04.087+0000] {override.py:1911} INFO - Created Permission View: can delete on DAG Run:example_external_task_marker_child
[2025-03-01T01:01:04.092+0000] {logging_mixin.py:190} INFO - [2025-03-01T01:01:04.092+0000] {override.py:1911} INFO - Created Permission View: can create on DAG Run:example_external_task_marker_child
[2025-03-01T01:01:04.097+0000] {logging_mixin.py:190} INFO - [2025-03-01T01:01:04.097+0000] {override.py:1911} INFO - Created Permission View: can read on DAG Run:example_external_task_marker_child
[2025-03-01T01:01:04.106+0000] {logging_mixin.py:190} INFO - [2025-03-01T01:01:04.106+0000] {override.py:1911} INFO - Created Permission View: can edit on DAG:example_external_task_marker_parent
[2025-03-01T01:01:04.111+0000] {logging_mixin.py:190} INFO - [2025-03-01T01:01:04.111+0000] {override.py:1911} INFO - Created Permission View: can read on DAG:example_external_task_marker_parent
[2025-03-01T01:01:04.116+0000] {logging_mixin.py:190} INFO - [2025-03-01T01:01:04.116+0000] {override.py:1911} INFO - Created Permission View: can delete on DAG:example_external_task_marker_parent
[2025-03-01T01:01:04.121+0000] {logging_mixin.py:190} INFO - [2025-03-01T01:01:04.121+0000] {override.py:1911} INFO - Created Permission View: menu access on DAG Run:example_external_task_marker_parent
[2025-03-01T01:01:04.126+0000] {logging_mixin.py:190} INFO - [2025-03-01T01:01:04.125+0000] {override.py:1911} INFO - Created Permission View: can delete on DAG Run:example_external_task_marker_parent
[2025-03-01T01:01:04.130+0000] {logging_mixin.py:190} INFO - [2025-03-01T01:01:04.130+0000] {override.py:1911} INFO - Created Permission View: can create on DAG Run:example_external_task_marker_parent
[2025-03-01T01:01:04.136+0000] {logging_mixin.py:190} INFO - [2025-03-01T01:01:04.136+0000] {override.py:1911} INFO - Created Permission View: can read on DAG Run:example_external_task_marker_parent
[2025-03-01T01:01:04.137+0000] {logging_mixin.py:190} INFO - [2025-03-01T01:01:04.136+0000] {dag.py:3239} INFO - Sync 2 DAGs
[2025-03-01T01:01:04.150+0000] {logging_mixin.py:190} INFO - [2025-03-01T01:01:04.150+0000] {dag.py:3262} INFO - Creating ORM DAG for example_external_task_marker_parent
[2025-03-01T01:01:04.151+0000] {logging_mixin.py:190} INFO - [2025-03-01T01:01:04.150+0000] {dag.py:3262} INFO - Creating ORM DAG for example_external_task_marker_child
[2025-03-01T01:01:04.151+0000] {logging_mixin.py:190} INFO - [2025-03-01T01:01:04.151+0000] {dag.py:4180} INFO - Setting next_dagrun for example_external_task_marker_child to None, run_after=None
[2025-03-01T01:01:04.152+0000] {logging_mixin.py:190} INFO - [2025-03-01T01:01:04.152+0000] {dag.py:4180} INFO - Setting next_dagrun for example_external_task_marker_parent to None, run_after=None
[2025-03-01T01:01:04.167+0000] {processor.py:208} INFO - Processing /home/airflow/.local/lib/python3.12/site-packages/airflow/example_dags/example_external_task_marker_dag.py took 0.297 seconds
[2025-03-01T01:01:34.316+0000] {processor.py:186} INFO - Started process (PID=137) to work on /home/airflow/.local/lib/python3.12/site-packages/airflow/example_dags/example_external_task_marker_dag.py
[2025-03-01T01:01:34.317+0000] {processor.py:914} INFO - Processing file /home/airflow/.local/lib/python3.12/site-packages/airflow/example_dags/example_external_task_marker_dag.py for tasks to queue
[2025-03-01T01:01:34.318+0000] {logging_mixin.py:190} INFO - [2025-03-01T01:01:34.318+0000] {dagbag.py:588} INFO - Filling up the DagBag from /home/airflow/.local/lib/python3.12/site-packages/airflow/example_dags/example_external_task_marker_dag.py
[2025-03-01T01:01:34.325+0000] {processor.py:925} INFO - DAG(s) 'example_external_task_marker_parent', 'example_external_task_marker_child' retrieved from /home/airflow/.local/lib/python3.12/site-packages/airflow/example_dags/example_external_task_marker_dag.py
[2025-03-01T01:01:34.347+0000] {logging_mixin.py:190} INFO - [2025-03-01T01:01:34.347+0000] {dag.py:3239} INFO - Sync 2 DAGs
[2025-03-01T01:01:34.363+0000] {logging_mixin.py:190} INFO - [2025-03-01T01:01:34.363+0000] {dag.py:4180} INFO - Setting next_dagrun for example_external_task_marker_child to None, run_after=None
[2025-03-01T01:01:34.367+0000] {logging_mixin.py:190} INFO - [2025-03-01T01:01:34.367+0000] {dag.py:4180} INFO - Setting next_dagrun for example_external_task_marker_parent to None, run_after=None
[2025-03-01T01:01:34.380+0000] {processor.py:208} INFO - Processing /home/airflow/.local/lib/python3.12/site-packages/airflow/example_dags/example_external_task_marker_dag.py took 0.069 seconds
[2025-03-01T01:02:05.036+0000] {processor.py:186} INFO - Started process (PID=201) to work on /home/airflow/.local/lib/python3.12/site-packages/airflow/example_dags/example_external_task_marker_dag.py
[2025-03-01T01:02:05.036+0000] {processor.py:914} INFO - Processing file /home/airflow/.local/lib/python3.12/site-packages/airflow/example_dags/example_external_task_marker_dag.py for tasks to queue
[2025-03-01T01:02:05.038+0000] {logging_mixin.py:190} INFO - [2025-03-01T01:02:05.037+0000] {dagbag.py:588} INFO - Filling up the DagBag from /home/airflow/.local/lib/python3.12/site-packages/airflow/example_dags/example_external_task_marker_dag.py
[2025-03-01T01:02:05.044+0000] {processor.py:925} INFO - DAG(s) 'example_external_task_marker_child', 'example_external_task_marker_parent' retrieved from /home/airflow/.local/lib/python3.12/site-packages/airflow/example_dags/example_external_task_marker_dag.py
[2025-03-01T01:02:05.062+0000] {logging_mixin.py:190} INFO - [2025-03-01T01:02:05.061+0000] {dag.py:3239} INFO - Sync 2 DAGs
[2025-03-01T01:02:05.075+0000] {logging_mixin.py:190} INFO - [2025-03-01T01:02:05.075+0000] {dag.py:4180} INFO - Setting next_dagrun for example_external_task_marker_child to None, run_after=None
[2025-03-01T01:02:05.078+0000] {logging_mixin.py:190} INFO - [2025-03-01T01:02:05.078+0000] {dag.py:4180} INFO - Setting next_dagrun for example_external_task_marker_parent to None, run_after=None
[2025-03-01T01:02:05.091+0000] {processor.py:208} INFO - Processing /home/airflow/.local/lib/python3.12/site-packages/airflow/example_dags/example_external_task_marker_dag.py took 0.060 seconds
[2025-03-01T01:02:35.310+0000] {processor.py:186} INFO - Started process (PID=263) to work on /home/airflow/.local/lib/python3.12/site-packages/airflow/example_dags/example_external_task_marker_dag.py
[2025-03-01T01:02:35.310+0000] {processor.py:914} INFO - Processing file /home/airflow/.local/lib/python3.12/site-packages/airflow/example_dags/example_external_task_marker_dag.py for tasks to queue
[2025-03-01T01:02:35.312+0000] {logging_mixin.py:190} INFO - [2025-03-01T01:02:35.312+0000] {dagbag.py:588} INFO - Filling up the DagBag from /home/airflow/.local/lib/python3.12/site-packages/airflow/example_dags/example_external_task_marker_dag.py
[2025-03-01T01:02:35.318+0000] {processor.py:925} INFO - DAG(s) 'example_external_task_marker_child', 'example_external_task_marker_parent' retrieved from /home/airflow/.local/lib/python3.12/site-packages/airflow/example_dags/example_external_task_marker_dag.py
[2025-03-01T01:02:35.335+0000] {logging_mixin.py:190} INFO - [2025-03-01T01:02:35.334+0000] {dag.py:3239} INFO - Sync 2 DAGs
[2025-03-01T01:02:35.346+0000] {logging_mixin.py:190} INFO - [2025-03-01T01:02:35.346+0000] {dag.py:4180} INFO - Setting next_dagrun for example_external_task_marker_child to None, run_after=None
[2025-03-01T01:02:35.349+0000] {logging_mixin.py:190} INFO - [2025-03-01T01:02:35.349+0000] {dag.py:4180} INFO - Setting next_dagrun for example_external_task_marker_parent to None, run_after=None
[2025-03-01T01:02:35.360+0000] {processor.py:208} INFO - Processing /home/airflow/.local/lib/python3.12/site-packages/airflow/example_dags/example_external_task_marker_dag.py took 0.054 seconds
[2025-03-01T01:03:05.991+0000] {processor.py:186} INFO - Started process (PID=326) to work on /home/airflow/.local/lib/python3.12/site-packages/airflow/example_dags/example_external_task_marker_dag.py
[2025-03-01T01:03:05.992+0000] {processor.py:914} INFO - Processing file /home/airflow/.local/lib/python3.12/site-packages/airflow/example_dags/example_external_task_marker_dag.py for tasks to queue
[2025-03-01T01:03:05.994+0000] {logging_mixin.py:190} INFO - [2025-03-01T01:03:05.994+0000] {dagbag.py:588} INFO - Filling up the DagBag from /home/airflow/.local/lib/python3.12/site-packages/airflow/example_dags/example_external_task_marker_dag.py
[2025-03-01T01:03:06.002+0000] {processor.py:925} INFO - DAG(s) 'example_external_task_marker_child', 'example_external_task_marker_parent' retrieved from /home/airflow/.local/lib/python3.12/site-packages/airflow/example_dags/example_external_task_marker_dag.py
[2025-03-01T01:03:06.034+0000] {logging_mixin.py:190} INFO - [2025-03-01T01:03:06.034+0000] {dag.py:3239} INFO - Sync 2 DAGs
[2025-03-01T01:03:06.051+0000] {logging_mixin.py:190} INFO - [2025-03-01T01:03:06.051+0000] {dag.py:4180} INFO - Setting next_dagrun for example_external_task_marker_child to None, run_after=None
[2025-03-01T01:03:06.055+0000] {logging_mixin.py:190} INFO - [2025-03-01T01:03:06.055+0000] {dag.py:4180} INFO - Setting next_dagrun for example_external_task_marker_parent to None, run_after=None
[2025-03-01T01:03:06.070+0000] {processor.py:208} INFO - Processing /home/airflow/.local/lib/python3.12/site-packages/airflow/example_dags/example_external_task_marker_dag.py took 0.087 seconds
[2025-03-01T01:03:36.645+0000] {processor.py:186} INFO - Started process (PID=389) to work on /home/airflow/.local/lib/python3.12/site-packages/airflow/example_dags/example_external_task_marker_dag.py
[2025-03-01T01:03:36.646+0000] {processor.py:914} INFO - Processing file /home/airflow/.local/lib/python3.12/site-packages/airflow/example_dags/example_external_task_marker_dag.py for tasks to queue
[2025-03-01T01:03:36.647+0000] {logging_mixin.py:190} INFO - [2025-03-01T01:03:36.647+0000] {dagbag.py:588} INFO - Filling up the DagBag from /home/airflow/.local/lib/python3.12/site-packages/airflow/example_dags/example_external_task_marker_dag.py
[2025-03-01T01:03:36.654+0000] {processor.py:925} INFO - DAG(s) 'example_external_task_marker_parent', 'example_external_task_marker_child' retrieved from /home/airflow/.local/lib/python3.12/site-packages/airflow/example_dags/example_external_task_marker_dag.py
[2025-03-01T01:03:36.672+0000] {logging_mixin.py:190} INFO - [2025-03-01T01:03:36.672+0000] {dag.py:3239} INFO - Sync 2 DAGs
[2025-03-01T01:03:36.684+0000] {logging_mixin.py:190} INFO - [2025-03-01T01:03:36.684+0000] {dag.py:4180} INFO - Setting next_dagrun for example_external_task_marker_child to None, run_after=None
[2025-03-01T01:03:36.687+0000] {logging_mixin.py:190} INFO - [2025-03-01T01:03:36.687+0000] {dag.py:4180} INFO - Setting next_dagrun for example_external_task_marker_parent to None, run_after=None
[2025-03-01T01:03:36.699+0000] {processor.py:208} INFO - Processing /home/airflow/.local/lib/python3.12/site-packages/airflow/example_dags/example_external_task_marker_dag.py took 0.059 seconds
[2025-03-01T01:04:06.853+0000] {processor.py:186} INFO - Started process (PID=452) to work on /home/airflow/.local/lib/python3.12/site-packages/airflow/example_dags/example_external_task_marker_dag.py
[2025-03-01T01:04:06.854+0000] {processor.py:914} INFO - Processing file /home/airflow/.local/lib/python3.12/site-packages/airflow/example_dags/example_external_task_marker_dag.py for tasks to queue
[2025-03-01T01:04:06.856+0000] {logging_mixin.py:190} INFO - [2025-03-01T01:04:06.856+0000] {dagbag.py:588} INFO - Filling up the DagBag from /home/airflow/.local/lib/python3.12/site-packages/airflow/example_dags/example_external_task_marker_dag.py
[2025-03-01T01:04:06.863+0000] {processor.py:925} INFO - DAG(s) 'example_external_task_marker_parent', 'example_external_task_marker_child' retrieved from /home/airflow/.local/lib/python3.12/site-packages/airflow/example_dags/example_external_task_marker_dag.py
[2025-03-01T01:04:06.880+0000] {logging_mixin.py:190} INFO - [2025-03-01T01:04:06.880+0000] {dag.py:3239} INFO - Sync 2 DAGs
[2025-03-01T01:04:06.892+0000] {logging_mixin.py:190} INFO - [2025-03-01T01:04:06.892+0000] {dag.py:4180} INFO - Setting next_dagrun for example_external_task_marker_child to None, run_after=None
[2025-03-01T01:04:06.895+0000] {logging_mixin.py:190} INFO - [2025-03-01T01:04:06.895+0000] {dag.py:4180} INFO - Setting next_dagrun for example_external_task_marker_parent to None, run_after=None
[2025-03-01T01:04:06.907+0000] {processor.py:208} INFO - Processing /home/airflow/.local/lib/python3.12/site-packages/airflow/example_dags/example_external_task_marker_dag.py took 0.058 seconds
[2025-03-01T01:04:37.465+0000] {processor.py:186} INFO - Started process (PID=515) to work on /home/airflow/.local/lib/python3.12/site-packages/airflow/example_dags/example_external_task_marker_dag.py
[2025-03-01T01:04:37.465+0000] {processor.py:914} INFO - Processing file /home/airflow/.local/lib/python3.12/site-packages/airflow/example_dags/example_external_task_marker_dag.py for tasks to queue
[2025-03-01T01:04:37.467+0000] {logging_mixin.py:190} INFO - [2025-03-01T01:04:37.467+0000] {dagbag.py:588} INFO - Filling up the DagBag from /home/airflow/.local/lib/python3.12/site-packages/airflow/example_dags/example_external_task_marker_dag.py
[2025-03-01T01:04:37.474+0000] {processor.py:925} INFO - DAG(s) 'example_external_task_marker_parent', 'example_external_task_marker_child' retrieved from /home/airflow/.local/lib/python3.12/site-packages/airflow/example_dags/example_external_task_marker_dag.py
[2025-03-01T01:04:37.491+0000] {logging_mixin.py:190} INFO - [2025-03-01T01:04:37.491+0000] {dag.py:3239} INFO - Sync 2 DAGs
[2025-03-01T01:04:37.502+0000] {logging_mixin.py:190} INFO - [2025-03-01T01:04:37.502+0000] {dag.py:4180} INFO - Setting next_dagrun for example_external_task_marker_child to None, run_after=None
[2025-03-01T01:04:37.505+0000] {logging_mixin.py:190} INFO - [2025-03-01T01:04:37.505+0000] {dag.py:4180} INFO - Setting next_dagrun for example_external_task_marker_parent to None, run_after=None
[2025-03-01T01:04:37.517+0000] {processor.py:208} INFO - Processing /home/airflow/.local/lib/python3.12/site-packages/airflow/example_dags/example_external_task_marker_dag.py took 0.057 seconds
[2025-03-01T01:05:07.625+0000] {processor.py:186} INFO - Started process (PID=578) to work on /home/airflow/.local/lib/python3.12/site-packages/airflow/example_dags/example_external_task_marker_dag.py
[2025-03-01T01:05:07.626+0000] {processor.py:914} INFO - Processing file /home/airflow/.local/lib/python3.12/site-packages/airflow/example_dags/example_external_task_marker_dag.py for tasks to queue
[2025-03-01T01:05:07.627+0000] {logging_mixin.py:190} INFO - [2025-03-01T01:05:07.627+0000] {dagbag.py:588} INFO - Filling up the DagBag from /home/airflow/.local/lib/python3.12/site-packages/airflow/example_dags/example_external_task_marker_dag.py
[2025-03-01T01:05:07.634+0000] {processor.py:925} INFO - DAG(s) 'example_external_task_marker_parent', 'example_external_task_marker_child' retrieved from /home/airflow/.local/lib/python3.12/site-packages/airflow/example_dags/example_external_task_marker_dag.py
[2025-03-01T01:05:07.654+0000] {logging_mixin.py:190} INFO - [2025-03-01T01:05:07.654+0000] {dag.py:3239} INFO - Sync 2 DAGs
[2025-03-01T01:05:07.669+0000] {logging_mixin.py:190} INFO - [2025-03-01T01:05:07.669+0000] {dag.py:4180} INFO - Setting next_dagrun for example_external_task_marker_child to None, run_after=None
[2025-03-01T01:05:07.673+0000] {logging_mixin.py:190} INFO - [2025-03-01T01:05:07.673+0000] {dag.py:4180} INFO - Setting next_dagrun for example_external_task_marker_parent to None, run_after=None
[2025-03-01T01:05:07.685+0000] {processor.py:208} INFO - Processing /home/airflow/.local/lib/python3.12/site-packages/airflow/example_dags/example_external_task_marker_dag.py took 0.065 seconds
[2025-03-01T01:05:38.233+0000] {processor.py:186} INFO - Started process (PID=641) to work on /home/airflow/.local/lib/python3.12/site-packages/airflow/example_dags/example_external_task_marker_dag.py
[2025-03-01T01:05:38.233+0000] {processor.py:914} INFO - Processing file /home/airflow/.local/lib/python3.12/site-packages/airflow/example_dags/example_external_task_marker_dag.py for tasks to queue
[2025-03-01T01:05:38.235+0000] {logging_mixin.py:190} INFO - [2025-03-01T01:05:38.235+0000] {dagbag.py:588} INFO - Filling up the DagBag from /home/airflow/.local/lib/python3.12/site-packages/airflow/example_dags/example_external_task_marker_dag.py
[2025-03-01T01:05:38.241+0000] {processor.py:925} INFO - DAG(s) 'example_external_task_marker_child', 'example_external_task_marker_parent' retrieved from /home/airflow/.local/lib/python3.12/site-packages/airflow/example_dags/example_external_task_marker_dag.py
[2025-03-01T01:05:38.262+0000] {logging_mixin.py:190} INFO - [2025-03-01T01:05:38.262+0000] {dag.py:3239} INFO - Sync 2 DAGs
[2025-03-01T01:05:38.277+0000] {logging_mixin.py:190} INFO - [2025-03-01T01:05:38.277+0000] {dag.py:4180} INFO - Setting next_dagrun for example_external_task_marker_child to None, run_after=None
[2025-03-01T01:05:38.280+0000] {logging_mixin.py:190} INFO - [2025-03-01T01:05:38.280+0000] {dag.py:4180} INFO - Setting next_dagrun for example_external_task_marker_parent to None, run_after=None
[2025-03-01T01:05:38.294+0000] {processor.py:208} INFO - Processing /home/airflow/.local/lib/python3.12/site-packages/airflow/example_dags/example_external_task_marker_dag.py took 0.065 seconds
[2025-03-01T01:06:08.574+0000] {processor.py:186} INFO - Started process (PID=704) to work on /home/airflow/.local/lib/python3.12/site-packages/airflow/example_dags/example_external_task_marker_dag.py
[2025-03-01T01:06:08.575+0000] {processor.py:914} INFO - Processing file /home/airflow/.local/lib/python3.12/site-packages/airflow/example_dags/example_external_task_marker_dag.py for tasks to queue
[2025-03-01T01:06:08.577+0000] {logging_mixin.py:190} INFO - [2025-03-01T01:06:08.576+0000] {dagbag.py:588} INFO - Filling up the DagBag from /home/airflow/.local/lib/python3.12/site-packages/airflow/example_dags/example_external_task_marker_dag.py
[2025-03-01T01:06:08.583+0000] {processor.py:925} INFO - DAG(s) 'example_external_task_marker_parent', 'example_external_task_marker_child' retrieved from /home/airflow/.local/lib/python3.12/site-packages/airflow/example_dags/example_external_task_marker_dag.py
[2025-03-01T01:06:08.598+0000] {logging_mixin.py:190} INFO - [2025-03-01T01:06:08.598+0000] {dag.py:3239} INFO - Sync 2 DAGs
[2025-03-01T01:06:08.610+0000] {logging_mixin.py:190} INFO - [2025-03-01T01:06:08.609+0000] {dag.py:4180} INFO - Setting next_dagrun for example_external_task_marker_child to None, run_after=None
[2025-03-01T01:06:08.612+0000] {logging_mixin.py:190} INFO - [2025-03-01T01:06:08.612+0000] {dag.py:4180} INFO - Setting next_dagrun for example_external_task_marker_parent to None, run_after=None
[2025-03-01T01:06:08.622+0000] {processor.py:208} INFO - Processing /home/airflow/.local/lib/python3.12/site-packages/airflow/example_dags/example_external_task_marker_dag.py took 0.053 seconds
[2025-03-01T01:06:39.021+0000] {processor.py:186} INFO - Started process (PID=767) to work on /home/airflow/.local/lib/python3.12/site-packages/airflow/example_dags/example_external_task_marker_dag.py
[2025-03-01T01:06:39.022+0000] {processor.py:914} INFO - Processing file /home/airflow/.local/lib/python3.12/site-packages/airflow/example_dags/example_external_task_marker_dag.py for tasks to queue
[2025-03-01T01:06:39.024+0000] {logging_mixin.py:190} INFO - [2025-03-01T01:06:39.023+0000] {dagbag.py:588} INFO - Filling up the DagBag from /home/airflow/.local/lib/python3.12/site-packages/airflow/example_dags/example_external_task_marker_dag.py
[2025-03-01T01:06:39.030+0000] {processor.py:925} INFO - DAG(s) 'example_external_task_marker_child', 'example_external_task_marker_parent' retrieved from /home/airflow/.local/lib/python3.12/site-packages/airflow/example_dags/example_external_task_marker_dag.py
[2025-03-01T01:06:39.046+0000] {logging_mixin.py:190} INFO - [2025-03-01T01:06:39.046+0000] {dag.py:3239} INFO - Sync 2 DAGs
[2025-03-01T01:06:39.057+0000] {logging_mixin.py:190} INFO - [2025-03-01T01:06:39.057+0000] {dag.py:4180} INFO - Setting next_dagrun for example_external_task_marker_child to None, run_after=None
[2025-03-01T01:06:39.060+0000] {logging_mixin.py:190} INFO - [2025-03-01T01:06:39.060+0000] {dag.py:4180} INFO - Setting next_dagrun for example_external_task_marker_parent to None, run_after=None
[2025-03-01T01:06:39.070+0000] {processor.py:208} INFO - Processing /home/airflow/.local/lib/python3.12/site-packages/airflow/example_dags/example_external_task_marker_dag.py took 0.053 seconds
[2025-03-01T01:07:09.368+0000] {processor.py:186} INFO - Started process (PID=830) to work on /home/airflow/.local/lib/python3.12/site-packages/airflow/example_dags/example_external_task_marker_dag.py
[2025-03-01T01:07:09.368+0000] {processor.py:914} INFO - Processing file /home/airflow/.local/lib/python3.12/site-packages/airflow/example_dags/example_external_task_marker_dag.py for tasks to queue
[2025-03-01T01:07:09.370+0000] {logging_mixin.py:190} INFO - [2025-03-01T01:07:09.370+0000] {dagbag.py:588} INFO - Filling up the DagBag from /home/airflow/.local/lib/python3.12/site-packages/airflow/example_dags/example_external_task_marker_dag.py
[2025-03-01T01:07:09.376+0000] {processor.py:925} INFO - DAG(s) 'example_external_task_marker_child', 'example_external_task_marker_parent' retrieved from /home/airflow/.local/lib/python3.12/site-packages/airflow/example_dags/example_external_task_marker_dag.py
[2025-03-01T01:07:09.394+0000] {logging_mixin.py:190} INFO - [2025-03-01T01:07:09.394+0000] {dag.py:3239} INFO - Sync 2 DAGs
[2025-03-01T01:07:09.407+0000] {logging_mixin.py:190} INFO - [2025-03-01T01:07:09.407+0000] {dag.py:4180} INFO - Setting next_dagrun for example_external_task_marker_child to None, run_after=None
[2025-03-01T01:07:09.410+0000] {logging_mixin.py:190} INFO - [2025-03-01T01:07:09.409+0000] {dag.py:4180} INFO - Setting next_dagrun for example_external_task_marker_parent to None, run_after=None
[2025-03-01T01:07:09.421+0000] {processor.py:208} INFO - Processing /home/airflow/.local/lib/python3.12/site-packages/airflow/example_dags/example_external_task_marker_dag.py took 0.058 seconds
[2025-03-01T01:07:39.467+0000] {processor.py:186} INFO - Started process (PID=893) to work on /home/airflow/.local/lib/python3.12/site-packages/airflow/example_dags/example_external_task_marker_dag.py
[2025-03-01T01:07:39.468+0000] {processor.py:914} INFO - Processing file /home/airflow/.local/lib/python3.12/site-packages/airflow/example_dags/example_external_task_marker_dag.py for tasks to queue
[2025-03-01T01:07:39.470+0000] {logging_mixin.py:190} INFO - [2025-03-01T01:07:39.469+0000] {dagbag.py:588} INFO - Filling up the DagBag from /home/airflow/.local/lib/python3.12/site-packages/airflow/example_dags/example_external_task_marker_dag.py
[2025-03-01T01:07:39.477+0000] {processor.py:925} INFO - DAG(s) 'example_external_task_marker_child', 'example_external_task_marker_parent' retrieved from /home/airflow/.local/lib/python3.12/site-packages/airflow/example_dags/example_external_task_marker_dag.py
[2025-03-01T01:07:39.495+0000] {logging_mixin.py:190} INFO - [2025-03-01T01:07:39.495+0000] {dag.py:3239} INFO - Sync 2 DAGs
[2025-03-01T01:07:39.509+0000] {logging_mixin.py:190} INFO - [2025-03-01T01:07:39.509+0000] {dag.py:4180} INFO - Setting next_dagrun for example_external_task_marker_child to None, run_after=None
[2025-03-01T01:07:39.512+0000] {logging_mixin.py:190} INFO - [2025-03-01T01:07:39.512+0000] {dag.py:4180} INFO - Setting next_dagrun for example_external_task_marker_parent to None, run_after=None
[2025-03-01T01:07:39.525+0000] {processor.py:208} INFO - Processing /home/airflow/.local/lib/python3.12/site-packages/airflow/example_dags/example_external_task_marker_dag.py took 0.063 seconds
[2025-03-01T01:08:09.761+0000] {processor.py:186} INFO - Started process (PID=957) to work on /home/airflow/.local/lib/python3.12/site-packages/airflow/example_dags/example_external_task_marker_dag.py
[2025-03-01T01:08:09.761+0000] {processor.py:914} INFO - Processing file /home/airflow/.local/lib/python3.12/site-packages/airflow/example_dags/example_external_task_marker_dag.py for tasks to queue
[2025-03-01T01:08:09.763+0000] {logging_mixin.py:190} INFO - [2025-03-01T01:08:09.762+0000] {dagbag.py:588} INFO - Filling up the DagBag from /home/airflow/.local/lib/python3.12/site-packages/airflow/example_dags/example_external_task_marker_dag.py
[2025-03-01T01:08:09.769+0000] {processor.py:925} INFO - DAG(s) 'example_external_task_marker_child', 'example_external_task_marker_parent' retrieved from /home/airflow/.local/lib/python3.12/site-packages/airflow/example_dags/example_external_task_marker_dag.py
[2025-03-01T01:08:09.790+0000] {logging_mixin.py:190} INFO - [2025-03-01T01:08:09.789+0000] {dag.py:3239} INFO - Sync 2 DAGs
[2025-03-01T01:08:09.804+0000] {logging_mixin.py:190} INFO - [2025-03-01T01:08:09.804+0000] {dag.py:4180} INFO - Setting next_dagrun for example_external_task_marker_child to None, run_after=None
[2025-03-01T01:08:09.807+0000] {logging_mixin.py:190} INFO - [2025-03-01T01:08:09.807+0000] {dag.py:4180} INFO - Setting next_dagrun for example_external_task_marker_parent to None, run_after=None
[2025-03-01T01:08:09.820+0000] {processor.py:208} INFO - Processing /home/airflow/.local/lib/python3.12/site-packages/airflow/example_dags/example_external_task_marker_dag.py took 0.063 seconds
[2025-03-01T01:08:40.033+0000] {processor.py:186} INFO - Started process (PID=1019) to work on /home/airflow/.local/lib/python3.12/site-packages/airflow/example_dags/example_external_task_marker_dag.py
[2025-03-01T01:08:40.034+0000] {processor.py:914} INFO - Processing file /home/airflow/.local/lib/python3.12/site-packages/airflow/example_dags/example_external_task_marker_dag.py for tasks to queue
[2025-03-01T01:08:40.036+0000] {logging_mixin.py:190} INFO - [2025-03-01T01:08:40.035+0000] {dagbag.py:588} INFO - Filling up the DagBag from /home/airflow/.local/lib/python3.12/site-packages/airflow/example_dags/example_external_task_marker_dag.py
[2025-03-01T01:08:40.042+0000] {processor.py:925} INFO - DAG(s) 'example_external_task_marker_parent', 'example_external_task_marker_child' retrieved from /home/airflow/.local/lib/python3.12/site-packages/airflow/example_dags/example_external_task_marker_dag.py
[2025-03-01T01:08:40.061+0000] {logging_mixin.py:190} INFO - [2025-03-01T01:08:40.061+0000] {dag.py:3239} INFO - Sync 2 DAGs
[2025-03-01T01:08:40.075+0000] {logging_mixin.py:190} INFO - [2025-03-01T01:08:40.075+0000] {dag.py:4180} INFO - Setting next_dagrun for example_external_task_marker_child to None, run_after=None
[2025-03-01T01:08:40.078+0000] {logging_mixin.py:190} INFO - [2025-03-01T01:08:40.078+0000] {dag.py:4180} INFO - Setting next_dagrun for example_external_task_marker_parent to None, run_after=None
[2025-03-01T01:08:40.089+0000] {processor.py:208} INFO - Processing /home/airflow/.local/lib/python3.12/site-packages/airflow/example_dags/example_external_task_marker_dag.py took 0.060 seconds
[2025-03-01T01:09:10.287+0000] {processor.py:186} INFO - Started process (PID=1082) to work on /home/airflow/.local/lib/python3.12/site-packages/airflow/example_dags/example_external_task_marker_dag.py
[2025-03-01T01:09:10.288+0000] {processor.py:914} INFO - Processing file /home/airflow/.local/lib/python3.12/site-packages/airflow/example_dags/example_external_task_marker_dag.py for tasks to queue
[2025-03-01T01:09:10.290+0000] {logging_mixin.py:190} INFO - [2025-03-01T01:09:10.290+0000] {dagbag.py:588} INFO - Filling up the DagBag from /home/airflow/.local/lib/python3.12/site-packages/airflow/example_dags/example_external_task_marker_dag.py
[2025-03-01T01:09:10.297+0000] {processor.py:925} INFO - DAG(s) 'example_external_task_marker_child', 'example_external_task_marker_parent' retrieved from /home/airflow/.local/lib/python3.12/site-packages/airflow/example_dags/example_external_task_marker_dag.py
[2025-03-01T01:09:10.314+0000] {logging_mixin.py:190} INFO - [2025-03-01T01:09:10.314+0000] {dag.py:3239} INFO - Sync 2 DAGs
[2025-03-01T01:09:10.326+0000] {logging_mixin.py:190} INFO - [2025-03-01T01:09:10.326+0000] {dag.py:4180} INFO - Setting next_dagrun for example_external_task_marker_child to None, run_after=None
[2025-03-01T01:09:10.330+0000] {logging_mixin.py:190} INFO - [2025-03-01T01:09:10.329+0000] {dag.py:4180} INFO - Setting next_dagrun for example_external_task_marker_parent to None, run_after=None
[2025-03-01T01:09:10.342+0000] {processor.py:208} INFO - Processing /home/airflow/.local/lib/python3.12/site-packages/airflow/example_dags/example_external_task_marker_dag.py took 0.061 seconds
[2025-03-01T01:09:40.610+0000] {processor.py:186} INFO - Started process (PID=1145) to work on /home/airflow/.local/lib/python3.12/site-packages/airflow/example_dags/example_external_task_marker_dag.py
[2025-03-01T01:09:40.611+0000] {processor.py:914} INFO - Processing file /home/airflow/.local/lib/python3.12/site-packages/airflow/example_dags/example_external_task_marker_dag.py for tasks to queue
[2025-03-01T01:09:40.613+0000] {logging_mixin.py:190} INFO - [2025-03-01T01:09:40.613+0000] {dagbag.py:588} INFO - Filling up the DagBag from /home/airflow/.local/lib/python3.12/site-packages/airflow/example_dags/example_external_task_marker_dag.py
[2025-03-01T01:09:40.621+0000] {processor.py:925} INFO - DAG(s) 'example_external_task_marker_child', 'example_external_task_marker_parent' retrieved from /home/airflow/.local/lib/python3.12/site-packages/airflow/example_dags/example_external_task_marker_dag.py
[2025-03-01T01:09:40.645+0000] {logging_mixin.py:190} INFO - [2025-03-01T01:09:40.644+0000] {dag.py:3239} INFO - Sync 2 DAGs
[2025-03-01T01:09:40.660+0000] {logging_mixin.py:190} INFO - [2025-03-01T01:09:40.660+0000] {dag.py:4180} INFO - Setting next_dagrun for example_external_task_marker_child to None, run_after=None
[2025-03-01T01:09:40.664+0000] {logging_mixin.py:190} INFO - [2025-03-01T01:09:40.664+0000] {dag.py:4180} INFO - Setting next_dagrun for example_external_task_marker_parent to None, run_after=None
[2025-03-01T01:09:40.678+0000] {processor.py:208} INFO - Processing /home/airflow/.local/lib/python3.12/site-packages/airflow/example_dags/example_external_task_marker_dag.py took 0.073 seconds
[2025-03-01T01:10:10.849+0000] {processor.py:186} INFO - Started process (PID=1208) to work on /home/airflow/.local/lib/python3.12/site-packages/airflow/example_dags/example_external_task_marker_dag.py
[2025-03-01T01:10:10.850+0000] {processor.py:914} INFO - Processing file /home/airflow/.local/lib/python3.12/site-packages/airflow/example_dags/example_external_task_marker_dag.py for tasks to queue
[2025-03-01T01:10:10.851+0000] {logging_mixin.py:190} INFO - [2025-03-01T01:10:10.851+0000] {dagbag.py:588} INFO - Filling up the DagBag from /home/airflow/.local/lib/python3.12/site-packages/airflow/example_dags/example_external_task_marker_dag.py
[2025-03-01T01:10:10.858+0000] {processor.py:925} INFO - DAG(s) 'example_external_task_marker_parent', 'example_external_task_marker_child' retrieved from /home/airflow/.local/lib/python3.12/site-packages/airflow/example_dags/example_external_task_marker_dag.py
[2025-03-01T01:10:10.878+0000] {logging_mixin.py:190} INFO - [2025-03-01T01:10:10.877+0000] {dag.py:3239} INFO - Sync 2 DAGs
[2025-03-01T01:10:10.891+0000] {logging_mixin.py:190} INFO - [2025-03-01T01:10:10.890+0000] {dag.py:4180} INFO - Setting next_dagrun for example_external_task_marker_child to None, run_after=None
[2025-03-01T01:10:10.893+0000] {logging_mixin.py:190} INFO - [2025-03-01T01:10:10.893+0000] {dag.py:4180} INFO - Setting next_dagrun for example_external_task_marker_parent to None, run_after=None
[2025-03-01T01:10:10.904+0000] {processor.py:208} INFO - Processing /home/airflow/.local/lib/python3.12/site-packages/airflow/example_dags/example_external_task_marker_dag.py took 0.059 seconds
