[2025-03-01T01:01:08.236+0000] {processor.py:186} INFO - Started process (PID=94) to work on /home/airflow/.local/lib/python3.12/site-packages/airflow/example_dags/example_dag_decorator.py
[2025-03-01T01:01:08.237+0000] {processor.py:914} INFO - Processing file /home/airflow/.local/lib/python3.12/site-packages/airflow/example_dags/example_dag_decorator.py for tasks to queue
[2025-03-01T01:01:08.239+0000] {logging_mixin.py:190} INFO - [2025-03-01T01:01:08.238+0000] {dagbag.py:588} INFO - Filling up the DagBag from /home/airflow/.local/lib/python3.12/site-packages/airflow/example_dags/example_dag_decorator.py
[2025-03-01T01:01:08.252+0000] {processor.py:925} INFO - DAG(s) 'example_dag_decorator' retrieved from /home/airflow/.local/lib/python3.12/site-packages/airflow/example_dags/example_dag_decorator.py
[2025-03-01T01:01:08.374+0000] {logging_mixin.py:190} INFO - [2025-03-01T01:01:08.373+0000] {override.py:1911} INFO - Created Permission View: can edit on DAG:example_dag_decorator
[2025-03-01T01:01:08.383+0000] {logging_mixin.py:190} INFO - [2025-03-01T01:01:08.382+0000] {override.py:1911} INFO - Created Permission View: can read on DAG:example_dag_decorator
[2025-03-01T01:01:08.388+0000] {logging_mixin.py:190} INFO - [2025-03-01T01:01:08.387+0000] {override.py:1911} INFO - Created Permission View: can delete on DAG:example_dag_decorator
[2025-03-01T01:01:08.393+0000] {logging_mixin.py:190} INFO - [2025-03-01T01:01:08.393+0000] {override.py:1911} INFO - Created Permission View: menu access on DAG Run:example_dag_decorator
[2025-03-01T01:01:08.398+0000] {logging_mixin.py:190} INFO - [2025-03-01T01:01:08.397+0000] {override.py:1911} INFO - Created Permission View: can delete on DAG Run:example_dag_decorator
[2025-03-01T01:01:08.403+0000] {logging_mixin.py:190} INFO - [2025-03-01T01:01:08.402+0000] {override.py:1911} INFO - Created Permission View: can create on DAG Run:example_dag_decorator
[2025-03-01T01:01:08.408+0000] {logging_mixin.py:190} INFO - [2025-03-01T01:01:08.407+0000] {override.py:1911} INFO - Created Permission View: can read on DAG Run:example_dag_decorator
[2025-03-01T01:01:08.408+0000] {logging_mixin.py:190} INFO - [2025-03-01T01:01:08.408+0000] {dag.py:3239} INFO - Sync 1 DAGs
[2025-03-01T01:01:08.423+0000] {logging_mixin.py:190} INFO - [2025-03-01T01:01:08.423+0000] {dag.py:3262} INFO - Creating ORM DAG for example_dag_decorator
[2025-03-01T01:01:08.424+0000] {logging_mixin.py:190} INFO - [2025-03-01T01:01:08.424+0000] {dag.py:4180} INFO - Setting next_dagrun for example_dag_decorator to None, run_after=None
[2025-03-01T01:01:08.437+0000] {processor.py:208} INFO - Processing /home/airflow/.local/lib/python3.12/site-packages/airflow/example_dags/example_dag_decorator.py took 0.208 seconds
[2025-03-01T01:01:38.495+0000] {processor.py:186} INFO - Started process (PID=155) to work on /home/airflow/.local/lib/python3.12/site-packages/airflow/example_dags/example_dag_decorator.py
[2025-03-01T01:01:38.495+0000] {processor.py:914} INFO - Processing file /home/airflow/.local/lib/python3.12/site-packages/airflow/example_dags/example_dag_decorator.py for tasks to queue
[2025-03-01T01:01:38.497+0000] {logging_mixin.py:190} INFO - [2025-03-01T01:01:38.497+0000] {dagbag.py:588} INFO - Filling up the DagBag from /home/airflow/.local/lib/python3.12/site-packages/airflow/example_dags/example_dag_decorator.py
[2025-03-01T01:01:38.506+0000] {processor.py:925} INFO - DAG(s) 'example_dag_decorator' retrieved from /home/airflow/.local/lib/python3.12/site-packages/airflow/example_dags/example_dag_decorator.py
[2025-03-01T01:01:38.594+0000] {logging_mixin.py:190} INFO - [2025-03-01T01:01:38.594+0000] {dag.py:3239} INFO - Sync 1 DAGs
[2025-03-01T01:01:38.603+0000] {logging_mixin.py:190} INFO - [2025-03-01T01:01:38.603+0000] {dag.py:4180} INFO - Setting next_dagrun for example_dag_decorator to None, run_after=None
[2025-03-01T01:01:38.615+0000] {processor.py:208} INFO - Processing /home/airflow/.local/lib/python3.12/site-packages/airflow/example_dags/example_dag_decorator.py took 0.125 seconds
[2025-03-01T01:02:08.836+0000] {processor.py:186} INFO - Started process (PID=219) to work on /home/airflow/.local/lib/python3.12/site-packages/airflow/example_dags/example_dag_decorator.py
[2025-03-01T01:02:08.836+0000] {processor.py:914} INFO - Processing file /home/airflow/.local/lib/python3.12/site-packages/airflow/example_dags/example_dag_decorator.py for tasks to queue
[2025-03-01T01:02:08.838+0000] {logging_mixin.py:190} INFO - [2025-03-01T01:02:08.838+0000] {dagbag.py:588} INFO - Filling up the DagBag from /home/airflow/.local/lib/python3.12/site-packages/airflow/example_dags/example_dag_decorator.py
[2025-03-01T01:02:08.849+0000] {processor.py:925} INFO - DAG(s) 'example_dag_decorator' retrieved from /home/airflow/.local/lib/python3.12/site-packages/airflow/example_dags/example_dag_decorator.py
[2025-03-01T01:02:08.978+0000] {logging_mixin.py:190} INFO - [2025-03-01T01:02:08.978+0000] {dag.py:3239} INFO - Sync 1 DAGs
[2025-03-01T01:02:08.987+0000] {logging_mixin.py:190} INFO - [2025-03-01T01:02:08.987+0000] {dag.py:4180} INFO - Setting next_dagrun for example_dag_decorator to None, run_after=None
[2025-03-01T01:02:09.002+0000] {processor.py:208} INFO - Processing /home/airflow/.local/lib/python3.12/site-packages/airflow/example_dags/example_dag_decorator.py took 0.170 seconds
[2025-03-01T01:02:39.194+0000] {processor.py:186} INFO - Started process (PID=280) to work on /home/airflow/.local/lib/python3.12/site-packages/airflow/example_dags/example_dag_decorator.py
[2025-03-01T01:02:39.195+0000] {processor.py:914} INFO - Processing file /home/airflow/.local/lib/python3.12/site-packages/airflow/example_dags/example_dag_decorator.py for tasks to queue
[2025-03-01T01:02:39.196+0000] {logging_mixin.py:190} INFO - [2025-03-01T01:02:39.196+0000] {dagbag.py:588} INFO - Filling up the DagBag from /home/airflow/.local/lib/python3.12/site-packages/airflow/example_dags/example_dag_decorator.py
[2025-03-01T01:02:39.207+0000] {processor.py:925} INFO - DAG(s) 'example_dag_decorator' retrieved from /home/airflow/.local/lib/python3.12/site-packages/airflow/example_dags/example_dag_decorator.py
[2025-03-01T01:02:39.296+0000] {logging_mixin.py:190} INFO - [2025-03-01T01:02:39.296+0000] {dag.py:3239} INFO - Sync 1 DAGs
[2025-03-01T01:02:39.305+0000] {logging_mixin.py:190} INFO - [2025-03-01T01:02:39.305+0000] {dag.py:4180} INFO - Setting next_dagrun for example_dag_decorator to None, run_after=None
[2025-03-01T01:02:39.317+0000] {processor.py:208} INFO - Processing /home/airflow/.local/lib/python3.12/site-packages/airflow/example_dags/example_dag_decorator.py took 0.128 seconds
[2025-03-01T01:03:09.711+0000] {processor.py:186} INFO - Started process (PID=343) to work on /home/airflow/.local/lib/python3.12/site-packages/airflow/example_dags/example_dag_decorator.py
[2025-03-01T01:03:09.712+0000] {processor.py:914} INFO - Processing file /home/airflow/.local/lib/python3.12/site-packages/airflow/example_dags/example_dag_decorator.py for tasks to queue
[2025-03-01T01:03:09.714+0000] {logging_mixin.py:190} INFO - [2025-03-01T01:03:09.714+0000] {dagbag.py:588} INFO - Filling up the DagBag from /home/airflow/.local/lib/python3.12/site-packages/airflow/example_dags/example_dag_decorator.py
[2025-03-01T01:03:09.726+0000] {processor.py:925} INFO - DAG(s) 'example_dag_decorator' retrieved from /home/airflow/.local/lib/python3.12/site-packages/airflow/example_dags/example_dag_decorator.py
[2025-03-01T01:03:09.846+0000] {logging_mixin.py:190} INFO - [2025-03-01T01:03:09.846+0000] {dag.py:3239} INFO - Sync 1 DAGs
[2025-03-01T01:03:09.857+0000] {logging_mixin.py:190} INFO - [2025-03-01T01:03:09.857+0000] {dag.py:4180} INFO - Setting next_dagrun for example_dag_decorator to None, run_after=None
[2025-03-01T01:03:09.871+0000] {processor.py:208} INFO - Processing /home/airflow/.local/lib/python3.12/site-packages/airflow/example_dags/example_dag_decorator.py took 0.166 seconds
[2025-03-01T01:03:40.512+0000] {processor.py:186} INFO - Started process (PID=406) to work on /home/airflow/.local/lib/python3.12/site-packages/airflow/example_dags/example_dag_decorator.py
[2025-03-01T01:03:40.514+0000] {processor.py:914} INFO - Processing file /home/airflow/.local/lib/python3.12/site-packages/airflow/example_dags/example_dag_decorator.py for tasks to queue
[2025-03-01T01:03:40.516+0000] {logging_mixin.py:190} INFO - [2025-03-01T01:03:40.516+0000] {dagbag.py:588} INFO - Filling up the DagBag from /home/airflow/.local/lib/python3.12/site-packages/airflow/example_dags/example_dag_decorator.py
[2025-03-01T01:03:40.528+0000] {processor.py:925} INFO - DAG(s) 'example_dag_decorator' retrieved from /home/airflow/.local/lib/python3.12/site-packages/airflow/example_dags/example_dag_decorator.py
[2025-03-01T01:03:40.640+0000] {logging_mixin.py:190} INFO - [2025-03-01T01:03:40.639+0000] {dag.py:3239} INFO - Sync 1 DAGs
[2025-03-01T01:03:40.651+0000] {logging_mixin.py:190} INFO - [2025-03-01T01:03:40.651+0000] {dag.py:4180} INFO - Setting next_dagrun for example_dag_decorator to None, run_after=None
[2025-03-01T01:03:40.668+0000] {processor.py:208} INFO - Processing /home/airflow/.local/lib/python3.12/site-packages/airflow/example_dags/example_dag_decorator.py took 0.163 seconds
[2025-03-01T01:04:10.861+0000] {processor.py:186} INFO - Started process (PID=469) to work on /home/airflow/.local/lib/python3.12/site-packages/airflow/example_dags/example_dag_decorator.py
[2025-03-01T01:04:10.862+0000] {processor.py:914} INFO - Processing file /home/airflow/.local/lib/python3.12/site-packages/airflow/example_dags/example_dag_decorator.py for tasks to queue
[2025-03-01T01:04:10.864+0000] {logging_mixin.py:190} INFO - [2025-03-01T01:04:10.863+0000] {dagbag.py:588} INFO - Filling up the DagBag from /home/airflow/.local/lib/python3.12/site-packages/airflow/example_dags/example_dag_decorator.py
[2025-03-01T01:04:10.873+0000] {processor.py:925} INFO - DAG(s) 'example_dag_decorator' retrieved from /home/airflow/.local/lib/python3.12/site-packages/airflow/example_dags/example_dag_decorator.py
[2025-03-01T01:04:10.968+0000] {logging_mixin.py:190} INFO - [2025-03-01T01:04:10.968+0000] {dag.py:3239} INFO - Sync 1 DAGs
[2025-03-01T01:04:10.982+0000] {logging_mixin.py:190} INFO - [2025-03-01T01:04:10.981+0000] {dag.py:4180} INFO - Setting next_dagrun for example_dag_decorator to None, run_after=None
[2025-03-01T01:04:10.999+0000] {processor.py:208} INFO - Processing /home/airflow/.local/lib/python3.12/site-packages/airflow/example_dags/example_dag_decorator.py took 0.142 seconds
[2025-03-01T01:04:41.307+0000] {processor.py:186} INFO - Started process (PID=532) to work on /home/airflow/.local/lib/python3.12/site-packages/airflow/example_dags/example_dag_decorator.py
[2025-03-01T01:04:41.307+0000] {processor.py:914} INFO - Processing file /home/airflow/.local/lib/python3.12/site-packages/airflow/example_dags/example_dag_decorator.py for tasks to queue
[2025-03-01T01:04:41.309+0000] {logging_mixin.py:190} INFO - [2025-03-01T01:04:41.308+0000] {dagbag.py:588} INFO - Filling up the DagBag from /home/airflow/.local/lib/python3.12/site-packages/airflow/example_dags/example_dag_decorator.py
[2025-03-01T01:04:41.318+0000] {processor.py:925} INFO - DAG(s) 'example_dag_decorator' retrieved from /home/airflow/.local/lib/python3.12/site-packages/airflow/example_dags/example_dag_decorator.py
[2025-03-01T01:04:41.409+0000] {logging_mixin.py:190} INFO - [2025-03-01T01:04:41.408+0000] {dag.py:3239} INFO - Sync 1 DAGs
[2025-03-01T01:04:41.418+0000] {logging_mixin.py:190} INFO - [2025-03-01T01:04:41.418+0000] {dag.py:4180} INFO - Setting next_dagrun for example_dag_decorator to None, run_after=None
[2025-03-01T01:04:41.432+0000] {processor.py:208} INFO - Processing /home/airflow/.local/lib/python3.12/site-packages/airflow/example_dags/example_dag_decorator.py took 0.129 seconds
[2025-03-01T01:05:11.480+0000] {processor.py:186} INFO - Started process (PID=595) to work on /home/airflow/.local/lib/python3.12/site-packages/airflow/example_dags/example_dag_decorator.py
[2025-03-01T01:05:11.481+0000] {processor.py:914} INFO - Processing file /home/airflow/.local/lib/python3.12/site-packages/airflow/example_dags/example_dag_decorator.py for tasks to queue
[2025-03-01T01:05:11.482+0000] {logging_mixin.py:190} INFO - [2025-03-01T01:05:11.482+0000] {dagbag.py:588} INFO - Filling up the DagBag from /home/airflow/.local/lib/python3.12/site-packages/airflow/example_dags/example_dag_decorator.py
[2025-03-01T01:05:11.491+0000] {processor.py:925} INFO - DAG(s) 'example_dag_decorator' retrieved from /home/airflow/.local/lib/python3.12/site-packages/airflow/example_dags/example_dag_decorator.py
[2025-03-01T01:05:11.509+0000] {logging_mixin.py:190} INFO - [2025-03-01T01:05:11.508+0000] {dag.py:3239} INFO - Sync 1 DAGs
[2025-03-01T01:05:11.519+0000] {logging_mixin.py:190} INFO - [2025-03-01T01:05:11.519+0000] {dag.py:4180} INFO - Setting next_dagrun for example_dag_decorator to None, run_after=None
[2025-03-01T01:05:11.532+0000] {processor.py:208} INFO - Processing /home/airflow/.local/lib/python3.12/site-packages/airflow/example_dags/example_dag_decorator.py took 0.056 seconds
[2025-03-01T01:05:42.094+0000] {processor.py:186} INFO - Started process (PID=658) to work on /home/airflow/.local/lib/python3.12/site-packages/airflow/example_dags/example_dag_decorator.py
[2025-03-01T01:05:42.095+0000] {processor.py:914} INFO - Processing file /home/airflow/.local/lib/python3.12/site-packages/airflow/example_dags/example_dag_decorator.py for tasks to queue
[2025-03-01T01:05:42.096+0000] {logging_mixin.py:190} INFO - [2025-03-01T01:05:42.096+0000] {dagbag.py:588} INFO - Filling up the DagBag from /home/airflow/.local/lib/python3.12/site-packages/airflow/example_dags/example_dag_decorator.py
[2025-03-01T01:05:42.105+0000] {processor.py:925} INFO - DAG(s) 'example_dag_decorator' retrieved from /home/airflow/.local/lib/python3.12/site-packages/airflow/example_dags/example_dag_decorator.py
[2025-03-01T01:05:42.122+0000] {logging_mixin.py:190} INFO - [2025-03-01T01:05:42.122+0000] {dag.py:3239} INFO - Sync 1 DAGs
[2025-03-01T01:05:42.133+0000] {logging_mixin.py:190} INFO - [2025-03-01T01:05:42.133+0000] {dag.py:4180} INFO - Setting next_dagrun for example_dag_decorator to None, run_after=None
[2025-03-01T01:05:42.145+0000] {processor.py:208} INFO - Processing /home/airflow/.local/lib/python3.12/site-packages/airflow/example_dags/example_dag_decorator.py took 0.055 seconds
[2025-03-01T01:06:12.440+0000] {processor.py:186} INFO - Started process (PID=721) to work on /home/airflow/.local/lib/python3.12/site-packages/airflow/example_dags/example_dag_decorator.py
[2025-03-01T01:06:12.441+0000] {processor.py:914} INFO - Processing file /home/airflow/.local/lib/python3.12/site-packages/airflow/example_dags/example_dag_decorator.py for tasks to queue
[2025-03-01T01:06:12.442+0000] {logging_mixin.py:190} INFO - [2025-03-01T01:06:12.442+0000] {dagbag.py:588} INFO - Filling up the DagBag from /home/airflow/.local/lib/python3.12/site-packages/airflow/example_dags/example_dag_decorator.py
[2025-03-01T01:06:12.451+0000] {processor.py:925} INFO - DAG(s) 'example_dag_decorator' retrieved from /home/airflow/.local/lib/python3.12/site-packages/airflow/example_dags/example_dag_decorator.py
[2025-03-01T01:06:12.468+0000] {logging_mixin.py:190} INFO - [2025-03-01T01:06:12.468+0000] {dag.py:3239} INFO - Sync 1 DAGs
[2025-03-01T01:06:12.479+0000] {logging_mixin.py:190} INFO - [2025-03-01T01:06:12.479+0000] {dag.py:4180} INFO - Setting next_dagrun for example_dag_decorator to None, run_after=None
[2025-03-01T01:06:12.491+0000] {processor.py:208} INFO - Processing /home/airflow/.local/lib/python3.12/site-packages/airflow/example_dags/example_dag_decorator.py took 0.055 seconds
[2025-03-01T01:06:42.888+0000] {processor.py:186} INFO - Started process (PID=784) to work on /home/airflow/.local/lib/python3.12/site-packages/airflow/example_dags/example_dag_decorator.py
[2025-03-01T01:06:42.889+0000] {processor.py:914} INFO - Processing file /home/airflow/.local/lib/python3.12/site-packages/airflow/example_dags/example_dag_decorator.py for tasks to queue
[2025-03-01T01:06:42.890+0000] {logging_mixin.py:190} INFO - [2025-03-01T01:06:42.890+0000] {dagbag.py:588} INFO - Filling up the DagBag from /home/airflow/.local/lib/python3.12/site-packages/airflow/example_dags/example_dag_decorator.py
[2025-03-01T01:06:42.899+0000] {processor.py:925} INFO - DAG(s) 'example_dag_decorator' retrieved from /home/airflow/.local/lib/python3.12/site-packages/airflow/example_dags/example_dag_decorator.py
[2025-03-01T01:06:42.916+0000] {logging_mixin.py:190} INFO - [2025-03-01T01:06:42.916+0000] {dag.py:3239} INFO - Sync 1 DAGs
[2025-03-01T01:06:42.927+0000] {logging_mixin.py:190} INFO - [2025-03-01T01:06:42.927+0000] {dag.py:4180} INFO - Setting next_dagrun for example_dag_decorator to None, run_after=None
[2025-03-01T01:06:42.939+0000] {processor.py:208} INFO - Processing /home/airflow/.local/lib/python3.12/site-packages/airflow/example_dags/example_dag_decorator.py took 0.056 seconds
[2025-03-01T01:07:13.224+0000] {processor.py:186} INFO - Started process (PID=847) to work on /home/airflow/.local/lib/python3.12/site-packages/airflow/example_dags/example_dag_decorator.py
[2025-03-01T01:07:13.225+0000] {processor.py:914} INFO - Processing file /home/airflow/.local/lib/python3.12/site-packages/airflow/example_dags/example_dag_decorator.py for tasks to queue
[2025-03-01T01:07:13.226+0000] {logging_mixin.py:190} INFO - [2025-03-01T01:07:13.226+0000] {dagbag.py:588} INFO - Filling up the DagBag from /home/airflow/.local/lib/python3.12/site-packages/airflow/example_dags/example_dag_decorator.py
[2025-03-01T01:07:13.235+0000] {processor.py:925} INFO - DAG(s) 'example_dag_decorator' retrieved from /home/airflow/.local/lib/python3.12/site-packages/airflow/example_dags/example_dag_decorator.py
[2025-03-01T01:07:13.325+0000] {logging_mixin.py:190} INFO - [2025-03-01T01:07:13.324+0000] {dag.py:3239} INFO - Sync 1 DAGs
[2025-03-01T01:07:13.334+0000] {logging_mixin.py:190} INFO - [2025-03-01T01:07:13.334+0000] {dag.py:4180} INFO - Setting next_dagrun for example_dag_decorator to None, run_after=None
[2025-03-01T01:07:13.349+0000] {processor.py:208} INFO - Processing /home/airflow/.local/lib/python3.12/site-packages/airflow/example_dags/example_dag_decorator.py took 0.130 seconds
[2025-03-01T01:07:43.403+0000] {processor.py:186} INFO - Started process (PID=910) to work on /home/airflow/.local/lib/python3.12/site-packages/airflow/example_dags/example_dag_decorator.py
[2025-03-01T01:07:43.403+0000] {processor.py:914} INFO - Processing file /home/airflow/.local/lib/python3.12/site-packages/airflow/example_dags/example_dag_decorator.py for tasks to queue
[2025-03-01T01:07:43.405+0000] {logging_mixin.py:190} INFO - [2025-03-01T01:07:43.405+0000] {dagbag.py:588} INFO - Filling up the DagBag from /home/airflow/.local/lib/python3.12/site-packages/airflow/example_dags/example_dag_decorator.py
[2025-03-01T01:07:43.414+0000] {processor.py:925} INFO - DAG(s) 'example_dag_decorator' retrieved from /home/airflow/.local/lib/python3.12/site-packages/airflow/example_dags/example_dag_decorator.py
[2025-03-01T01:07:43.431+0000] {logging_mixin.py:190} INFO - [2025-03-01T01:07:43.431+0000] {dag.py:3239} INFO - Sync 1 DAGs
[2025-03-01T01:07:43.442+0000] {logging_mixin.py:190} INFO - [2025-03-01T01:07:43.442+0000] {dag.py:4180} INFO - Setting next_dagrun for example_dag_decorator to None, run_after=None
[2025-03-01T01:07:43.453+0000] {processor.py:208} INFO - Processing /home/airflow/.local/lib/python3.12/site-packages/airflow/example_dags/example_dag_decorator.py took 0.055 seconds
[2025-03-01T01:08:13.620+0000] {processor.py:186} INFO - Started process (PID=974) to work on /home/airflow/.local/lib/python3.12/site-packages/airflow/example_dags/example_dag_decorator.py
[2025-03-01T01:08:13.620+0000] {processor.py:914} INFO - Processing file /home/airflow/.local/lib/python3.12/site-packages/airflow/example_dags/example_dag_decorator.py for tasks to queue
[2025-03-01T01:08:13.622+0000] {logging_mixin.py:190} INFO - [2025-03-01T01:08:13.622+0000] {dagbag.py:588} INFO - Filling up the DagBag from /home/airflow/.local/lib/python3.12/site-packages/airflow/example_dags/example_dag_decorator.py
[2025-03-01T01:08:13.632+0000] {processor.py:925} INFO - DAG(s) 'example_dag_decorator' retrieved from /home/airflow/.local/lib/python3.12/site-packages/airflow/example_dags/example_dag_decorator.py
[2025-03-01T01:08:13.648+0000] {logging_mixin.py:190} INFO - [2025-03-01T01:08:13.648+0000] {dag.py:3239} INFO - Sync 1 DAGs
[2025-03-01T01:08:13.658+0000] {logging_mixin.py:190} INFO - [2025-03-01T01:08:13.658+0000] {dag.py:4180} INFO - Setting next_dagrun for example_dag_decorator to None, run_after=None
[2025-03-01T01:08:13.670+0000] {processor.py:208} INFO - Processing /home/airflow/.local/lib/python3.12/site-packages/airflow/example_dags/example_dag_decorator.py took 0.054 seconds
[2025-03-01T01:08:43.890+0000] {processor.py:186} INFO - Started process (PID=1036) to work on /home/airflow/.local/lib/python3.12/site-packages/airflow/example_dags/example_dag_decorator.py
[2025-03-01T01:08:43.890+0000] {processor.py:914} INFO - Processing file /home/airflow/.local/lib/python3.12/site-packages/airflow/example_dags/example_dag_decorator.py for tasks to queue
[2025-03-01T01:08:43.892+0000] {logging_mixin.py:190} INFO - [2025-03-01T01:08:43.892+0000] {dagbag.py:588} INFO - Filling up the DagBag from /home/airflow/.local/lib/python3.12/site-packages/airflow/example_dags/example_dag_decorator.py
[2025-03-01T01:08:43.903+0000] {processor.py:925} INFO - DAG(s) 'example_dag_decorator' retrieved from /home/airflow/.local/lib/python3.12/site-packages/airflow/example_dags/example_dag_decorator.py
[2025-03-01T01:08:43.990+0000] {logging_mixin.py:190} INFO - [2025-03-01T01:08:43.990+0000] {dag.py:3239} INFO - Sync 1 DAGs
[2025-03-01T01:08:43.999+0000] {logging_mixin.py:190} INFO - [2025-03-01T01:08:43.999+0000] {dag.py:4180} INFO - Setting next_dagrun for example_dag_decorator to None, run_after=None
[2025-03-01T01:08:44.012+0000] {processor.py:208} INFO - Processing /home/airflow/.local/lib/python3.12/site-packages/airflow/example_dags/example_dag_decorator.py took 0.127 seconds
[2025-03-01T01:09:14.192+0000] {processor.py:186} INFO - Started process (PID=1099) to work on /home/airflow/.local/lib/python3.12/site-packages/airflow/example_dags/example_dag_decorator.py
[2025-03-01T01:09:14.193+0000] {processor.py:914} INFO - Processing file /home/airflow/.local/lib/python3.12/site-packages/airflow/example_dags/example_dag_decorator.py for tasks to queue
[2025-03-01T01:09:14.194+0000] {logging_mixin.py:190} INFO - [2025-03-01T01:09:14.194+0000] {dagbag.py:588} INFO - Filling up the DagBag from /home/airflow/.local/lib/python3.12/site-packages/airflow/example_dags/example_dag_decorator.py
[2025-03-01T01:09:14.203+0000] {processor.py:925} INFO - DAG(s) 'example_dag_decorator' retrieved from /home/airflow/.local/lib/python3.12/site-packages/airflow/example_dags/example_dag_decorator.py
[2025-03-01T01:09:14.291+0000] {logging_mixin.py:190} INFO - [2025-03-01T01:09:14.291+0000] {dag.py:3239} INFO - Sync 1 DAGs
[2025-03-01T01:09:14.300+0000] {logging_mixin.py:190} INFO - [2025-03-01T01:09:14.300+0000] {dag.py:4180} INFO - Setting next_dagrun for example_dag_decorator to None, run_after=None
[2025-03-01T01:09:14.312+0000] {processor.py:208} INFO - Processing /home/airflow/.local/lib/python3.12/site-packages/airflow/example_dags/example_dag_decorator.py took 0.125 seconds
[2025-03-01T01:09:44.464+0000] {processor.py:186} INFO - Started process (PID=1162) to work on /home/airflow/.local/lib/python3.12/site-packages/airflow/example_dags/example_dag_decorator.py
[2025-03-01T01:09:44.465+0000] {processor.py:914} INFO - Processing file /home/airflow/.local/lib/python3.12/site-packages/airflow/example_dags/example_dag_decorator.py for tasks to queue
[2025-03-01T01:09:44.467+0000] {logging_mixin.py:190} INFO - [2025-03-01T01:09:44.467+0000] {dagbag.py:588} INFO - Filling up the DagBag from /home/airflow/.local/lib/python3.12/site-packages/airflow/example_dags/example_dag_decorator.py
[2025-03-01T01:09:44.478+0000] {processor.py:925} INFO - DAG(s) 'example_dag_decorator' retrieved from /home/airflow/.local/lib/python3.12/site-packages/airflow/example_dags/example_dag_decorator.py
[2025-03-01T01:09:44.567+0000] {logging_mixin.py:190} INFO - [2025-03-01T01:09:44.567+0000] {dag.py:3239} INFO - Sync 1 DAGs
[2025-03-01T01:09:44.576+0000] {logging_mixin.py:190} INFO - [2025-03-01T01:09:44.576+0000] {dag.py:4180} INFO - Setting next_dagrun for example_dag_decorator to None, run_after=None
[2025-03-01T01:09:44.589+0000] {processor.py:208} INFO - Processing /home/airflow/.local/lib/python3.12/site-packages/airflow/example_dags/example_dag_decorator.py took 0.130 seconds
[2025-03-01T01:10:14.699+0000] {processor.py:186} INFO - Started process (PID=1225) to work on /home/airflow/.local/lib/python3.12/site-packages/airflow/example_dags/example_dag_decorator.py
[2025-03-01T01:10:14.699+0000] {processor.py:914} INFO - Processing file /home/airflow/.local/lib/python3.12/site-packages/airflow/example_dags/example_dag_decorator.py for tasks to queue
[2025-03-01T01:10:14.701+0000] {logging_mixin.py:190} INFO - [2025-03-01T01:10:14.701+0000] {dagbag.py:588} INFO - Filling up the DagBag from /home/airflow/.local/lib/python3.12/site-packages/airflow/example_dags/example_dag_decorator.py
[2025-03-01T01:10:14.710+0000] {processor.py:925} INFO - DAG(s) 'example_dag_decorator' retrieved from /home/airflow/.local/lib/python3.12/site-packages/airflow/example_dags/example_dag_decorator.py
[2025-03-01T01:10:14.810+0000] {logging_mixin.py:190} INFO - [2025-03-01T01:10:14.810+0000] {dag.py:3239} INFO - Sync 1 DAGs
[2025-03-01T01:10:14.824+0000] {logging_mixin.py:190} INFO - [2025-03-01T01:10:14.824+0000] {dag.py:4180} INFO - Setting next_dagrun for example_dag_decorator to None, run_after=None
[2025-03-01T01:10:14.840+0000] {processor.py:208} INFO - Processing /home/airflow/.local/lib/python3.12/site-packages/airflow/example_dags/example_dag_decorator.py took 0.145 seconds
[2025-03-01T01:10:45.098+0000] {processor.py:186} INFO - Started process (PID=1288) to work on /home/airflow/.local/lib/python3.12/site-packages/airflow/example_dags/example_dag_decorator.py
[2025-03-01T01:10:45.099+0000] {processor.py:914} INFO - Processing file /home/airflow/.local/lib/python3.12/site-packages/airflow/example_dags/example_dag_decorator.py for tasks to queue
[2025-03-01T01:10:45.101+0000] {logging_mixin.py:190} INFO - [2025-03-01T01:10:45.101+0000] {dagbag.py:588} INFO - Filling up the DagBag from /home/airflow/.local/lib/python3.12/site-packages/airflow/example_dags/example_dag_decorator.py
[2025-03-01T01:10:45.111+0000] {processor.py:925} INFO - DAG(s) 'example_dag_decorator' retrieved from /home/airflow/.local/lib/python3.12/site-packages/airflow/example_dags/example_dag_decorator.py
[2025-03-01T01:10:45.207+0000] {logging_mixin.py:190} INFO - [2025-03-01T01:10:45.207+0000] {dag.py:3239} INFO - Sync 1 DAGs
[2025-03-01T01:10:45.216+0000] {logging_mixin.py:190} INFO - [2025-03-01T01:10:45.216+0000] {dag.py:4180} INFO - Setting next_dagrun for example_dag_decorator to None, run_after=None
[2025-03-01T01:10:45.228+0000] {processor.py:208} INFO - Processing /home/airflow/.local/lib/python3.12/site-packages/airflow/example_dags/example_dag_decorator.py took 0.135 seconds
[2025-03-01T01:11:15.754+0000] {processor.py:186} INFO - Started process (PID=1352) to work on /home/airflow/.local/lib/python3.12/site-packages/airflow/example_dags/example_dag_decorator.py
[2025-03-01T01:11:15.755+0000] {processor.py:914} INFO - Processing file /home/airflow/.local/lib/python3.12/site-packages/airflow/example_dags/example_dag_decorator.py for tasks to queue
[2025-03-01T01:11:15.755+0000] {logging_mixin.py:190} INFO - [2025-03-01T01:11:15.755+0000] {dagbag.py:588} INFO - Filling up the DagBag from /home/airflow/.local/lib/python3.12/site-packages/airflow/example_dags/example_dag_decorator.py
[2025-03-01T01:11:15.764+0000] {processor.py:925} INFO - DAG(s) 'example_dag_decorator' retrieved from /home/airflow/.local/lib/python3.12/site-packages/airflow/example_dags/example_dag_decorator.py
[2025-03-01T01:11:15.856+0000] {logging_mixin.py:190} INFO - [2025-03-01T01:11:15.856+0000] {dag.py:3239} INFO - Sync 1 DAGs
[2025-03-01T01:11:15.865+0000] {logging_mixin.py:190} INFO - [2025-03-01T01:11:15.865+0000] {dag.py:4180} INFO - Setting next_dagrun for example_dag_decorator to None, run_after=None
[2025-03-01T01:11:15.877+0000] {processor.py:208} INFO - Processing /home/airflow/.local/lib/python3.12/site-packages/airflow/example_dags/example_dag_decorator.py took 0.128 seconds
[2025-03-01T01:11:46.130+0000] {processor.py:186} INFO - Started process (PID=1416) to work on /home/airflow/.local/lib/python3.12/site-packages/airflow/example_dags/example_dag_decorator.py
[2025-03-01T01:11:46.131+0000] {processor.py:914} INFO - Processing file /home/airflow/.local/lib/python3.12/site-packages/airflow/example_dags/example_dag_decorator.py for tasks to queue
[2025-03-01T01:11:46.131+0000] {logging_mixin.py:190} INFO - [2025-03-01T01:11:46.131+0000] {dagbag.py:588} INFO - Filling up the DagBag from /home/airflow/.local/lib/python3.12/site-packages/airflow/example_dags/example_dag_decorator.py
[2025-03-01T01:11:46.140+0000] {processor.py:925} INFO - DAG(s) 'example_dag_decorator' retrieved from /home/airflow/.local/lib/python3.12/site-packages/airflow/example_dags/example_dag_decorator.py
[2025-03-01T01:11:46.228+0000] {logging_mixin.py:190} INFO - [2025-03-01T01:11:46.228+0000] {dag.py:3239} INFO - Sync 1 DAGs
[2025-03-01T01:11:46.238+0000] {logging_mixin.py:190} INFO - [2025-03-01T01:11:46.238+0000] {dag.py:4180} INFO - Setting next_dagrun for example_dag_decorator to None, run_after=None
[2025-03-01T01:11:46.251+0000] {processor.py:208} INFO - Processing /home/airflow/.local/lib/python3.12/site-packages/airflow/example_dags/example_dag_decorator.py took 0.125 seconds
[2025-03-01T01:12:16.364+0000] {processor.py:186} INFO - Started process (PID=1480) to work on /home/airflow/.local/lib/python3.12/site-packages/airflow/example_dags/example_dag_decorator.py
[2025-03-01T01:12:16.365+0000] {processor.py:914} INFO - Processing file /home/airflow/.local/lib/python3.12/site-packages/airflow/example_dags/example_dag_decorator.py for tasks to queue
[2025-03-01T01:12:16.365+0000] {logging_mixin.py:190} INFO - [2025-03-01T01:12:16.365+0000] {dagbag.py:588} INFO - Filling up the DagBag from /home/airflow/.local/lib/python3.12/site-packages/airflow/example_dags/example_dag_decorator.py
[2025-03-01T01:12:16.375+0000] {processor.py:925} INFO - DAG(s) 'example_dag_decorator' retrieved from /home/airflow/.local/lib/python3.12/site-packages/airflow/example_dags/example_dag_decorator.py
[2025-03-01T01:12:16.463+0000] {logging_mixin.py:190} INFO - [2025-03-01T01:12:16.462+0000] {dag.py:3239} INFO - Sync 1 DAGs
[2025-03-01T01:12:16.472+0000] {logging_mixin.py:190} INFO - [2025-03-01T01:12:16.472+0000] {dag.py:4180} INFO - Setting next_dagrun for example_dag_decorator to None, run_after=None
[2025-03-01T01:12:16.484+0000] {processor.py:208} INFO - Processing /home/airflow/.local/lib/python3.12/site-packages/airflow/example_dags/example_dag_decorator.py took 0.126 seconds
[2025-03-01T01:12:46.649+0000] {processor.py:186} INFO - Started process (PID=1544) to work on /home/airflow/.local/lib/python3.12/site-packages/airflow/example_dags/example_dag_decorator.py
[2025-03-01T01:12:46.649+0000] {processor.py:914} INFO - Processing file /home/airflow/.local/lib/python3.12/site-packages/airflow/example_dags/example_dag_decorator.py for tasks to queue
[2025-03-01T01:12:46.650+0000] {logging_mixin.py:190} INFO - [2025-03-01T01:12:46.650+0000] {dagbag.py:588} INFO - Filling up the DagBag from /home/airflow/.local/lib/python3.12/site-packages/airflow/example_dags/example_dag_decorator.py
[2025-03-01T01:12:46.659+0000] {processor.py:925} INFO - DAG(s) 'example_dag_decorator' retrieved from /home/airflow/.local/lib/python3.12/site-packages/airflow/example_dags/example_dag_decorator.py
[2025-03-01T01:12:46.751+0000] {logging_mixin.py:190} INFO - [2025-03-01T01:12:46.751+0000] {dag.py:3239} INFO - Sync 1 DAGs
[2025-03-01T01:12:46.762+0000] {logging_mixin.py:190} INFO - [2025-03-01T01:12:46.762+0000] {dag.py:4180} INFO - Setting next_dagrun for example_dag_decorator to None, run_after=None
[2025-03-01T01:12:46.775+0000] {processor.py:208} INFO - Processing /home/airflow/.local/lib/python3.12/site-packages/airflow/example_dags/example_dag_decorator.py took 0.130 seconds
[2025-03-01T01:13:16.811+0000] {processor.py:186} INFO - Started process (PID=1608) to work on /home/airflow/.local/lib/python3.12/site-packages/airflow/example_dags/example_dag_decorator.py
[2025-03-01T01:13:16.812+0000] {processor.py:914} INFO - Processing file /home/airflow/.local/lib/python3.12/site-packages/airflow/example_dags/example_dag_decorator.py for tasks to queue
[2025-03-01T01:13:16.813+0000] {logging_mixin.py:190} INFO - [2025-03-01T01:13:16.812+0000] {dagbag.py:588} INFO - Filling up the DagBag from /home/airflow/.local/lib/python3.12/site-packages/airflow/example_dags/example_dag_decorator.py
[2025-03-01T01:13:16.822+0000] {processor.py:925} INFO - DAG(s) 'example_dag_decorator' retrieved from /home/airflow/.local/lib/python3.12/site-packages/airflow/example_dags/example_dag_decorator.py
[2025-03-01T01:13:16.912+0000] {logging_mixin.py:190} INFO - [2025-03-01T01:13:16.912+0000] {dag.py:3239} INFO - Sync 1 DAGs
[2025-03-01T01:13:16.922+0000] {logging_mixin.py:190} INFO - [2025-03-01T01:13:16.922+0000] {dag.py:4180} INFO - Setting next_dagrun for example_dag_decorator to None, run_after=None
[2025-03-01T01:13:16.936+0000] {processor.py:208} INFO - Processing /home/airflow/.local/lib/python3.12/site-packages/airflow/example_dags/example_dag_decorator.py took 0.129 seconds
[2025-03-01T01:13:47.028+0000] {processor.py:186} INFO - Started process (PID=1672) to work on /home/airflow/.local/lib/python3.12/site-packages/airflow/example_dags/example_dag_decorator.py
[2025-03-01T01:13:47.029+0000] {processor.py:914} INFO - Processing file /home/airflow/.local/lib/python3.12/site-packages/airflow/example_dags/example_dag_decorator.py for tasks to queue
[2025-03-01T01:13:47.030+0000] {logging_mixin.py:190} INFO - [2025-03-01T01:13:47.029+0000] {dagbag.py:588} INFO - Filling up the DagBag from /home/airflow/.local/lib/python3.12/site-packages/airflow/example_dags/example_dag_decorator.py
[2025-03-01T01:13:47.039+0000] {processor.py:925} INFO - DAG(s) 'example_dag_decorator' retrieved from /home/airflow/.local/lib/python3.12/site-packages/airflow/example_dags/example_dag_decorator.py
[2025-03-01T01:13:47.154+0000] {logging_mixin.py:190} INFO - [2025-03-01T01:13:47.154+0000] {dag.py:3239} INFO - Sync 1 DAGs
[2025-03-01T01:13:47.164+0000] {logging_mixin.py:190} INFO - [2025-03-01T01:13:47.163+0000] {dag.py:4180} INFO - Setting next_dagrun for example_dag_decorator to None, run_after=None
[2025-03-01T01:13:47.177+0000] {processor.py:208} INFO - Processing /home/airflow/.local/lib/python3.12/site-packages/airflow/example_dags/example_dag_decorator.py took 0.153 seconds
[2025-03-01T01:14:17.405+0000] {processor.py:186} INFO - Started process (PID=1736) to work on /home/airflow/.local/lib/python3.12/site-packages/airflow/example_dags/example_dag_decorator.py
[2025-03-01T01:14:17.406+0000] {processor.py:914} INFO - Processing file /home/airflow/.local/lib/python3.12/site-packages/airflow/example_dags/example_dag_decorator.py for tasks to queue
[2025-03-01T01:14:17.407+0000] {logging_mixin.py:190} INFO - [2025-03-01T01:14:17.407+0000] {dagbag.py:588} INFO - Filling up the DagBag from /home/airflow/.local/lib/python3.12/site-packages/airflow/example_dags/example_dag_decorator.py
[2025-03-01T01:14:17.416+0000] {processor.py:925} INFO - DAG(s) 'example_dag_decorator' retrieved from /home/airflow/.local/lib/python3.12/site-packages/airflow/example_dags/example_dag_decorator.py
[2025-03-01T01:14:17.508+0000] {logging_mixin.py:190} INFO - [2025-03-01T01:14:17.508+0000] {dag.py:3239} INFO - Sync 1 DAGs
[2025-03-01T01:14:17.517+0000] {logging_mixin.py:190} INFO - [2025-03-01T01:14:17.517+0000] {dag.py:4180} INFO - Setting next_dagrun for example_dag_decorator to None, run_after=None
[2025-03-01T01:14:17.529+0000] {processor.py:208} INFO - Processing /home/airflow/.local/lib/python3.12/site-packages/airflow/example_dags/example_dag_decorator.py took 0.128 seconds
[2025-03-01T01:14:47.713+0000] {processor.py:186} INFO - Started process (PID=1800) to work on /home/airflow/.local/lib/python3.12/site-packages/airflow/example_dags/example_dag_decorator.py
[2025-03-01T01:14:47.714+0000] {processor.py:914} INFO - Processing file /home/airflow/.local/lib/python3.12/site-packages/airflow/example_dags/example_dag_decorator.py for tasks to queue
[2025-03-01T01:14:47.715+0000] {logging_mixin.py:190} INFO - [2025-03-01T01:14:47.714+0000] {dagbag.py:588} INFO - Filling up the DagBag from /home/airflow/.local/lib/python3.12/site-packages/airflow/example_dags/example_dag_decorator.py
[2025-03-01T01:14:47.725+0000] {processor.py:925} INFO - DAG(s) 'example_dag_decorator' retrieved from /home/airflow/.local/lib/python3.12/site-packages/airflow/example_dags/example_dag_decorator.py
[2025-03-01T01:14:47.817+0000] {logging_mixin.py:190} INFO - [2025-03-01T01:14:47.817+0000] {dag.py:3239} INFO - Sync 1 DAGs
[2025-03-01T01:14:47.827+0000] {logging_mixin.py:190} INFO - [2025-03-01T01:14:47.827+0000] {dag.py:4180} INFO - Setting next_dagrun for example_dag_decorator to None, run_after=None
[2025-03-01T01:14:47.840+0000] {processor.py:208} INFO - Processing /home/airflow/.local/lib/python3.12/site-packages/airflow/example_dags/example_dag_decorator.py took 0.133 seconds
[2025-03-01T01:15:18.060+0000] {processor.py:186} INFO - Started process (PID=1864) to work on /home/airflow/.local/lib/python3.12/site-packages/airflow/example_dags/example_dag_decorator.py
[2025-03-01T01:15:18.060+0000] {processor.py:914} INFO - Processing file /home/airflow/.local/lib/python3.12/site-packages/airflow/example_dags/example_dag_decorator.py for tasks to queue
[2025-03-01T01:15:18.061+0000] {logging_mixin.py:190} INFO - [2025-03-01T01:15:18.061+0000] {dagbag.py:588} INFO - Filling up the DagBag from /home/airflow/.local/lib/python3.12/site-packages/airflow/example_dags/example_dag_decorator.py
[2025-03-01T01:15:18.070+0000] {processor.py:925} INFO - DAG(s) 'example_dag_decorator' retrieved from /home/airflow/.local/lib/python3.12/site-packages/airflow/example_dags/example_dag_decorator.py
[2025-03-01T01:15:18.087+0000] {logging_mixin.py:190} INFO - [2025-03-01T01:15:18.087+0000] {dag.py:3239} INFO - Sync 1 DAGs
[2025-03-01T01:15:18.098+0000] {logging_mixin.py:190} INFO - [2025-03-01T01:15:18.098+0000] {dag.py:4180} INFO - Setting next_dagrun for example_dag_decorator to None, run_after=None
[2025-03-01T01:15:18.110+0000] {processor.py:208} INFO - Processing /home/airflow/.local/lib/python3.12/site-packages/airflow/example_dags/example_dag_decorator.py took 0.055 seconds
[2025-03-01T01:15:48.955+0000] {processor.py:186} INFO - Started process (PID=1930) to work on /home/airflow/.local/lib/python3.12/site-packages/airflow/example_dags/example_dag_decorator.py
[2025-03-01T01:15:48.956+0000] {processor.py:914} INFO - Processing file /home/airflow/.local/lib/python3.12/site-packages/airflow/example_dags/example_dag_decorator.py for tasks to queue
[2025-03-01T01:15:48.956+0000] {logging_mixin.py:190} INFO - [2025-03-01T01:15:48.956+0000] {dagbag.py:588} INFO - Filling up the DagBag from /home/airflow/.local/lib/python3.12/site-packages/airflow/example_dags/example_dag_decorator.py
[2025-03-01T01:15:48.966+0000] {processor.py:925} INFO - DAG(s) 'example_dag_decorator' retrieved from /home/airflow/.local/lib/python3.12/site-packages/airflow/example_dags/example_dag_decorator.py
[2025-03-01T01:15:48.989+0000] {logging_mixin.py:190} INFO - [2025-03-01T01:15:48.989+0000] {dag.py:3239} INFO - Sync 1 DAGs
[2025-03-01T01:15:49.005+0000] {logging_mixin.py:190} INFO - [2025-03-01T01:15:49.004+0000] {dag.py:4180} INFO - Setting next_dagrun for example_dag_decorator to None, run_after=None
[2025-03-01T01:15:49.020+0000] {processor.py:208} INFO - Processing /home/airflow/.local/lib/python3.12/site-packages/airflow/example_dags/example_dag_decorator.py took 0.070 seconds
[2025-03-01T01:16:19.575+0000] {processor.py:186} INFO - Started process (PID=1994) to work on /home/airflow/.local/lib/python3.12/site-packages/airflow/example_dags/example_dag_decorator.py
[2025-03-01T01:16:19.576+0000] {processor.py:914} INFO - Processing file /home/airflow/.local/lib/python3.12/site-packages/airflow/example_dags/example_dag_decorator.py for tasks to queue
[2025-03-01T01:16:19.577+0000] {logging_mixin.py:190} INFO - [2025-03-01T01:16:19.576+0000] {dagbag.py:588} INFO - Filling up the DagBag from /home/airflow/.local/lib/python3.12/site-packages/airflow/example_dags/example_dag_decorator.py
[2025-03-01T01:16:19.586+0000] {processor.py:925} INFO - DAG(s) 'example_dag_decorator' retrieved from /home/airflow/.local/lib/python3.12/site-packages/airflow/example_dags/example_dag_decorator.py
[2025-03-01T01:16:19.678+0000] {logging_mixin.py:190} INFO - [2025-03-01T01:16:19.678+0000] {dag.py:3239} INFO - Sync 1 DAGs
[2025-03-01T01:16:19.689+0000] {logging_mixin.py:190} INFO - [2025-03-01T01:16:19.689+0000] {dag.py:4180} INFO - Setting next_dagrun for example_dag_decorator to None, run_after=None
[2025-03-01T01:16:19.701+0000] {processor.py:208} INFO - Processing /home/airflow/.local/lib/python3.12/site-packages/airflow/example_dags/example_dag_decorator.py took 0.130 seconds
[2025-03-01T01:16:49.796+0000] {processor.py:186} INFO - Started process (PID=2058) to work on /home/airflow/.local/lib/python3.12/site-packages/airflow/example_dags/example_dag_decorator.py
[2025-03-01T01:16:49.797+0000] {processor.py:914} INFO - Processing file /home/airflow/.local/lib/python3.12/site-packages/airflow/example_dags/example_dag_decorator.py for tasks to queue
[2025-03-01T01:16:49.798+0000] {logging_mixin.py:190} INFO - [2025-03-01T01:16:49.798+0000] {dagbag.py:588} INFO - Filling up the DagBag from /home/airflow/.local/lib/python3.12/site-packages/airflow/example_dags/example_dag_decorator.py
[2025-03-01T01:16:49.807+0000] {processor.py:925} INFO - DAG(s) 'example_dag_decorator' retrieved from /home/airflow/.local/lib/python3.12/site-packages/airflow/example_dags/example_dag_decorator.py
[2025-03-01T01:16:49.896+0000] {logging_mixin.py:190} INFO - [2025-03-01T01:16:49.896+0000] {dag.py:3239} INFO - Sync 1 DAGs
[2025-03-01T01:16:49.906+0000] {logging_mixin.py:190} INFO - [2025-03-01T01:16:49.906+0000] {dag.py:4180} INFO - Setting next_dagrun for example_dag_decorator to None, run_after=None
[2025-03-01T01:16:49.918+0000] {processor.py:208} INFO - Processing /home/airflow/.local/lib/python3.12/site-packages/airflow/example_dags/example_dag_decorator.py took 0.126 seconds
