[2025-03-01T01:01:08.866+0000] {processor.py:186} INFO - Started process (PID=97) to work on /home/airflow/.local/lib/python3.12/site-packages/airflow/example_dags/example_latest_only.py
[2025-03-01T01:01:08.866+0000] {processor.py:914} INFO - Processing file /home/airflow/.local/lib/python3.12/site-packages/airflow/example_dags/example_latest_only.py for tasks to queue
[2025-03-01T01:01:08.869+0000] {logging_mixin.py:190} INFO - [2025-03-01T01:01:08.868+0000] {dagbag.py:588} INFO - Filling up the DagBag from /home/airflow/.local/lib/python3.12/site-packages/airflow/example_dags/example_latest_only.py
[2025-03-01T01:01:08.876+0000] {processor.py:925} INFO - DAG(s) 'latest_only' retrieved from /home/airflow/.local/lib/python3.12/site-packages/airflow/example_dags/example_latest_only.py
[2025-03-01T01:01:08.962+0000] {logging_mixin.py:190} INFO - [2025-03-01T01:01:08.962+0000] {override.py:1911} INFO - Created Permission View: can edit on DAG:latest_only
[2025-03-01T01:01:08.969+0000] {logging_mixin.py:190} INFO - [2025-03-01T01:01:08.969+0000] {override.py:1911} INFO - Created Permission View: can read on DAG:latest_only
[2025-03-01T01:01:08.974+0000] {logging_mixin.py:190} INFO - [2025-03-01T01:01:08.973+0000] {override.py:1911} INFO - Created Permission View: can delete on DAG:latest_only
[2025-03-01T01:01:08.978+0000] {logging_mixin.py:190} INFO - [2025-03-01T01:01:08.978+0000] {override.py:1911} INFO - Created Permission View: menu access on DAG Run:latest_only
[2025-03-01T01:01:08.982+0000] {logging_mixin.py:190} INFO - [2025-03-01T01:01:08.982+0000] {override.py:1911} INFO - Created Permission View: can delete on DAG Run:latest_only
[2025-03-01T01:01:08.987+0000] {logging_mixin.py:190} INFO - [2025-03-01T01:01:08.987+0000] {override.py:1911} INFO - Created Permission View: can create on DAG Run:latest_only
[2025-03-01T01:01:08.991+0000] {logging_mixin.py:190} INFO - [2025-03-01T01:01:08.991+0000] {override.py:1911} INFO - Created Permission View: can read on DAG Run:latest_only
[2025-03-01T01:01:08.991+0000] {logging_mixin.py:190} INFO - [2025-03-01T01:01:08.991+0000] {dag.py:3239} INFO - Sync 1 DAGs
[2025-03-01T01:01:09.003+0000] {logging_mixin.py:190} INFO - [2025-03-01T01:01:09.003+0000] {dag.py:3262} INFO - Creating ORM DAG for latest_only
[2025-03-01T01:01:09.011+0000] {logging_mixin.py:190} INFO - [2025-03-01T01:01:09.011+0000] {dag.py:4180} INFO - Setting next_dagrun for latest_only to 2025-02-28 20:00:00+00:00, run_after=2025-03-01 00:00:00+00:00
[2025-03-01T01:01:09.023+0000] {processor.py:208} INFO - Processing /home/airflow/.local/lib/python3.12/site-packages/airflow/example_dags/example_latest_only.py took 0.164 seconds
[2025-03-01T01:01:39.681+0000] {processor.py:186} INFO - Started process (PID=159) to work on /home/airflow/.local/lib/python3.12/site-packages/airflow/example_dags/example_latest_only.py
[2025-03-01T01:01:39.682+0000] {processor.py:914} INFO - Processing file /home/airflow/.local/lib/python3.12/site-packages/airflow/example_dags/example_latest_only.py for tasks to queue
[2025-03-01T01:01:39.683+0000] {logging_mixin.py:190} INFO - [2025-03-01T01:01:39.683+0000] {dagbag.py:588} INFO - Filling up the DagBag from /home/airflow/.local/lib/python3.12/site-packages/airflow/example_dags/example_latest_only.py
[2025-03-01T01:01:39.689+0000] {processor.py:925} INFO - DAG(s) 'latest_only' retrieved from /home/airflow/.local/lib/python3.12/site-packages/airflow/example_dags/example_latest_only.py
[2025-03-01T01:01:39.703+0000] {logging_mixin.py:190} INFO - [2025-03-01T01:01:39.703+0000] {dag.py:3239} INFO - Sync 1 DAGs
[2025-03-01T01:01:39.720+0000] {logging_mixin.py:190} INFO - [2025-03-01T01:01:39.720+0000] {dag.py:4180} INFO - Setting next_dagrun for latest_only to 2025-02-28 20:00:00+00:00, run_after=2025-03-01 00:00:00+00:00
[2025-03-01T01:01:39.733+0000] {processor.py:208} INFO - Processing /home/airflow/.local/lib/python3.12/site-packages/airflow/example_dags/example_latest_only.py took 0.056 seconds
[2025-03-01T01:02:10.118+0000] {processor.py:186} INFO - Started process (PID=222) to work on /home/airflow/.local/lib/python3.12/site-packages/airflow/example_dags/example_latest_only.py
[2025-03-01T01:02:10.118+0000] {processor.py:914} INFO - Processing file /home/airflow/.local/lib/python3.12/site-packages/airflow/example_dags/example_latest_only.py for tasks to queue
[2025-03-01T01:02:10.120+0000] {logging_mixin.py:190} INFO - [2025-03-01T01:02:10.120+0000] {dagbag.py:588} INFO - Filling up the DagBag from /home/airflow/.local/lib/python3.12/site-packages/airflow/example_dags/example_latest_only.py
[2025-03-01T01:02:10.127+0000] {processor.py:925} INFO - DAG(s) 'latest_only' retrieved from /home/airflow/.local/lib/python3.12/site-packages/airflow/example_dags/example_latest_only.py
[2025-03-01T01:02:10.143+0000] {logging_mixin.py:190} INFO - [2025-03-01T01:02:10.143+0000] {dag.py:3239} INFO - Sync 1 DAGs
[2025-03-01T01:02:10.163+0000] {logging_mixin.py:190} INFO - [2025-03-01T01:02:10.163+0000] {dag.py:4180} INFO - Setting next_dagrun for latest_only to 2025-02-28 20:00:00+00:00, run_after=2025-03-01 00:00:00+00:00
[2025-03-01T01:02:10.176+0000] {processor.py:208} INFO - Processing /home/airflow/.local/lib/python3.12/site-packages/airflow/example_dags/example_latest_only.py took 0.063 seconds
[2025-03-01T01:02:40.422+0000] {processor.py:186} INFO - Started process (PID=284) to work on /home/airflow/.local/lib/python3.12/site-packages/airflow/example_dags/example_latest_only.py
[2025-03-01T01:02:40.423+0000] {processor.py:914} INFO - Processing file /home/airflow/.local/lib/python3.12/site-packages/airflow/example_dags/example_latest_only.py for tasks to queue
[2025-03-01T01:02:40.425+0000] {logging_mixin.py:190} INFO - [2025-03-01T01:02:40.424+0000] {dagbag.py:588} INFO - Filling up the DagBag from /home/airflow/.local/lib/python3.12/site-packages/airflow/example_dags/example_latest_only.py
[2025-03-01T01:02:40.431+0000] {processor.py:925} INFO - DAG(s) 'latest_only' retrieved from /home/airflow/.local/lib/python3.12/site-packages/airflow/example_dags/example_latest_only.py
[2025-03-01T01:02:40.445+0000] {logging_mixin.py:190} INFO - [2025-03-01T01:02:40.445+0000] {dag.py:3239} INFO - Sync 1 DAGs
[2025-03-01T01:02:40.465+0000] {logging_mixin.py:190} INFO - [2025-03-01T01:02:40.465+0000] {dag.py:4180} INFO - Setting next_dagrun for latest_only to 2025-02-28 20:00:00+00:00, run_after=2025-03-01 00:00:00+00:00
[2025-03-01T01:02:40.479+0000] {processor.py:208} INFO - Processing /home/airflow/.local/lib/python3.12/site-packages/airflow/example_dags/example_latest_only.py took 0.062 seconds
[2025-03-01T01:03:11.032+0000] {processor.py:186} INFO - Started process (PID=347) to work on /home/airflow/.local/lib/python3.12/site-packages/airflow/example_dags/example_latest_only.py
[2025-03-01T01:03:11.033+0000] {processor.py:914} INFO - Processing file /home/airflow/.local/lib/python3.12/site-packages/airflow/example_dags/example_latest_only.py for tasks to queue
[2025-03-01T01:03:11.035+0000] {logging_mixin.py:190} INFO - [2025-03-01T01:03:11.035+0000] {dagbag.py:588} INFO - Filling up the DagBag from /home/airflow/.local/lib/python3.12/site-packages/airflow/example_dags/example_latest_only.py
[2025-03-01T01:03:11.042+0000] {processor.py:925} INFO - DAG(s) 'latest_only' retrieved from /home/airflow/.local/lib/python3.12/site-packages/airflow/example_dags/example_latest_only.py
[2025-03-01T01:03:11.063+0000] {logging_mixin.py:190} INFO - [2025-03-01T01:03:11.063+0000] {dag.py:3239} INFO - Sync 1 DAGs
[2025-03-01T01:03:11.093+0000] {logging_mixin.py:190} INFO - [2025-03-01T01:03:11.092+0000] {dag.py:4180} INFO - Setting next_dagrun for latest_only to 2025-02-28 20:00:00+00:00, run_after=2025-03-01 00:00:00+00:00
[2025-03-01T01:03:11.109+0000] {processor.py:208} INFO - Processing /home/airflow/.local/lib/python3.12/site-packages/airflow/example_dags/example_latest_only.py took 0.084 seconds
[2025-03-01T01:03:41.742+0000] {processor.py:186} INFO - Started process (PID=410) to work on /home/airflow/.local/lib/python3.12/site-packages/airflow/example_dags/example_latest_only.py
[2025-03-01T01:03:41.743+0000] {processor.py:914} INFO - Processing file /home/airflow/.local/lib/python3.12/site-packages/airflow/example_dags/example_latest_only.py for tasks to queue
[2025-03-01T01:03:41.745+0000] {logging_mixin.py:190} INFO - [2025-03-01T01:03:41.744+0000] {dagbag.py:588} INFO - Filling up the DagBag from /home/airflow/.local/lib/python3.12/site-packages/airflow/example_dags/example_latest_only.py
[2025-03-01T01:03:41.750+0000] {processor.py:925} INFO - DAG(s) 'latest_only' retrieved from /home/airflow/.local/lib/python3.12/site-packages/airflow/example_dags/example_latest_only.py
[2025-03-01T01:03:41.764+0000] {logging_mixin.py:190} INFO - [2025-03-01T01:03:41.764+0000] {dag.py:3239} INFO - Sync 1 DAGs
[2025-03-01T01:03:41.782+0000] {logging_mixin.py:190} INFO - [2025-03-01T01:03:41.782+0000] {dag.py:4180} INFO - Setting next_dagrun for latest_only to 2025-02-28 20:00:00+00:00, run_after=2025-03-01 00:00:00+00:00
[2025-03-01T01:03:41.794+0000] {processor.py:208} INFO - Processing /home/airflow/.local/lib/python3.12/site-packages/airflow/example_dags/example_latest_only.py took 0.056 seconds
[2025-03-01T01:04:11.965+0000] {processor.py:186} INFO - Started process (PID=472) to work on /home/airflow/.local/lib/python3.12/site-packages/airflow/example_dags/example_latest_only.py
[2025-03-01T01:04:11.966+0000] {processor.py:914} INFO - Processing file /home/airflow/.local/lib/python3.12/site-packages/airflow/example_dags/example_latest_only.py for tasks to queue
[2025-03-01T01:04:11.967+0000] {logging_mixin.py:190} INFO - [2025-03-01T01:04:11.967+0000] {dagbag.py:588} INFO - Filling up the DagBag from /home/airflow/.local/lib/python3.12/site-packages/airflow/example_dags/example_latest_only.py
[2025-03-01T01:04:11.973+0000] {processor.py:925} INFO - DAG(s) 'latest_only' retrieved from /home/airflow/.local/lib/python3.12/site-packages/airflow/example_dags/example_latest_only.py
[2025-03-01T01:04:11.993+0000] {logging_mixin.py:190} INFO - [2025-03-01T01:04:11.993+0000] {dag.py:3239} INFO - Sync 1 DAGs
[2025-03-01T01:04:12.011+0000] {logging_mixin.py:190} INFO - [2025-03-01T01:04:12.011+0000] {dag.py:4180} INFO - Setting next_dagrun for latest_only to 2025-02-28 20:00:00+00:00, run_after=2025-03-01 00:00:00+00:00
[2025-03-01T01:04:12.028+0000] {processor.py:208} INFO - Processing /home/airflow/.local/lib/python3.12/site-packages/airflow/example_dags/example_latest_only.py took 0.067 seconds
[2025-03-01T01:04:42.395+0000] {processor.py:186} INFO - Started process (PID=535) to work on /home/airflow/.local/lib/python3.12/site-packages/airflow/example_dags/example_latest_only.py
[2025-03-01T01:04:42.396+0000] {processor.py:914} INFO - Processing file /home/airflow/.local/lib/python3.12/site-packages/airflow/example_dags/example_latest_only.py for tasks to queue
[2025-03-01T01:04:42.398+0000] {logging_mixin.py:190} INFO - [2025-03-01T01:04:42.398+0000] {dagbag.py:588} INFO - Filling up the DagBag from /home/airflow/.local/lib/python3.12/site-packages/airflow/example_dags/example_latest_only.py
[2025-03-01T01:04:42.404+0000] {processor.py:925} INFO - DAG(s) 'latest_only' retrieved from /home/airflow/.local/lib/python3.12/site-packages/airflow/example_dags/example_latest_only.py
[2025-03-01T01:04:42.418+0000] {logging_mixin.py:190} INFO - [2025-03-01T01:04:42.418+0000] {dag.py:3239} INFO - Sync 1 DAGs
[2025-03-01T01:04:42.436+0000] {logging_mixin.py:190} INFO - [2025-03-01T01:04:42.435+0000] {dag.py:4180} INFO - Setting next_dagrun for latest_only to 2025-02-28 20:00:00+00:00, run_after=2025-03-01 00:00:00+00:00
[2025-03-01T01:04:42.449+0000] {processor.py:208} INFO - Processing /home/airflow/.local/lib/python3.12/site-packages/airflow/example_dags/example_latest_only.py took 0.060 seconds
[2025-03-01T01:05:12.573+0000] {processor.py:186} INFO - Started process (PID=598) to work on /home/airflow/.local/lib/python3.12/site-packages/airflow/example_dags/example_latest_only.py
[2025-03-01T01:05:12.574+0000] {processor.py:914} INFO - Processing file /home/airflow/.local/lib/python3.12/site-packages/airflow/example_dags/example_latest_only.py for tasks to queue
[2025-03-01T01:05:12.575+0000] {logging_mixin.py:190} INFO - [2025-03-01T01:05:12.575+0000] {dagbag.py:588} INFO - Filling up the DagBag from /home/airflow/.local/lib/python3.12/site-packages/airflow/example_dags/example_latest_only.py
[2025-03-01T01:05:12.581+0000] {processor.py:925} INFO - DAG(s) 'latest_only' retrieved from /home/airflow/.local/lib/python3.12/site-packages/airflow/example_dags/example_latest_only.py
[2025-03-01T01:05:12.598+0000] {logging_mixin.py:190} INFO - [2025-03-01T01:05:12.598+0000] {dag.py:3239} INFO - Sync 1 DAGs
[2025-03-01T01:05:12.622+0000] {logging_mixin.py:190} INFO - [2025-03-01T01:05:12.622+0000] {dag.py:4180} INFO - Setting next_dagrun for latest_only to 2025-02-28 20:00:00+00:00, run_after=2025-03-01 00:00:00+00:00
[2025-03-01T01:05:12.637+0000] {processor.py:208} INFO - Processing /home/airflow/.local/lib/python3.12/site-packages/airflow/example_dags/example_latest_only.py took 0.068 seconds
[2025-03-01T01:05:43.180+0000] {processor.py:186} INFO - Started process (PID=661) to work on /home/airflow/.local/lib/python3.12/site-packages/airflow/example_dags/example_latest_only.py
[2025-03-01T01:05:43.180+0000] {processor.py:914} INFO - Processing file /home/airflow/.local/lib/python3.12/site-packages/airflow/example_dags/example_latest_only.py for tasks to queue
[2025-03-01T01:05:43.182+0000] {logging_mixin.py:190} INFO - [2025-03-01T01:05:43.182+0000] {dagbag.py:588} INFO - Filling up the DagBag from /home/airflow/.local/lib/python3.12/site-packages/airflow/example_dags/example_latest_only.py
[2025-03-01T01:05:43.188+0000] {processor.py:925} INFO - DAG(s) 'latest_only' retrieved from /home/airflow/.local/lib/python3.12/site-packages/airflow/example_dags/example_latest_only.py
[2025-03-01T01:05:43.202+0000] {logging_mixin.py:190} INFO - [2025-03-01T01:05:43.202+0000] {dag.py:3239} INFO - Sync 1 DAGs
[2025-03-01T01:05:43.220+0000] {logging_mixin.py:190} INFO - [2025-03-01T01:05:43.220+0000] {dag.py:4180} INFO - Setting next_dagrun for latest_only to 2025-02-28 20:00:00+00:00, run_after=2025-03-01 00:00:00+00:00
[2025-03-01T01:05:43.234+0000] {processor.py:208} INFO - Processing /home/airflow/.local/lib/python3.12/site-packages/airflow/example_dags/example_latest_only.py took 0.058 seconds
[2025-03-01T01:06:13.541+0000] {processor.py:186} INFO - Started process (PID=724) to work on /home/airflow/.local/lib/python3.12/site-packages/airflow/example_dags/example_latest_only.py
[2025-03-01T01:06:13.542+0000] {processor.py:914} INFO - Processing file /home/airflow/.local/lib/python3.12/site-packages/airflow/example_dags/example_latest_only.py for tasks to queue
[2025-03-01T01:06:13.544+0000] {logging_mixin.py:190} INFO - [2025-03-01T01:06:13.544+0000] {dagbag.py:588} INFO - Filling up the DagBag from /home/airflow/.local/lib/python3.12/site-packages/airflow/example_dags/example_latest_only.py
[2025-03-01T01:06:13.550+0000] {processor.py:925} INFO - DAG(s) 'latest_only' retrieved from /home/airflow/.local/lib/python3.12/site-packages/airflow/example_dags/example_latest_only.py
[2025-03-01T01:06:13.567+0000] {logging_mixin.py:190} INFO - [2025-03-01T01:06:13.567+0000] {dag.py:3239} INFO - Sync 1 DAGs
[2025-03-01T01:06:13.595+0000] {logging_mixin.py:190} INFO - [2025-03-01T01:06:13.595+0000] {dag.py:4180} INFO - Setting next_dagrun for latest_only to 2025-02-28 20:00:00+00:00, run_after=2025-03-01 00:00:00+00:00
[2025-03-01T01:06:13.610+0000] {processor.py:208} INFO - Processing /home/airflow/.local/lib/python3.12/site-packages/airflow/example_dags/example_latest_only.py took 0.075 seconds
[2025-03-01T01:06:43.970+0000] {processor.py:186} INFO - Started process (PID=787) to work on /home/airflow/.local/lib/python3.12/site-packages/airflow/example_dags/example_latest_only.py
[2025-03-01T01:06:43.970+0000] {processor.py:914} INFO - Processing file /home/airflow/.local/lib/python3.12/site-packages/airflow/example_dags/example_latest_only.py for tasks to queue
[2025-03-01T01:06:43.972+0000] {logging_mixin.py:190} INFO - [2025-03-01T01:06:43.972+0000] {dagbag.py:588} INFO - Filling up the DagBag from /home/airflow/.local/lib/python3.12/site-packages/airflow/example_dags/example_latest_only.py
[2025-03-01T01:06:43.979+0000] {processor.py:925} INFO - DAG(s) 'latest_only' retrieved from /home/airflow/.local/lib/python3.12/site-packages/airflow/example_dags/example_latest_only.py
[2025-03-01T01:06:43.998+0000] {logging_mixin.py:190} INFO - [2025-03-01T01:06:43.998+0000] {dag.py:3239} INFO - Sync 1 DAGs
[2025-03-01T01:06:44.021+0000] {logging_mixin.py:190} INFO - [2025-03-01T01:06:44.020+0000] {dag.py:4180} INFO - Setting next_dagrun for latest_only to 2025-02-28 20:00:00+00:00, run_after=2025-03-01 00:00:00+00:00
[2025-03-01T01:06:44.035+0000] {processor.py:208} INFO - Processing /home/airflow/.local/lib/python3.12/site-packages/airflow/example_dags/example_latest_only.py took 0.070 seconds
[2025-03-01T01:07:14.310+0000] {processor.py:186} INFO - Started process (PID=850) to work on /home/airflow/.local/lib/python3.12/site-packages/airflow/example_dags/example_latest_only.py
[2025-03-01T01:07:14.311+0000] {processor.py:914} INFO - Processing file /home/airflow/.local/lib/python3.12/site-packages/airflow/example_dags/example_latest_only.py for tasks to queue
[2025-03-01T01:07:14.313+0000] {logging_mixin.py:190} INFO - [2025-03-01T01:07:14.313+0000] {dagbag.py:588} INFO - Filling up the DagBag from /home/airflow/.local/lib/python3.12/site-packages/airflow/example_dags/example_latest_only.py
[2025-03-01T01:07:14.320+0000] {processor.py:925} INFO - DAG(s) 'latest_only' retrieved from /home/airflow/.local/lib/python3.12/site-packages/airflow/example_dags/example_latest_only.py
[2025-03-01T01:07:14.334+0000] {logging_mixin.py:190} INFO - [2025-03-01T01:07:14.334+0000] {dag.py:3239} INFO - Sync 1 DAGs
[2025-03-01T01:07:14.352+0000] {logging_mixin.py:190} INFO - [2025-03-01T01:07:14.352+0000] {dag.py:4180} INFO - Setting next_dagrun for latest_only to 2025-02-28 20:00:00+00:00, run_after=2025-03-01 00:00:00+00:00
[2025-03-01T01:07:14.364+0000] {processor.py:208} INFO - Processing /home/airflow/.local/lib/python3.12/site-packages/airflow/example_dags/example_latest_only.py took 0.059 seconds
[2025-03-01T01:07:44.491+0000] {processor.py:186} INFO - Started process (PID=913) to work on /home/airflow/.local/lib/python3.12/site-packages/airflow/example_dags/example_latest_only.py
[2025-03-01T01:07:44.492+0000] {processor.py:914} INFO - Processing file /home/airflow/.local/lib/python3.12/site-packages/airflow/example_dags/example_latest_only.py for tasks to queue
[2025-03-01T01:07:44.493+0000] {logging_mixin.py:190} INFO - [2025-03-01T01:07:44.493+0000] {dagbag.py:588} INFO - Filling up the DagBag from /home/airflow/.local/lib/python3.12/site-packages/airflow/example_dags/example_latest_only.py
[2025-03-01T01:07:44.498+0000] {processor.py:925} INFO - DAG(s) 'latest_only' retrieved from /home/airflow/.local/lib/python3.12/site-packages/airflow/example_dags/example_latest_only.py
[2025-03-01T01:07:44.515+0000] {logging_mixin.py:190} INFO - [2025-03-01T01:07:44.515+0000] {dag.py:3239} INFO - Sync 1 DAGs
[2025-03-01T01:07:44.538+0000] {logging_mixin.py:190} INFO - [2025-03-01T01:07:44.538+0000] {dag.py:4180} INFO - Setting next_dagrun for latest_only to 2025-02-28 20:00:00+00:00, run_after=2025-03-01 00:00:00+00:00
[2025-03-01T01:07:44.553+0000] {processor.py:208} INFO - Processing /home/airflow/.local/lib/python3.12/site-packages/airflow/example_dags/example_latest_only.py took 0.067 seconds
[2025-03-01T01:08:14.721+0000] {processor.py:186} INFO - Started process (PID=977) to work on /home/airflow/.local/lib/python3.12/site-packages/airflow/example_dags/example_latest_only.py
[2025-03-01T01:08:14.721+0000] {processor.py:914} INFO - Processing file /home/airflow/.local/lib/python3.12/site-packages/airflow/example_dags/example_latest_only.py for tasks to queue
[2025-03-01T01:08:14.723+0000] {logging_mixin.py:190} INFO - [2025-03-01T01:08:14.723+0000] {dagbag.py:588} INFO - Filling up the DagBag from /home/airflow/.local/lib/python3.12/site-packages/airflow/example_dags/example_latest_only.py
[2025-03-01T01:08:14.728+0000] {processor.py:925} INFO - DAG(s) 'latest_only' retrieved from /home/airflow/.local/lib/python3.12/site-packages/airflow/example_dags/example_latest_only.py
[2025-03-01T01:08:14.744+0000] {logging_mixin.py:190} INFO - [2025-03-01T01:08:14.744+0000] {dag.py:3239} INFO - Sync 1 DAGs
[2025-03-01T01:08:14.767+0000] {logging_mixin.py:190} INFO - [2025-03-01T01:08:14.766+0000] {dag.py:4180} INFO - Setting next_dagrun for latest_only to 2025-02-28 20:00:00+00:00, run_after=2025-03-01 00:00:00+00:00
[2025-03-01T01:08:14.781+0000] {processor.py:208} INFO - Processing /home/airflow/.local/lib/python3.12/site-packages/airflow/example_dags/example_latest_only.py took 0.065 seconds
[2025-03-01T01:08:44.986+0000] {processor.py:186} INFO - Started process (PID=1039) to work on /home/airflow/.local/lib/python3.12/site-packages/airflow/example_dags/example_latest_only.py
[2025-03-01T01:08:44.987+0000] {processor.py:914} INFO - Processing file /home/airflow/.local/lib/python3.12/site-packages/airflow/example_dags/example_latest_only.py for tasks to queue
[2025-03-01T01:08:44.989+0000] {logging_mixin.py:190} INFO - [2025-03-01T01:08:44.989+0000] {dagbag.py:588} INFO - Filling up the DagBag from /home/airflow/.local/lib/python3.12/site-packages/airflow/example_dags/example_latest_only.py
[2025-03-01T01:08:44.996+0000] {processor.py:925} INFO - DAG(s) 'latest_only' retrieved from /home/airflow/.local/lib/python3.12/site-packages/airflow/example_dags/example_latest_only.py
[2025-03-01T01:08:45.013+0000] {logging_mixin.py:190} INFO - [2025-03-01T01:08:45.013+0000] {dag.py:3239} INFO - Sync 1 DAGs
[2025-03-01T01:08:45.036+0000] {logging_mixin.py:190} INFO - [2025-03-01T01:08:45.035+0000] {dag.py:4180} INFO - Setting next_dagrun for latest_only to 2025-02-28 20:00:00+00:00, run_after=2025-03-01 00:00:00+00:00
[2025-03-01T01:08:45.051+0000] {processor.py:208} INFO - Processing /home/airflow/.local/lib/python3.12/site-packages/airflow/example_dags/example_latest_only.py took 0.069 seconds
[2025-03-01T01:09:15.289+0000] {processor.py:186} INFO - Started process (PID=1102) to work on /home/airflow/.local/lib/python3.12/site-packages/airflow/example_dags/example_latest_only.py
[2025-03-01T01:09:15.289+0000] {processor.py:914} INFO - Processing file /home/airflow/.local/lib/python3.12/site-packages/airflow/example_dags/example_latest_only.py for tasks to queue
[2025-03-01T01:09:15.291+0000] {logging_mixin.py:190} INFO - [2025-03-01T01:09:15.290+0000] {dagbag.py:588} INFO - Filling up the DagBag from /home/airflow/.local/lib/python3.12/site-packages/airflow/example_dags/example_latest_only.py
[2025-03-01T01:09:15.296+0000] {processor.py:925} INFO - DAG(s) 'latest_only' retrieved from /home/airflow/.local/lib/python3.12/site-packages/airflow/example_dags/example_latest_only.py
[2025-03-01T01:09:15.315+0000] {logging_mixin.py:190} INFO - [2025-03-01T01:09:15.315+0000] {dag.py:3239} INFO - Sync 1 DAGs
[2025-03-01T01:09:15.342+0000] {logging_mixin.py:190} INFO - [2025-03-01T01:09:15.342+0000] {dag.py:4180} INFO - Setting next_dagrun for latest_only to 2025-02-28 20:00:00+00:00, run_after=2025-03-01 00:00:00+00:00
[2025-03-01T01:09:15.358+0000] {processor.py:208} INFO - Processing /home/airflow/.local/lib/python3.12/site-packages/airflow/example_dags/example_latest_only.py took 0.074 seconds
[2025-03-01T01:09:45.564+0000] {processor.py:186} INFO - Started process (PID=1165) to work on /home/airflow/.local/lib/python3.12/site-packages/airflow/example_dags/example_latest_only.py
[2025-03-01T01:09:45.564+0000] {processor.py:914} INFO - Processing file /home/airflow/.local/lib/python3.12/site-packages/airflow/example_dags/example_latest_only.py for tasks to queue
[2025-03-01T01:09:45.566+0000] {logging_mixin.py:190} INFO - [2025-03-01T01:09:45.566+0000] {dagbag.py:588} INFO - Filling up the DagBag from /home/airflow/.local/lib/python3.12/site-packages/airflow/example_dags/example_latest_only.py
[2025-03-01T01:09:45.572+0000] {processor.py:925} INFO - DAG(s) 'latest_only' retrieved from /home/airflow/.local/lib/python3.12/site-packages/airflow/example_dags/example_latest_only.py
[2025-03-01T01:09:45.591+0000] {logging_mixin.py:190} INFO - [2025-03-01T01:09:45.590+0000] {dag.py:3239} INFO - Sync 1 DAGs
[2025-03-01T01:09:45.613+0000] {logging_mixin.py:190} INFO - [2025-03-01T01:09:45.613+0000] {dag.py:4180} INFO - Setting next_dagrun for latest_only to 2025-02-28 20:00:00+00:00, run_after=2025-03-01 00:00:00+00:00
[2025-03-01T01:09:45.628+0000] {processor.py:208} INFO - Processing /home/airflow/.local/lib/python3.12/site-packages/airflow/example_dags/example_latest_only.py took 0.070 seconds
[2025-03-01T01:10:15.896+0000] {processor.py:186} INFO - Started process (PID=1228) to work on /home/airflow/.local/lib/python3.12/site-packages/airflow/example_dags/example_latest_only.py
[2025-03-01T01:10:15.897+0000] {processor.py:914} INFO - Processing file /home/airflow/.local/lib/python3.12/site-packages/airflow/example_dags/example_latest_only.py for tasks to queue
[2025-03-01T01:10:15.898+0000] {logging_mixin.py:190} INFO - [2025-03-01T01:10:15.898+0000] {dagbag.py:588} INFO - Filling up the DagBag from /home/airflow/.local/lib/python3.12/site-packages/airflow/example_dags/example_latest_only.py
[2025-03-01T01:10:15.904+0000] {processor.py:925} INFO - DAG(s) 'latest_only' retrieved from /home/airflow/.local/lib/python3.12/site-packages/airflow/example_dags/example_latest_only.py
[2025-03-01T01:10:15.921+0000] {logging_mixin.py:190} INFO - [2025-03-01T01:10:15.921+0000] {dag.py:3239} INFO - Sync 1 DAGs
[2025-03-01T01:10:15.944+0000] {logging_mixin.py:190} INFO - [2025-03-01T01:10:15.944+0000] {dag.py:4180} INFO - Setting next_dagrun for latest_only to 2025-02-28 20:00:00+00:00, run_after=2025-03-01 00:00:00+00:00
[2025-03-01T01:10:15.958+0000] {processor.py:208} INFO - Processing /home/airflow/.local/lib/python3.12/site-packages/airflow/example_dags/example_latest_only.py took 0.067 seconds
