[2025-03-01T01:01:10.443+0000] {processor.py:186} INFO - Started process (PID=103) to work on /home/airflow/.local/lib/python3.12/site-packages/airflow/example_dags/example_branch_datetime_operator.py
[2025-03-01T01:01:10.443+0000] {processor.py:914} INFO - Processing file /home/airflow/.local/lib/python3.12/site-packages/airflow/example_dags/example_branch_datetime_operator.py for tasks to queue
[2025-03-01T01:01:10.446+0000] {logging_mixin.py:190} INFO - [2025-03-01T01:01:10.445+0000] {dagbag.py:588} INFO - Filling up the DagBag from /home/airflow/.local/lib/python3.12/site-packages/airflow/example_dags/example_branch_datetime_operator.py
[2025-03-01T01:01:10.460+0000] {processor.py:925} INFO - DAG(s) 'example_branch_datetime_operator', 'example_branch_datetime_operator_3', 'example_branch_datetime_operator_2' retrieved from /home/airflow/.local/lib/python3.12/site-packages/airflow/example_dags/example_branch_datetime_operator.py
[2025-03-01T01:01:10.582+0000] {logging_mixin.py:190} INFO - [2025-03-01T01:01:10.581+0000] {override.py:1911} INFO - Created Permission View: can edit on DAG:example_branch_datetime_operator
[2025-03-01T01:01:10.592+0000] {logging_mixin.py:190} INFO - [2025-03-01T01:01:10.592+0000] {override.py:1911} INFO - Created Permission View: can read on DAG:example_branch_datetime_operator
[2025-03-01T01:01:10.597+0000] {logging_mixin.py:190} INFO - [2025-03-01T01:01:10.596+0000] {override.py:1911} INFO - Created Permission View: can delete on DAG:example_branch_datetime_operator
[2025-03-01T01:01:10.601+0000] {logging_mixin.py:190} INFO - [2025-03-01T01:01:10.601+0000] {override.py:1911} INFO - Created Permission View: menu access on DAG Run:example_branch_datetime_operator
[2025-03-01T01:01:10.606+0000] {logging_mixin.py:190} INFO - [2025-03-01T01:01:10.606+0000] {override.py:1911} INFO - Created Permission View: can delete on DAG Run:example_branch_datetime_operator
[2025-03-01T01:01:10.610+0000] {logging_mixin.py:190} INFO - [2025-03-01T01:01:10.610+0000] {override.py:1911} INFO - Created Permission View: can create on DAG Run:example_branch_datetime_operator
[2025-03-01T01:01:10.615+0000] {logging_mixin.py:190} INFO - [2025-03-01T01:01:10.615+0000] {override.py:1911} INFO - Created Permission View: can read on DAG Run:example_branch_datetime_operator
[2025-03-01T01:01:10.629+0000] {logging_mixin.py:190} INFO - [2025-03-01T01:01:10.629+0000] {override.py:1911} INFO - Created Permission View: can edit on DAG:example_branch_datetime_operator_3
[2025-03-01T01:01:10.634+0000] {logging_mixin.py:190} INFO - [2025-03-01T01:01:10.634+0000] {override.py:1911} INFO - Created Permission View: can read on DAG:example_branch_datetime_operator_3
[2025-03-01T01:01:10.639+0000] {logging_mixin.py:190} INFO - [2025-03-01T01:01:10.639+0000] {override.py:1911} INFO - Created Permission View: can delete on DAG:example_branch_datetime_operator_3
[2025-03-01T01:01:10.645+0000] {logging_mixin.py:190} INFO - [2025-03-01T01:01:10.644+0000] {override.py:1911} INFO - Created Permission View: menu access on DAG Run:example_branch_datetime_operator_3
[2025-03-01T01:01:10.649+0000] {logging_mixin.py:190} INFO - [2025-03-01T01:01:10.649+0000] {override.py:1911} INFO - Created Permission View: can delete on DAG Run:example_branch_datetime_operator_3
[2025-03-01T01:01:10.653+0000] {logging_mixin.py:190} INFO - [2025-03-01T01:01:10.653+0000] {override.py:1911} INFO - Created Permission View: can create on DAG Run:example_branch_datetime_operator_3
[2025-03-01T01:01:10.657+0000] {logging_mixin.py:190} INFO - [2025-03-01T01:01:10.657+0000] {override.py:1911} INFO - Created Permission View: can read on DAG Run:example_branch_datetime_operator_3
[2025-03-01T01:01:10.665+0000] {logging_mixin.py:190} INFO - [2025-03-01T01:01:10.665+0000] {override.py:1911} INFO - Created Permission View: can edit on DAG:example_branch_datetime_operator_2
[2025-03-01T01:01:10.669+0000] {logging_mixin.py:190} INFO - [2025-03-01T01:01:10.669+0000] {override.py:1911} INFO - Created Permission View: can read on DAG:example_branch_datetime_operator_2
[2025-03-01T01:01:10.674+0000] {logging_mixin.py:190} INFO - [2025-03-01T01:01:10.674+0000] {override.py:1911} INFO - Created Permission View: can delete on DAG:example_branch_datetime_operator_2
[2025-03-01T01:01:10.678+0000] {logging_mixin.py:190} INFO - [2025-03-01T01:01:10.678+0000] {override.py:1911} INFO - Created Permission View: menu access on DAG Run:example_branch_datetime_operator_2
[2025-03-01T01:01:10.682+0000] {logging_mixin.py:190} INFO - [2025-03-01T01:01:10.682+0000] {override.py:1911} INFO - Created Permission View: can delete on DAG Run:example_branch_datetime_operator_2
[2025-03-01T01:01:10.686+0000] {logging_mixin.py:190} INFO - [2025-03-01T01:01:10.686+0000] {override.py:1911} INFO - Created Permission View: can create on DAG Run:example_branch_datetime_operator_2
[2025-03-01T01:01:10.691+0000] {logging_mixin.py:190} INFO - [2025-03-01T01:01:10.690+0000] {override.py:1911} INFO - Created Permission View: can read on DAG Run:example_branch_datetime_operator_2
[2025-03-01T01:01:10.691+0000] {logging_mixin.py:190} INFO - [2025-03-01T01:01:10.691+0000] {dag.py:3239} INFO - Sync 3 DAGs
[2025-03-01T01:01:10.702+0000] {logging_mixin.py:190} INFO - [2025-03-01T01:01:10.701+0000] {dag.py:3262} INFO - Creating ORM DAG for example_branch_datetime_operator_2
[2025-03-01T01:01:10.702+0000] {logging_mixin.py:190} INFO - [2025-03-01T01:01:10.702+0000] {dag.py:3262} INFO - Creating ORM DAG for example_branch_datetime_operator
[2025-03-01T01:01:10.702+0000] {logging_mixin.py:190} INFO - [2025-03-01T01:01:10.702+0000] {dag.py:3262} INFO - Creating ORM DAG for example_branch_datetime_operator_3
[2025-03-01T01:01:10.710+0000] {logging_mixin.py:190} INFO - [2025-03-01T01:01:10.710+0000] {dag.py:4180} INFO - Setting next_dagrun for example_branch_datetime_operator to 2025-02-28 00:00:00+00:00, run_after=2025-03-01 00:00:00+00:00
[2025-03-01T01:01:10.712+0000] {logging_mixin.py:190} INFO - [2025-03-01T01:01:10.711+0000] {dag.py:4180} INFO - Setting next_dagrun for example_branch_datetime_operator_2 to 2025-02-28 00:00:00+00:00, run_after=2025-03-01 00:00:00+00:00
[2025-03-01T01:01:10.713+0000] {logging_mixin.py:190} INFO - [2025-03-01T01:01:10.713+0000] {dag.py:4180} INFO - Setting next_dagrun for example_branch_datetime_operator_3 to 2025-02-28 00:00:00+00:00, run_after=2025-03-01 00:00:00+00:00
[2025-03-01T01:01:10.725+0000] {processor.py:208} INFO - Processing /home/airflow/.local/lib/python3.12/site-packages/airflow/example_dags/example_branch_datetime_operator.py took 0.288 seconds
[2025-03-01T01:01:41.583+0000] {processor.py:186} INFO - Started process (PID=165) to work on /home/airflow/.local/lib/python3.12/site-packages/airflow/example_dags/example_branch_datetime_operator.py
[2025-03-01T01:01:41.583+0000] {processor.py:914} INFO - Processing file /home/airflow/.local/lib/python3.12/site-packages/airflow/example_dags/example_branch_datetime_operator.py for tasks to queue
[2025-03-01T01:01:41.586+0000] {logging_mixin.py:190} INFO - [2025-03-01T01:01:41.585+0000] {dagbag.py:588} INFO - Filling up the DagBag from /home/airflow/.local/lib/python3.12/site-packages/airflow/example_dags/example_branch_datetime_operator.py
[2025-03-01T01:01:41.598+0000] {processor.py:925} INFO - DAG(s) 'example_branch_datetime_operator_2', 'example_branch_datetime_operator', 'example_branch_datetime_operator_3' retrieved from /home/airflow/.local/lib/python3.12/site-packages/airflow/example_dags/example_branch_datetime_operator.py
[2025-03-01T01:01:41.624+0000] {logging_mixin.py:190} INFO - [2025-03-01T01:01:41.623+0000] {dag.py:3239} INFO - Sync 3 DAGs
[2025-03-01T01:01:41.645+0000] {logging_mixin.py:190} INFO - [2025-03-01T01:01:41.645+0000] {dag.py:4180} INFO - Setting next_dagrun for example_branch_datetime_operator to 2025-02-28 00:00:00+00:00, run_after=2025-03-01 00:00:00+00:00
[2025-03-01T01:01:41.649+0000] {logging_mixin.py:190} INFO - [2025-03-01T01:01:41.648+0000] {dag.py:4180} INFO - Setting next_dagrun for example_branch_datetime_operator_2 to 2025-02-28 00:00:00+00:00, run_after=2025-03-01 00:00:00+00:00
[2025-03-01T01:01:41.651+0000] {logging_mixin.py:190} INFO - [2025-03-01T01:01:41.650+0000] {dag.py:4180} INFO - Setting next_dagrun for example_branch_datetime_operator_3 to 2025-02-28 00:00:00+00:00, run_after=2025-03-01 00:00:00+00:00
[2025-03-01T01:01:41.663+0000] {processor.py:208} INFO - Processing /home/airflow/.local/lib/python3.12/site-packages/airflow/example_dags/example_branch_datetime_operator.py took 0.085 seconds
[2025-03-01T01:02:12.605+0000] {processor.py:186} INFO - Started process (PID=229) to work on /home/airflow/.local/lib/python3.12/site-packages/airflow/example_dags/example_branch_datetime_operator.py
[2025-03-01T01:02:12.605+0000] {processor.py:914} INFO - Processing file /home/airflow/.local/lib/python3.12/site-packages/airflow/example_dags/example_branch_datetime_operator.py for tasks to queue
[2025-03-01T01:02:12.607+0000] {logging_mixin.py:190} INFO - [2025-03-01T01:02:12.607+0000] {dagbag.py:588} INFO - Filling up the DagBag from /home/airflow/.local/lib/python3.12/site-packages/airflow/example_dags/example_branch_datetime_operator.py
[2025-03-01T01:02:12.617+0000] {processor.py:925} INFO - DAG(s) 'example_branch_datetime_operator', 'example_branch_datetime_operator_3', 'example_branch_datetime_operator_2' retrieved from /home/airflow/.local/lib/python3.12/site-packages/airflow/example_dags/example_branch_datetime_operator.py
[2025-03-01T01:02:12.642+0000] {logging_mixin.py:190} INFO - [2025-03-01T01:02:12.641+0000] {dag.py:3239} INFO - Sync 3 DAGs
[2025-03-01T01:02:12.665+0000] {logging_mixin.py:190} INFO - [2025-03-01T01:02:12.665+0000] {dag.py:4180} INFO - Setting next_dagrun for example_branch_datetime_operator to 2025-02-28 00:00:00+00:00, run_after=2025-03-01 00:00:00+00:00
[2025-03-01T01:02:12.670+0000] {logging_mixin.py:190} INFO - [2025-03-01T01:02:12.670+0000] {dag.py:4180} INFO - Setting next_dagrun for example_branch_datetime_operator_2 to 2025-02-28 00:00:00+00:00, run_after=2025-03-01 00:00:00+00:00
[2025-03-01T01:02:12.672+0000] {logging_mixin.py:190} INFO - [2025-03-01T01:02:12.672+0000] {dag.py:4180} INFO - Setting next_dagrun for example_branch_datetime_operator_3 to 2025-02-28 00:00:00+00:00, run_after=2025-03-01 00:00:00+00:00
[2025-03-01T01:02:12.686+0000] {processor.py:208} INFO - Processing /home/airflow/.local/lib/python3.12/site-packages/airflow/example_dags/example_branch_datetime_operator.py took 0.086 seconds
[2025-03-01T01:02:43.267+0000] {processor.py:186} INFO - Started process (PID=291) to work on /home/airflow/.local/lib/python3.12/site-packages/airflow/example_dags/example_branch_datetime_operator.py
[2025-03-01T01:02:43.268+0000] {processor.py:914} INFO - Processing file /home/airflow/.local/lib/python3.12/site-packages/airflow/example_dags/example_branch_datetime_operator.py for tasks to queue
[2025-03-01T01:02:43.269+0000] {logging_mixin.py:190} INFO - [2025-03-01T01:02:43.269+0000] {dagbag.py:588} INFO - Filling up the DagBag from /home/airflow/.local/lib/python3.12/site-packages/airflow/example_dags/example_branch_datetime_operator.py
[2025-03-01T01:02:43.279+0000] {processor.py:925} INFO - DAG(s) 'example_branch_datetime_operator_2', 'example_branch_datetime_operator', 'example_branch_datetime_operator_3' retrieved from /home/airflow/.local/lib/python3.12/site-packages/airflow/example_dags/example_branch_datetime_operator.py
[2025-03-01T01:02:43.308+0000] {logging_mixin.py:190} INFO - [2025-03-01T01:02:43.307+0000] {dag.py:3239} INFO - Sync 3 DAGs
[2025-03-01T01:02:43.332+0000] {logging_mixin.py:190} INFO - [2025-03-01T01:02:43.332+0000] {dag.py:4180} INFO - Setting next_dagrun for example_branch_datetime_operator to 2025-02-28 00:00:00+00:00, run_after=2025-03-01 00:00:00+00:00
[2025-03-01T01:02:43.335+0000] {logging_mixin.py:190} INFO - [2025-03-01T01:02:43.335+0000] {dag.py:4180} INFO - Setting next_dagrun for example_branch_datetime_operator_2 to 2025-02-28 00:00:00+00:00, run_after=2025-03-01 00:00:00+00:00
[2025-03-01T01:02:43.337+0000] {logging_mixin.py:190} INFO - [2025-03-01T01:02:43.337+0000] {dag.py:4180} INFO - Setting next_dagrun for example_branch_datetime_operator_3 to 2025-02-28 00:00:00+00:00, run_after=2025-03-01 00:00:00+00:00
[2025-03-01T01:02:43.350+0000] {processor.py:208} INFO - Processing /home/airflow/.local/lib/python3.12/site-packages/airflow/example_dags/example_branch_datetime_operator.py took 0.087 seconds
[2025-03-01T01:03:13.656+0000] {processor.py:186} INFO - Started process (PID=353) to work on /home/airflow/.local/lib/python3.12/site-packages/airflow/example_dags/example_branch_datetime_operator.py
[2025-03-01T01:03:13.656+0000] {processor.py:914} INFO - Processing file /home/airflow/.local/lib/python3.12/site-packages/airflow/example_dags/example_branch_datetime_operator.py for tasks to queue
[2025-03-01T01:03:13.658+0000] {logging_mixin.py:190} INFO - [2025-03-01T01:03:13.658+0000] {dagbag.py:588} INFO - Filling up the DagBag from /home/airflow/.local/lib/python3.12/site-packages/airflow/example_dags/example_branch_datetime_operator.py
[2025-03-01T01:03:13.668+0000] {processor.py:925} INFO - DAG(s) 'example_branch_datetime_operator', 'example_branch_datetime_operator_2', 'example_branch_datetime_operator_3' retrieved from /home/airflow/.local/lib/python3.12/site-packages/airflow/example_dags/example_branch_datetime_operator.py
[2025-03-01T01:03:13.690+0000] {logging_mixin.py:190} INFO - [2025-03-01T01:03:13.689+0000] {dag.py:3239} INFO - Sync 3 DAGs
[2025-03-01T01:03:13.710+0000] {logging_mixin.py:190} INFO - [2025-03-01T01:03:13.710+0000] {dag.py:4180} INFO - Setting next_dagrun for example_branch_datetime_operator to 2025-02-28 00:00:00+00:00, run_after=2025-03-01 00:00:00+00:00
[2025-03-01T01:03:13.714+0000] {logging_mixin.py:190} INFO - [2025-03-01T01:03:13.714+0000] {dag.py:4180} INFO - Setting next_dagrun for example_branch_datetime_operator_2 to 2025-02-28 00:00:00+00:00, run_after=2025-03-01 00:00:00+00:00
[2025-03-01T01:03:13.716+0000] {logging_mixin.py:190} INFO - [2025-03-01T01:03:13.716+0000] {dag.py:4180} INFO - Setting next_dagrun for example_branch_datetime_operator_3 to 2025-02-28 00:00:00+00:00, run_after=2025-03-01 00:00:00+00:00
[2025-03-01T01:03:13.728+0000] {processor.py:208} INFO - Processing /home/airflow/.local/lib/python3.12/site-packages/airflow/example_dags/example_branch_datetime_operator.py took 0.077 seconds
[2025-03-01T01:03:43.827+0000] {processor.py:186} INFO - Started process (PID=415) to work on /home/airflow/.local/lib/python3.12/site-packages/airflow/example_dags/example_branch_datetime_operator.py
[2025-03-01T01:03:43.828+0000] {processor.py:914} INFO - Processing file /home/airflow/.local/lib/python3.12/site-packages/airflow/example_dags/example_branch_datetime_operator.py for tasks to queue
[2025-03-01T01:03:43.830+0000] {logging_mixin.py:190} INFO - [2025-03-01T01:03:43.829+0000] {dagbag.py:588} INFO - Filling up the DagBag from /home/airflow/.local/lib/python3.12/site-packages/airflow/example_dags/example_branch_datetime_operator.py
[2025-03-01T01:03:43.840+0000] {processor.py:925} INFO - DAG(s) 'example_branch_datetime_operator', 'example_branch_datetime_operator_3', 'example_branch_datetime_operator_2' retrieved from /home/airflow/.local/lib/python3.12/site-packages/airflow/example_dags/example_branch_datetime_operator.py
[2025-03-01T01:03:43.860+0000] {logging_mixin.py:190} INFO - [2025-03-01T01:03:43.860+0000] {dag.py:3239} INFO - Sync 3 DAGs
[2025-03-01T01:03:43.881+0000] {logging_mixin.py:190} INFO - [2025-03-01T01:03:43.881+0000] {dag.py:4180} INFO - Setting next_dagrun for example_branch_datetime_operator to 2025-02-28 00:00:00+00:00, run_after=2025-03-01 00:00:00+00:00
[2025-03-01T01:03:43.885+0000] {logging_mixin.py:190} INFO - [2025-03-01T01:03:43.885+0000] {dag.py:4180} INFO - Setting next_dagrun for example_branch_datetime_operator_2 to 2025-02-28 00:00:00+00:00, run_after=2025-03-01 00:00:00+00:00
[2025-03-01T01:03:43.887+0000] {logging_mixin.py:190} INFO - [2025-03-01T01:03:43.887+0000] {dag.py:4180} INFO - Setting next_dagrun for example_branch_datetime_operator_3 to 2025-02-28 00:00:00+00:00, run_after=2025-03-01 00:00:00+00:00
[2025-03-01T01:03:43.898+0000] {processor.py:208} INFO - Processing /home/airflow/.local/lib/python3.12/site-packages/airflow/example_dags/example_branch_datetime_operator.py took 0.077 seconds
[2025-03-01T01:04:14.236+0000] {processor.py:186} INFO - Started process (PID=478) to work on /home/airflow/.local/lib/python3.12/site-packages/airflow/example_dags/example_branch_datetime_operator.py
[2025-03-01T01:04:14.237+0000] {processor.py:914} INFO - Processing file /home/airflow/.local/lib/python3.12/site-packages/airflow/example_dags/example_branch_datetime_operator.py for tasks to queue
[2025-03-01T01:04:14.239+0000] {logging_mixin.py:190} INFO - [2025-03-01T01:04:14.239+0000] {dagbag.py:588} INFO - Filling up the DagBag from /home/airflow/.local/lib/python3.12/site-packages/airflow/example_dags/example_branch_datetime_operator.py
[2025-03-01T01:04:14.250+0000] {processor.py:925} INFO - DAG(s) 'example_branch_datetime_operator', 'example_branch_datetime_operator_3', 'example_branch_datetime_operator_2' retrieved from /home/airflow/.local/lib/python3.12/site-packages/airflow/example_dags/example_branch_datetime_operator.py
[2025-03-01T01:04:14.271+0000] {logging_mixin.py:190} INFO - [2025-03-01T01:04:14.271+0000] {dag.py:3239} INFO - Sync 3 DAGs
[2025-03-01T01:04:14.289+0000] {logging_mixin.py:190} INFO - [2025-03-01T01:04:14.289+0000] {dag.py:4180} INFO - Setting next_dagrun for example_branch_datetime_operator to 2025-02-28 00:00:00+00:00, run_after=2025-03-01 00:00:00+00:00
[2025-03-01T01:04:14.292+0000] {logging_mixin.py:190} INFO - [2025-03-01T01:04:14.292+0000] {dag.py:4180} INFO - Setting next_dagrun for example_branch_datetime_operator_2 to 2025-02-28 00:00:00+00:00, run_after=2025-03-01 00:00:00+00:00
[2025-03-01T01:04:14.294+0000] {logging_mixin.py:190} INFO - [2025-03-01T01:04:14.294+0000] {dag.py:4180} INFO - Setting next_dagrun for example_branch_datetime_operator_3 to 2025-02-28 00:00:00+00:00, run_after=2025-03-01 00:00:00+00:00
[2025-03-01T01:04:14.307+0000] {processor.py:208} INFO - Processing /home/airflow/.local/lib/python3.12/site-packages/airflow/example_dags/example_branch_datetime_operator.py took 0.076 seconds
[2025-03-01T01:04:44.621+0000] {processor.py:186} INFO - Started process (PID=540) to work on /home/airflow/.local/lib/python3.12/site-packages/airflow/example_dags/example_branch_datetime_operator.py
[2025-03-01T01:04:44.622+0000] {processor.py:914} INFO - Processing file /home/airflow/.local/lib/python3.12/site-packages/airflow/example_dags/example_branch_datetime_operator.py for tasks to queue
[2025-03-01T01:04:44.624+0000] {logging_mixin.py:190} INFO - [2025-03-01T01:04:44.624+0000] {dagbag.py:588} INFO - Filling up the DagBag from /home/airflow/.local/lib/python3.12/site-packages/airflow/example_dags/example_branch_datetime_operator.py
[2025-03-01T01:04:44.637+0000] {processor.py:925} INFO - DAG(s) 'example_branch_datetime_operator_3', 'example_branch_datetime_operator', 'example_branch_datetime_operator_2' retrieved from /home/airflow/.local/lib/python3.12/site-packages/airflow/example_dags/example_branch_datetime_operator.py
[2025-03-01T01:04:44.665+0000] {logging_mixin.py:190} INFO - [2025-03-01T01:04:44.665+0000] {dag.py:3239} INFO - Sync 3 DAGs
[2025-03-01T01:04:44.693+0000] {logging_mixin.py:190} INFO - [2025-03-01T01:04:44.693+0000] {dag.py:4180} INFO - Setting next_dagrun for example_branch_datetime_operator to 2025-02-28 00:00:00+00:00, run_after=2025-03-01 00:00:00+00:00
[2025-03-01T01:04:44.698+0000] {logging_mixin.py:190} INFO - [2025-03-01T01:04:44.698+0000] {dag.py:4180} INFO - Setting next_dagrun for example_branch_datetime_operator_2 to 2025-02-28 00:00:00+00:00, run_after=2025-03-01 00:00:00+00:00
[2025-03-01T01:04:44.701+0000] {logging_mixin.py:190} INFO - [2025-03-01T01:04:44.701+0000] {dag.py:4180} INFO - Setting next_dagrun for example_branch_datetime_operator_3 to 2025-02-28 00:00:00+00:00, run_after=2025-03-01 00:00:00+00:00
[2025-03-01T01:04:44.716+0000] {processor.py:208} INFO - Processing /home/airflow/.local/lib/python3.12/site-packages/airflow/example_dags/example_branch_datetime_operator.py took 0.101 seconds
[2025-03-01T01:05:14.755+0000] {processor.py:186} INFO - Started process (PID=602) to work on /home/airflow/.local/lib/python3.12/site-packages/airflow/example_dags/example_branch_datetime_operator.py
[2025-03-01T01:05:14.756+0000] {processor.py:914} INFO - Processing file /home/airflow/.local/lib/python3.12/site-packages/airflow/example_dags/example_branch_datetime_operator.py for tasks to queue
[2025-03-01T01:05:14.758+0000] {logging_mixin.py:190} INFO - [2025-03-01T01:05:14.757+0000] {dagbag.py:588} INFO - Filling up the DagBag from /home/airflow/.local/lib/python3.12/site-packages/airflow/example_dags/example_branch_datetime_operator.py
[2025-03-01T01:05:14.772+0000] {processor.py:925} INFO - DAG(s) 'example_branch_datetime_operator_2', 'example_branch_datetime_operator', 'example_branch_datetime_operator_3' retrieved from /home/airflow/.local/lib/python3.12/site-packages/airflow/example_dags/example_branch_datetime_operator.py
[2025-03-01T01:05:14.801+0000] {logging_mixin.py:190} INFO - [2025-03-01T01:05:14.801+0000] {dag.py:3239} INFO - Sync 3 DAGs
[2025-03-01T01:05:14.823+0000] {logging_mixin.py:190} INFO - [2025-03-01T01:05:14.823+0000] {dag.py:4180} INFO - Setting next_dagrun for example_branch_datetime_operator to 2025-02-28 00:00:00+00:00, run_after=2025-03-01 00:00:00+00:00
[2025-03-01T01:05:14.826+0000] {logging_mixin.py:190} INFO - [2025-03-01T01:05:14.826+0000] {dag.py:4180} INFO - Setting next_dagrun for example_branch_datetime_operator_2 to 2025-02-28 00:00:00+00:00, run_after=2025-03-01 00:00:00+00:00
[2025-03-01T01:05:14.828+0000] {logging_mixin.py:190} INFO - [2025-03-01T01:05:14.828+0000] {dag.py:4180} INFO - Setting next_dagrun for example_branch_datetime_operator_3 to 2025-02-28 00:00:00+00:00, run_after=2025-03-01 00:00:00+00:00
[2025-03-01T01:05:14.839+0000] {processor.py:208} INFO - Processing /home/airflow/.local/lib/python3.12/site-packages/airflow/example_dags/example_branch_datetime_operator.py took 0.091 seconds
[2025-03-01T01:05:45.283+0000] {processor.py:186} INFO - Started process (PID=665) to work on /home/airflow/.local/lib/python3.12/site-packages/airflow/example_dags/example_branch_datetime_operator.py
[2025-03-01T01:05:45.283+0000] {processor.py:914} INFO - Processing file /home/airflow/.local/lib/python3.12/site-packages/airflow/example_dags/example_branch_datetime_operator.py for tasks to queue
[2025-03-01T01:05:45.285+0000] {logging_mixin.py:190} INFO - [2025-03-01T01:05:45.285+0000] {dagbag.py:588} INFO - Filling up the DagBag from /home/airflow/.local/lib/python3.12/site-packages/airflow/example_dags/example_branch_datetime_operator.py
[2025-03-01T01:05:45.296+0000] {processor.py:925} INFO - DAG(s) 'example_branch_datetime_operator', 'example_branch_datetime_operator_3', 'example_branch_datetime_operator_2' retrieved from /home/airflow/.local/lib/python3.12/site-packages/airflow/example_dags/example_branch_datetime_operator.py
[2025-03-01T01:05:45.317+0000] {logging_mixin.py:190} INFO - [2025-03-01T01:05:45.317+0000] {dag.py:3239} INFO - Sync 3 DAGs
[2025-03-01T01:05:45.339+0000] {logging_mixin.py:190} INFO - [2025-03-01T01:05:45.339+0000] {dag.py:4180} INFO - Setting next_dagrun for example_branch_datetime_operator to 2025-02-28 00:00:00+00:00, run_after=2025-03-01 00:00:00+00:00
[2025-03-01T01:05:45.343+0000] {logging_mixin.py:190} INFO - [2025-03-01T01:05:45.342+0000] {dag.py:4180} INFO - Setting next_dagrun for example_branch_datetime_operator_2 to 2025-02-28 00:00:00+00:00, run_after=2025-03-01 00:00:00+00:00
[2025-03-01T01:05:45.344+0000] {logging_mixin.py:190} INFO - [2025-03-01T01:05:45.344+0000] {dag.py:4180} INFO - Setting next_dagrun for example_branch_datetime_operator_3 to 2025-02-28 00:00:00+00:00, run_after=2025-03-01 00:00:00+00:00
[2025-03-01T01:05:45.354+0000] {processor.py:208} INFO - Processing /home/airflow/.local/lib/python3.12/site-packages/airflow/example_dags/example_branch_datetime_operator.py took 0.076 seconds
[2025-03-01T01:06:15.662+0000] {processor.py:186} INFO - Started process (PID=728) to work on /home/airflow/.local/lib/python3.12/site-packages/airflow/example_dags/example_branch_datetime_operator.py
[2025-03-01T01:06:15.662+0000] {processor.py:914} INFO - Processing file /home/airflow/.local/lib/python3.12/site-packages/airflow/example_dags/example_branch_datetime_operator.py for tasks to queue
[2025-03-01T01:06:15.664+0000] {logging_mixin.py:190} INFO - [2025-03-01T01:06:15.664+0000] {dagbag.py:588} INFO - Filling up the DagBag from /home/airflow/.local/lib/python3.12/site-packages/airflow/example_dags/example_branch_datetime_operator.py
[2025-03-01T01:06:15.674+0000] {processor.py:925} INFO - DAG(s) 'example_branch_datetime_operator_3', 'example_branch_datetime_operator', 'example_branch_datetime_operator_2' retrieved from /home/airflow/.local/lib/python3.12/site-packages/airflow/example_dags/example_branch_datetime_operator.py
[2025-03-01T01:06:15.694+0000] {logging_mixin.py:190} INFO - [2025-03-01T01:06:15.694+0000] {dag.py:3239} INFO - Sync 3 DAGs
[2025-03-01T01:06:15.716+0000] {logging_mixin.py:190} INFO - [2025-03-01T01:06:15.715+0000] {dag.py:4180} INFO - Setting next_dagrun for example_branch_datetime_operator to 2025-02-28 00:00:00+00:00, run_after=2025-03-01 00:00:00+00:00
[2025-03-01T01:06:15.719+0000] {logging_mixin.py:190} INFO - [2025-03-01T01:06:15.719+0000] {dag.py:4180} INFO - Setting next_dagrun for example_branch_datetime_operator_2 to 2025-02-28 00:00:00+00:00, run_after=2025-03-01 00:00:00+00:00
[2025-03-01T01:06:15.721+0000] {logging_mixin.py:190} INFO - [2025-03-01T01:06:15.721+0000] {dag.py:4180} INFO - Setting next_dagrun for example_branch_datetime_operator_3 to 2025-02-28 00:00:00+00:00, run_after=2025-03-01 00:00:00+00:00
[2025-03-01T01:06:15.732+0000] {processor.py:208} INFO - Processing /home/airflow/.local/lib/python3.12/site-packages/airflow/example_dags/example_branch_datetime_operator.py took 0.074 seconds
[2025-03-01T01:06:46.087+0000] {processor.py:186} INFO - Started process (PID=791) to work on /home/airflow/.local/lib/python3.12/site-packages/airflow/example_dags/example_branch_datetime_operator.py
[2025-03-01T01:06:46.088+0000] {processor.py:914} INFO - Processing file /home/airflow/.local/lib/python3.12/site-packages/airflow/example_dags/example_branch_datetime_operator.py for tasks to queue
[2025-03-01T01:06:46.089+0000] {logging_mixin.py:190} INFO - [2025-03-01T01:06:46.089+0000] {dagbag.py:588} INFO - Filling up the DagBag from /home/airflow/.local/lib/python3.12/site-packages/airflow/example_dags/example_branch_datetime_operator.py
[2025-03-01T01:06:46.100+0000] {processor.py:925} INFO - DAG(s) 'example_branch_datetime_operator_2', 'example_branch_datetime_operator_3', 'example_branch_datetime_operator' retrieved from /home/airflow/.local/lib/python3.12/site-packages/airflow/example_dags/example_branch_datetime_operator.py
[2025-03-01T01:06:46.125+0000] {logging_mixin.py:190} INFO - [2025-03-01T01:06:46.124+0000] {dag.py:3239} INFO - Sync 3 DAGs
[2025-03-01T01:06:46.149+0000] {logging_mixin.py:190} INFO - [2025-03-01T01:06:46.149+0000] {dag.py:4180} INFO - Setting next_dagrun for example_branch_datetime_operator to 2025-02-28 00:00:00+00:00, run_after=2025-03-01 00:00:00+00:00
[2025-03-01T01:06:46.154+0000] {logging_mixin.py:190} INFO - [2025-03-01T01:06:46.154+0000] {dag.py:4180} INFO - Setting next_dagrun for example_branch_datetime_operator_2 to 2025-02-28 00:00:00+00:00, run_after=2025-03-01 00:00:00+00:00
[2025-03-01T01:06:46.157+0000] {logging_mixin.py:190} INFO - [2025-03-01T01:06:46.157+0000] {dag.py:4180} INFO - Setting next_dagrun for example_branch_datetime_operator_3 to 2025-02-28 00:00:00+00:00, run_after=2025-03-01 00:00:00+00:00
[2025-03-01T01:06:46.171+0000] {processor.py:208} INFO - Processing /home/airflow/.local/lib/python3.12/site-packages/airflow/example_dags/example_branch_datetime_operator.py took 0.088 seconds
[2025-03-01T01:07:16.412+0000] {processor.py:186} INFO - Started process (PID=854) to work on /home/airflow/.local/lib/python3.12/site-packages/airflow/example_dags/example_branch_datetime_operator.py
[2025-03-01T01:07:16.412+0000] {processor.py:914} INFO - Processing file /home/airflow/.local/lib/python3.12/site-packages/airflow/example_dags/example_branch_datetime_operator.py for tasks to queue
[2025-03-01T01:07:16.414+0000] {logging_mixin.py:190} INFO - [2025-03-01T01:07:16.414+0000] {dagbag.py:588} INFO - Filling up the DagBag from /home/airflow/.local/lib/python3.12/site-packages/airflow/example_dags/example_branch_datetime_operator.py
[2025-03-01T01:07:16.425+0000] {processor.py:925} INFO - DAG(s) 'example_branch_datetime_operator_3', 'example_branch_datetime_operator_2', 'example_branch_datetime_operator' retrieved from /home/airflow/.local/lib/python3.12/site-packages/airflow/example_dags/example_branch_datetime_operator.py
[2025-03-01T01:07:16.450+0000] {logging_mixin.py:190} INFO - [2025-03-01T01:07:16.450+0000] {dag.py:3239} INFO - Sync 3 DAGs
[2025-03-01T01:07:16.472+0000] {logging_mixin.py:190} INFO - [2025-03-01T01:07:16.472+0000] {dag.py:4180} INFO - Setting next_dagrun for example_branch_datetime_operator to 2025-02-28 00:00:00+00:00, run_after=2025-03-01 00:00:00+00:00
[2025-03-01T01:07:16.476+0000] {logging_mixin.py:190} INFO - [2025-03-01T01:07:16.476+0000] {dag.py:4180} INFO - Setting next_dagrun for example_branch_datetime_operator_2 to 2025-02-28 00:00:00+00:00, run_after=2025-03-01 00:00:00+00:00
[2025-03-01T01:07:16.478+0000] {logging_mixin.py:190} INFO - [2025-03-01T01:07:16.478+0000] {dag.py:4180} INFO - Setting next_dagrun for example_branch_datetime_operator_3 to 2025-02-28 00:00:00+00:00, run_after=2025-03-01 00:00:00+00:00
[2025-03-01T01:07:16.493+0000] {processor.py:208} INFO - Processing /home/airflow/.local/lib/python3.12/site-packages/airflow/example_dags/example_branch_datetime_operator.py took 0.085 seconds
[2025-03-01T01:07:46.602+0000] {processor.py:186} INFO - Started process (PID=917) to work on /home/airflow/.local/lib/python3.12/site-packages/airflow/example_dags/example_branch_datetime_operator.py
[2025-03-01T01:07:46.603+0000] {processor.py:914} INFO - Processing file /home/airflow/.local/lib/python3.12/site-packages/airflow/example_dags/example_branch_datetime_operator.py for tasks to queue
[2025-03-01T01:07:46.604+0000] {logging_mixin.py:190} INFO - [2025-03-01T01:07:46.604+0000] {dagbag.py:588} INFO - Filling up the DagBag from /home/airflow/.local/lib/python3.12/site-packages/airflow/example_dags/example_branch_datetime_operator.py
[2025-03-01T01:07:46.616+0000] {processor.py:925} INFO - DAG(s) 'example_branch_datetime_operator_2', 'example_branch_datetime_operator_3', 'example_branch_datetime_operator' retrieved from /home/airflow/.local/lib/python3.12/site-packages/airflow/example_dags/example_branch_datetime_operator.py
[2025-03-01T01:07:46.637+0000] {logging_mixin.py:190} INFO - [2025-03-01T01:07:46.637+0000] {dag.py:3239} INFO - Sync 3 DAGs
[2025-03-01T01:07:46.658+0000] {logging_mixin.py:190} INFO - [2025-03-01T01:07:46.658+0000] {dag.py:4180} INFO - Setting next_dagrun for example_branch_datetime_operator to 2025-02-28 00:00:00+00:00, run_after=2025-03-01 00:00:00+00:00
[2025-03-01T01:07:46.662+0000] {logging_mixin.py:190} INFO - [2025-03-01T01:07:46.662+0000] {dag.py:4180} INFO - Setting next_dagrun for example_branch_datetime_operator_2 to 2025-02-28 00:00:00+00:00, run_after=2025-03-01 00:00:00+00:00
[2025-03-01T01:07:46.664+0000] {logging_mixin.py:190} INFO - [2025-03-01T01:07:46.664+0000] {dag.py:4180} INFO - Setting next_dagrun for example_branch_datetime_operator_3 to 2025-02-28 00:00:00+00:00, run_after=2025-03-01 00:00:00+00:00
[2025-03-01T01:07:46.675+0000] {processor.py:208} INFO - Processing /home/airflow/.local/lib/python3.12/site-packages/airflow/example_dags/example_branch_datetime_operator.py took 0.077 seconds
[2025-03-01T01:08:16.831+0000] {processor.py:186} INFO - Started process (PID=981) to work on /home/airflow/.local/lib/python3.12/site-packages/airflow/example_dags/example_branch_datetime_operator.py
[2025-03-01T01:08:16.832+0000] {processor.py:914} INFO - Processing file /home/airflow/.local/lib/python3.12/site-packages/airflow/example_dags/example_branch_datetime_operator.py for tasks to queue
[2025-03-01T01:08:16.833+0000] {logging_mixin.py:190} INFO - [2025-03-01T01:08:16.833+0000] {dagbag.py:588} INFO - Filling up the DagBag from /home/airflow/.local/lib/python3.12/site-packages/airflow/example_dags/example_branch_datetime_operator.py
[2025-03-01T01:08:16.844+0000] {processor.py:925} INFO - DAG(s) 'example_branch_datetime_operator_3', 'example_branch_datetime_operator_2', 'example_branch_datetime_operator' retrieved from /home/airflow/.local/lib/python3.12/site-packages/airflow/example_dags/example_branch_datetime_operator.py
[2025-03-01T01:08:16.864+0000] {logging_mixin.py:190} INFO - [2025-03-01T01:08:16.864+0000] {dag.py:3239} INFO - Sync 3 DAGs
[2025-03-01T01:08:16.883+0000] {logging_mixin.py:190} INFO - [2025-03-01T01:08:16.883+0000] {dag.py:4180} INFO - Setting next_dagrun for example_branch_datetime_operator to 2025-02-28 00:00:00+00:00, run_after=2025-03-01 00:00:00+00:00
[2025-03-01T01:08:16.886+0000] {logging_mixin.py:190} INFO - [2025-03-01T01:08:16.886+0000] {dag.py:4180} INFO - Setting next_dagrun for example_branch_datetime_operator_2 to 2025-02-28 00:00:00+00:00, run_after=2025-03-01 00:00:00+00:00
[2025-03-01T01:08:16.888+0000] {logging_mixin.py:190} INFO - [2025-03-01T01:08:16.888+0000] {dag.py:4180} INFO - Setting next_dagrun for example_branch_datetime_operator_3 to 2025-02-28 00:00:00+00:00, run_after=2025-03-01 00:00:00+00:00
[2025-03-01T01:08:16.899+0000] {processor.py:208} INFO - Processing /home/airflow/.local/lib/python3.12/site-packages/airflow/example_dags/example_branch_datetime_operator.py took 0.072 seconds
[2025-03-01T01:08:47.105+0000] {processor.py:186} INFO - Started process (PID=1043) to work on /home/airflow/.local/lib/python3.12/site-packages/airflow/example_dags/example_branch_datetime_operator.py
[2025-03-01T01:08:47.105+0000] {processor.py:914} INFO - Processing file /home/airflow/.local/lib/python3.12/site-packages/airflow/example_dags/example_branch_datetime_operator.py for tasks to queue
[2025-03-01T01:08:47.107+0000] {logging_mixin.py:190} INFO - [2025-03-01T01:08:47.106+0000] {dagbag.py:588} INFO - Filling up the DagBag from /home/airflow/.local/lib/python3.12/site-packages/airflow/example_dags/example_branch_datetime_operator.py
[2025-03-01T01:08:47.118+0000] {processor.py:925} INFO - DAG(s) 'example_branch_datetime_operator', 'example_branch_datetime_operator_3', 'example_branch_datetime_operator_2' retrieved from /home/airflow/.local/lib/python3.12/site-packages/airflow/example_dags/example_branch_datetime_operator.py
[2025-03-01T01:08:47.142+0000] {logging_mixin.py:190} INFO - [2025-03-01T01:08:47.142+0000] {dag.py:3239} INFO - Sync 3 DAGs
[2025-03-01T01:08:47.167+0000] {logging_mixin.py:190} INFO - [2025-03-01T01:08:47.167+0000] {dag.py:4180} INFO - Setting next_dagrun for example_branch_datetime_operator to 2025-02-28 00:00:00+00:00, run_after=2025-03-01 00:00:00+00:00
[2025-03-01T01:08:47.172+0000] {logging_mixin.py:190} INFO - [2025-03-01T01:08:47.172+0000] {dag.py:4180} INFO - Setting next_dagrun for example_branch_datetime_operator_2 to 2025-02-28 00:00:00+00:00, run_after=2025-03-01 00:00:00+00:00
[2025-03-01T01:08:47.174+0000] {logging_mixin.py:190} INFO - [2025-03-01T01:08:47.173+0000] {dag.py:4180} INFO - Setting next_dagrun for example_branch_datetime_operator_3 to 2025-02-28 00:00:00+00:00, run_after=2025-03-01 00:00:00+00:00
[2025-03-01T01:08:47.185+0000] {processor.py:208} INFO - Processing /home/airflow/.local/lib/python3.12/site-packages/airflow/example_dags/example_branch_datetime_operator.py took 0.084 seconds
[2025-03-01T01:09:17.420+0000] {processor.py:186} INFO - Started process (PID=1106) to work on /home/airflow/.local/lib/python3.12/site-packages/airflow/example_dags/example_branch_datetime_operator.py
[2025-03-01T01:09:17.422+0000] {processor.py:914} INFO - Processing file /home/airflow/.local/lib/python3.12/site-packages/airflow/example_dags/example_branch_datetime_operator.py for tasks to queue
[2025-03-01T01:09:17.424+0000] {logging_mixin.py:190} INFO - [2025-03-01T01:09:17.423+0000] {dagbag.py:588} INFO - Filling up the DagBag from /home/airflow/.local/lib/python3.12/site-packages/airflow/example_dags/example_branch_datetime_operator.py
[2025-03-01T01:09:17.435+0000] {processor.py:925} INFO - DAG(s) 'example_branch_datetime_operator_2', 'example_branch_datetime_operator_3', 'example_branch_datetime_operator' retrieved from /home/airflow/.local/lib/python3.12/site-packages/airflow/example_dags/example_branch_datetime_operator.py
[2025-03-01T01:09:17.461+0000] {logging_mixin.py:190} INFO - [2025-03-01T01:09:17.461+0000] {dag.py:3239} INFO - Sync 3 DAGs
[2025-03-01T01:09:17.486+0000] {logging_mixin.py:190} INFO - [2025-03-01T01:09:17.485+0000] {dag.py:4180} INFO - Setting next_dagrun for example_branch_datetime_operator to 2025-02-28 00:00:00+00:00, run_after=2025-03-01 00:00:00+00:00
[2025-03-01T01:09:17.489+0000] {logging_mixin.py:190} INFO - [2025-03-01T01:09:17.489+0000] {dag.py:4180} INFO - Setting next_dagrun for example_branch_datetime_operator_2 to 2025-02-28 00:00:00+00:00, run_after=2025-03-01 00:00:00+00:00
[2025-03-01T01:09:17.491+0000] {logging_mixin.py:190} INFO - [2025-03-01T01:09:17.491+0000] {dag.py:4180} INFO - Setting next_dagrun for example_branch_datetime_operator_3 to 2025-02-28 00:00:00+00:00, run_after=2025-03-01 00:00:00+00:00
[2025-03-01T01:09:17.502+0000] {processor.py:208} INFO - Processing /home/airflow/.local/lib/python3.12/site-packages/airflow/example_dags/example_branch_datetime_operator.py took 0.089 seconds
[2025-03-01T01:09:47.685+0000] {processor.py:186} INFO - Started process (PID=1169) to work on /home/airflow/.local/lib/python3.12/site-packages/airflow/example_dags/example_branch_datetime_operator.py
[2025-03-01T01:09:47.686+0000] {processor.py:914} INFO - Processing file /home/airflow/.local/lib/python3.12/site-packages/airflow/example_dags/example_branch_datetime_operator.py for tasks to queue
[2025-03-01T01:09:47.688+0000] {logging_mixin.py:190} INFO - [2025-03-01T01:09:47.688+0000] {dagbag.py:588} INFO - Filling up the DagBag from /home/airflow/.local/lib/python3.12/site-packages/airflow/example_dags/example_branch_datetime_operator.py
[2025-03-01T01:09:47.698+0000] {processor.py:925} INFO - DAG(s) 'example_branch_datetime_operator_3', 'example_branch_datetime_operator', 'example_branch_datetime_operator_2' retrieved from /home/airflow/.local/lib/python3.12/site-packages/airflow/example_dags/example_branch_datetime_operator.py
[2025-03-01T01:09:47.724+0000] {logging_mixin.py:190} INFO - [2025-03-01T01:09:47.723+0000] {dag.py:3239} INFO - Sync 3 DAGs
[2025-03-01T01:09:47.750+0000] {logging_mixin.py:190} INFO - [2025-03-01T01:09:47.750+0000] {dag.py:4180} INFO - Setting next_dagrun for example_branch_datetime_operator to 2025-02-28 00:00:00+00:00, run_after=2025-03-01 00:00:00+00:00
[2025-03-01T01:09:47.756+0000] {logging_mixin.py:190} INFO - [2025-03-01T01:09:47.755+0000] {dag.py:4180} INFO - Setting next_dagrun for example_branch_datetime_operator_2 to 2025-02-28 00:00:00+00:00, run_after=2025-03-01 00:00:00+00:00
[2025-03-01T01:09:47.758+0000] {logging_mixin.py:190} INFO - [2025-03-01T01:09:47.758+0000] {dag.py:4180} INFO - Setting next_dagrun for example_branch_datetime_operator_3 to 2025-02-28 00:00:00+00:00, run_after=2025-03-01 00:00:00+00:00
[2025-03-01T01:09:47.773+0000] {processor.py:208} INFO - Processing /home/airflow/.local/lib/python3.12/site-packages/airflow/example_dags/example_branch_datetime_operator.py took 0.094 seconds
[2025-03-01T01:10:18.079+0000] {processor.py:186} INFO - Started process (PID=1232) to work on /home/airflow/.local/lib/python3.12/site-packages/airflow/example_dags/example_branch_datetime_operator.py
[2025-03-01T01:10:18.080+0000] {processor.py:914} INFO - Processing file /home/airflow/.local/lib/python3.12/site-packages/airflow/example_dags/example_branch_datetime_operator.py for tasks to queue
[2025-03-01T01:10:18.081+0000] {logging_mixin.py:190} INFO - [2025-03-01T01:10:18.081+0000] {dagbag.py:588} INFO - Filling up the DagBag from /home/airflow/.local/lib/python3.12/site-packages/airflow/example_dags/example_branch_datetime_operator.py
[2025-03-01T01:10:18.092+0000] {processor.py:925} INFO - DAG(s) 'example_branch_datetime_operator_2', 'example_branch_datetime_operator', 'example_branch_datetime_operator_3' retrieved from /home/airflow/.local/lib/python3.12/site-packages/airflow/example_dags/example_branch_datetime_operator.py
[2025-03-01T01:10:18.112+0000] {logging_mixin.py:190} INFO - [2025-03-01T01:10:18.111+0000] {dag.py:3239} INFO - Sync 3 DAGs
[2025-03-01T01:10:18.133+0000] {logging_mixin.py:190} INFO - [2025-03-01T01:10:18.133+0000] {dag.py:4180} INFO - Setting next_dagrun for example_branch_datetime_operator to 2025-02-28 00:00:00+00:00, run_after=2025-03-01 00:00:00+00:00
[2025-03-01T01:10:18.137+0000] {logging_mixin.py:190} INFO - [2025-03-01T01:10:18.137+0000] {dag.py:4180} INFO - Setting next_dagrun for example_branch_datetime_operator_2 to 2025-02-28 00:00:00+00:00, run_after=2025-03-01 00:00:00+00:00
[2025-03-01T01:10:18.139+0000] {logging_mixin.py:190} INFO - [2025-03-01T01:10:18.139+0000] {dag.py:4180} INFO - Setting next_dagrun for example_branch_datetime_operator_3 to 2025-02-28 00:00:00+00:00, run_after=2025-03-01 00:00:00+00:00
[2025-03-01T01:10:18.151+0000] {processor.py:208} INFO - Processing /home/airflow/.local/lib/python3.12/site-packages/airflow/example_dags/example_branch_datetime_operator.py took 0.077 seconds
[2025-03-01T01:10:48.446+0000] {processor.py:186} INFO - Started process (PID=1295) to work on /home/airflow/.local/lib/python3.12/site-packages/airflow/example_dags/example_branch_datetime_operator.py
[2025-03-01T01:10:48.447+0000] {processor.py:914} INFO - Processing file /home/airflow/.local/lib/python3.12/site-packages/airflow/example_dags/example_branch_datetime_operator.py for tasks to queue
[2025-03-01T01:10:48.449+0000] {logging_mixin.py:190} INFO - [2025-03-01T01:10:48.449+0000] {dagbag.py:588} INFO - Filling up the DagBag from /home/airflow/.local/lib/python3.12/site-packages/airflow/example_dags/example_branch_datetime_operator.py
[2025-03-01T01:10:48.463+0000] {processor.py:925} INFO - DAG(s) 'example_branch_datetime_operator_2', 'example_branch_datetime_operator', 'example_branch_datetime_operator_3' retrieved from /home/airflow/.local/lib/python3.12/site-packages/airflow/example_dags/example_branch_datetime_operator.py
[2025-03-01T01:10:48.491+0000] {logging_mixin.py:190} INFO - [2025-03-01T01:10:48.491+0000] {dag.py:3239} INFO - Sync 3 DAGs
[2025-03-01T01:10:48.520+0000] {logging_mixin.py:190} INFO - [2025-03-01T01:10:48.520+0000] {dag.py:4180} INFO - Setting next_dagrun for example_branch_datetime_operator to 2025-02-28 00:00:00+00:00, run_after=2025-03-01 00:00:00+00:00
[2025-03-01T01:10:48.525+0000] {logging_mixin.py:190} INFO - [2025-03-01T01:10:48.525+0000] {dag.py:4180} INFO - Setting next_dagrun for example_branch_datetime_operator_2 to 2025-02-28 00:00:00+00:00, run_after=2025-03-01 00:00:00+00:00
[2025-03-01T01:10:48.528+0000] {logging_mixin.py:190} INFO - [2025-03-01T01:10:48.528+0000] {dag.py:4180} INFO - Setting next_dagrun for example_branch_datetime_operator_3 to 2025-02-28 00:00:00+00:00, run_after=2025-03-01 00:00:00+00:00
[2025-03-01T01:10:48.542+0000] {processor.py:208} INFO - Processing /home/airflow/.local/lib/python3.12/site-packages/airflow/example_dags/example_branch_datetime_operator.py took 0.102 seconds
[2025-03-01T01:11:18.999+0000] {processor.py:186} INFO - Started process (PID=1359) to work on /home/airflow/.local/lib/python3.12/site-packages/airflow/example_dags/example_branch_datetime_operator.py
[2025-03-01T01:11:19.000+0000] {processor.py:914} INFO - Processing file /home/airflow/.local/lib/python3.12/site-packages/airflow/example_dags/example_branch_datetime_operator.py for tasks to queue
[2025-03-01T01:11:19.001+0000] {logging_mixin.py:190} INFO - [2025-03-01T01:11:19.000+0000] {dagbag.py:588} INFO - Filling up the DagBag from /home/airflow/.local/lib/python3.12/site-packages/airflow/example_dags/example_branch_datetime_operator.py
[2025-03-01T01:11:19.015+0000] {processor.py:925} INFO - DAG(s) 'example_branch_datetime_operator_2', 'example_branch_datetime_operator_3', 'example_branch_datetime_operator' retrieved from /home/airflow/.local/lib/python3.12/site-packages/airflow/example_dags/example_branch_datetime_operator.py
[2025-03-01T01:11:19.048+0000] {logging_mixin.py:190} INFO - [2025-03-01T01:11:19.048+0000] {dag.py:3239} INFO - Sync 3 DAGs
[2025-03-01T01:11:19.079+0000] {logging_mixin.py:190} INFO - [2025-03-01T01:11:19.078+0000] {dag.py:4180} INFO - Setting next_dagrun for example_branch_datetime_operator to 2025-02-28 00:00:00+00:00, run_after=2025-03-01 00:00:00+00:00
[2025-03-01T01:11:19.084+0000] {logging_mixin.py:190} INFO - [2025-03-01T01:11:19.084+0000] {dag.py:4180} INFO - Setting next_dagrun for example_branch_datetime_operator_2 to 2025-02-28 00:00:00+00:00, run_after=2025-03-01 00:00:00+00:00
[2025-03-01T01:11:19.087+0000] {logging_mixin.py:190} INFO - [2025-03-01T01:11:19.087+0000] {dag.py:4180} INFO - Setting next_dagrun for example_branch_datetime_operator_3 to 2025-02-28 00:00:00+00:00, run_after=2025-03-01 00:00:00+00:00
[2025-03-01T01:11:19.115+0000] {processor.py:208} INFO - Processing /home/airflow/.local/lib/python3.12/site-packages/airflow/example_dags/example_branch_datetime_operator.py took 0.123 seconds
[2025-03-01T01:11:49.328+0000] {processor.py:186} INFO - Started process (PID=1423) to work on /home/airflow/.local/lib/python3.12/site-packages/airflow/example_dags/example_branch_datetime_operator.py
[2025-03-01T01:11:49.329+0000] {processor.py:914} INFO - Processing file /home/airflow/.local/lib/python3.12/site-packages/airflow/example_dags/example_branch_datetime_operator.py for tasks to queue
[2025-03-01T01:11:49.330+0000] {logging_mixin.py:190} INFO - [2025-03-01T01:11:49.329+0000] {dagbag.py:588} INFO - Filling up the DagBag from /home/airflow/.local/lib/python3.12/site-packages/airflow/example_dags/example_branch_datetime_operator.py
[2025-03-01T01:11:49.341+0000] {processor.py:925} INFO - DAG(s) 'example_branch_datetime_operator_3', 'example_branch_datetime_operator_2', 'example_branch_datetime_operator' retrieved from /home/airflow/.local/lib/python3.12/site-packages/airflow/example_dags/example_branch_datetime_operator.py
[2025-03-01T01:11:49.361+0000] {logging_mixin.py:190} INFO - [2025-03-01T01:11:49.361+0000] {dag.py:3239} INFO - Sync 3 DAGs
[2025-03-01T01:11:49.383+0000] {logging_mixin.py:190} INFO - [2025-03-01T01:11:49.383+0000] {dag.py:4180} INFO - Setting next_dagrun for example_branch_datetime_operator to 2025-02-28 00:00:00+00:00, run_after=2025-03-01 00:00:00+00:00
[2025-03-01T01:11:49.387+0000] {logging_mixin.py:190} INFO - [2025-03-01T01:11:49.387+0000] {dag.py:4180} INFO - Setting next_dagrun for example_branch_datetime_operator_2 to 2025-02-28 00:00:00+00:00, run_after=2025-03-01 00:00:00+00:00
[2025-03-01T01:11:49.390+0000] {logging_mixin.py:190} INFO - [2025-03-01T01:11:49.389+0000] {dag.py:4180} INFO - Setting next_dagrun for example_branch_datetime_operator_3 to 2025-02-28 00:00:00+00:00, run_after=2025-03-01 00:00:00+00:00
[2025-03-01T01:11:49.404+0000] {processor.py:208} INFO - Processing /home/airflow/.local/lib/python3.12/site-packages/airflow/example_dags/example_branch_datetime_operator.py took 0.080 seconds
[2025-03-01T01:12:19.572+0000] {processor.py:186} INFO - Started process (PID=1487) to work on /home/airflow/.local/lib/python3.12/site-packages/airflow/example_dags/example_branch_datetime_operator.py
[2025-03-01T01:12:19.572+0000] {processor.py:914} INFO - Processing file /home/airflow/.local/lib/python3.12/site-packages/airflow/example_dags/example_branch_datetime_operator.py for tasks to queue
[2025-03-01T01:12:19.573+0000] {logging_mixin.py:190} INFO - [2025-03-01T01:12:19.573+0000] {dagbag.py:588} INFO - Filling up the DagBag from /home/airflow/.local/lib/python3.12/site-packages/airflow/example_dags/example_branch_datetime_operator.py
[2025-03-01T01:12:19.583+0000] {processor.py:925} INFO - DAG(s) 'example_branch_datetime_operator_2', 'example_branch_datetime_operator_3', 'example_branch_datetime_operator' retrieved from /home/airflow/.local/lib/python3.12/site-packages/airflow/example_dags/example_branch_datetime_operator.py
[2025-03-01T01:12:19.604+0000] {logging_mixin.py:190} INFO - [2025-03-01T01:12:19.604+0000] {dag.py:3239} INFO - Sync 3 DAGs
[2025-03-01T01:12:19.626+0000] {logging_mixin.py:190} INFO - [2025-03-01T01:12:19.626+0000] {dag.py:4180} INFO - Setting next_dagrun for example_branch_datetime_operator to 2025-02-28 00:00:00+00:00, run_after=2025-03-01 00:00:00+00:00
[2025-03-01T01:12:19.629+0000] {logging_mixin.py:190} INFO - [2025-03-01T01:12:19.629+0000] {dag.py:4180} INFO - Setting next_dagrun for example_branch_datetime_operator_2 to 2025-02-28 00:00:00+00:00, run_after=2025-03-01 00:00:00+00:00
[2025-03-01T01:12:19.631+0000] {logging_mixin.py:190} INFO - [2025-03-01T01:12:19.631+0000] {dag.py:4180} INFO - Setting next_dagrun for example_branch_datetime_operator_3 to 2025-02-28 00:00:00+00:00, run_after=2025-03-01 00:00:00+00:00
[2025-03-01T01:12:19.641+0000] {processor.py:208} INFO - Processing /home/airflow/.local/lib/python3.12/site-packages/airflow/example_dags/example_branch_datetime_operator.py took 0.074 seconds
[2025-03-01T01:12:49.855+0000] {processor.py:186} INFO - Started process (PID=1551) to work on /home/airflow/.local/lib/python3.12/site-packages/airflow/example_dags/example_branch_datetime_operator.py
[2025-03-01T01:12:49.855+0000] {processor.py:914} INFO - Processing file /home/airflow/.local/lib/python3.12/site-packages/airflow/example_dags/example_branch_datetime_operator.py for tasks to queue
[2025-03-01T01:12:49.856+0000] {logging_mixin.py:190} INFO - [2025-03-01T01:12:49.856+0000] {dagbag.py:588} INFO - Filling up the DagBag from /home/airflow/.local/lib/python3.12/site-packages/airflow/example_dags/example_branch_datetime_operator.py
[2025-03-01T01:12:49.865+0000] {processor.py:925} INFO - DAG(s) 'example_branch_datetime_operator_2', 'example_branch_datetime_operator', 'example_branch_datetime_operator_3' retrieved from /home/airflow/.local/lib/python3.12/site-packages/airflow/example_dags/example_branch_datetime_operator.py
[2025-03-01T01:12:49.889+0000] {logging_mixin.py:190} INFO - [2025-03-01T01:12:49.889+0000] {dag.py:3239} INFO - Sync 3 DAGs
[2025-03-01T01:12:49.913+0000] {logging_mixin.py:190} INFO - [2025-03-01T01:12:49.913+0000] {dag.py:4180} INFO - Setting next_dagrun for example_branch_datetime_operator to 2025-02-28 00:00:00+00:00, run_after=2025-03-01 00:00:00+00:00
[2025-03-01T01:12:49.916+0000] {logging_mixin.py:190} INFO - [2025-03-01T01:12:49.916+0000] {dag.py:4180} INFO - Setting next_dagrun for example_branch_datetime_operator_2 to 2025-02-28 00:00:00+00:00, run_after=2025-03-01 00:00:00+00:00
[2025-03-01T01:12:49.918+0000] {logging_mixin.py:190} INFO - [2025-03-01T01:12:49.918+0000] {dag.py:4180} INFO - Setting next_dagrun for example_branch_datetime_operator_3 to 2025-02-28 00:00:00+00:00, run_after=2025-03-01 00:00:00+00:00
[2025-03-01T01:12:49.929+0000] {processor.py:208} INFO - Processing /home/airflow/.local/lib/python3.12/site-packages/airflow/example_dags/example_branch_datetime_operator.py took 0.078 seconds
[2025-03-01T01:13:20.023+0000] {processor.py:186} INFO - Started process (PID=1615) to work on /home/airflow/.local/lib/python3.12/site-packages/airflow/example_dags/example_branch_datetime_operator.py
[2025-03-01T01:13:20.024+0000] {processor.py:914} INFO - Processing file /home/airflow/.local/lib/python3.12/site-packages/airflow/example_dags/example_branch_datetime_operator.py for tasks to queue
[2025-03-01T01:13:20.025+0000] {logging_mixin.py:190} INFO - [2025-03-01T01:13:20.025+0000] {dagbag.py:588} INFO - Filling up the DagBag from /home/airflow/.local/lib/python3.12/site-packages/airflow/example_dags/example_branch_datetime_operator.py
[2025-03-01T01:13:20.038+0000] {processor.py:925} INFO - DAG(s) 'example_branch_datetime_operator_3', 'example_branch_datetime_operator', 'example_branch_datetime_operator_2' retrieved from /home/airflow/.local/lib/python3.12/site-packages/airflow/example_dags/example_branch_datetime_operator.py
[2025-03-01T01:13:20.060+0000] {logging_mixin.py:190} INFO - [2025-03-01T01:13:20.060+0000] {dag.py:3239} INFO - Sync 3 DAGs
[2025-03-01T01:13:20.084+0000] {logging_mixin.py:190} INFO - [2025-03-01T01:13:20.084+0000] {dag.py:4180} INFO - Setting next_dagrun for example_branch_datetime_operator to 2025-02-28 00:00:00+00:00, run_after=2025-03-01 00:00:00+00:00
[2025-03-01T01:13:20.088+0000] {logging_mixin.py:190} INFO - [2025-03-01T01:13:20.088+0000] {dag.py:4180} INFO - Setting next_dagrun for example_branch_datetime_operator_2 to 2025-02-28 00:00:00+00:00, run_after=2025-03-01 00:00:00+00:00
[2025-03-01T01:13:20.090+0000] {logging_mixin.py:190} INFO - [2025-03-01T01:13:20.089+0000] {dag.py:4180} INFO - Setting next_dagrun for example_branch_datetime_operator_3 to 2025-02-28 00:00:00+00:00, run_after=2025-03-01 00:00:00+00:00
[2025-03-01T01:13:20.101+0000] {processor.py:208} INFO - Processing /home/airflow/.local/lib/python3.12/site-packages/airflow/example_dags/example_branch_datetime_operator.py took 0.083 seconds
[2025-03-01T01:13:50.322+0000] {processor.py:186} INFO - Started process (PID=1679) to work on /home/airflow/.local/lib/python3.12/site-packages/airflow/example_dags/example_branch_datetime_operator.py
[2025-03-01T01:13:50.322+0000] {processor.py:914} INFO - Processing file /home/airflow/.local/lib/python3.12/site-packages/airflow/example_dags/example_branch_datetime_operator.py for tasks to queue
[2025-03-01T01:13:50.323+0000] {logging_mixin.py:190} INFO - [2025-03-01T01:13:50.323+0000] {dagbag.py:588} INFO - Filling up the DagBag from /home/airflow/.local/lib/python3.12/site-packages/airflow/example_dags/example_branch_datetime_operator.py
[2025-03-01T01:13:50.333+0000] {processor.py:925} INFO - DAG(s) 'example_branch_datetime_operator_3', 'example_branch_datetime_operator_2', 'example_branch_datetime_operator' retrieved from /home/airflow/.local/lib/python3.12/site-packages/airflow/example_dags/example_branch_datetime_operator.py
[2025-03-01T01:13:50.352+0000] {logging_mixin.py:190} INFO - [2025-03-01T01:13:50.352+0000] {dag.py:3239} INFO - Sync 3 DAGs
[2025-03-01T01:13:50.375+0000] {logging_mixin.py:190} INFO - [2025-03-01T01:13:50.375+0000] {dag.py:4180} INFO - Setting next_dagrun for example_branch_datetime_operator to 2025-02-28 00:00:00+00:00, run_after=2025-03-01 00:00:00+00:00
[2025-03-01T01:13:50.380+0000] {logging_mixin.py:190} INFO - [2025-03-01T01:13:50.380+0000] {dag.py:4180} INFO - Setting next_dagrun for example_branch_datetime_operator_2 to 2025-02-28 00:00:00+00:00, run_after=2025-03-01 00:00:00+00:00
[2025-03-01T01:13:50.382+0000] {logging_mixin.py:190} INFO - [2025-03-01T01:13:50.382+0000] {dag.py:4180} INFO - Setting next_dagrun for example_branch_datetime_operator_3 to 2025-02-28 00:00:00+00:00, run_after=2025-03-01 00:00:00+00:00
[2025-03-01T01:13:50.396+0000] {processor.py:208} INFO - Processing /home/airflow/.local/lib/python3.12/site-packages/airflow/example_dags/example_branch_datetime_operator.py took 0.078 seconds
[2025-03-01T01:14:20.607+0000] {processor.py:186} INFO - Started process (PID=1743) to work on /home/airflow/.local/lib/python3.12/site-packages/airflow/example_dags/example_branch_datetime_operator.py
[2025-03-01T01:14:20.607+0000] {processor.py:914} INFO - Processing file /home/airflow/.local/lib/python3.12/site-packages/airflow/example_dags/example_branch_datetime_operator.py for tasks to queue
[2025-03-01T01:14:20.608+0000] {logging_mixin.py:190} INFO - [2025-03-01T01:14:20.608+0000] {dagbag.py:588} INFO - Filling up the DagBag from /home/airflow/.local/lib/python3.12/site-packages/airflow/example_dags/example_branch_datetime_operator.py
[2025-03-01T01:14:20.619+0000] {processor.py:925} INFO - DAG(s) 'example_branch_datetime_operator', 'example_branch_datetime_operator_2', 'example_branch_datetime_operator_3' retrieved from /home/airflow/.local/lib/python3.12/site-packages/airflow/example_dags/example_branch_datetime_operator.py
[2025-03-01T01:14:20.644+0000] {logging_mixin.py:190} INFO - [2025-03-01T01:14:20.644+0000] {dag.py:3239} INFO - Sync 3 DAGs
[2025-03-01T01:14:20.673+0000] {logging_mixin.py:190} INFO - [2025-03-01T01:14:20.673+0000] {dag.py:4180} INFO - Setting next_dagrun for example_branch_datetime_operator to 2025-02-28 00:00:00+00:00, run_after=2025-03-01 00:00:00+00:00
[2025-03-01T01:14:20.678+0000] {logging_mixin.py:190} INFO - [2025-03-01T01:14:20.678+0000] {dag.py:4180} INFO - Setting next_dagrun for example_branch_datetime_operator_2 to 2025-02-28 00:00:00+00:00, run_after=2025-03-01 00:00:00+00:00
[2025-03-01T01:14:20.681+0000] {logging_mixin.py:190} INFO - [2025-03-01T01:14:20.681+0000] {dag.py:4180} INFO - Setting next_dagrun for example_branch_datetime_operator_3 to 2025-02-28 00:00:00+00:00, run_after=2025-03-01 00:00:00+00:00
[2025-03-01T01:14:20.693+0000] {processor.py:208} INFO - Processing /home/airflow/.local/lib/python3.12/site-packages/airflow/example_dags/example_branch_datetime_operator.py took 0.091 seconds
[2025-03-01T01:14:50.902+0000] {processor.py:186} INFO - Started process (PID=1807) to work on /home/airflow/.local/lib/python3.12/site-packages/airflow/example_dags/example_branch_datetime_operator.py
[2025-03-01T01:14:50.902+0000] {processor.py:914} INFO - Processing file /home/airflow/.local/lib/python3.12/site-packages/airflow/example_dags/example_branch_datetime_operator.py for tasks to queue
[2025-03-01T01:14:50.903+0000] {logging_mixin.py:190} INFO - [2025-03-01T01:14:50.902+0000] {dagbag.py:588} INFO - Filling up the DagBag from /home/airflow/.local/lib/python3.12/site-packages/airflow/example_dags/example_branch_datetime_operator.py
[2025-03-01T01:14:50.913+0000] {processor.py:925} INFO - DAG(s) 'example_branch_datetime_operator_2', 'example_branch_datetime_operator_3', 'example_branch_datetime_operator' retrieved from /home/airflow/.local/lib/python3.12/site-packages/airflow/example_dags/example_branch_datetime_operator.py
[2025-03-01T01:14:50.938+0000] {logging_mixin.py:190} INFO - [2025-03-01T01:14:50.938+0000] {dag.py:3239} INFO - Sync 3 DAGs
[2025-03-01T01:14:50.962+0000] {logging_mixin.py:190} INFO - [2025-03-01T01:14:50.962+0000] {dag.py:4180} INFO - Setting next_dagrun for example_branch_datetime_operator to 2025-02-28 00:00:00+00:00, run_after=2025-03-01 00:00:00+00:00
[2025-03-01T01:14:50.965+0000] {logging_mixin.py:190} INFO - [2025-03-01T01:14:50.965+0000] {dag.py:4180} INFO - Setting next_dagrun for example_branch_datetime_operator_2 to 2025-02-28 00:00:00+00:00, run_after=2025-03-01 00:00:00+00:00
[2025-03-01T01:14:50.967+0000] {logging_mixin.py:190} INFO - [2025-03-01T01:14:50.967+0000] {dag.py:4180} INFO - Setting next_dagrun for example_branch_datetime_operator_3 to 2025-02-28 00:00:00+00:00, run_after=2025-03-01 00:00:00+00:00
[2025-03-01T01:14:50.980+0000] {processor.py:208} INFO - Processing /home/airflow/.local/lib/python3.12/site-packages/airflow/example_dags/example_branch_datetime_operator.py took 0.083 seconds
[2025-03-01T01:15:21.258+0000] {processor.py:186} INFO - Started process (PID=1871) to work on /home/airflow/.local/lib/python3.12/site-packages/airflow/example_dags/example_branch_datetime_operator.py
[2025-03-01T01:15:21.259+0000] {processor.py:914} INFO - Processing file /home/airflow/.local/lib/python3.12/site-packages/airflow/example_dags/example_branch_datetime_operator.py for tasks to queue
[2025-03-01T01:15:21.260+0000] {logging_mixin.py:190} INFO - [2025-03-01T01:15:21.259+0000] {dagbag.py:588} INFO - Filling up the DagBag from /home/airflow/.local/lib/python3.12/site-packages/airflow/example_dags/example_branch_datetime_operator.py
[2025-03-01T01:15:21.269+0000] {processor.py:925} INFO - DAG(s) 'example_branch_datetime_operator_3', 'example_branch_datetime_operator', 'example_branch_datetime_operator_2' retrieved from /home/airflow/.local/lib/python3.12/site-packages/airflow/example_dags/example_branch_datetime_operator.py
[2025-03-01T01:15:21.288+0000] {logging_mixin.py:190} INFO - [2025-03-01T01:15:21.288+0000] {dag.py:3239} INFO - Sync 3 DAGs
[2025-03-01T01:15:21.308+0000] {logging_mixin.py:190} INFO - [2025-03-01T01:15:21.308+0000] {dag.py:4180} INFO - Setting next_dagrun for example_branch_datetime_operator to 2025-02-28 00:00:00+00:00, run_after=2025-03-01 00:00:00+00:00
[2025-03-01T01:15:21.311+0000] {logging_mixin.py:190} INFO - [2025-03-01T01:15:21.311+0000] {dag.py:4180} INFO - Setting next_dagrun for example_branch_datetime_operator_2 to 2025-02-28 00:00:00+00:00, run_after=2025-03-01 00:00:00+00:00
[2025-03-01T01:15:21.313+0000] {logging_mixin.py:190} INFO - [2025-03-01T01:15:21.313+0000] {dag.py:4180} INFO - Setting next_dagrun for example_branch_datetime_operator_3 to 2025-02-28 00:00:00+00:00, run_after=2025-03-01 00:00:00+00:00
[2025-03-01T01:15:21.324+0000] {processor.py:208} INFO - Processing /home/airflow/.local/lib/python3.12/site-packages/airflow/example_dags/example_branch_datetime_operator.py took 0.070 seconds
