[2025-03-01T01:01:04.579+0000] {processor.py:186} INFO - Started process (PID=79) to work on /home/airflow/.local/lib/python3.12/site-packages/airflow/example_dags/example_dataset_alias.py
[2025-03-01T01:01:04.580+0000] {processor.py:914} INFO - Processing file /home/airflow/.local/lib/python3.12/site-packages/airflow/example_dags/example_dataset_alias.py for tasks to queue
[2025-03-01T01:01:04.582+0000] {logging_mixin.py:190} INFO - [2025-03-01T01:01:04.582+0000] {dagbag.py:588} INFO - Filling up the DagBag from /home/airflow/.local/lib/python3.12/site-packages/airflow/example_dags/example_dataset_alias.py
[2025-03-01T01:01:06.949+0000] {processor.py:925} INFO - DAG(s) 'dataset_alias_example_alias_producer', 'dataset_s3_bucket_consumer', 'dataset_s3_bucket_producer', 'dataset_alias_example_alias_consumer' retrieved from /home/airflow/.local/lib/python3.12/site-packages/airflow/example_dags/example_dataset_alias.py
[2025-03-01T01:01:07.082+0000] {logging_mixin.py:190} INFO - [2025-03-01T01:01:07.081+0000] {override.py:1911} INFO - Created Permission View: can edit on DAG:dataset_alias_example_alias_producer
[2025-03-01T01:01:07.092+0000] {logging_mixin.py:190} INFO - [2025-03-01T01:01:07.092+0000] {override.py:1911} INFO - Created Permission View: can read on DAG:dataset_alias_example_alias_producer
[2025-03-01T01:01:07.116+0000] {logging_mixin.py:190} INFO - [2025-03-01T01:01:07.115+0000] {override.py:1911} INFO - Created Permission View: can delete on DAG:dataset_alias_example_alias_producer
[2025-03-01T01:01:07.129+0000] {logging_mixin.py:190} INFO - [2025-03-01T01:01:07.129+0000] {override.py:1911} INFO - Created Permission View: menu access on DAG Run:dataset_alias_example_alias_producer
[2025-03-01T01:01:07.136+0000] {logging_mixin.py:190} INFO - [2025-03-01T01:01:07.135+0000] {override.py:1911} INFO - Created Permission View: can delete on DAG Run:dataset_alias_example_alias_producer
[2025-03-01T01:01:07.141+0000] {logging_mixin.py:190} INFO - [2025-03-01T01:01:07.141+0000] {override.py:1911} INFO - Created Permission View: can create on DAG Run:dataset_alias_example_alias_producer
[2025-03-01T01:01:07.147+0000] {logging_mixin.py:190} INFO - [2025-03-01T01:01:07.147+0000] {override.py:1911} INFO - Created Permission View: can read on DAG Run:dataset_alias_example_alias_producer
[2025-03-01T01:01:07.159+0000] {logging_mixin.py:190} INFO - [2025-03-01T01:01:07.158+0000] {override.py:1911} INFO - Created Permission View: can edit on DAG:dataset_s3_bucket_consumer
[2025-03-01T01:01:07.165+0000] {logging_mixin.py:190} INFO - [2025-03-01T01:01:07.164+0000] {override.py:1911} INFO - Created Permission View: can read on DAG:dataset_s3_bucket_consumer
[2025-03-01T01:01:07.174+0000] {logging_mixin.py:190} INFO - [2025-03-01T01:01:07.174+0000] {override.py:1911} INFO - Created Permission View: can delete on DAG:dataset_s3_bucket_consumer
[2025-03-01T01:01:07.180+0000] {logging_mixin.py:190} INFO - [2025-03-01T01:01:07.180+0000] {override.py:1911} INFO - Created Permission View: menu access on DAG Run:dataset_s3_bucket_consumer
[2025-03-01T01:01:07.192+0000] {logging_mixin.py:190} INFO - [2025-03-01T01:01:07.192+0000] {override.py:1911} INFO - Created Permission View: can delete on DAG Run:dataset_s3_bucket_consumer
[2025-03-01T01:01:07.198+0000] {logging_mixin.py:190} INFO - [2025-03-01T01:01:07.198+0000] {override.py:1911} INFO - Created Permission View: can create on DAG Run:dataset_s3_bucket_consumer
[2025-03-01T01:01:07.204+0000] {logging_mixin.py:190} INFO - [2025-03-01T01:01:07.203+0000] {override.py:1911} INFO - Created Permission View: can read on DAG Run:dataset_s3_bucket_consumer
[2025-03-01T01:01:07.226+0000] {logging_mixin.py:190} INFO - [2025-03-01T01:01:07.226+0000] {override.py:1911} INFO - Created Permission View: can edit on DAG:dataset_s3_bucket_producer
[2025-03-01T01:01:07.233+0000] {logging_mixin.py:190} INFO - [2025-03-01T01:01:07.232+0000] {override.py:1911} INFO - Created Permission View: can read on DAG:dataset_s3_bucket_producer
[2025-03-01T01:01:07.238+0000] {logging_mixin.py:190} INFO - [2025-03-01T01:01:07.238+0000] {override.py:1911} INFO - Created Permission View: can delete on DAG:dataset_s3_bucket_producer
[2025-03-01T01:01:07.244+0000] {logging_mixin.py:190} INFO - [2025-03-01T01:01:07.244+0000] {override.py:1911} INFO - Created Permission View: menu access on DAG Run:dataset_s3_bucket_producer
[2025-03-01T01:01:07.250+0000] {logging_mixin.py:190} INFO - [2025-03-01T01:01:07.250+0000] {override.py:1911} INFO - Created Permission View: can delete on DAG Run:dataset_s3_bucket_producer
[2025-03-01T01:01:07.256+0000] {logging_mixin.py:190} INFO - [2025-03-01T01:01:07.256+0000] {override.py:1911} INFO - Created Permission View: can create on DAG Run:dataset_s3_bucket_producer
[2025-03-01T01:01:07.262+0000] {logging_mixin.py:190} INFO - [2025-03-01T01:01:07.261+0000] {override.py:1911} INFO - Created Permission View: can read on DAG Run:dataset_s3_bucket_producer
[2025-03-01T01:01:07.273+0000] {logging_mixin.py:190} INFO - [2025-03-01T01:01:07.273+0000] {override.py:1911} INFO - Created Permission View: can edit on DAG:dataset_alias_example_alias_consumer
[2025-03-01T01:01:07.279+0000] {logging_mixin.py:190} INFO - [2025-03-01T01:01:07.279+0000] {override.py:1911} INFO - Created Permission View: can read on DAG:dataset_alias_example_alias_consumer
[2025-03-01T01:01:07.285+0000] {logging_mixin.py:190} INFO - [2025-03-01T01:01:07.285+0000] {override.py:1911} INFO - Created Permission View: can delete on DAG:dataset_alias_example_alias_consumer
[2025-03-01T01:01:07.290+0000] {logging_mixin.py:190} INFO - [2025-03-01T01:01:07.290+0000] {override.py:1911} INFO - Created Permission View: menu access on DAG Run:dataset_alias_example_alias_consumer
[2025-03-01T01:01:07.296+0000] {logging_mixin.py:190} INFO - [2025-03-01T01:01:07.296+0000] {override.py:1911} INFO - Created Permission View: can delete on DAG Run:dataset_alias_example_alias_consumer
[2025-03-01T01:01:07.302+0000] {logging_mixin.py:190} INFO - [2025-03-01T01:01:07.301+0000] {override.py:1911} INFO - Created Permission View: can create on DAG Run:dataset_alias_example_alias_consumer
[2025-03-01T01:01:07.307+0000] {logging_mixin.py:190} INFO - [2025-03-01T01:01:07.307+0000] {override.py:1911} INFO - Created Permission View: can read on DAG Run:dataset_alias_example_alias_consumer
[2025-03-01T01:01:07.308+0000] {logging_mixin.py:190} INFO - [2025-03-01T01:01:07.307+0000] {dag.py:3239} INFO - Sync 4 DAGs
[2025-03-01T01:01:07.328+0000] {logging_mixin.py:190} INFO - [2025-03-01T01:01:07.328+0000] {dag.py:3262} INFO - Creating ORM DAG for dataset_s3_bucket_producer
[2025-03-01T01:01:07.329+0000] {logging_mixin.py:190} INFO - [2025-03-01T01:01:07.329+0000] {dag.py:3262} INFO - Creating ORM DAG for dataset_s3_bucket_consumer
[2025-03-01T01:01:07.330+0000] {logging_mixin.py:190} INFO - [2025-03-01T01:01:07.330+0000] {dag.py:3262} INFO - Creating ORM DAG for dataset_alias_example_alias_consumer
[2025-03-01T01:01:07.331+0000] {logging_mixin.py:190} INFO - [2025-03-01T01:01:07.331+0000] {dag.py:3262} INFO - Creating ORM DAG for dataset_alias_example_alias_producer
[2025-03-01T01:01:07.343+0000] {logging_mixin.py:190} INFO - [2025-03-01T01:01:07.343+0000] {dag.py:4180} INFO - Setting next_dagrun for dataset_alias_example_alias_consumer to None, run_after=None
[2025-03-01T01:01:07.344+0000] {logging_mixin.py:190} INFO - [2025-03-01T01:01:07.343+0000] {dag.py:4180} INFO - Setting next_dagrun for dataset_alias_example_alias_producer to None, run_after=None
[2025-03-01T01:01:07.344+0000] {logging_mixin.py:190} INFO - [2025-03-01T01:01:07.344+0000] {dag.py:4180} INFO - Setting next_dagrun for dataset_s3_bucket_consumer to None, run_after=None
[2025-03-01T01:01:07.345+0000] {logging_mixin.py:190} INFO - [2025-03-01T01:01:07.345+0000] {dag.py:4180} INFO - Setting next_dagrun for dataset_s3_bucket_producer to None, run_after=None
[2025-03-01T01:01:07.373+0000] {processor.py:208} INFO - Processing /home/airflow/.local/lib/python3.12/site-packages/airflow/example_dags/example_dataset_alias.py took 2.800 seconds
[2025-03-01T01:01:37.750+0000] {processor.py:186} INFO - Started process (PID=146) to work on /home/airflow/.local/lib/python3.12/site-packages/airflow/example_dags/example_dataset_alias.py
[2025-03-01T01:01:37.751+0000] {processor.py:914} INFO - Processing file /home/airflow/.local/lib/python3.12/site-packages/airflow/example_dags/example_dataset_alias.py for tasks to queue
[2025-03-01T01:01:37.752+0000] {logging_mixin.py:190} INFO - [2025-03-01T01:01:37.752+0000] {dagbag.py:588} INFO - Filling up the DagBag from /home/airflow/.local/lib/python3.12/site-packages/airflow/example_dags/example_dataset_alias.py
[2025-03-01T01:01:38.358+0000] {processor.py:925} INFO - DAG(s) 'dataset_alias_example_alias_producer', 'dataset_alias_example_alias_consumer', 'dataset_s3_bucket_consumer', 'dataset_s3_bucket_producer' retrieved from /home/airflow/.local/lib/python3.12/site-packages/airflow/example_dags/example_dataset_alias.py
[2025-03-01T01:01:38.379+0000] {logging_mixin.py:190} INFO - [2025-03-01T01:01:38.379+0000] {dag.py:3239} INFO - Sync 4 DAGs
[2025-03-01T01:01:38.403+0000] {logging_mixin.py:190} INFO - [2025-03-01T01:01:38.403+0000] {dag.py:4180} INFO - Setting next_dagrun for dataset_alias_example_alias_consumer to None, run_after=None
[2025-03-01T01:01:38.406+0000] {logging_mixin.py:190} INFO - [2025-03-01T01:01:38.406+0000] {dag.py:4180} INFO - Setting next_dagrun for dataset_alias_example_alias_producer to None, run_after=None
[2025-03-01T01:01:38.408+0000] {logging_mixin.py:190} INFO - [2025-03-01T01:01:38.408+0000] {dag.py:4180} INFO - Setting next_dagrun for dataset_s3_bucket_consumer to None, run_after=None
[2025-03-01T01:01:38.409+0000] {logging_mixin.py:190} INFO - [2025-03-01T01:01:38.408+0000] {dag.py:4180} INFO - Setting next_dagrun for dataset_s3_bucket_producer to None, run_after=None
[2025-03-01T01:01:38.424+0000] {processor.py:208} INFO - Processing /home/airflow/.local/lib/python3.12/site-packages/airflow/example_dags/example_dataset_alias.py took 0.678 seconds
[2025-03-01T01:02:08.685+0000] {processor.py:186} INFO - Started process (PID=217) to work on /home/airflow/.local/lib/python3.12/site-packages/airflow/example_dags/example_dataset_alias.py
[2025-03-01T01:02:08.686+0000] {processor.py:914} INFO - Processing file /home/airflow/.local/lib/python3.12/site-packages/airflow/example_dags/example_dataset_alias.py for tasks to queue
[2025-03-01T01:02:08.687+0000] {logging_mixin.py:190} INFO - [2025-03-01T01:02:08.687+0000] {dagbag.py:588} INFO - Filling up the DagBag from /home/airflow/.local/lib/python3.12/site-packages/airflow/example_dags/example_dataset_alias.py
[2025-03-01T01:02:09.244+0000] {processor.py:925} INFO - DAG(s) 'dataset_s3_bucket_consumer', 'dataset_alias_example_alias_consumer', 'dataset_alias_example_alias_producer', 'dataset_s3_bucket_producer' retrieved from /home/airflow/.local/lib/python3.12/site-packages/airflow/example_dags/example_dataset_alias.py
[2025-03-01T01:02:09.260+0000] {logging_mixin.py:190} INFO - [2025-03-01T01:02:09.260+0000] {dag.py:3239} INFO - Sync 4 DAGs
[2025-03-01T01:02:09.278+0000] {logging_mixin.py:190} INFO - [2025-03-01T01:02:09.277+0000] {dag.py:4180} INFO - Setting next_dagrun for dataset_alias_example_alias_consumer to None, run_after=None
[2025-03-01T01:02:09.279+0000] {logging_mixin.py:190} INFO - [2025-03-01T01:02:09.279+0000] {dag.py:4180} INFO - Setting next_dagrun for dataset_alias_example_alias_producer to None, run_after=None
[2025-03-01T01:02:09.280+0000] {logging_mixin.py:190} INFO - [2025-03-01T01:02:09.280+0000] {dag.py:4180} INFO - Setting next_dagrun for dataset_s3_bucket_consumer to None, run_after=None
[2025-03-01T01:02:09.281+0000] {logging_mixin.py:190} INFO - [2025-03-01T01:02:09.281+0000] {dag.py:4180} INFO - Setting next_dagrun for dataset_s3_bucket_producer to None, run_after=None
[2025-03-01T01:02:09.295+0000] {processor.py:208} INFO - Processing /home/airflow/.local/lib/python3.12/site-packages/airflow/example_dags/example_dataset_alias.py took 0.615 seconds
[2025-03-01T01:02:39.339+0000] {processor.py:186} INFO - Started process (PID=281) to work on /home/airflow/.local/lib/python3.12/site-packages/airflow/example_dags/example_dataset_alias.py
[2025-03-01T01:02:39.340+0000] {processor.py:914} INFO - Processing file /home/airflow/.local/lib/python3.12/site-packages/airflow/example_dags/example_dataset_alias.py for tasks to queue
[2025-03-01T01:02:39.341+0000] {logging_mixin.py:190} INFO - [2025-03-01T01:02:39.341+0000] {dagbag.py:588} INFO - Filling up the DagBag from /home/airflow/.local/lib/python3.12/site-packages/airflow/example_dags/example_dataset_alias.py
[2025-03-01T01:02:39.855+0000] {processor.py:925} INFO - DAG(s) 'dataset_s3_bucket_consumer', 'dataset_alias_example_alias_consumer', 'dataset_alias_example_alias_producer', 'dataset_s3_bucket_producer' retrieved from /home/airflow/.local/lib/python3.12/site-packages/airflow/example_dags/example_dataset_alias.py
[2025-03-01T01:02:39.870+0000] {logging_mixin.py:190} INFO - [2025-03-01T01:02:39.870+0000] {dag.py:3239} INFO - Sync 4 DAGs
[2025-03-01T01:02:39.888+0000] {logging_mixin.py:190} INFO - [2025-03-01T01:02:39.888+0000] {dag.py:4180} INFO - Setting next_dagrun for dataset_alias_example_alias_consumer to None, run_after=None
[2025-03-01T01:02:39.890+0000] {logging_mixin.py:190} INFO - [2025-03-01T01:02:39.889+0000] {dag.py:4180} INFO - Setting next_dagrun for dataset_alias_example_alias_producer to None, run_after=None
[2025-03-01T01:02:39.891+0000] {logging_mixin.py:190} INFO - [2025-03-01T01:02:39.890+0000] {dag.py:4180} INFO - Setting next_dagrun for dataset_s3_bucket_consumer to None, run_after=None
[2025-03-01T01:02:39.891+0000] {logging_mixin.py:190} INFO - [2025-03-01T01:02:39.891+0000] {dag.py:4180} INFO - Setting next_dagrun for dataset_s3_bucket_producer to None, run_after=None
[2025-03-01T01:02:39.906+0000] {processor.py:208} INFO - Processing /home/airflow/.local/lib/python3.12/site-packages/airflow/example_dags/example_dataset_alias.py took 0.571 seconds
[2025-03-01T01:03:10.793+0000] {processor.py:186} INFO - Started process (PID=344) to work on /home/airflow/.local/lib/python3.12/site-packages/airflow/example_dags/example_dataset_alias.py
[2025-03-01T01:03:10.799+0000] {processor.py:914} INFO - Processing file /home/airflow/.local/lib/python3.12/site-packages/airflow/example_dags/example_dataset_alias.py for tasks to queue
[2025-03-01T01:03:10.801+0000] {logging_mixin.py:190} INFO - [2025-03-01T01:03:10.800+0000] {dagbag.py:588} INFO - Filling up the DagBag from /home/airflow/.local/lib/python3.12/site-packages/airflow/example_dags/example_dataset_alias.py
[2025-03-01T01:03:11.465+0000] {processor.py:925} INFO - DAG(s) 'dataset_s3_bucket_consumer', 'dataset_alias_example_alias_producer', 'dataset_s3_bucket_producer', 'dataset_alias_example_alias_consumer' retrieved from /home/airflow/.local/lib/python3.12/site-packages/airflow/example_dags/example_dataset_alias.py
[2025-03-01T01:03:11.480+0000] {logging_mixin.py:190} INFO - [2025-03-01T01:03:11.480+0000] {dag.py:3239} INFO - Sync 4 DAGs
[2025-03-01T01:03:11.499+0000] {logging_mixin.py:190} INFO - [2025-03-01T01:03:11.499+0000] {dag.py:4180} INFO - Setting next_dagrun for dataset_alias_example_alias_consumer to None, run_after=None
[2025-03-01T01:03:11.501+0000] {logging_mixin.py:190} INFO - [2025-03-01T01:03:11.501+0000] {dag.py:4180} INFO - Setting next_dagrun for dataset_alias_example_alias_producer to None, run_after=None
[2025-03-01T01:03:11.502+0000] {logging_mixin.py:190} INFO - [2025-03-01T01:03:11.502+0000] {dag.py:4180} INFO - Setting next_dagrun for dataset_s3_bucket_consumer to None, run_after=None
[2025-03-01T01:03:11.503+0000] {logging_mixin.py:190} INFO - [2025-03-01T01:03:11.502+0000] {dag.py:4180} INFO - Setting next_dagrun for dataset_s3_bucket_producer to None, run_after=None
[2025-03-01T01:03:11.518+0000] {processor.py:208} INFO - Processing /home/airflow/.local/lib/python3.12/site-packages/airflow/example_dags/example_dataset_alias.py took 0.730 seconds
[2025-03-01T01:03:41.552+0000] {processor.py:186} INFO - Started process (PID=407) to work on /home/airflow/.local/lib/python3.12/site-packages/airflow/example_dags/example_dataset_alias.py
[2025-03-01T01:03:41.552+0000] {processor.py:914} INFO - Processing file /home/airflow/.local/lib/python3.12/site-packages/airflow/example_dags/example_dataset_alias.py for tasks to queue
[2025-03-01T01:03:41.554+0000] {logging_mixin.py:190} INFO - [2025-03-01T01:03:41.553+0000] {dagbag.py:588} INFO - Filling up the DagBag from /home/airflow/.local/lib/python3.12/site-packages/airflow/example_dags/example_dataset_alias.py
[2025-03-01T01:03:42.135+0000] {processor.py:925} INFO - DAG(s) 'dataset_alias_example_alias_consumer', 'dataset_s3_bucket_consumer', 'dataset_alias_example_alias_producer', 'dataset_s3_bucket_producer' retrieved from /home/airflow/.local/lib/python3.12/site-packages/airflow/example_dags/example_dataset_alias.py
[2025-03-01T01:03:42.157+0000] {logging_mixin.py:190} INFO - [2025-03-01T01:03:42.156+0000] {dag.py:3239} INFO - Sync 4 DAGs
[2025-03-01T01:03:42.183+0000] {logging_mixin.py:190} INFO - [2025-03-01T01:03:42.183+0000] {dag.py:4180} INFO - Setting next_dagrun for dataset_alias_example_alias_consumer to None, run_after=None
[2025-03-01T01:03:42.185+0000] {logging_mixin.py:190} INFO - [2025-03-01T01:03:42.185+0000] {dag.py:4180} INFO - Setting next_dagrun for dataset_alias_example_alias_producer to None, run_after=None
[2025-03-01T01:03:42.188+0000] {logging_mixin.py:190} INFO - [2025-03-01T01:03:42.187+0000] {dag.py:4180} INFO - Setting next_dagrun for dataset_s3_bucket_consumer to None, run_after=None
[2025-03-01T01:03:42.189+0000] {logging_mixin.py:190} INFO - [2025-03-01T01:03:42.188+0000] {dag.py:4180} INFO - Setting next_dagrun for dataset_s3_bucket_producer to None, run_after=None
[2025-03-01T01:03:42.204+0000] {processor.py:208} INFO - Processing /home/airflow/.local/lib/python3.12/site-packages/airflow/example_dags/example_dataset_alias.py took 0.656 seconds
[2025-03-01T01:04:13.083+0000] {processor.py:186} INFO - Started process (PID=475) to work on /home/airflow/.local/lib/python3.12/site-packages/airflow/example_dags/example_dataset_alias.py
[2025-03-01T01:04:13.084+0000] {processor.py:914} INFO - Processing file /home/airflow/.local/lib/python3.12/site-packages/airflow/example_dags/example_dataset_alias.py for tasks to queue
[2025-03-01T01:04:13.085+0000] {logging_mixin.py:190} INFO - [2025-03-01T01:04:13.085+0000] {dagbag.py:588} INFO - Filling up the DagBag from /home/airflow/.local/lib/python3.12/site-packages/airflow/example_dags/example_dataset_alias.py
[2025-03-01T01:04:13.571+0000] {processor.py:925} INFO - DAG(s) 'dataset_s3_bucket_consumer', 'dataset_alias_example_alias_producer', 'dataset_s3_bucket_producer', 'dataset_alias_example_alias_consumer' retrieved from /home/airflow/.local/lib/python3.12/site-packages/airflow/example_dags/example_dataset_alias.py
[2025-03-01T01:04:13.588+0000] {logging_mixin.py:190} INFO - [2025-03-01T01:04:13.587+0000] {dag.py:3239} INFO - Sync 4 DAGs
[2025-03-01T01:04:13.605+0000] {logging_mixin.py:190} INFO - [2025-03-01T01:04:13.605+0000] {dag.py:4180} INFO - Setting next_dagrun for dataset_alias_example_alias_consumer to None, run_after=None
[2025-03-01T01:04:13.607+0000] {logging_mixin.py:190} INFO - [2025-03-01T01:04:13.607+0000] {dag.py:4180} INFO - Setting next_dagrun for dataset_alias_example_alias_producer to None, run_after=None
[2025-03-01T01:04:13.608+0000] {logging_mixin.py:190} INFO - [2025-03-01T01:04:13.608+0000] {dag.py:4180} INFO - Setting next_dagrun for dataset_s3_bucket_consumer to None, run_after=None
[2025-03-01T01:04:13.609+0000] {logging_mixin.py:190} INFO - [2025-03-01T01:04:13.609+0000] {dag.py:4180} INFO - Setting next_dagrun for dataset_s3_bucket_producer to None, run_after=None
[2025-03-01T01:04:13.624+0000] {processor.py:208} INFO - Processing /home/airflow/.local/lib/python3.12/site-packages/airflow/example_dags/example_dataset_alias.py took 0.545 seconds
[2025-03-01T01:04:44.500+0000] {processor.py:186} INFO - Started process (PID=538) to work on /home/airflow/.local/lib/python3.12/site-packages/airflow/example_dags/example_dataset_alias.py
[2025-03-01T01:04:44.501+0000] {processor.py:914} INFO - Processing file /home/airflow/.local/lib/python3.12/site-packages/airflow/example_dags/example_dataset_alias.py for tasks to queue
[2025-03-01T01:04:44.502+0000] {logging_mixin.py:190} INFO - [2025-03-01T01:04:44.502+0000] {dagbag.py:588} INFO - Filling up the DagBag from /home/airflow/.local/lib/python3.12/site-packages/airflow/example_dags/example_dataset_alias.py
[2025-03-01T01:04:45.071+0000] {processor.py:925} INFO - DAG(s) 'dataset_alias_example_alias_consumer', 'dataset_s3_bucket_consumer', 'dataset_alias_example_alias_producer', 'dataset_s3_bucket_producer' retrieved from /home/airflow/.local/lib/python3.12/site-packages/airflow/example_dags/example_dataset_alias.py
[2025-03-01T01:04:45.087+0000] {logging_mixin.py:190} INFO - [2025-03-01T01:04:45.087+0000] {dag.py:3239} INFO - Sync 4 DAGs
[2025-03-01T01:04:45.104+0000] {logging_mixin.py:190} INFO - [2025-03-01T01:04:45.104+0000] {dag.py:4180} INFO - Setting next_dagrun for dataset_alias_example_alias_consumer to None, run_after=None
[2025-03-01T01:04:45.106+0000] {logging_mixin.py:190} INFO - [2025-03-01T01:04:45.106+0000] {dag.py:4180} INFO - Setting next_dagrun for dataset_alias_example_alias_producer to None, run_after=None
[2025-03-01T01:04:45.107+0000] {logging_mixin.py:190} INFO - [2025-03-01T01:04:45.107+0000] {dag.py:4180} INFO - Setting next_dagrun for dataset_s3_bucket_consumer to None, run_after=None
[2025-03-01T01:04:45.108+0000] {logging_mixin.py:190} INFO - [2025-03-01T01:04:45.108+0000] {dag.py:4180} INFO - Setting next_dagrun for dataset_s3_bucket_producer to None, run_after=None
[2025-03-01T01:04:45.123+0000] {processor.py:208} INFO - Processing /home/airflow/.local/lib/python3.12/site-packages/airflow/example_dags/example_dataset_alias.py took 0.627 seconds
[2025-03-01T01:05:15.872+0000] {processor.py:186} INFO - Started process (PID=604) to work on /home/airflow/.local/lib/python3.12/site-packages/airflow/example_dags/example_dataset_alias.py
[2025-03-01T01:05:15.872+0000] {processor.py:914} INFO - Processing file /home/airflow/.local/lib/python3.12/site-packages/airflow/example_dags/example_dataset_alias.py for tasks to queue
[2025-03-01T01:05:15.874+0000] {logging_mixin.py:190} INFO - [2025-03-01T01:05:15.874+0000] {dagbag.py:588} INFO - Filling up the DagBag from /home/airflow/.local/lib/python3.12/site-packages/airflow/example_dags/example_dataset_alias.py
[2025-03-01T01:05:16.462+0000] {processor.py:925} INFO - DAG(s) 'dataset_s3_bucket_consumer', 'dataset_s3_bucket_producer', 'dataset_alias_example_alias_consumer', 'dataset_alias_example_alias_producer' retrieved from /home/airflow/.local/lib/python3.12/site-packages/airflow/example_dags/example_dataset_alias.py
[2025-03-01T01:05:16.486+0000] {logging_mixin.py:190} INFO - [2025-03-01T01:05:16.486+0000] {dag.py:3239} INFO - Sync 4 DAGs
[2025-03-01T01:05:16.513+0000] {logging_mixin.py:190} INFO - [2025-03-01T01:05:16.513+0000] {dag.py:4180} INFO - Setting next_dagrun for dataset_alias_example_alias_consumer to None, run_after=None
[2025-03-01T01:05:16.516+0000] {logging_mixin.py:190} INFO - [2025-03-01T01:05:16.516+0000] {dag.py:4180} INFO - Setting next_dagrun for dataset_alias_example_alias_producer to None, run_after=None
[2025-03-01T01:05:16.518+0000] {logging_mixin.py:190} INFO - [2025-03-01T01:05:16.518+0000] {dag.py:4180} INFO - Setting next_dagrun for dataset_s3_bucket_consumer to None, run_after=None
[2025-03-01T01:05:16.519+0000] {logging_mixin.py:190} INFO - [2025-03-01T01:05:16.519+0000] {dag.py:4180} INFO - Setting next_dagrun for dataset_s3_bucket_producer to None, run_after=None
[2025-03-01T01:05:16.540+0000] {processor.py:208} INFO - Processing /home/airflow/.local/lib/python3.12/site-packages/airflow/example_dags/example_dataset_alias.py took 0.672 seconds
[2025-03-01T01:05:47.391+0000] {processor.py:186} INFO - Started process (PID=667) to work on /home/airflow/.local/lib/python3.12/site-packages/airflow/example_dags/example_dataset_alias.py
[2025-03-01T01:05:47.391+0000] {processor.py:914} INFO - Processing file /home/airflow/.local/lib/python3.12/site-packages/airflow/example_dags/example_dataset_alias.py for tasks to queue
[2025-03-01T01:05:47.393+0000] {logging_mixin.py:190} INFO - [2025-03-01T01:05:47.392+0000] {dagbag.py:588} INFO - Filling up the DagBag from /home/airflow/.local/lib/python3.12/site-packages/airflow/example_dags/example_dataset_alias.py
[2025-03-01T01:05:47.908+0000] {processor.py:925} INFO - DAG(s) 'dataset_alias_example_alias_consumer', 'dataset_s3_bucket_consumer', 'dataset_alias_example_alias_producer', 'dataset_s3_bucket_producer' retrieved from /home/airflow/.local/lib/python3.12/site-packages/airflow/example_dags/example_dataset_alias.py
[2025-03-01T01:05:47.930+0000] {logging_mixin.py:190} INFO - [2025-03-01T01:05:47.930+0000] {dag.py:3239} INFO - Sync 4 DAGs
[2025-03-01T01:05:47.957+0000] {logging_mixin.py:190} INFO - [2025-03-01T01:05:47.957+0000] {dag.py:4180} INFO - Setting next_dagrun for dataset_alias_example_alias_consumer to None, run_after=None
[2025-03-01T01:05:47.960+0000] {logging_mixin.py:190} INFO - [2025-03-01T01:05:47.959+0000] {dag.py:4180} INFO - Setting next_dagrun for dataset_alias_example_alias_producer to None, run_after=None
[2025-03-01T01:05:47.961+0000] {logging_mixin.py:190} INFO - [2025-03-01T01:05:47.961+0000] {dag.py:4180} INFO - Setting next_dagrun for dataset_s3_bucket_consumer to None, run_after=None
[2025-03-01T01:05:47.962+0000] {logging_mixin.py:190} INFO - [2025-03-01T01:05:47.962+0000] {dag.py:4180} INFO - Setting next_dagrun for dataset_s3_bucket_producer to None, run_after=None
[2025-03-01T01:05:47.984+0000] {processor.py:208} INFO - Processing /home/airflow/.local/lib/python3.12/site-packages/airflow/example_dags/example_dataset_alias.py took 0.597 seconds
[2025-03-01T01:06:18.771+0000] {processor.py:186} INFO - Started process (PID=730) to work on /home/airflow/.local/lib/python3.12/site-packages/airflow/example_dags/example_dataset_alias.py
[2025-03-01T01:06:18.771+0000] {processor.py:914} INFO - Processing file /home/airflow/.local/lib/python3.12/site-packages/airflow/example_dags/example_dataset_alias.py for tasks to queue
[2025-03-01T01:06:18.773+0000] {logging_mixin.py:190} INFO - [2025-03-01T01:06:18.773+0000] {dagbag.py:588} INFO - Filling up the DagBag from /home/airflow/.local/lib/python3.12/site-packages/airflow/example_dags/example_dataset_alias.py
[2025-03-01T01:06:19.337+0000] {processor.py:925} INFO - DAG(s) 'dataset_alias_example_alias_producer', 'dataset_s3_bucket_consumer', 'dataset_s3_bucket_producer', 'dataset_alias_example_alias_consumer' retrieved from /home/airflow/.local/lib/python3.12/site-packages/airflow/example_dags/example_dataset_alias.py
[2025-03-01T01:06:19.355+0000] {logging_mixin.py:190} INFO - [2025-03-01T01:06:19.355+0000] {dag.py:3239} INFO - Sync 4 DAGs
[2025-03-01T01:06:19.375+0000] {logging_mixin.py:190} INFO - [2025-03-01T01:06:19.375+0000] {dag.py:4180} INFO - Setting next_dagrun for dataset_alias_example_alias_consumer to None, run_after=None
[2025-03-01T01:06:19.378+0000] {logging_mixin.py:190} INFO - [2025-03-01T01:06:19.377+0000] {dag.py:4180} INFO - Setting next_dagrun for dataset_alias_example_alias_producer to None, run_after=None
[2025-03-01T01:06:19.379+0000] {logging_mixin.py:190} INFO - [2025-03-01T01:06:19.379+0000] {dag.py:4180} INFO - Setting next_dagrun for dataset_s3_bucket_consumer to None, run_after=None
[2025-03-01T01:06:19.380+0000] {logging_mixin.py:190} INFO - [2025-03-01T01:06:19.380+0000] {dag.py:4180} INFO - Setting next_dagrun for dataset_s3_bucket_producer to None, run_after=None
[2025-03-01T01:06:19.396+0000] {processor.py:208} INFO - Processing /home/airflow/.local/lib/python3.12/site-packages/airflow/example_dags/example_dataset_alias.py took 0.629 seconds
[2025-03-01T01:06:50.221+0000] {processor.py:186} INFO - Started process (PID=793) to work on /home/airflow/.local/lib/python3.12/site-packages/airflow/example_dags/example_dataset_alias.py
[2025-03-01T01:06:50.222+0000] {processor.py:914} INFO - Processing file /home/airflow/.local/lib/python3.12/site-packages/airflow/example_dags/example_dataset_alias.py for tasks to queue
[2025-03-01T01:06:50.224+0000] {logging_mixin.py:190} INFO - [2025-03-01T01:06:50.223+0000] {dagbag.py:588} INFO - Filling up the DagBag from /home/airflow/.local/lib/python3.12/site-packages/airflow/example_dags/example_dataset_alias.py
[2025-03-01T01:06:50.776+0000] {processor.py:925} INFO - DAG(s) 'dataset_alias_example_alias_consumer', 'dataset_s3_bucket_producer', 'dataset_alias_example_alias_producer', 'dataset_s3_bucket_consumer' retrieved from /home/airflow/.local/lib/python3.12/site-packages/airflow/example_dags/example_dataset_alias.py
[2025-03-01T01:06:50.792+0000] {logging_mixin.py:190} INFO - [2025-03-01T01:06:50.791+0000] {dag.py:3239} INFO - Sync 4 DAGs
[2025-03-01T01:06:50.811+0000] {logging_mixin.py:190} INFO - [2025-03-01T01:06:50.810+0000] {dag.py:4180} INFO - Setting next_dagrun for dataset_alias_example_alias_consumer to None, run_after=None
[2025-03-01T01:06:50.812+0000] {logging_mixin.py:190} INFO - [2025-03-01T01:06:50.812+0000] {dag.py:4180} INFO - Setting next_dagrun for dataset_alias_example_alias_producer to None, run_after=None
[2025-03-01T01:06:50.815+0000] {logging_mixin.py:190} INFO - [2025-03-01T01:06:50.815+0000] {dag.py:4180} INFO - Setting next_dagrun for dataset_s3_bucket_consumer to None, run_after=None
[2025-03-01T01:06:50.816+0000] {logging_mixin.py:190} INFO - [2025-03-01T01:06:50.816+0000] {dag.py:4180} INFO - Setting next_dagrun for dataset_s3_bucket_producer to None, run_after=None
[2025-03-01T01:06:50.831+0000] {processor.py:208} INFO - Processing /home/airflow/.local/lib/python3.12/site-packages/airflow/example_dags/example_dataset_alias.py took 0.614 seconds
[2025-03-01T01:07:21.544+0000] {processor.py:186} INFO - Started process (PID=856) to work on /home/airflow/.local/lib/python3.12/site-packages/airflow/example_dags/example_dataset_alias.py
[2025-03-01T01:07:21.545+0000] {processor.py:914} INFO - Processing file /home/airflow/.local/lib/python3.12/site-packages/airflow/example_dags/example_dataset_alias.py for tasks to queue
[2025-03-01T01:07:21.547+0000] {logging_mixin.py:190} INFO - [2025-03-01T01:07:21.547+0000] {dagbag.py:588} INFO - Filling up the DagBag from /home/airflow/.local/lib/python3.12/site-packages/airflow/example_dags/example_dataset_alias.py
[2025-03-01T01:07:22.070+0000] {processor.py:925} INFO - DAG(s) 'dataset_alias_example_alias_consumer', 'dataset_s3_bucket_producer', 'dataset_alias_example_alias_producer', 'dataset_s3_bucket_consumer' retrieved from /home/airflow/.local/lib/python3.12/site-packages/airflow/example_dags/example_dataset_alias.py
[2025-03-01T01:07:22.086+0000] {logging_mixin.py:190} INFO - [2025-03-01T01:07:22.085+0000] {dag.py:3239} INFO - Sync 4 DAGs
[2025-03-01T01:07:22.103+0000] {logging_mixin.py:190} INFO - [2025-03-01T01:07:22.102+0000] {dag.py:4180} INFO - Setting next_dagrun for dataset_alias_example_alias_consumer to None, run_after=None
[2025-03-01T01:07:22.104+0000] {logging_mixin.py:190} INFO - [2025-03-01T01:07:22.104+0000] {dag.py:4180} INFO - Setting next_dagrun for dataset_alias_example_alias_producer to None, run_after=None
[2025-03-01T01:07:22.105+0000] {logging_mixin.py:190} INFO - [2025-03-01T01:07:22.105+0000] {dag.py:4180} INFO - Setting next_dagrun for dataset_s3_bucket_consumer to None, run_after=None
[2025-03-01T01:07:22.106+0000] {logging_mixin.py:190} INFO - [2025-03-01T01:07:22.106+0000] {dag.py:4180} INFO - Setting next_dagrun for dataset_s3_bucket_producer to None, run_after=None
[2025-03-01T01:07:22.123+0000] {processor.py:208} INFO - Processing /home/airflow/.local/lib/python3.12/site-packages/airflow/example_dags/example_dataset_alias.py took 0.584 seconds
[2025-03-01T01:07:52.728+0000] {processor.py:186} INFO - Started process (PID=919) to work on /home/airflow/.local/lib/python3.12/site-packages/airflow/example_dags/example_dataset_alias.py
[2025-03-01T01:07:52.728+0000] {processor.py:914} INFO - Processing file /home/airflow/.local/lib/python3.12/site-packages/airflow/example_dags/example_dataset_alias.py for tasks to queue
[2025-03-01T01:07:52.730+0000] {logging_mixin.py:190} INFO - [2025-03-01T01:07:52.729+0000] {dagbag.py:588} INFO - Filling up the DagBag from /home/airflow/.local/lib/python3.12/site-packages/airflow/example_dags/example_dataset_alias.py
[2025-03-01T01:07:53.234+0000] {processor.py:925} INFO - DAG(s) 'dataset_s3_bucket_consumer', 'dataset_s3_bucket_producer', 'dataset_alias_example_alias_producer', 'dataset_alias_example_alias_consumer' retrieved from /home/airflow/.local/lib/python3.12/site-packages/airflow/example_dags/example_dataset_alias.py
[2025-03-01T01:07:53.255+0000] {logging_mixin.py:190} INFO - [2025-03-01T01:07:53.255+0000] {dag.py:3239} INFO - Sync 4 DAGs
[2025-03-01T01:07:53.275+0000] {logging_mixin.py:190} INFO - [2025-03-01T01:07:53.275+0000] {dag.py:4180} INFO - Setting next_dagrun for dataset_alias_example_alias_consumer to None, run_after=None
[2025-03-01T01:07:53.277+0000] {logging_mixin.py:190} INFO - [2025-03-01T01:07:53.277+0000] {dag.py:4180} INFO - Setting next_dagrun for dataset_alias_example_alias_producer to None, run_after=None
[2025-03-01T01:07:53.278+0000] {logging_mixin.py:190} INFO - [2025-03-01T01:07:53.278+0000] {dag.py:4180} INFO - Setting next_dagrun for dataset_s3_bucket_consumer to None, run_after=None
[2025-03-01T01:07:53.279+0000] {logging_mixin.py:190} INFO - [2025-03-01T01:07:53.279+0000] {dag.py:4180} INFO - Setting next_dagrun for dataset_s3_bucket_producer to None, run_after=None
[2025-03-01T01:07:53.295+0000] {processor.py:208} INFO - Processing /home/airflow/.local/lib/python3.12/site-packages/airflow/example_dags/example_dataset_alias.py took 0.572 seconds
[2025-03-01T01:08:23.958+0000] {processor.py:186} INFO - Started process (PID=983) to work on /home/airflow/.local/lib/python3.12/site-packages/airflow/example_dags/example_dataset_alias.py
[2025-03-01T01:08:23.958+0000] {processor.py:914} INFO - Processing file /home/airflow/.local/lib/python3.12/site-packages/airflow/example_dags/example_dataset_alias.py for tasks to queue
[2025-03-01T01:08:23.960+0000] {logging_mixin.py:190} INFO - [2025-03-01T01:08:23.960+0000] {dagbag.py:588} INFO - Filling up the DagBag from /home/airflow/.local/lib/python3.12/site-packages/airflow/example_dags/example_dataset_alias.py
[2025-03-01T01:08:24.487+0000] {processor.py:925} INFO - DAG(s) 'dataset_s3_bucket_consumer', 'dataset_alias_example_alias_producer', 'dataset_alias_example_alias_consumer', 'dataset_s3_bucket_producer' retrieved from /home/airflow/.local/lib/python3.12/site-packages/airflow/example_dags/example_dataset_alias.py
[2025-03-01T01:08:24.510+0000] {logging_mixin.py:190} INFO - [2025-03-01T01:08:24.510+0000] {dag.py:3239} INFO - Sync 4 DAGs
[2025-03-01T01:08:24.529+0000] {logging_mixin.py:190} INFO - [2025-03-01T01:08:24.529+0000] {dag.py:4180} INFO - Setting next_dagrun for dataset_alias_example_alias_consumer to None, run_after=None
[2025-03-01T01:08:24.531+0000] {logging_mixin.py:190} INFO - [2025-03-01T01:08:24.530+0000] {dag.py:4180} INFO - Setting next_dagrun for dataset_alias_example_alias_producer to None, run_after=None
[2025-03-01T01:08:24.532+0000] {logging_mixin.py:190} INFO - [2025-03-01T01:08:24.532+0000] {dag.py:4180} INFO - Setting next_dagrun for dataset_s3_bucket_consumer to None, run_after=None
[2025-03-01T01:08:24.533+0000] {logging_mixin.py:190} INFO - [2025-03-01T01:08:24.532+0000] {dag.py:4180} INFO - Setting next_dagrun for dataset_s3_bucket_producer to None, run_after=None
[2025-03-01T01:08:24.547+0000] {processor.py:208} INFO - Processing /home/airflow/.local/lib/python3.12/site-packages/airflow/example_dags/example_dataset_alias.py took 0.594 seconds
[2025-03-01T01:08:55.247+0000] {processor.py:186} INFO - Started process (PID=1045) to work on /home/airflow/.local/lib/python3.12/site-packages/airflow/example_dags/example_dataset_alias.py
[2025-03-01T01:08:55.247+0000] {processor.py:914} INFO - Processing file /home/airflow/.local/lib/python3.12/site-packages/airflow/example_dags/example_dataset_alias.py for tasks to queue
[2025-03-01T01:08:55.249+0000] {logging_mixin.py:190} INFO - [2025-03-01T01:08:55.249+0000] {dagbag.py:588} INFO - Filling up the DagBag from /home/airflow/.local/lib/python3.12/site-packages/airflow/example_dags/example_dataset_alias.py
[2025-03-01T01:08:55.773+0000] {processor.py:925} INFO - DAG(s) 'dataset_alias_example_alias_producer', 'dataset_s3_bucket_producer', 'dataset_alias_example_alias_consumer', 'dataset_s3_bucket_consumer' retrieved from /home/airflow/.local/lib/python3.12/site-packages/airflow/example_dags/example_dataset_alias.py
[2025-03-01T01:08:55.794+0000] {logging_mixin.py:190} INFO - [2025-03-01T01:08:55.793+0000] {dag.py:3239} INFO - Sync 4 DAGs
[2025-03-01T01:08:55.813+0000] {logging_mixin.py:190} INFO - [2025-03-01T01:08:55.813+0000] {dag.py:4180} INFO - Setting next_dagrun for dataset_alias_example_alias_consumer to None, run_after=None
[2025-03-01T01:08:55.815+0000] {logging_mixin.py:190} INFO - [2025-03-01T01:08:55.815+0000] {dag.py:4180} INFO - Setting next_dagrun for dataset_alias_example_alias_producer to None, run_after=None
[2025-03-01T01:08:55.816+0000] {logging_mixin.py:190} INFO - [2025-03-01T01:08:55.816+0000] {dag.py:4180} INFO - Setting next_dagrun for dataset_s3_bucket_consumer to None, run_after=None
[2025-03-01T01:08:55.817+0000] {logging_mixin.py:190} INFO - [2025-03-01T01:08:55.817+0000] {dag.py:4180} INFO - Setting next_dagrun for dataset_s3_bucket_producer to None, run_after=None
[2025-03-01T01:08:55.832+0000] {processor.py:208} INFO - Processing /home/airflow/.local/lib/python3.12/site-packages/airflow/example_dags/example_dataset_alias.py took 0.589 seconds
[2025-03-01T01:09:26.570+0000] {processor.py:186} INFO - Started process (PID=1108) to work on /home/airflow/.local/lib/python3.12/site-packages/airflow/example_dags/example_dataset_alias.py
[2025-03-01T01:09:26.570+0000] {processor.py:914} INFO - Processing file /home/airflow/.local/lib/python3.12/site-packages/airflow/example_dags/example_dataset_alias.py for tasks to queue
[2025-03-01T01:09:26.572+0000] {logging_mixin.py:190} INFO - [2025-03-01T01:09:26.572+0000] {dagbag.py:588} INFO - Filling up the DagBag from /home/airflow/.local/lib/python3.12/site-packages/airflow/example_dags/example_dataset_alias.py
[2025-03-01T01:09:27.112+0000] {processor.py:925} INFO - DAG(s) 'dataset_alias_example_alias_consumer', 'dataset_alias_example_alias_producer', 'dataset_s3_bucket_consumer', 'dataset_s3_bucket_producer' retrieved from /home/airflow/.local/lib/python3.12/site-packages/airflow/example_dags/example_dataset_alias.py
[2025-03-01T01:09:27.127+0000] {logging_mixin.py:190} INFO - [2025-03-01T01:09:27.126+0000] {dag.py:3239} INFO - Sync 4 DAGs
[2025-03-01T01:09:27.145+0000] {logging_mixin.py:190} INFO - [2025-03-01T01:09:27.145+0000] {dag.py:4180} INFO - Setting next_dagrun for dataset_alias_example_alias_consumer to None, run_after=None
[2025-03-01T01:09:27.147+0000] {logging_mixin.py:190} INFO - [2025-03-01T01:09:27.146+0000] {dag.py:4180} INFO - Setting next_dagrun for dataset_alias_example_alias_producer to None, run_after=None
[2025-03-01T01:09:27.148+0000] {logging_mixin.py:190} INFO - [2025-03-01T01:09:27.148+0000] {dag.py:4180} INFO - Setting next_dagrun for dataset_s3_bucket_consumer to None, run_after=None
[2025-03-01T01:09:27.149+0000] {logging_mixin.py:190} INFO - [2025-03-01T01:09:27.148+0000] {dag.py:4180} INFO - Setting next_dagrun for dataset_s3_bucket_producer to None, run_after=None
[2025-03-01T01:09:27.164+0000] {processor.py:208} INFO - Processing /home/airflow/.local/lib/python3.12/site-packages/airflow/example_dags/example_dataset_alias.py took 0.598 seconds
[2025-03-01T01:09:57.848+0000] {processor.py:186} INFO - Started process (PID=1171) to work on /home/airflow/.local/lib/python3.12/site-packages/airflow/example_dags/example_dataset_alias.py
[2025-03-01T01:09:57.849+0000] {processor.py:914} INFO - Processing file /home/airflow/.local/lib/python3.12/site-packages/airflow/example_dags/example_dataset_alias.py for tasks to queue
[2025-03-01T01:09:57.851+0000] {logging_mixin.py:190} INFO - [2025-03-01T01:09:57.850+0000] {dagbag.py:588} INFO - Filling up the DagBag from /home/airflow/.local/lib/python3.12/site-packages/airflow/example_dags/example_dataset_alias.py
[2025-03-01T01:09:58.414+0000] {processor.py:925} INFO - DAG(s) 'dataset_s3_bucket_consumer', 'dataset_s3_bucket_producer', 'dataset_alias_example_alias_producer', 'dataset_alias_example_alias_consumer' retrieved from /home/airflow/.local/lib/python3.12/site-packages/airflow/example_dags/example_dataset_alias.py
[2025-03-01T01:09:58.434+0000] {logging_mixin.py:190} INFO - [2025-03-01T01:09:58.433+0000] {dag.py:3239} INFO - Sync 4 DAGs
[2025-03-01T01:09:58.460+0000] {logging_mixin.py:190} INFO - [2025-03-01T01:09:58.460+0000] {dag.py:4180} INFO - Setting next_dagrun for dataset_alias_example_alias_consumer to None, run_after=None
[2025-03-01T01:09:58.462+0000] {logging_mixin.py:190} INFO - [2025-03-01T01:09:58.462+0000] {dag.py:4180} INFO - Setting next_dagrun for dataset_alias_example_alias_producer to None, run_after=None
[2025-03-01T01:09:58.464+0000] {logging_mixin.py:190} INFO - [2025-03-01T01:09:58.464+0000] {dag.py:4180} INFO - Setting next_dagrun for dataset_s3_bucket_consumer to None, run_after=None
[2025-03-01T01:09:58.465+0000] {logging_mixin.py:190} INFO - [2025-03-01T01:09:58.465+0000] {dag.py:4180} INFO - Setting next_dagrun for dataset_s3_bucket_producer to None, run_after=None
[2025-03-01T01:09:58.483+0000] {processor.py:208} INFO - Processing /home/airflow/.local/lib/python3.12/site-packages/airflow/example_dags/example_dataset_alias.py took 0.639 seconds
[2025-03-01T01:10:29.229+0000] {processor.py:186} INFO - Started process (PID=1234) to work on /home/airflow/.local/lib/python3.12/site-packages/airflow/example_dags/example_dataset_alias.py
[2025-03-01T01:10:29.230+0000] {processor.py:914} INFO - Processing file /home/airflow/.local/lib/python3.12/site-packages/airflow/example_dags/example_dataset_alias.py for tasks to queue
[2025-03-01T01:10:29.231+0000] {logging_mixin.py:190} INFO - [2025-03-01T01:10:29.231+0000] {dagbag.py:588} INFO - Filling up the DagBag from /home/airflow/.local/lib/python3.12/site-packages/airflow/example_dags/example_dataset_alias.py
[2025-03-01T01:10:29.738+0000] {processor.py:925} INFO - DAG(s) 'dataset_s3_bucket_producer', 'dataset_alias_example_alias_consumer', 'dataset_s3_bucket_consumer', 'dataset_alias_example_alias_producer' retrieved from /home/airflow/.local/lib/python3.12/site-packages/airflow/example_dags/example_dataset_alias.py
[2025-03-01T01:10:29.759+0000] {logging_mixin.py:190} INFO - [2025-03-01T01:10:29.759+0000] {dag.py:3239} INFO - Sync 4 DAGs
[2025-03-01T01:10:29.776+0000] {logging_mixin.py:190} INFO - [2025-03-01T01:10:29.776+0000] {dag.py:4180} INFO - Setting next_dagrun for dataset_alias_example_alias_consumer to None, run_after=None
[2025-03-01T01:10:29.778+0000] {logging_mixin.py:190} INFO - [2025-03-01T01:10:29.778+0000] {dag.py:4180} INFO - Setting next_dagrun for dataset_alias_example_alias_producer to None, run_after=None
[2025-03-01T01:10:29.779+0000] {logging_mixin.py:190} INFO - [2025-03-01T01:10:29.779+0000] {dag.py:4180} INFO - Setting next_dagrun for dataset_s3_bucket_consumer to None, run_after=None
[2025-03-01T01:10:29.780+0000] {logging_mixin.py:190} INFO - [2025-03-01T01:10:29.780+0000] {dag.py:4180} INFO - Setting next_dagrun for dataset_s3_bucket_producer to None, run_after=None
[2025-03-01T01:10:29.796+0000] {processor.py:208} INFO - Processing /home/airflow/.local/lib/python3.12/site-packages/airflow/example_dags/example_dataset_alias.py took 0.571 seconds
