[2025-03-01T01:01:11.643+0000] {processor.py:186} INFO - Started process (PID=108) to work on /home/airflow/.local/lib/python3.12/site-packages/airflow/example_dags/example_short_circuit_operator.py
[2025-03-01T01:01:11.644+0000] {processor.py:914} INFO - Processing file /home/airflow/.local/lib/python3.12/site-packages/airflow/example_dags/example_short_circuit_operator.py for tasks to queue
[2025-03-01T01:01:11.646+0000] {logging_mixin.py:190} INFO - [2025-03-01T01:01:11.646+0000] {dagbag.py:588} INFO - Filling up the DagBag from /home/airflow/.local/lib/python3.12/site-packages/airflow/example_dags/example_short_circuit_operator.py
[2025-03-01T01:01:11.654+0000] {processor.py:925} INFO - DAG(s) 'example_short_circuit_operator' retrieved from /home/airflow/.local/lib/python3.12/site-packages/airflow/example_dags/example_short_circuit_operator.py
[2025-03-01T01:01:11.743+0000] {logging_mixin.py:190} INFO - [2025-03-01T01:01:11.742+0000] {override.py:1911} INFO - Created Permission View: can edit on DAG:example_short_circuit_operator
[2025-03-01T01:01:11.749+0000] {logging_mixin.py:190} INFO - [2025-03-01T01:01:11.749+0000] {override.py:1911} INFO - Created Permission View: can read on DAG:example_short_circuit_operator
[2025-03-01T01:01:11.754+0000] {logging_mixin.py:190} INFO - [2025-03-01T01:01:11.754+0000] {override.py:1911} INFO - Created Permission View: can delete on DAG:example_short_circuit_operator
[2025-03-01T01:01:11.758+0000] {logging_mixin.py:190} INFO - [2025-03-01T01:01:11.758+0000] {override.py:1911} INFO - Created Permission View: menu access on DAG Run:example_short_circuit_operator
[2025-03-01T01:01:11.763+0000] {logging_mixin.py:190} INFO - [2025-03-01T01:01:11.762+0000] {override.py:1911} INFO - Created Permission View: can delete on DAG Run:example_short_circuit_operator
[2025-03-01T01:01:11.767+0000] {logging_mixin.py:190} INFO - [2025-03-01T01:01:11.767+0000] {override.py:1911} INFO - Created Permission View: can create on DAG Run:example_short_circuit_operator
[2025-03-01T01:01:11.771+0000] {logging_mixin.py:190} INFO - [2025-03-01T01:01:11.771+0000] {override.py:1911} INFO - Created Permission View: can read on DAG Run:example_short_circuit_operator
[2025-03-01T01:01:11.771+0000] {logging_mixin.py:190} INFO - [2025-03-01T01:01:11.771+0000] {dag.py:3239} INFO - Sync 1 DAGs
[2025-03-01T01:01:11.783+0000] {logging_mixin.py:190} INFO - [2025-03-01T01:01:11.783+0000] {dag.py:3262} INFO - Creating ORM DAG for example_short_circuit_operator
[2025-03-01T01:01:11.784+0000] {logging_mixin.py:190} INFO - [2025-03-01T01:01:11.784+0000] {dag.py:4180} INFO - Setting next_dagrun for example_short_circuit_operator to None, run_after=None
[2025-03-01T01:01:11.798+0000] {processor.py:208} INFO - Processing /home/airflow/.local/lib/python3.12/site-packages/airflow/example_dags/example_short_circuit_operator.py took 0.161 seconds
[2025-03-01T01:01:41.844+0000] {processor.py:186} INFO - Started process (PID=170) to work on /home/airflow/.local/lib/python3.12/site-packages/airflow/example_dags/example_short_circuit_operator.py
[2025-03-01T01:01:41.845+0000] {processor.py:914} INFO - Processing file /home/airflow/.local/lib/python3.12/site-packages/airflow/example_dags/example_short_circuit_operator.py for tasks to queue
[2025-03-01T01:01:41.847+0000] {logging_mixin.py:190} INFO - [2025-03-01T01:01:41.847+0000] {dagbag.py:588} INFO - Filling up the DagBag from /home/airflow/.local/lib/python3.12/site-packages/airflow/example_dags/example_short_circuit_operator.py
[2025-03-01T01:01:41.853+0000] {processor.py:925} INFO - DAG(s) 'example_short_circuit_operator' retrieved from /home/airflow/.local/lib/python3.12/site-packages/airflow/example_dags/example_short_circuit_operator.py
[2025-03-01T01:01:41.871+0000] {logging_mixin.py:190} INFO - [2025-03-01T01:01:41.871+0000] {dag.py:3239} INFO - Sync 1 DAGs
[2025-03-01T01:01:41.881+0000] {logging_mixin.py:190} INFO - [2025-03-01T01:01:41.881+0000] {dag.py:4180} INFO - Setting next_dagrun for example_short_circuit_operator to None, run_after=None
[2025-03-01T01:01:41.893+0000] {processor.py:208} INFO - Processing /home/airflow/.local/lib/python3.12/site-packages/airflow/example_dags/example_short_circuit_operator.py took 0.053 seconds
[2025-03-01T01:02:12.852+0000] {processor.py:186} INFO - Started process (PID=234) to work on /home/airflow/.local/lib/python3.12/site-packages/airflow/example_dags/example_short_circuit_operator.py
[2025-03-01T01:02:12.853+0000] {processor.py:914} INFO - Processing file /home/airflow/.local/lib/python3.12/site-packages/airflow/example_dags/example_short_circuit_operator.py for tasks to queue
[2025-03-01T01:02:12.854+0000] {logging_mixin.py:190} INFO - [2025-03-01T01:02:12.854+0000] {dagbag.py:588} INFO - Filling up the DagBag from /home/airflow/.local/lib/python3.12/site-packages/airflow/example_dags/example_short_circuit_operator.py
[2025-03-01T01:02:12.861+0000] {processor.py:925} INFO - DAG(s) 'example_short_circuit_operator' retrieved from /home/airflow/.local/lib/python3.12/site-packages/airflow/example_dags/example_short_circuit_operator.py
[2025-03-01T01:02:12.882+0000] {logging_mixin.py:190} INFO - [2025-03-01T01:02:12.882+0000] {dag.py:3239} INFO - Sync 1 DAGs
[2025-03-01T01:02:12.898+0000] {logging_mixin.py:190} INFO - [2025-03-01T01:02:12.898+0000] {dag.py:4180} INFO - Setting next_dagrun for example_short_circuit_operator to None, run_after=None
[2025-03-01T01:02:12.916+0000] {processor.py:208} INFO - Processing /home/airflow/.local/lib/python3.12/site-packages/airflow/example_dags/example_short_circuit_operator.py took 0.068 seconds
[2025-03-01T01:02:43.702+0000] {processor.py:186} INFO - Started process (PID=296) to work on /home/airflow/.local/lib/python3.12/site-packages/airflow/example_dags/example_short_circuit_operator.py
[2025-03-01T01:02:43.703+0000] {processor.py:914} INFO - Processing file /home/airflow/.local/lib/python3.12/site-packages/airflow/example_dags/example_short_circuit_operator.py for tasks to queue
[2025-03-01T01:02:43.706+0000] {logging_mixin.py:190} INFO - [2025-03-01T01:02:43.705+0000] {dagbag.py:588} INFO - Filling up the DagBag from /home/airflow/.local/lib/python3.12/site-packages/airflow/example_dags/example_short_circuit_operator.py
[2025-03-01T01:02:43.715+0000] {processor.py:925} INFO - DAG(s) 'example_short_circuit_operator' retrieved from /home/airflow/.local/lib/python3.12/site-packages/airflow/example_dags/example_short_circuit_operator.py
[2025-03-01T01:02:43.741+0000] {logging_mixin.py:190} INFO - [2025-03-01T01:02:43.740+0000] {dag.py:3239} INFO - Sync 1 DAGs
[2025-03-01T01:02:43.753+0000] {logging_mixin.py:190} INFO - [2025-03-01T01:02:43.753+0000] {dag.py:4180} INFO - Setting next_dagrun for example_short_circuit_operator to None, run_after=None
[2025-03-01T01:02:43.765+0000] {processor.py:208} INFO - Processing /home/airflow/.local/lib/python3.12/site-packages/airflow/example_dags/example_short_circuit_operator.py took 0.069 seconds
[2025-03-01T01:03:14.388+0000] {processor.py:186} INFO - Started process (PID=359) to work on /home/airflow/.local/lib/python3.12/site-packages/airflow/example_dags/example_short_circuit_operator.py
[2025-03-01T01:03:14.389+0000] {processor.py:914} INFO - Processing file /home/airflow/.local/lib/python3.12/site-packages/airflow/example_dags/example_short_circuit_operator.py for tasks to queue
[2025-03-01T01:03:14.390+0000] {logging_mixin.py:190} INFO - [2025-03-01T01:03:14.390+0000] {dagbag.py:588} INFO - Filling up the DagBag from /home/airflow/.local/lib/python3.12/site-packages/airflow/example_dags/example_short_circuit_operator.py
[2025-03-01T01:03:14.397+0000] {processor.py:925} INFO - DAG(s) 'example_short_circuit_operator' retrieved from /home/airflow/.local/lib/python3.12/site-packages/airflow/example_dags/example_short_circuit_operator.py
[2025-03-01T01:03:14.415+0000] {logging_mixin.py:190} INFO - [2025-03-01T01:03:14.415+0000] {dag.py:3239} INFO - Sync 1 DAGs
[2025-03-01T01:03:14.426+0000] {logging_mixin.py:190} INFO - [2025-03-01T01:03:14.426+0000] {dag.py:4180} INFO - Setting next_dagrun for example_short_circuit_operator to None, run_after=None
[2025-03-01T01:03:14.439+0000] {processor.py:208} INFO - Processing /home/airflow/.local/lib/python3.12/site-packages/airflow/example_dags/example_short_circuit_operator.py took 0.056 seconds
[2025-03-01T01:03:45.705+0000] {processor.py:186} INFO - Started process (PID=422) to work on /home/airflow/.local/lib/python3.12/site-packages/airflow/example_dags/example_short_circuit_operator.py
[2025-03-01T01:03:45.706+0000] {processor.py:914} INFO - Processing file /home/airflow/.local/lib/python3.12/site-packages/airflow/example_dags/example_short_circuit_operator.py for tasks to queue
[2025-03-01T01:03:45.708+0000] {logging_mixin.py:190} INFO - [2025-03-01T01:03:45.707+0000] {dagbag.py:588} INFO - Filling up the DagBag from /home/airflow/.local/lib/python3.12/site-packages/airflow/example_dags/example_short_circuit_operator.py
[2025-03-01T01:03:45.714+0000] {processor.py:925} INFO - DAG(s) 'example_short_circuit_operator' retrieved from /home/airflow/.local/lib/python3.12/site-packages/airflow/example_dags/example_short_circuit_operator.py
[2025-03-01T01:03:45.732+0000] {logging_mixin.py:190} INFO - [2025-03-01T01:03:45.732+0000] {dag.py:3239} INFO - Sync 1 DAGs
[2025-03-01T01:03:45.743+0000] {logging_mixin.py:190} INFO - [2025-03-01T01:03:45.743+0000] {dag.py:4180} INFO - Setting next_dagrun for example_short_circuit_operator to None, run_after=None
[2025-03-01T01:03:45.755+0000] {processor.py:208} INFO - Processing /home/airflow/.local/lib/python3.12/site-packages/airflow/example_dags/example_short_circuit_operator.py took 0.054 seconds
[2025-03-01T01:04:16.732+0000] {processor.py:186} INFO - Started process (PID=485) to work on /home/airflow/.local/lib/python3.12/site-packages/airflow/example_dags/example_short_circuit_operator.py
[2025-03-01T01:04:16.732+0000] {processor.py:914} INFO - Processing file /home/airflow/.local/lib/python3.12/site-packages/airflow/example_dags/example_short_circuit_operator.py for tasks to queue
[2025-03-01T01:04:16.735+0000] {logging_mixin.py:190} INFO - [2025-03-01T01:04:16.735+0000] {dagbag.py:588} INFO - Filling up the DagBag from /home/airflow/.local/lib/python3.12/site-packages/airflow/example_dags/example_short_circuit_operator.py
[2025-03-01T01:04:16.744+0000] {processor.py:925} INFO - DAG(s) 'example_short_circuit_operator' retrieved from /home/airflow/.local/lib/python3.12/site-packages/airflow/example_dags/example_short_circuit_operator.py
[2025-03-01T01:04:16.767+0000] {logging_mixin.py:190} INFO - [2025-03-01T01:04:16.767+0000] {dag.py:3239} INFO - Sync 1 DAGs
[2025-03-01T01:04:16.782+0000] {logging_mixin.py:190} INFO - [2025-03-01T01:04:16.782+0000] {dag.py:4180} INFO - Setting next_dagrun for example_short_circuit_operator to None, run_after=None
[2025-03-01T01:04:16.795+0000] {processor.py:208} INFO - Processing /home/airflow/.local/lib/python3.12/site-packages/airflow/example_dags/example_short_circuit_operator.py took 0.069 seconds
[2025-03-01T01:04:47.375+0000] {processor.py:186} INFO - Started process (PID=548) to work on /home/airflow/.local/lib/python3.12/site-packages/airflow/example_dags/example_short_circuit_operator.py
[2025-03-01T01:04:47.375+0000] {processor.py:914} INFO - Processing file /home/airflow/.local/lib/python3.12/site-packages/airflow/example_dags/example_short_circuit_operator.py for tasks to queue
[2025-03-01T01:04:47.377+0000] {logging_mixin.py:190} INFO - [2025-03-01T01:04:47.377+0000] {dagbag.py:588} INFO - Filling up the DagBag from /home/airflow/.local/lib/python3.12/site-packages/airflow/example_dags/example_short_circuit_operator.py
[2025-03-01T01:04:47.384+0000] {processor.py:925} INFO - DAG(s) 'example_short_circuit_operator' retrieved from /home/airflow/.local/lib/python3.12/site-packages/airflow/example_dags/example_short_circuit_operator.py
[2025-03-01T01:04:47.401+0000] {logging_mixin.py:190} INFO - [2025-03-01T01:04:47.401+0000] {dag.py:3239} INFO - Sync 1 DAGs
[2025-03-01T01:04:47.412+0000] {logging_mixin.py:190} INFO - [2025-03-01T01:04:47.412+0000] {dag.py:4180} INFO - Setting next_dagrun for example_short_circuit_operator to None, run_after=None
[2025-03-01T01:04:47.425+0000] {processor.py:208} INFO - Processing /home/airflow/.local/lib/python3.12/site-packages/airflow/example_dags/example_short_circuit_operator.py took 0.054 seconds
[2025-03-01T01:05:18.430+0000] {processor.py:186} INFO - Started process (PID=611) to work on /home/airflow/.local/lib/python3.12/site-packages/airflow/example_dags/example_short_circuit_operator.py
[2025-03-01T01:05:18.430+0000] {processor.py:914} INFO - Processing file /home/airflow/.local/lib/python3.12/site-packages/airflow/example_dags/example_short_circuit_operator.py for tasks to queue
[2025-03-01T01:05:18.432+0000] {logging_mixin.py:190} INFO - [2025-03-01T01:05:18.432+0000] {dagbag.py:588} INFO - Filling up the DagBag from /home/airflow/.local/lib/python3.12/site-packages/airflow/example_dags/example_short_circuit_operator.py
[2025-03-01T01:05:18.439+0000] {processor.py:925} INFO - DAG(s) 'example_short_circuit_operator' retrieved from /home/airflow/.local/lib/python3.12/site-packages/airflow/example_dags/example_short_circuit_operator.py
[2025-03-01T01:05:18.456+0000] {logging_mixin.py:190} INFO - [2025-03-01T01:05:18.456+0000] {dag.py:3239} INFO - Sync 1 DAGs
[2025-03-01T01:05:18.467+0000] {logging_mixin.py:190} INFO - [2025-03-01T01:05:18.467+0000] {dag.py:4180} INFO - Setting next_dagrun for example_short_circuit_operator to None, run_after=None
[2025-03-01T01:05:18.479+0000] {processor.py:208} INFO - Processing /home/airflow/.local/lib/python3.12/site-packages/airflow/example_dags/example_short_circuit_operator.py took 0.053 seconds
[2025-03-01T01:05:49.763+0000] {processor.py:186} INFO - Started process (PID=674) to work on /home/airflow/.local/lib/python3.12/site-packages/airflow/example_dags/example_short_circuit_operator.py
[2025-03-01T01:05:49.764+0000] {processor.py:914} INFO - Processing file /home/airflow/.local/lib/python3.12/site-packages/airflow/example_dags/example_short_circuit_operator.py for tasks to queue
[2025-03-01T01:05:49.766+0000] {logging_mixin.py:190} INFO - [2025-03-01T01:05:49.765+0000] {dagbag.py:588} INFO - Filling up the DagBag from /home/airflow/.local/lib/python3.12/site-packages/airflow/example_dags/example_short_circuit_operator.py
[2025-03-01T01:05:49.772+0000] {processor.py:925} INFO - DAG(s) 'example_short_circuit_operator' retrieved from /home/airflow/.local/lib/python3.12/site-packages/airflow/example_dags/example_short_circuit_operator.py
[2025-03-01T01:05:49.793+0000] {logging_mixin.py:190} INFO - [2025-03-01T01:05:49.793+0000] {dag.py:3239} INFO - Sync 1 DAGs
[2025-03-01T01:05:49.808+0000] {logging_mixin.py:190} INFO - [2025-03-01T01:05:49.808+0000] {dag.py:4180} INFO - Setting next_dagrun for example_short_circuit_operator to None, run_after=None
[2025-03-01T01:05:49.824+0000] {processor.py:208} INFO - Processing /home/airflow/.local/lib/python3.12/site-packages/airflow/example_dags/example_short_circuit_operator.py took 0.066 seconds
[2025-03-01T01:06:21.169+0000] {processor.py:186} INFO - Started process (PID=737) to work on /home/airflow/.local/lib/python3.12/site-packages/airflow/example_dags/example_short_circuit_operator.py
[2025-03-01T01:06:21.169+0000] {processor.py:914} INFO - Processing file /home/airflow/.local/lib/python3.12/site-packages/airflow/example_dags/example_short_circuit_operator.py for tasks to queue
[2025-03-01T01:06:21.171+0000] {logging_mixin.py:190} INFO - [2025-03-01T01:06:21.171+0000] {dagbag.py:588} INFO - Filling up the DagBag from /home/airflow/.local/lib/python3.12/site-packages/airflow/example_dags/example_short_circuit_operator.py
[2025-03-01T01:06:21.177+0000] {processor.py:925} INFO - DAG(s) 'example_short_circuit_operator' retrieved from /home/airflow/.local/lib/python3.12/site-packages/airflow/example_dags/example_short_circuit_operator.py
[2025-03-01T01:06:21.195+0000] {logging_mixin.py:190} INFO - [2025-03-01T01:06:21.195+0000] {dag.py:3239} INFO - Sync 1 DAGs
[2025-03-01T01:06:21.205+0000] {logging_mixin.py:190} INFO - [2025-03-01T01:06:21.205+0000] {dag.py:4180} INFO - Setting next_dagrun for example_short_circuit_operator to None, run_after=None
[2025-03-01T01:06:21.217+0000] {processor.py:208} INFO - Processing /home/airflow/.local/lib/python3.12/site-packages/airflow/example_dags/example_short_circuit_operator.py took 0.053 seconds
[2025-03-01T01:06:52.676+0000] {processor.py:186} INFO - Started process (PID=800) to work on /home/airflow/.local/lib/python3.12/site-packages/airflow/example_dags/example_short_circuit_operator.py
[2025-03-01T01:06:52.677+0000] {processor.py:914} INFO - Processing file /home/airflow/.local/lib/python3.12/site-packages/airflow/example_dags/example_short_circuit_operator.py for tasks to queue
[2025-03-01T01:06:52.679+0000] {logging_mixin.py:190} INFO - [2025-03-01T01:06:52.678+0000] {dagbag.py:588} INFO - Filling up the DagBag from /home/airflow/.local/lib/python3.12/site-packages/airflow/example_dags/example_short_circuit_operator.py
[2025-03-01T01:06:52.685+0000] {processor.py:925} INFO - DAG(s) 'example_short_circuit_operator' retrieved from /home/airflow/.local/lib/python3.12/site-packages/airflow/example_dags/example_short_circuit_operator.py
[2025-03-01T01:06:52.702+0000] {logging_mixin.py:190} INFO - [2025-03-01T01:06:52.702+0000] {dag.py:3239} INFO - Sync 1 DAGs
[2025-03-01T01:06:52.713+0000] {logging_mixin.py:190} INFO - [2025-03-01T01:06:52.713+0000] {dag.py:4180} INFO - Setting next_dagrun for example_short_circuit_operator to None, run_after=None
[2025-03-01T01:06:52.725+0000] {processor.py:208} INFO - Processing /home/airflow/.local/lib/python3.12/site-packages/airflow/example_dags/example_short_circuit_operator.py took 0.053 seconds
[2025-03-01T01:07:23.870+0000] {processor.py:186} INFO - Started process (PID=863) to work on /home/airflow/.local/lib/python3.12/site-packages/airflow/example_dags/example_short_circuit_operator.py
[2025-03-01T01:07:23.871+0000] {processor.py:914} INFO - Processing file /home/airflow/.local/lib/python3.12/site-packages/airflow/example_dags/example_short_circuit_operator.py for tasks to queue
[2025-03-01T01:07:23.873+0000] {logging_mixin.py:190} INFO - [2025-03-01T01:07:23.873+0000] {dagbag.py:588} INFO - Filling up the DagBag from /home/airflow/.local/lib/python3.12/site-packages/airflow/example_dags/example_short_circuit_operator.py
[2025-03-01T01:07:23.880+0000] {processor.py:925} INFO - DAG(s) 'example_short_circuit_operator' retrieved from /home/airflow/.local/lib/python3.12/site-packages/airflow/example_dags/example_short_circuit_operator.py
[2025-03-01T01:07:23.899+0000] {logging_mixin.py:190} INFO - [2025-03-01T01:07:23.899+0000] {dag.py:3239} INFO - Sync 1 DAGs
[2025-03-01T01:07:23.914+0000] {logging_mixin.py:190} INFO - [2025-03-01T01:07:23.914+0000] {dag.py:4180} INFO - Setting next_dagrun for example_short_circuit_operator to None, run_after=None
[2025-03-01T01:07:23.929+0000] {processor.py:208} INFO - Processing /home/airflow/.local/lib/python3.12/site-packages/airflow/example_dags/example_short_circuit_operator.py took 0.065 seconds
[2025-03-01T01:07:55.102+0000] {processor.py:186} INFO - Started process (PID=926) to work on /home/airflow/.local/lib/python3.12/site-packages/airflow/example_dags/example_short_circuit_operator.py
[2025-03-01T01:07:55.102+0000] {processor.py:914} INFO - Processing file /home/airflow/.local/lib/python3.12/site-packages/airflow/example_dags/example_short_circuit_operator.py for tasks to queue
[2025-03-01T01:07:55.104+0000] {logging_mixin.py:190} INFO - [2025-03-01T01:07:55.104+0000] {dagbag.py:588} INFO - Filling up the DagBag from /home/airflow/.local/lib/python3.12/site-packages/airflow/example_dags/example_short_circuit_operator.py
[2025-03-01T01:07:55.113+0000] {processor.py:925} INFO - DAG(s) 'example_short_circuit_operator' retrieved from /home/airflow/.local/lib/python3.12/site-packages/airflow/example_dags/example_short_circuit_operator.py
[2025-03-01T01:07:55.143+0000] {logging_mixin.py:190} INFO - [2025-03-01T01:07:55.142+0000] {dag.py:3239} INFO - Sync 1 DAGs
[2025-03-01T01:07:55.158+0000] {logging_mixin.py:190} INFO - [2025-03-01T01:07:55.158+0000] {dag.py:4180} INFO - Setting next_dagrun for example_short_circuit_operator to None, run_after=None
[2025-03-01T01:07:55.176+0000] {processor.py:208} INFO - Processing /home/airflow/.local/lib/python3.12/site-packages/airflow/example_dags/example_short_circuit_operator.py took 0.079 seconds
[2025-03-01T01:08:26.403+0000] {processor.py:186} INFO - Started process (PID=990) to work on /home/airflow/.local/lib/python3.12/site-packages/airflow/example_dags/example_short_circuit_operator.py
[2025-03-01T01:08:26.404+0000] {processor.py:914} INFO - Processing file /home/airflow/.local/lib/python3.12/site-packages/airflow/example_dags/example_short_circuit_operator.py for tasks to queue
[2025-03-01T01:08:26.405+0000] {logging_mixin.py:190} INFO - [2025-03-01T01:08:26.405+0000] {dagbag.py:588} INFO - Filling up the DagBag from /home/airflow/.local/lib/python3.12/site-packages/airflow/example_dags/example_short_circuit_operator.py
[2025-03-01T01:08:26.412+0000] {processor.py:925} INFO - DAG(s) 'example_short_circuit_operator' retrieved from /home/airflow/.local/lib/python3.12/site-packages/airflow/example_dags/example_short_circuit_operator.py
[2025-03-01T01:08:26.430+0000] {logging_mixin.py:190} INFO - [2025-03-01T01:08:26.429+0000] {dag.py:3239} INFO - Sync 1 DAGs
[2025-03-01T01:08:26.441+0000] {logging_mixin.py:190} INFO - [2025-03-01T01:08:26.441+0000] {dag.py:4180} INFO - Setting next_dagrun for example_short_circuit_operator to None, run_after=None
[2025-03-01T01:08:26.454+0000] {processor.py:208} INFO - Processing /home/airflow/.local/lib/python3.12/site-packages/airflow/example_dags/example_short_circuit_operator.py took 0.055 seconds
[2025-03-01T01:08:57.581+0000] {processor.py:186} INFO - Started process (PID=1052) to work on /home/airflow/.local/lib/python3.12/site-packages/airflow/example_dags/example_short_circuit_operator.py
[2025-03-01T01:08:57.581+0000] {processor.py:914} INFO - Processing file /home/airflow/.local/lib/python3.12/site-packages/airflow/example_dags/example_short_circuit_operator.py for tasks to queue
[2025-03-01T01:08:57.583+0000] {logging_mixin.py:190} INFO - [2025-03-01T01:08:57.583+0000] {dagbag.py:588} INFO - Filling up the DagBag from /home/airflow/.local/lib/python3.12/site-packages/airflow/example_dags/example_short_circuit_operator.py
[2025-03-01T01:08:57.590+0000] {processor.py:925} INFO - DAG(s) 'example_short_circuit_operator' retrieved from /home/airflow/.local/lib/python3.12/site-packages/airflow/example_dags/example_short_circuit_operator.py
[2025-03-01T01:08:57.606+0000] {logging_mixin.py:190} INFO - [2025-03-01T01:08:57.606+0000] {dag.py:3239} INFO - Sync 1 DAGs
[2025-03-01T01:08:57.617+0000] {logging_mixin.py:190} INFO - [2025-03-01T01:08:57.617+0000] {dag.py:4180} INFO - Setting next_dagrun for example_short_circuit_operator to None, run_after=None
[2025-03-01T01:08:57.630+0000] {processor.py:208} INFO - Processing /home/airflow/.local/lib/python3.12/site-packages/airflow/example_dags/example_short_circuit_operator.py took 0.053 seconds
[2025-03-01T01:09:28.964+0000] {processor.py:186} INFO - Started process (PID=1115) to work on /home/airflow/.local/lib/python3.12/site-packages/airflow/example_dags/example_short_circuit_operator.py
[2025-03-01T01:09:28.965+0000] {processor.py:914} INFO - Processing file /home/airflow/.local/lib/python3.12/site-packages/airflow/example_dags/example_short_circuit_operator.py for tasks to queue
[2025-03-01T01:09:28.967+0000] {logging_mixin.py:190} INFO - [2025-03-01T01:09:28.966+0000] {dagbag.py:588} INFO - Filling up the DagBag from /home/airflow/.local/lib/python3.12/site-packages/airflow/example_dags/example_short_circuit_operator.py
[2025-03-01T01:09:28.973+0000] {processor.py:925} INFO - DAG(s) 'example_short_circuit_operator' retrieved from /home/airflow/.local/lib/python3.12/site-packages/airflow/example_dags/example_short_circuit_operator.py
[2025-03-01T01:09:28.995+0000] {logging_mixin.py:190} INFO - [2025-03-01T01:09:28.994+0000] {dag.py:3239} INFO - Sync 1 DAGs
[2025-03-01T01:09:29.005+0000] {logging_mixin.py:190} INFO - [2025-03-01T01:09:29.005+0000] {dag.py:4180} INFO - Setting next_dagrun for example_short_circuit_operator to None, run_after=None
[2025-03-01T01:09:29.017+0000] {processor.py:208} INFO - Processing /home/airflow/.local/lib/python3.12/site-packages/airflow/example_dags/example_short_circuit_operator.py took 0.057 seconds
[2025-03-01T01:10:00.248+0000] {processor.py:186} INFO - Started process (PID=1178) to work on /home/airflow/.local/lib/python3.12/site-packages/airflow/example_dags/example_short_circuit_operator.py
[2025-03-01T01:10:00.249+0000] {processor.py:914} INFO - Processing file /home/airflow/.local/lib/python3.12/site-packages/airflow/example_dags/example_short_circuit_operator.py for tasks to queue
[2025-03-01T01:10:00.250+0000] {logging_mixin.py:190} INFO - [2025-03-01T01:10:00.250+0000] {dagbag.py:588} INFO - Filling up the DagBag from /home/airflow/.local/lib/python3.12/site-packages/airflow/example_dags/example_short_circuit_operator.py
[2025-03-01T01:10:00.258+0000] {processor.py:925} INFO - DAG(s) 'example_short_circuit_operator' retrieved from /home/airflow/.local/lib/python3.12/site-packages/airflow/example_dags/example_short_circuit_operator.py
[2025-03-01T01:10:00.276+0000] {logging_mixin.py:190} INFO - [2025-03-01T01:10:00.275+0000] {dag.py:3239} INFO - Sync 1 DAGs
[2025-03-01T01:10:00.286+0000] {logging_mixin.py:190} INFO - [2025-03-01T01:10:00.286+0000] {dag.py:4180} INFO - Setting next_dagrun for example_short_circuit_operator to None, run_after=None
[2025-03-01T01:10:00.299+0000] {processor.py:208} INFO - Processing /home/airflow/.local/lib/python3.12/site-packages/airflow/example_dags/example_short_circuit_operator.py took 0.055 seconds
[2025-03-01T01:10:31.595+0000] {processor.py:186} INFO - Started process (PID=1241) to work on /home/airflow/.local/lib/python3.12/site-packages/airflow/example_dags/example_short_circuit_operator.py
[2025-03-01T01:10:31.596+0000] {processor.py:914} INFO - Processing file /home/airflow/.local/lib/python3.12/site-packages/airflow/example_dags/example_short_circuit_operator.py for tasks to queue
[2025-03-01T01:10:31.598+0000] {logging_mixin.py:190} INFO - [2025-03-01T01:10:31.597+0000] {dagbag.py:588} INFO - Filling up the DagBag from /home/airflow/.local/lib/python3.12/site-packages/airflow/example_dags/example_short_circuit_operator.py
[2025-03-01T01:10:31.604+0000] {processor.py:925} INFO - DAG(s) 'example_short_circuit_operator' retrieved from /home/airflow/.local/lib/python3.12/site-packages/airflow/example_dags/example_short_circuit_operator.py
[2025-03-01T01:10:31.625+0000] {logging_mixin.py:190} INFO - [2025-03-01T01:10:31.625+0000] {dag.py:3239} INFO - Sync 1 DAGs
[2025-03-01T01:10:31.641+0000] {logging_mixin.py:190} INFO - [2025-03-01T01:10:31.641+0000] {dag.py:4180} INFO - Setting next_dagrun for example_short_circuit_operator to None, run_after=None
[2025-03-01T01:10:31.657+0000] {processor.py:208} INFO - Processing /home/airflow/.local/lib/python3.12/site-packages/airflow/example_dags/example_short_circuit_operator.py took 0.066 seconds
