[2025-03-01T01:01:03.102+0000] {processor.py:186} INFO - Started process (PID=70) to work on /home/airflow/.local/lib/python3.12/site-packages/airflow/example_dags/example_bash_operator.py
[2025-03-01T01:01:03.105+0000] {processor.py:914} INFO - Processing file /home/airflow/.local/lib/python3.12/site-packages/airflow/example_dags/example_bash_operator.py for tasks to queue
[2025-03-01T01:01:03.108+0000] {logging_mixin.py:190} INFO - [2025-03-01T01:01:03.108+0000] {dagbag.py:588} INFO - Filling up the DagBag from /home/airflow/.local/lib/python3.12/site-packages/airflow/example_dags/example_bash_operator.py
[2025-03-01T01:01:03.129+0000] {processor.py:925} INFO - DAG(s) 'example_bash_operator' retrieved from /home/airflow/.local/lib/python3.12/site-packages/airflow/example_dags/example_bash_operator.py
[2025-03-01T01:01:03.300+0000] {logging_mixin.py:190} INFO - [2025-03-01T01:01:03.299+0000] {override.py:1911} INFO - Created Permission View: can edit on DAG:example_bash_operator
[2025-03-01T01:01:03.309+0000] {logging_mixin.py:190} INFO - [2025-03-01T01:01:03.309+0000] {override.py:1911} INFO - Created Permission View: can read on DAG:example_bash_operator
[2025-03-01T01:01:03.315+0000] {logging_mixin.py:190} INFO - [2025-03-01T01:01:03.314+0000] {override.py:1911} INFO - Created Permission View: can delete on DAG:example_bash_operator
[2025-03-01T01:01:03.320+0000] {logging_mixin.py:190} INFO - [2025-03-01T01:01:03.320+0000] {override.py:1911} INFO - Created Permission View: menu access on DAG Run:example_bash_operator
[2025-03-01T01:01:03.325+0000] {logging_mixin.py:190} INFO - [2025-03-01T01:01:03.325+0000] {override.py:1911} INFO - Created Permission View: can delete on DAG Run:example_bash_operator
[2025-03-01T01:01:03.331+0000] {logging_mixin.py:190} INFO - [2025-03-01T01:01:03.331+0000] {override.py:1911} INFO - Created Permission View: can create on DAG Run:example_bash_operator
[2025-03-01T01:01:03.336+0000] {logging_mixin.py:190} INFO - [2025-03-01T01:01:03.336+0000] {override.py:1911} INFO - Created Permission View: can read on DAG Run:example_bash_operator
[2025-03-01T01:01:03.337+0000] {logging_mixin.py:190} INFO - [2025-03-01T01:01:03.337+0000] {dag.py:3239} INFO - Sync 1 DAGs
[2025-03-01T01:01:03.351+0000] {logging_mixin.py:190} INFO - [2025-03-01T01:01:03.351+0000] {dag.py:3262} INFO - Creating ORM DAG for example_bash_operator
[2025-03-01T01:01:03.362+0000] {logging_mixin.py:190} INFO - [2025-03-01T01:01:03.362+0000] {dag.py:4180} INFO - Setting next_dagrun for example_bash_operator to 2025-02-28 00:00:00+00:00, run_after=2025-03-01 00:00:00+00:00
[2025-03-01T01:01:03.418+0000] {processor.py:208} INFO - Processing /home/airflow/.local/lib/python3.12/site-packages/airflow/example_dags/example_bash_operator.py took 0.323 seconds
[2025-03-01T01:01:34.058+0000] {processor.py:186} INFO - Started process (PID=132) to work on /home/airflow/.local/lib/python3.12/site-packages/airflow/example_dags/example_bash_operator.py
[2025-03-01T01:01:34.059+0000] {processor.py:914} INFO - Processing file /home/airflow/.local/lib/python3.12/site-packages/airflow/example_dags/example_bash_operator.py for tasks to queue
[2025-03-01T01:01:34.061+0000] {logging_mixin.py:190} INFO - [2025-03-01T01:01:34.061+0000] {dagbag.py:588} INFO - Filling up the DagBag from /home/airflow/.local/lib/python3.12/site-packages/airflow/example_dags/example_bash_operator.py
[2025-03-01T01:01:34.072+0000] {processor.py:925} INFO - DAG(s) 'example_bash_operator' retrieved from /home/airflow/.local/lib/python3.12/site-packages/airflow/example_dags/example_bash_operator.py
[2025-03-01T01:01:34.098+0000] {logging_mixin.py:190} INFO - [2025-03-01T01:01:34.097+0000] {dag.py:3239} INFO - Sync 1 DAGs
[2025-03-01T01:01:34.116+0000] {logging_mixin.py:190} INFO - [2025-03-01T01:01:34.116+0000] {dag.py:4180} INFO - Setting next_dagrun for example_bash_operator to 2025-02-28 00:00:00+00:00, run_after=2025-03-01 00:00:00+00:00
[2025-03-01T01:01:34.128+0000] {processor.py:208} INFO - Processing /home/airflow/.local/lib/python3.12/site-packages/airflow/example_dags/example_bash_operator.py took 0.075 seconds
[2025-03-01T01:02:04.794+0000] {processor.py:186} INFO - Started process (PID=196) to work on /home/airflow/.local/lib/python3.12/site-packages/airflow/example_dags/example_bash_operator.py
[2025-03-01T01:02:04.795+0000] {processor.py:914} INFO - Processing file /home/airflow/.local/lib/python3.12/site-packages/airflow/example_dags/example_bash_operator.py for tasks to queue
[2025-03-01T01:02:04.797+0000] {logging_mixin.py:190} INFO - [2025-03-01T01:02:04.796+0000] {dagbag.py:588} INFO - Filling up the DagBag from /home/airflow/.local/lib/python3.12/site-packages/airflow/example_dags/example_bash_operator.py
[2025-03-01T01:02:04.809+0000] {processor.py:925} INFO - DAG(s) 'example_bash_operator' retrieved from /home/airflow/.local/lib/python3.12/site-packages/airflow/example_dags/example_bash_operator.py
[2025-03-01T01:02:04.836+0000] {logging_mixin.py:190} INFO - [2025-03-01T01:02:04.836+0000] {dag.py:3239} INFO - Sync 1 DAGs
[2025-03-01T01:02:04.859+0000] {logging_mixin.py:190} INFO - [2025-03-01T01:02:04.859+0000] {dag.py:4180} INFO - Setting next_dagrun for example_bash_operator to 2025-02-28 00:00:00+00:00, run_after=2025-03-01 00:00:00+00:00
[2025-03-01T01:02:04.872+0000] {processor.py:208} INFO - Processing /home/airflow/.local/lib/python3.12/site-packages/airflow/example_dags/example_bash_operator.py took 0.083 seconds
[2025-03-01T01:02:35.054+0000] {processor.py:186} INFO - Started process (PID=258) to work on /home/airflow/.local/lib/python3.12/site-packages/airflow/example_dags/example_bash_operator.py
[2025-03-01T01:02:35.055+0000] {processor.py:914} INFO - Processing file /home/airflow/.local/lib/python3.12/site-packages/airflow/example_dags/example_bash_operator.py for tasks to queue
[2025-03-01T01:02:35.056+0000] {logging_mixin.py:190} INFO - [2025-03-01T01:02:35.056+0000] {dagbag.py:588} INFO - Filling up the DagBag from /home/airflow/.local/lib/python3.12/site-packages/airflow/example_dags/example_bash_operator.py
[2025-03-01T01:02:35.066+0000] {processor.py:925} INFO - DAG(s) 'example_bash_operator' retrieved from /home/airflow/.local/lib/python3.12/site-packages/airflow/example_dags/example_bash_operator.py
[2025-03-01T01:02:35.086+0000] {logging_mixin.py:190} INFO - [2025-03-01T01:02:35.086+0000] {dag.py:3239} INFO - Sync 1 DAGs
[2025-03-01T01:02:35.104+0000] {logging_mixin.py:190} INFO - [2025-03-01T01:02:35.104+0000] {dag.py:4180} INFO - Setting next_dagrun for example_bash_operator to 2025-02-28 00:00:00+00:00, run_after=2025-03-01 00:00:00+00:00
[2025-03-01T01:02:35.115+0000] {processor.py:208} INFO - Processing /home/airflow/.local/lib/python3.12/site-packages/airflow/example_dags/example_bash_operator.py took 0.065 seconds
[2025-03-01T01:03:05.701+0000] {processor.py:186} INFO - Started process (PID=321) to work on /home/airflow/.local/lib/python3.12/site-packages/airflow/example_dags/example_bash_operator.py
[2025-03-01T01:03:05.701+0000] {processor.py:914} INFO - Processing file /home/airflow/.local/lib/python3.12/site-packages/airflow/example_dags/example_bash_operator.py for tasks to queue
[2025-03-01T01:03:05.703+0000] {logging_mixin.py:190} INFO - [2025-03-01T01:03:05.703+0000] {dagbag.py:588} INFO - Filling up the DagBag from /home/airflow/.local/lib/python3.12/site-packages/airflow/example_dags/example_bash_operator.py
[2025-03-01T01:03:05.716+0000] {processor.py:925} INFO - DAG(s) 'example_bash_operator' retrieved from /home/airflow/.local/lib/python3.12/site-packages/airflow/example_dags/example_bash_operator.py
[2025-03-01T01:03:05.736+0000] {logging_mixin.py:190} INFO - [2025-03-01T01:03:05.736+0000] {dag.py:3239} INFO - Sync 1 DAGs
[2025-03-01T01:03:05.757+0000] {logging_mixin.py:190} INFO - [2025-03-01T01:03:05.756+0000] {dag.py:4180} INFO - Setting next_dagrun for example_bash_operator to 2025-02-28 00:00:00+00:00, run_after=2025-03-01 00:00:00+00:00
[2025-03-01T01:03:05.771+0000] {processor.py:208} INFO - Processing /home/airflow/.local/lib/python3.12/site-packages/airflow/example_dags/example_bash_operator.py took 0.075 seconds
[2025-03-01T01:03:36.361+0000] {processor.py:186} INFO - Started process (PID=384) to work on /home/airflow/.local/lib/python3.12/site-packages/airflow/example_dags/example_bash_operator.py
[2025-03-01T01:03:36.362+0000] {processor.py:914} INFO - Processing file /home/airflow/.local/lib/python3.12/site-packages/airflow/example_dags/example_bash_operator.py for tasks to queue
[2025-03-01T01:03:36.363+0000] {logging_mixin.py:190} INFO - [2025-03-01T01:03:36.363+0000] {dagbag.py:588} INFO - Filling up the DagBag from /home/airflow/.local/lib/python3.12/site-packages/airflow/example_dags/example_bash_operator.py
[2025-03-01T01:03:36.374+0000] {processor.py:925} INFO - DAG(s) 'example_bash_operator' retrieved from /home/airflow/.local/lib/python3.12/site-packages/airflow/example_dags/example_bash_operator.py
[2025-03-01T01:03:36.394+0000] {logging_mixin.py:190} INFO - [2025-03-01T01:03:36.394+0000] {dag.py:3239} INFO - Sync 1 DAGs
[2025-03-01T01:03:36.412+0000] {logging_mixin.py:190} INFO - [2025-03-01T01:03:36.412+0000] {dag.py:4180} INFO - Setting next_dagrun for example_bash_operator to 2025-02-28 00:00:00+00:00, run_after=2025-03-01 00:00:00+00:00
[2025-03-01T01:03:36.424+0000] {processor.py:208} INFO - Processing /home/airflow/.local/lib/python3.12/site-packages/airflow/example_dags/example_bash_operator.py took 0.068 seconds
[2025-03-01T01:04:06.555+0000] {processor.py:186} INFO - Started process (PID=447) to work on /home/airflow/.local/lib/python3.12/site-packages/airflow/example_dags/example_bash_operator.py
[2025-03-01T01:04:06.555+0000] {processor.py:914} INFO - Processing file /home/airflow/.local/lib/python3.12/site-packages/airflow/example_dags/example_bash_operator.py for tasks to queue
[2025-03-01T01:04:06.557+0000] {logging_mixin.py:190} INFO - [2025-03-01T01:04:06.556+0000] {dagbag.py:588} INFO - Filling up the DagBag from /home/airflow/.local/lib/python3.12/site-packages/airflow/example_dags/example_bash_operator.py
[2025-03-01T01:04:06.566+0000] {processor.py:925} INFO - DAG(s) 'example_bash_operator' retrieved from /home/airflow/.local/lib/python3.12/site-packages/airflow/example_dags/example_bash_operator.py
[2025-03-01T01:04:06.586+0000] {logging_mixin.py:190} INFO - [2025-03-01T01:04:06.586+0000] {dag.py:3239} INFO - Sync 1 DAGs
[2025-03-01T01:04:06.604+0000] {logging_mixin.py:190} INFO - [2025-03-01T01:04:06.604+0000] {dag.py:4180} INFO - Setting next_dagrun for example_bash_operator to 2025-02-28 00:00:00+00:00, run_after=2025-03-01 00:00:00+00:00
[2025-03-01T01:04:06.616+0000] {processor.py:208} INFO - Processing /home/airflow/.local/lib/python3.12/site-packages/airflow/example_dags/example_bash_operator.py took 0.066 seconds
[2025-03-01T01:04:37.173+0000] {processor.py:186} INFO - Started process (PID=510) to work on /home/airflow/.local/lib/python3.12/site-packages/airflow/example_dags/example_bash_operator.py
[2025-03-01T01:04:37.173+0000] {processor.py:914} INFO - Processing file /home/airflow/.local/lib/python3.12/site-packages/airflow/example_dags/example_bash_operator.py for tasks to queue
[2025-03-01T01:04:37.175+0000] {logging_mixin.py:190} INFO - [2025-03-01T01:04:37.175+0000] {dagbag.py:588} INFO - Filling up the DagBag from /home/airflow/.local/lib/python3.12/site-packages/airflow/example_dags/example_bash_operator.py
[2025-03-01T01:04:37.185+0000] {processor.py:925} INFO - DAG(s) 'example_bash_operator' retrieved from /home/airflow/.local/lib/python3.12/site-packages/airflow/example_dags/example_bash_operator.py
[2025-03-01T01:04:37.206+0000] {logging_mixin.py:190} INFO - [2025-03-01T01:04:37.206+0000] {dag.py:3239} INFO - Sync 1 DAGs
[2025-03-01T01:04:37.224+0000] {logging_mixin.py:190} INFO - [2025-03-01T01:04:37.223+0000] {dag.py:4180} INFO - Setting next_dagrun for example_bash_operator to 2025-02-28 00:00:00+00:00, run_after=2025-03-01 00:00:00+00:00
[2025-03-01T01:04:37.235+0000] {processor.py:208} INFO - Processing /home/airflow/.local/lib/python3.12/site-packages/airflow/example_dags/example_bash_operator.py took 0.067 seconds
[2025-03-01T01:05:07.356+0000] {processor.py:186} INFO - Started process (PID=573) to work on /home/airflow/.local/lib/python3.12/site-packages/airflow/example_dags/example_bash_operator.py
[2025-03-01T01:05:07.356+0000] {processor.py:914} INFO - Processing file /home/airflow/.local/lib/python3.12/site-packages/airflow/example_dags/example_bash_operator.py for tasks to queue
[2025-03-01T01:05:07.358+0000] {logging_mixin.py:190} INFO - [2025-03-01T01:05:07.358+0000] {dagbag.py:588} INFO - Filling up the DagBag from /home/airflow/.local/lib/python3.12/site-packages/airflow/example_dags/example_bash_operator.py
[2025-03-01T01:05:07.368+0000] {processor.py:925} INFO - DAG(s) 'example_bash_operator' retrieved from /home/airflow/.local/lib/python3.12/site-packages/airflow/example_dags/example_bash_operator.py
[2025-03-01T01:05:07.388+0000] {logging_mixin.py:190} INFO - [2025-03-01T01:05:07.388+0000] {dag.py:3239} INFO - Sync 1 DAGs
[2025-03-01T01:05:07.406+0000] {logging_mixin.py:190} INFO - [2025-03-01T01:05:07.406+0000] {dag.py:4180} INFO - Setting next_dagrun for example_bash_operator to 2025-02-28 00:00:00+00:00, run_after=2025-03-01 00:00:00+00:00
[2025-03-01T01:05:07.418+0000] {processor.py:208} INFO - Processing /home/airflow/.local/lib/python3.12/site-packages/airflow/example_dags/example_bash_operator.py took 0.066 seconds
[2025-03-01T01:05:37.964+0000] {processor.py:186} INFO - Started process (PID=636) to work on /home/airflow/.local/lib/python3.12/site-packages/airflow/example_dags/example_bash_operator.py
[2025-03-01T01:05:37.965+0000] {processor.py:914} INFO - Processing file /home/airflow/.local/lib/python3.12/site-packages/airflow/example_dags/example_bash_operator.py for tasks to queue
[2025-03-01T01:05:37.967+0000] {logging_mixin.py:190} INFO - [2025-03-01T01:05:37.966+0000] {dagbag.py:588} INFO - Filling up the DagBag from /home/airflow/.local/lib/python3.12/site-packages/airflow/example_dags/example_bash_operator.py
[2025-03-01T01:05:37.977+0000] {processor.py:925} INFO - DAG(s) 'example_bash_operator' retrieved from /home/airflow/.local/lib/python3.12/site-packages/airflow/example_dags/example_bash_operator.py
[2025-03-01T01:05:37.997+0000] {logging_mixin.py:190} INFO - [2025-03-01T01:05:37.997+0000] {dag.py:3239} INFO - Sync 1 DAGs
[2025-03-01T01:05:38.015+0000] {logging_mixin.py:190} INFO - [2025-03-01T01:05:38.015+0000] {dag.py:4180} INFO - Setting next_dagrun for example_bash_operator to 2025-02-28 00:00:00+00:00, run_after=2025-03-01 00:00:00+00:00
[2025-03-01T01:05:38.027+0000] {processor.py:208} INFO - Processing /home/airflow/.local/lib/python3.12/site-packages/airflow/example_dags/example_bash_operator.py took 0.067 seconds
[2025-03-01T01:06:08.313+0000] {processor.py:186} INFO - Started process (PID=699) to work on /home/airflow/.local/lib/python3.12/site-packages/airflow/example_dags/example_bash_operator.py
[2025-03-01T01:06:08.314+0000] {processor.py:914} INFO - Processing file /home/airflow/.local/lib/python3.12/site-packages/airflow/example_dags/example_bash_operator.py for tasks to queue
[2025-03-01T01:06:08.316+0000] {logging_mixin.py:190} INFO - [2025-03-01T01:06:08.316+0000] {dagbag.py:588} INFO - Filling up the DagBag from /home/airflow/.local/lib/python3.12/site-packages/airflow/example_dags/example_bash_operator.py
[2025-03-01T01:06:08.327+0000] {processor.py:925} INFO - DAG(s) 'example_bash_operator' retrieved from /home/airflow/.local/lib/python3.12/site-packages/airflow/example_dags/example_bash_operator.py
[2025-03-01T01:06:08.352+0000] {logging_mixin.py:190} INFO - [2025-03-01T01:06:08.352+0000] {dag.py:3239} INFO - Sync 1 DAGs
[2025-03-01T01:06:08.377+0000] {logging_mixin.py:190} INFO - [2025-03-01T01:06:08.377+0000] {dag.py:4180} INFO - Setting next_dagrun for example_bash_operator to 2025-02-28 00:00:00+00:00, run_after=2025-03-01 00:00:00+00:00
[2025-03-01T01:06:08.392+0000] {processor.py:208} INFO - Processing /home/airflow/.local/lib/python3.12/site-packages/airflow/example_dags/example_bash_operator.py took 0.084 seconds
[2025-03-01T01:06:38.690+0000] {processor.py:186} INFO - Started process (PID=762) to work on /home/airflow/.local/lib/python3.12/site-packages/airflow/example_dags/example_bash_operator.py
[2025-03-01T01:06:38.691+0000] {processor.py:914} INFO - Processing file /home/airflow/.local/lib/python3.12/site-packages/airflow/example_dags/example_bash_operator.py for tasks to queue
[2025-03-01T01:06:38.692+0000] {logging_mixin.py:190} INFO - [2025-03-01T01:06:38.692+0000] {dagbag.py:588} INFO - Filling up the DagBag from /home/airflow/.local/lib/python3.12/site-packages/airflow/example_dags/example_bash_operator.py
[2025-03-01T01:06:38.702+0000] {processor.py:925} INFO - DAG(s) 'example_bash_operator' retrieved from /home/airflow/.local/lib/python3.12/site-packages/airflow/example_dags/example_bash_operator.py
[2025-03-01T01:06:38.722+0000] {logging_mixin.py:190} INFO - [2025-03-01T01:06:38.722+0000] {dag.py:3239} INFO - Sync 1 DAGs
[2025-03-01T01:06:38.740+0000] {logging_mixin.py:190} INFO - [2025-03-01T01:06:38.740+0000] {dag.py:4180} INFO - Setting next_dagrun for example_bash_operator to 2025-02-28 00:00:00+00:00, run_after=2025-03-01 00:00:00+00:00
[2025-03-01T01:06:38.751+0000] {processor.py:208} INFO - Processing /home/airflow/.local/lib/python3.12/site-packages/airflow/example_dags/example_bash_operator.py took 0.065 seconds
[2025-03-01T01:07:09.105+0000] {processor.py:186} INFO - Started process (PID=825) to work on /home/airflow/.local/lib/python3.12/site-packages/airflow/example_dags/example_bash_operator.py
[2025-03-01T01:07:09.105+0000] {processor.py:914} INFO - Processing file /home/airflow/.local/lib/python3.12/site-packages/airflow/example_dags/example_bash_operator.py for tasks to queue
[2025-03-01T01:07:09.107+0000] {logging_mixin.py:190} INFO - [2025-03-01T01:07:09.107+0000] {dagbag.py:588} INFO - Filling up the DagBag from /home/airflow/.local/lib/python3.12/site-packages/airflow/example_dags/example_bash_operator.py
[2025-03-01T01:07:09.117+0000] {processor.py:925} INFO - DAG(s) 'example_bash_operator' retrieved from /home/airflow/.local/lib/python3.12/site-packages/airflow/example_dags/example_bash_operator.py
[2025-03-01T01:07:09.139+0000] {logging_mixin.py:190} INFO - [2025-03-01T01:07:09.138+0000] {dag.py:3239} INFO - Sync 1 DAGs
[2025-03-01T01:07:09.157+0000] {logging_mixin.py:190} INFO - [2025-03-01T01:07:09.157+0000] {dag.py:4180} INFO - Setting next_dagrun for example_bash_operator to 2025-02-28 00:00:00+00:00, run_after=2025-03-01 00:00:00+00:00
[2025-03-01T01:07:09.168+0000] {processor.py:208} INFO - Processing /home/airflow/.local/lib/python3.12/site-packages/airflow/example_dags/example_bash_operator.py took 0.068 seconds
[2025-03-01T01:07:39.209+0000] {processor.py:186} INFO - Started process (PID=888) to work on /home/airflow/.local/lib/python3.12/site-packages/airflow/example_dags/example_bash_operator.py
[2025-03-01T01:07:39.210+0000] {processor.py:914} INFO - Processing file /home/airflow/.local/lib/python3.12/site-packages/airflow/example_dags/example_bash_operator.py for tasks to queue
[2025-03-01T01:07:39.211+0000] {logging_mixin.py:190} INFO - [2025-03-01T01:07:39.211+0000] {dagbag.py:588} INFO - Filling up the DagBag from /home/airflow/.local/lib/python3.12/site-packages/airflow/example_dags/example_bash_operator.py
[2025-03-01T01:07:39.221+0000] {processor.py:925} INFO - DAG(s) 'example_bash_operator' retrieved from /home/airflow/.local/lib/python3.12/site-packages/airflow/example_dags/example_bash_operator.py
[2025-03-01T01:07:39.242+0000] {logging_mixin.py:190} INFO - [2025-03-01T01:07:39.242+0000] {dag.py:3239} INFO - Sync 1 DAGs
[2025-03-01T01:07:39.260+0000] {logging_mixin.py:190} INFO - [2025-03-01T01:07:39.260+0000] {dag.py:4180} INFO - Setting next_dagrun for example_bash_operator to 2025-02-28 00:00:00+00:00, run_after=2025-03-01 00:00:00+00:00
[2025-03-01T01:07:39.274+0000] {processor.py:208} INFO - Processing /home/airflow/.local/lib/python3.12/site-packages/airflow/example_dags/example_bash_operator.py took 0.068 seconds
[2025-03-01T01:08:09.499+0000] {processor.py:186} INFO - Started process (PID=952) to work on /home/airflow/.local/lib/python3.12/site-packages/airflow/example_dags/example_bash_operator.py
[2025-03-01T01:08:09.499+0000] {processor.py:914} INFO - Processing file /home/airflow/.local/lib/python3.12/site-packages/airflow/example_dags/example_bash_operator.py for tasks to queue
[2025-03-01T01:08:09.501+0000] {logging_mixin.py:190} INFO - [2025-03-01T01:08:09.500+0000] {dagbag.py:588} INFO - Filling up the DagBag from /home/airflow/.local/lib/python3.12/site-packages/airflow/example_dags/example_bash_operator.py
[2025-03-01T01:08:09.510+0000] {processor.py:925} INFO - DAG(s) 'example_bash_operator' retrieved from /home/airflow/.local/lib/python3.12/site-packages/airflow/example_dags/example_bash_operator.py
[2025-03-01T01:08:09.530+0000] {logging_mixin.py:190} INFO - [2025-03-01T01:08:09.530+0000] {dag.py:3239} INFO - Sync 1 DAGs
[2025-03-01T01:08:09.548+0000] {logging_mixin.py:190} INFO - [2025-03-01T01:08:09.548+0000] {dag.py:4180} INFO - Setting next_dagrun for example_bash_operator to 2025-02-28 00:00:00+00:00, run_after=2025-03-01 00:00:00+00:00
[2025-03-01T01:08:09.559+0000] {processor.py:208} INFO - Processing /home/airflow/.local/lib/python3.12/site-packages/airflow/example_dags/example_bash_operator.py took 0.065 seconds
[2025-03-01T01:08:39.763+0000] {processor.py:186} INFO - Started process (PID=1014) to work on /home/airflow/.local/lib/python3.12/site-packages/airflow/example_dags/example_bash_operator.py
[2025-03-01T01:08:39.764+0000] {processor.py:914} INFO - Processing file /home/airflow/.local/lib/python3.12/site-packages/airflow/example_dags/example_bash_operator.py for tasks to queue
[2025-03-01T01:08:39.765+0000] {logging_mixin.py:190} INFO - [2025-03-01T01:08:39.765+0000] {dagbag.py:588} INFO - Filling up the DagBag from /home/airflow/.local/lib/python3.12/site-packages/airflow/example_dags/example_bash_operator.py
[2025-03-01T01:08:39.775+0000] {processor.py:925} INFO - DAG(s) 'example_bash_operator' retrieved from /home/airflow/.local/lib/python3.12/site-packages/airflow/example_dags/example_bash_operator.py
[2025-03-01T01:08:39.796+0000] {logging_mixin.py:190} INFO - [2025-03-01T01:08:39.796+0000] {dag.py:3239} INFO - Sync 1 DAGs
[2025-03-01T01:08:39.814+0000] {logging_mixin.py:190} INFO - [2025-03-01T01:08:39.814+0000] {dag.py:4180} INFO - Setting next_dagrun for example_bash_operator to 2025-02-28 00:00:00+00:00, run_after=2025-03-01 00:00:00+00:00
[2025-03-01T01:08:39.827+0000] {processor.py:208} INFO - Processing /home/airflow/.local/lib/python3.12/site-packages/airflow/example_dags/example_bash_operator.py took 0.068 seconds
[2025-03-01T01:09:09.970+0000] {processor.py:186} INFO - Started process (PID=1077) to work on /home/airflow/.local/lib/python3.12/site-packages/airflow/example_dags/example_bash_operator.py
[2025-03-01T01:09:09.970+0000] {processor.py:914} INFO - Processing file /home/airflow/.local/lib/python3.12/site-packages/airflow/example_dags/example_bash_operator.py for tasks to queue
[2025-03-01T01:09:09.973+0000] {logging_mixin.py:190} INFO - [2025-03-01T01:09:09.972+0000] {dagbag.py:588} INFO - Filling up the DagBag from /home/airflow/.local/lib/python3.12/site-packages/airflow/example_dags/example_bash_operator.py
[2025-03-01T01:09:09.987+0000] {processor.py:925} INFO - DAG(s) 'example_bash_operator' retrieved from /home/airflow/.local/lib/python3.12/site-packages/airflow/example_dags/example_bash_operator.py
[2025-03-01T01:09:10.010+0000] {logging_mixin.py:190} INFO - [2025-03-01T01:09:10.010+0000] {dag.py:3239} INFO - Sync 1 DAGs
[2025-03-01T01:09:10.032+0000] {logging_mixin.py:190} INFO - [2025-03-01T01:09:10.032+0000] {dag.py:4180} INFO - Setting next_dagrun for example_bash_operator to 2025-02-28 00:00:00+00:00, run_after=2025-03-01 00:00:00+00:00
[2025-03-01T01:09:10.048+0000] {processor.py:208} INFO - Processing /home/airflow/.local/lib/python3.12/site-packages/airflow/example_dags/example_bash_operator.py took 0.084 seconds
[2025-03-01T01:09:40.345+0000] {processor.py:186} INFO - Started process (PID=1140) to work on /home/airflow/.local/lib/python3.12/site-packages/airflow/example_dags/example_bash_operator.py
[2025-03-01T01:09:40.345+0000] {processor.py:914} INFO - Processing file /home/airflow/.local/lib/python3.12/site-packages/airflow/example_dags/example_bash_operator.py for tasks to queue
[2025-03-01T01:09:40.348+0000] {logging_mixin.py:190} INFO - [2025-03-01T01:09:40.347+0000] {dagbag.py:588} INFO - Filling up the DagBag from /home/airflow/.local/lib/python3.12/site-packages/airflow/example_dags/example_bash_operator.py
[2025-03-01T01:09:40.363+0000] {processor.py:925} INFO - DAG(s) 'example_bash_operator' retrieved from /home/airflow/.local/lib/python3.12/site-packages/airflow/example_dags/example_bash_operator.py
[2025-03-01T01:09:40.394+0000] {logging_mixin.py:190} INFO - [2025-03-01T01:09:40.393+0000] {dag.py:3239} INFO - Sync 1 DAGs
[2025-03-01T01:09:40.421+0000] {logging_mixin.py:190} INFO - [2025-03-01T01:09:40.421+0000] {dag.py:4180} INFO - Setting next_dagrun for example_bash_operator to 2025-02-28 00:00:00+00:00, run_after=2025-03-01 00:00:00+00:00
[2025-03-01T01:09:40.439+0000] {processor.py:208} INFO - Processing /home/airflow/.local/lib/python3.12/site-packages/airflow/example_dags/example_bash_operator.py took 0.101 seconds
[2025-03-01T01:10:10.587+0000] {processor.py:186} INFO - Started process (PID=1203) to work on /home/airflow/.local/lib/python3.12/site-packages/airflow/example_dags/example_bash_operator.py
[2025-03-01T01:10:10.588+0000] {processor.py:914} INFO - Processing file /home/airflow/.local/lib/python3.12/site-packages/airflow/example_dags/example_bash_operator.py for tasks to queue
[2025-03-01T01:10:10.589+0000] {logging_mixin.py:190} INFO - [2025-03-01T01:10:10.589+0000] {dagbag.py:588} INFO - Filling up the DagBag from /home/airflow/.local/lib/python3.12/site-packages/airflow/example_dags/example_bash_operator.py
[2025-03-01T01:10:10.600+0000] {processor.py:925} INFO - DAG(s) 'example_bash_operator' retrieved from /home/airflow/.local/lib/python3.12/site-packages/airflow/example_dags/example_bash_operator.py
[2025-03-01T01:10:10.620+0000] {logging_mixin.py:190} INFO - [2025-03-01T01:10:10.620+0000] {dag.py:3239} INFO - Sync 1 DAGs
[2025-03-01T01:10:10.638+0000] {logging_mixin.py:190} INFO - [2025-03-01T01:10:10.638+0000] {dag.py:4180} INFO - Setting next_dagrun for example_bash_operator to 2025-02-28 00:00:00+00:00, run_after=2025-03-01 00:00:00+00:00
[2025-03-01T01:10:10.650+0000] {processor.py:208} INFO - Processing /home/airflow/.local/lib/python3.12/site-packages/airflow/example_dags/example_bash_operator.py took 0.067 seconds
