[2025-03-01T01:01:10.627+0000] {processor.py:186} INFO - Started process (PID=104) to work on /home/airflow/.local/lib/python3.12/site-packages/airflow/example_dags/example_latest_only_with_trigger.py
[2025-03-01T01:01:10.627+0000] {processor.py:914} INFO - Processing file /home/airflow/.local/lib/python3.12/site-packages/airflow/example_dags/example_latest_only_with_trigger.py for tasks to queue
[2025-03-01T01:01:10.629+0000] {logging_mixin.py:190} INFO - [2025-03-01T01:01:10.629+0000] {dagbag.py:588} INFO - Filling up the DagBag from /home/airflow/.local/lib/python3.12/site-packages/airflow/example_dags/example_latest_only_with_trigger.py
[2025-03-01T01:01:10.636+0000] {processor.py:925} INFO - DAG(s) 'latest_only_with_trigger' retrieved from /home/airflow/.local/lib/python3.12/site-packages/airflow/example_dags/example_latest_only_with_trigger.py
[2025-03-01T01:01:10.760+0000] {logging_mixin.py:190} INFO - [2025-03-01T01:01:10.759+0000] {override.py:1911} INFO - Created Permission View: can edit on DAG:latest_only_with_trigger
[2025-03-01T01:01:10.768+0000] {logging_mixin.py:190} INFO - [2025-03-01T01:01:10.768+0000] {override.py:1911} INFO - Created Permission View: can read on DAG:latest_only_with_trigger
[2025-03-01T01:01:10.774+0000] {logging_mixin.py:190} INFO - [2025-03-01T01:01:10.773+0000] {override.py:1911} INFO - Created Permission View: can delete on DAG:latest_only_with_trigger
[2025-03-01T01:01:10.779+0000] {logging_mixin.py:190} INFO - [2025-03-01T01:01:10.779+0000] {override.py:1911} INFO - Created Permission View: menu access on DAG Run:latest_only_with_trigger
[2025-03-01T01:01:10.785+0000] {logging_mixin.py:190} INFO - [2025-03-01T01:01:10.784+0000] {override.py:1911} INFO - Created Permission View: can delete on DAG Run:latest_only_with_trigger
[2025-03-01T01:01:10.790+0000] {logging_mixin.py:190} INFO - [2025-03-01T01:01:10.789+0000] {override.py:1911} INFO - Created Permission View: can create on DAG Run:latest_only_with_trigger
[2025-03-01T01:01:10.795+0000] {logging_mixin.py:190} INFO - [2025-03-01T01:01:10.794+0000] {override.py:1911} INFO - Created Permission View: can read on DAG Run:latest_only_with_trigger
[2025-03-01T01:01:10.795+0000] {logging_mixin.py:190} INFO - [2025-03-01T01:01:10.795+0000] {dag.py:3239} INFO - Sync 1 DAGs
[2025-03-01T01:01:10.811+0000] {logging_mixin.py:190} INFO - [2025-03-01T01:01:10.810+0000] {dag.py:3262} INFO - Creating ORM DAG for latest_only_with_trigger
[2025-03-01T01:01:10.820+0000] {logging_mixin.py:190} INFO - [2025-03-01T01:01:10.820+0000] {dag.py:4180} INFO - Setting next_dagrun for latest_only_with_trigger to 2025-02-28 20:00:00+00:00, run_after=2025-03-01 00:00:00+00:00
[2025-03-01T01:01:10.834+0000] {processor.py:208} INFO - Processing /home/airflow/.local/lib/python3.12/site-packages/airflow/example_dags/example_latest_only_with_trigger.py took 0.213 seconds
[2025-03-01T01:01:41.649+0000] {processor.py:186} INFO - Started process (PID=166) to work on /home/airflow/.local/lib/python3.12/site-packages/airflow/example_dags/example_latest_only_with_trigger.py
[2025-03-01T01:01:41.650+0000] {processor.py:914} INFO - Processing file /home/airflow/.local/lib/python3.12/site-packages/airflow/example_dags/example_latest_only_with_trigger.py for tasks to queue
[2025-03-01T01:01:41.652+0000] {logging_mixin.py:190} INFO - [2025-03-01T01:01:41.651+0000] {dagbag.py:588} INFO - Filling up the DagBag from /home/airflow/.local/lib/python3.12/site-packages/airflow/example_dags/example_latest_only_with_trigger.py
[2025-03-01T01:01:41.657+0000] {processor.py:925} INFO - DAG(s) 'latest_only_with_trigger' retrieved from /home/airflow/.local/lib/python3.12/site-packages/airflow/example_dags/example_latest_only_with_trigger.py
[2025-03-01T01:01:41.673+0000] {logging_mixin.py:190} INFO - [2025-03-01T01:01:41.673+0000] {dag.py:3239} INFO - Sync 1 DAGs
[2025-03-01T01:01:41.690+0000] {logging_mixin.py:190} INFO - [2025-03-01T01:01:41.690+0000] {dag.py:4180} INFO - Setting next_dagrun for latest_only_with_trigger to 2025-02-28 20:00:00+00:00, run_after=2025-03-01 00:00:00+00:00
[2025-03-01T01:01:41.704+0000] {processor.py:208} INFO - Processing /home/airflow/.local/lib/python3.12/site-packages/airflow/example_dags/example_latest_only_with_trigger.py took 0.060 seconds
[2025-03-01T01:02:12.660+0000] {processor.py:186} INFO - Started process (PID=230) to work on /home/airflow/.local/lib/python3.12/site-packages/airflow/example_dags/example_latest_only_with_trigger.py
[2025-03-01T01:02:12.661+0000] {processor.py:914} INFO - Processing file /home/airflow/.local/lib/python3.12/site-packages/airflow/example_dags/example_latest_only_with_trigger.py for tasks to queue
[2025-03-01T01:02:12.663+0000] {logging_mixin.py:190} INFO - [2025-03-01T01:02:12.663+0000] {dagbag.py:588} INFO - Filling up the DagBag from /home/airflow/.local/lib/python3.12/site-packages/airflow/example_dags/example_latest_only_with_trigger.py
[2025-03-01T01:02:12.671+0000] {processor.py:925} INFO - DAG(s) 'latest_only_with_trigger' retrieved from /home/airflow/.local/lib/python3.12/site-packages/airflow/example_dags/example_latest_only_with_trigger.py
[2025-03-01T01:02:12.688+0000] {logging_mixin.py:190} INFO - [2025-03-01T01:02:12.688+0000] {dag.py:3239} INFO - Sync 1 DAGs
[2025-03-01T01:02:12.712+0000] {logging_mixin.py:190} INFO - [2025-03-01T01:02:12.712+0000] {dag.py:4180} INFO - Setting next_dagrun for latest_only_with_trigger to 2025-02-28 20:00:00+00:00, run_after=2025-03-01 00:00:00+00:00
[2025-03-01T01:02:12.729+0000] {processor.py:208} INFO - Processing /home/airflow/.local/lib/python3.12/site-packages/airflow/example_dags/example_latest_only_with_trigger.py took 0.074 seconds
[2025-03-01T01:02:43.376+0000] {processor.py:186} INFO - Started process (PID=292) to work on /home/airflow/.local/lib/python3.12/site-packages/airflow/example_dags/example_latest_only_with_trigger.py
[2025-03-01T01:02:43.377+0000] {processor.py:914} INFO - Processing file /home/airflow/.local/lib/python3.12/site-packages/airflow/example_dags/example_latest_only_with_trigger.py for tasks to queue
[2025-03-01T01:02:43.378+0000] {logging_mixin.py:190} INFO - [2025-03-01T01:02:43.378+0000] {dagbag.py:588} INFO - Filling up the DagBag from /home/airflow/.local/lib/python3.12/site-packages/airflow/example_dags/example_latest_only_with_trigger.py
[2025-03-01T01:02:43.384+0000] {processor.py:925} INFO - DAG(s) 'latest_only_with_trigger' retrieved from /home/airflow/.local/lib/python3.12/site-packages/airflow/example_dags/example_latest_only_with_trigger.py
[2025-03-01T01:02:43.403+0000] {logging_mixin.py:190} INFO - [2025-03-01T01:02:43.403+0000] {dag.py:3239} INFO - Sync 1 DAGs
[2025-03-01T01:02:43.426+0000] {logging_mixin.py:190} INFO - [2025-03-01T01:02:43.426+0000] {dag.py:4180} INFO - Setting next_dagrun for latest_only_with_trigger to 2025-02-28 20:00:00+00:00, run_after=2025-03-01 00:00:00+00:00
[2025-03-01T01:02:43.438+0000] {processor.py:208} INFO - Processing /home/airflow/.local/lib/python3.12/site-packages/airflow/example_dags/example_latest_only_with_trigger.py took 0.067 seconds
[2025-03-01T01:03:13.754+0000] {processor.py:186} INFO - Started process (PID=354) to work on /home/airflow/.local/lib/python3.12/site-packages/airflow/example_dags/example_latest_only_with_trigger.py
[2025-03-01T01:03:13.754+0000] {processor.py:914} INFO - Processing file /home/airflow/.local/lib/python3.12/site-packages/airflow/example_dags/example_latest_only_with_trigger.py for tasks to queue
[2025-03-01T01:03:13.756+0000] {logging_mixin.py:190} INFO - [2025-03-01T01:03:13.756+0000] {dagbag.py:588} INFO - Filling up the DagBag from /home/airflow/.local/lib/python3.12/site-packages/airflow/example_dags/example_latest_only_with_trigger.py
[2025-03-01T01:03:13.762+0000] {processor.py:925} INFO - DAG(s) 'latest_only_with_trigger' retrieved from /home/airflow/.local/lib/python3.12/site-packages/airflow/example_dags/example_latest_only_with_trigger.py
[2025-03-01T01:03:13.781+0000] {logging_mixin.py:190} INFO - [2025-03-01T01:03:13.780+0000] {dag.py:3239} INFO - Sync 1 DAGs
[2025-03-01T01:03:13.804+0000] {logging_mixin.py:190} INFO - [2025-03-01T01:03:13.804+0000] {dag.py:4180} INFO - Setting next_dagrun for latest_only_with_trigger to 2025-02-28 20:00:00+00:00, run_after=2025-03-01 00:00:00+00:00
[2025-03-01T01:03:13.820+0000] {processor.py:208} INFO - Processing /home/airflow/.local/lib/python3.12/site-packages/airflow/example_dags/example_latest_only_with_trigger.py took 0.071 seconds
[2025-03-01T01:03:43.911+0000] {processor.py:186} INFO - Started process (PID=416) to work on /home/airflow/.local/lib/python3.12/site-packages/airflow/example_dags/example_latest_only_with_trigger.py
[2025-03-01T01:03:43.911+0000] {processor.py:914} INFO - Processing file /home/airflow/.local/lib/python3.12/site-packages/airflow/example_dags/example_latest_only_with_trigger.py for tasks to queue
[2025-03-01T01:03:43.913+0000] {logging_mixin.py:190} INFO - [2025-03-01T01:03:43.913+0000] {dagbag.py:588} INFO - Filling up the DagBag from /home/airflow/.local/lib/python3.12/site-packages/airflow/example_dags/example_latest_only_with_trigger.py
[2025-03-01T01:03:43.919+0000] {processor.py:925} INFO - DAG(s) 'latest_only_with_trigger' retrieved from /home/airflow/.local/lib/python3.12/site-packages/airflow/example_dags/example_latest_only_with_trigger.py
[2025-03-01T01:03:43.935+0000] {logging_mixin.py:190} INFO - [2025-03-01T01:03:43.935+0000] {dag.py:3239} INFO - Sync 1 DAGs
[2025-03-01T01:03:43.954+0000] {logging_mixin.py:190} INFO - [2025-03-01T01:03:43.954+0000] {dag.py:4180} INFO - Setting next_dagrun for latest_only_with_trigger to 2025-02-28 20:00:00+00:00, run_after=2025-03-01 00:00:00+00:00
[2025-03-01T01:03:43.966+0000] {processor.py:208} INFO - Processing /home/airflow/.local/lib/python3.12/site-packages/airflow/example_dags/example_latest_only_with_trigger.py took 0.061 seconds
[2025-03-01T01:04:14.333+0000] {processor.py:186} INFO - Started process (PID=479) to work on /home/airflow/.local/lib/python3.12/site-packages/airflow/example_dags/example_latest_only_with_trigger.py
[2025-03-01T01:04:14.333+0000] {processor.py:914} INFO - Processing file /home/airflow/.local/lib/python3.12/site-packages/airflow/example_dags/example_latest_only_with_trigger.py for tasks to queue
[2025-03-01T01:04:14.335+0000] {logging_mixin.py:190} INFO - [2025-03-01T01:04:14.334+0000] {dagbag.py:588} INFO - Filling up the DagBag from /home/airflow/.local/lib/python3.12/site-packages/airflow/example_dags/example_latest_only_with_trigger.py
[2025-03-01T01:04:14.340+0000] {processor.py:925} INFO - DAG(s) 'latest_only_with_trigger' retrieved from /home/airflow/.local/lib/python3.12/site-packages/airflow/example_dags/example_latest_only_with_trigger.py
[2025-03-01T01:04:14.359+0000] {logging_mixin.py:190} INFO - [2025-03-01T01:04:14.358+0000] {dag.py:3239} INFO - Sync 1 DAGs
[2025-03-01T01:04:14.384+0000] {logging_mixin.py:190} INFO - [2025-03-01T01:04:14.383+0000] {dag.py:4180} INFO - Setting next_dagrun for latest_only_with_trigger to 2025-02-28 20:00:00+00:00, run_after=2025-03-01 00:00:00+00:00
[2025-03-01T01:04:14.401+0000] {processor.py:208} INFO - Processing /home/airflow/.local/lib/python3.12/site-packages/airflow/example_dags/example_latest_only_with_trigger.py took 0.072 seconds
[2025-03-01T01:04:44.749+0000] {processor.py:186} INFO - Started process (PID=541) to work on /home/airflow/.local/lib/python3.12/site-packages/airflow/example_dags/example_latest_only_with_trigger.py
[2025-03-01T01:04:44.750+0000] {processor.py:914} INFO - Processing file /home/airflow/.local/lib/python3.12/site-packages/airflow/example_dags/example_latest_only_with_trigger.py for tasks to queue
[2025-03-01T01:04:44.752+0000] {logging_mixin.py:190} INFO - [2025-03-01T01:04:44.752+0000] {dagbag.py:588} INFO - Filling up the DagBag from /home/airflow/.local/lib/python3.12/site-packages/airflow/example_dags/example_latest_only_with_trigger.py
[2025-03-01T01:04:44.760+0000] {processor.py:925} INFO - DAG(s) 'latest_only_with_trigger' retrieved from /home/airflow/.local/lib/python3.12/site-packages/airflow/example_dags/example_latest_only_with_trigger.py
[2025-03-01T01:04:44.782+0000] {logging_mixin.py:190} INFO - [2025-03-01T01:04:44.781+0000] {dag.py:3239} INFO - Sync 1 DAGs
[2025-03-01T01:04:44.808+0000] {logging_mixin.py:190} INFO - [2025-03-01T01:04:44.808+0000] {dag.py:4180} INFO - Setting next_dagrun for latest_only_with_trigger to 2025-02-28 20:00:00+00:00, run_after=2025-03-01 00:00:00+00:00
[2025-03-01T01:04:44.824+0000] {processor.py:208} INFO - Processing /home/airflow/.local/lib/python3.12/site-packages/airflow/example_dags/example_latest_only_with_trigger.py took 0.081 seconds
[2025-03-01T01:05:14.861+0000] {processor.py:186} INFO - Started process (PID=603) to work on /home/airflow/.local/lib/python3.12/site-packages/airflow/example_dags/example_latest_only_with_trigger.py
[2025-03-01T01:05:14.862+0000] {processor.py:914} INFO - Processing file /home/airflow/.local/lib/python3.12/site-packages/airflow/example_dags/example_latest_only_with_trigger.py for tasks to queue
[2025-03-01T01:05:14.863+0000] {logging_mixin.py:190} INFO - [2025-03-01T01:05:14.863+0000] {dagbag.py:588} INFO - Filling up the DagBag from /home/airflow/.local/lib/python3.12/site-packages/airflow/example_dags/example_latest_only_with_trigger.py
[2025-03-01T01:05:14.869+0000] {processor.py:925} INFO - DAG(s) 'latest_only_with_trigger' retrieved from /home/airflow/.local/lib/python3.12/site-packages/airflow/example_dags/example_latest_only_with_trigger.py
[2025-03-01T01:05:14.884+0000] {logging_mixin.py:190} INFO - [2025-03-01T01:05:14.884+0000] {dag.py:3239} INFO - Sync 1 DAGs
[2025-03-01T01:05:14.901+0000] {logging_mixin.py:190} INFO - [2025-03-01T01:05:14.901+0000] {dag.py:4180} INFO - Setting next_dagrun for latest_only_with_trigger to 2025-02-28 20:00:00+00:00, run_after=2025-03-01 00:00:00+00:00
[2025-03-01T01:05:14.913+0000] {processor.py:208} INFO - Processing /home/airflow/.local/lib/python3.12/site-packages/airflow/example_dags/example_latest_only_with_trigger.py took 0.056 seconds
[2025-03-01T01:05:45.375+0000] {processor.py:186} INFO - Started process (PID=666) to work on /home/airflow/.local/lib/python3.12/site-packages/airflow/example_dags/example_latest_only_with_trigger.py
[2025-03-01T01:05:45.375+0000] {processor.py:914} INFO - Processing file /home/airflow/.local/lib/python3.12/site-packages/airflow/example_dags/example_latest_only_with_trigger.py for tasks to queue
[2025-03-01T01:05:45.377+0000] {logging_mixin.py:190} INFO - [2025-03-01T01:05:45.377+0000] {dagbag.py:588} INFO - Filling up the DagBag from /home/airflow/.local/lib/python3.12/site-packages/airflow/example_dags/example_latest_only_with_trigger.py
[2025-03-01T01:05:45.382+0000] {processor.py:925} INFO - DAG(s) 'latest_only_with_trigger' retrieved from /home/airflow/.local/lib/python3.12/site-packages/airflow/example_dags/example_latest_only_with_trigger.py
[2025-03-01T01:05:45.399+0000] {logging_mixin.py:190} INFO - [2025-03-01T01:05:45.398+0000] {dag.py:3239} INFO - Sync 1 DAGs
[2025-03-01T01:05:45.416+0000] {logging_mixin.py:190} INFO - [2025-03-01T01:05:45.416+0000] {dag.py:4180} INFO - Setting next_dagrun for latest_only_with_trigger to 2025-02-28 20:00:00+00:00, run_after=2025-03-01 00:00:00+00:00
[2025-03-01T01:05:45.428+0000] {processor.py:208} INFO - Processing /home/airflow/.local/lib/python3.12/site-packages/airflow/example_dags/example_latest_only_with_trigger.py took 0.057 seconds
[2025-03-01T01:06:15.729+0000] {processor.py:186} INFO - Started process (PID=729) to work on /home/airflow/.local/lib/python3.12/site-packages/airflow/example_dags/example_latest_only_with_trigger.py
[2025-03-01T01:06:15.729+0000] {processor.py:914} INFO - Processing file /home/airflow/.local/lib/python3.12/site-packages/airflow/example_dags/example_latest_only_with_trigger.py for tasks to queue
[2025-03-01T01:06:15.731+0000] {logging_mixin.py:190} INFO - [2025-03-01T01:06:15.731+0000] {dagbag.py:588} INFO - Filling up the DagBag from /home/airflow/.local/lib/python3.12/site-packages/airflow/example_dags/example_latest_only_with_trigger.py
[2025-03-01T01:06:15.736+0000] {processor.py:925} INFO - DAG(s) 'latest_only_with_trigger' retrieved from /home/airflow/.local/lib/python3.12/site-packages/airflow/example_dags/example_latest_only_with_trigger.py
[2025-03-01T01:06:15.753+0000] {logging_mixin.py:190} INFO - [2025-03-01T01:06:15.753+0000] {dag.py:3239} INFO - Sync 1 DAGs
[2025-03-01T01:06:15.770+0000] {logging_mixin.py:190} INFO - [2025-03-01T01:06:15.770+0000] {dag.py:4180} INFO - Setting next_dagrun for latest_only_with_trigger to 2025-02-28 20:00:00+00:00, run_after=2025-03-01 00:00:00+00:00
[2025-03-01T01:06:15.782+0000] {processor.py:208} INFO - Processing /home/airflow/.local/lib/python3.12/site-packages/airflow/example_dags/example_latest_only_with_trigger.py took 0.057 seconds
[2025-03-01T01:06:46.172+0000] {processor.py:186} INFO - Started process (PID=792) to work on /home/airflow/.local/lib/python3.12/site-packages/airflow/example_dags/example_latest_only_with_trigger.py
[2025-03-01T01:06:46.172+0000] {processor.py:914} INFO - Processing file /home/airflow/.local/lib/python3.12/site-packages/airflow/example_dags/example_latest_only_with_trigger.py for tasks to queue
[2025-03-01T01:06:46.174+0000] {logging_mixin.py:190} INFO - [2025-03-01T01:06:46.174+0000] {dagbag.py:588} INFO - Filling up the DagBag from /home/airflow/.local/lib/python3.12/site-packages/airflow/example_dags/example_latest_only_with_trigger.py
[2025-03-01T01:06:46.181+0000] {processor.py:925} INFO - DAG(s) 'latest_only_with_trigger' retrieved from /home/airflow/.local/lib/python3.12/site-packages/airflow/example_dags/example_latest_only_with_trigger.py
[2025-03-01T01:06:46.204+0000] {logging_mixin.py:190} INFO - [2025-03-01T01:06:46.204+0000] {dag.py:3239} INFO - Sync 1 DAGs
[2025-03-01T01:06:46.224+0000] {logging_mixin.py:190} INFO - [2025-03-01T01:06:46.224+0000] {dag.py:4180} INFO - Setting next_dagrun for latest_only_with_trigger to 2025-02-28 20:00:00+00:00, run_after=2025-03-01 00:00:00+00:00
[2025-03-01T01:06:46.236+0000] {processor.py:208} INFO - Processing /home/airflow/.local/lib/python3.12/site-packages/airflow/example_dags/example_latest_only_with_trigger.py took 0.071 seconds
[2025-03-01T01:07:16.486+0000] {processor.py:186} INFO - Started process (PID=855) to work on /home/airflow/.local/lib/python3.12/site-packages/airflow/example_dags/example_latest_only_with_trigger.py
[2025-03-01T01:07:16.486+0000] {processor.py:914} INFO - Processing file /home/airflow/.local/lib/python3.12/site-packages/airflow/example_dags/example_latest_only_with_trigger.py for tasks to queue
[2025-03-01T01:07:16.488+0000] {logging_mixin.py:190} INFO - [2025-03-01T01:07:16.488+0000] {dagbag.py:588} INFO - Filling up the DagBag from /home/airflow/.local/lib/python3.12/site-packages/airflow/example_dags/example_latest_only_with_trigger.py
[2025-03-01T01:07:16.496+0000] {processor.py:925} INFO - DAG(s) 'latest_only_with_trigger' retrieved from /home/airflow/.local/lib/python3.12/site-packages/airflow/example_dags/example_latest_only_with_trigger.py
[2025-03-01T01:07:16.512+0000] {logging_mixin.py:190} INFO - [2025-03-01T01:07:16.512+0000] {dag.py:3239} INFO - Sync 1 DAGs
[2025-03-01T01:07:16.529+0000] {logging_mixin.py:190} INFO - [2025-03-01T01:07:16.528+0000] {dag.py:4180} INFO - Setting next_dagrun for latest_only_with_trigger to 2025-02-28 20:00:00+00:00, run_after=2025-03-01 00:00:00+00:00
[2025-03-01T01:07:16.541+0000] {processor.py:208} INFO - Processing /home/airflow/.local/lib/python3.12/site-packages/airflow/example_dags/example_latest_only_with_trigger.py took 0.061 seconds
[2025-03-01T01:07:46.671+0000] {processor.py:186} INFO - Started process (PID=918) to work on /home/airflow/.local/lib/python3.12/site-packages/airflow/example_dags/example_latest_only_with_trigger.py
[2025-03-01T01:07:46.671+0000] {processor.py:914} INFO - Processing file /home/airflow/.local/lib/python3.12/site-packages/airflow/example_dags/example_latest_only_with_trigger.py for tasks to queue
[2025-03-01T01:07:46.673+0000] {logging_mixin.py:190} INFO - [2025-03-01T01:07:46.672+0000] {dagbag.py:588} INFO - Filling up the DagBag from /home/airflow/.local/lib/python3.12/site-packages/airflow/example_dags/example_latest_only_with_trigger.py
[2025-03-01T01:07:46.679+0000] {processor.py:925} INFO - DAG(s) 'latest_only_with_trigger' retrieved from /home/airflow/.local/lib/python3.12/site-packages/airflow/example_dags/example_latest_only_with_trigger.py
[2025-03-01T01:07:46.695+0000] {logging_mixin.py:190} INFO - [2025-03-01T01:07:46.694+0000] {dag.py:3239} INFO - Sync 1 DAGs
[2025-03-01T01:07:46.712+0000] {logging_mixin.py:190} INFO - [2025-03-01T01:07:46.712+0000] {dag.py:4180} INFO - Setting next_dagrun for latest_only_with_trigger to 2025-02-28 20:00:00+00:00, run_after=2025-03-01 00:00:00+00:00
[2025-03-01T01:07:46.725+0000] {processor.py:208} INFO - Processing /home/airflow/.local/lib/python3.12/site-packages/airflow/example_dags/example_latest_only_with_trigger.py took 0.059 seconds
[2025-03-01T01:08:16.895+0000] {processor.py:186} INFO - Started process (PID=982) to work on /home/airflow/.local/lib/python3.12/site-packages/airflow/example_dags/example_latest_only_with_trigger.py
[2025-03-01T01:08:16.896+0000] {processor.py:914} INFO - Processing file /home/airflow/.local/lib/python3.12/site-packages/airflow/example_dags/example_latest_only_with_trigger.py for tasks to queue
[2025-03-01T01:08:16.897+0000] {logging_mixin.py:190} INFO - [2025-03-01T01:08:16.897+0000] {dagbag.py:588} INFO - Filling up the DagBag from /home/airflow/.local/lib/python3.12/site-packages/airflow/example_dags/example_latest_only_with_trigger.py
[2025-03-01T01:08:16.903+0000] {processor.py:925} INFO - DAG(s) 'latest_only_with_trigger' retrieved from /home/airflow/.local/lib/python3.12/site-packages/airflow/example_dags/example_latest_only_with_trigger.py
[2025-03-01T01:08:16.918+0000] {logging_mixin.py:190} INFO - [2025-03-01T01:08:16.918+0000] {dag.py:3239} INFO - Sync 1 DAGs
[2025-03-01T01:08:16.935+0000] {logging_mixin.py:190} INFO - [2025-03-01T01:08:16.935+0000] {dag.py:4180} INFO - Setting next_dagrun for latest_only_with_trigger to 2025-02-28 20:00:00+00:00, run_after=2025-03-01 00:00:00+00:00
[2025-03-01T01:08:16.947+0000] {processor.py:208} INFO - Processing /home/airflow/.local/lib/python3.12/site-packages/airflow/example_dags/example_latest_only_with_trigger.py took 0.056 seconds
[2025-03-01T01:08:47.177+0000] {processor.py:186} INFO - Started process (PID=1044) to work on /home/airflow/.local/lib/python3.12/site-packages/airflow/example_dags/example_latest_only_with_trigger.py
[2025-03-01T01:08:47.178+0000] {processor.py:914} INFO - Processing file /home/airflow/.local/lib/python3.12/site-packages/airflow/example_dags/example_latest_only_with_trigger.py for tasks to queue
[2025-03-01T01:08:47.180+0000] {logging_mixin.py:190} INFO - [2025-03-01T01:08:47.179+0000] {dagbag.py:588} INFO - Filling up the DagBag from /home/airflow/.local/lib/python3.12/site-packages/airflow/example_dags/example_latest_only_with_trigger.py
[2025-03-01T01:08:47.186+0000] {processor.py:925} INFO - DAG(s) 'latest_only_with_trigger' retrieved from /home/airflow/.local/lib/python3.12/site-packages/airflow/example_dags/example_latest_only_with_trigger.py
[2025-03-01T01:08:47.201+0000] {logging_mixin.py:190} INFO - [2025-03-01T01:08:47.201+0000] {dag.py:3239} INFO - Sync 1 DAGs
[2025-03-01T01:08:47.218+0000] {logging_mixin.py:190} INFO - [2025-03-01T01:08:47.218+0000] {dag.py:4180} INFO - Setting next_dagrun for latest_only_with_trigger to 2025-02-28 20:00:00+00:00, run_after=2025-03-01 00:00:00+00:00
[2025-03-01T01:08:47.230+0000] {processor.py:208} INFO - Processing /home/airflow/.local/lib/python3.12/site-packages/airflow/example_dags/example_latest_only_with_trigger.py took 0.057 seconds
[2025-03-01T01:09:17.491+0000] {processor.py:186} INFO - Started process (PID=1107) to work on /home/airflow/.local/lib/python3.12/site-packages/airflow/example_dags/example_latest_only_with_trigger.py
[2025-03-01T01:09:17.491+0000] {processor.py:914} INFO - Processing file /home/airflow/.local/lib/python3.12/site-packages/airflow/example_dags/example_latest_only_with_trigger.py for tasks to queue
[2025-03-01T01:09:17.493+0000] {logging_mixin.py:190} INFO - [2025-03-01T01:09:17.493+0000] {dagbag.py:588} INFO - Filling up the DagBag from /home/airflow/.local/lib/python3.12/site-packages/airflow/example_dags/example_latest_only_with_trigger.py
[2025-03-01T01:09:17.500+0000] {processor.py:925} INFO - DAG(s) 'latest_only_with_trigger' retrieved from /home/airflow/.local/lib/python3.12/site-packages/airflow/example_dags/example_latest_only_with_trigger.py
[2025-03-01T01:09:17.517+0000] {logging_mixin.py:190} INFO - [2025-03-01T01:09:17.517+0000] {dag.py:3239} INFO - Sync 1 DAGs
[2025-03-01T01:09:17.535+0000] {logging_mixin.py:190} INFO - [2025-03-01T01:09:17.535+0000] {dag.py:4180} INFO - Setting next_dagrun for latest_only_with_trigger to 2025-02-28 20:00:00+00:00, run_after=2025-03-01 00:00:00+00:00
[2025-03-01T01:09:17.547+0000] {processor.py:208} INFO - Processing /home/airflow/.local/lib/python3.12/site-packages/airflow/example_dags/example_latest_only_with_trigger.py took 0.060 seconds
[2025-03-01T01:09:47.763+0000] {processor.py:186} INFO - Started process (PID=1170) to work on /home/airflow/.local/lib/python3.12/site-packages/airflow/example_dags/example_latest_only_with_trigger.py
[2025-03-01T01:09:47.763+0000] {processor.py:914} INFO - Processing file /home/airflow/.local/lib/python3.12/site-packages/airflow/example_dags/example_latest_only_with_trigger.py for tasks to queue
[2025-03-01T01:09:47.765+0000] {logging_mixin.py:190} INFO - [2025-03-01T01:09:47.765+0000] {dagbag.py:588} INFO - Filling up the DagBag from /home/airflow/.local/lib/python3.12/site-packages/airflow/example_dags/example_latest_only_with_trigger.py
[2025-03-01T01:09:47.773+0000] {processor.py:925} INFO - DAG(s) 'latest_only_with_trigger' retrieved from /home/airflow/.local/lib/python3.12/site-packages/airflow/example_dags/example_latest_only_with_trigger.py
[2025-03-01T01:09:47.794+0000] {logging_mixin.py:190} INFO - [2025-03-01T01:09:47.793+0000] {dag.py:3239} INFO - Sync 1 DAGs
[2025-03-01T01:09:47.815+0000] {logging_mixin.py:190} INFO - [2025-03-01T01:09:47.815+0000] {dag.py:4180} INFO - Setting next_dagrun for latest_only_with_trigger to 2025-02-28 20:00:00+00:00, run_after=2025-03-01 00:00:00+00:00
[2025-03-01T01:09:47.829+0000] {processor.py:208} INFO - Processing /home/airflow/.local/lib/python3.12/site-packages/airflow/example_dags/example_latest_only_with_trigger.py took 0.073 seconds
[2025-03-01T01:10:18.145+0000] {processor.py:186} INFO - Started process (PID=1233) to work on /home/airflow/.local/lib/python3.12/site-packages/airflow/example_dags/example_latest_only_with_trigger.py
[2025-03-01T01:10:18.145+0000] {processor.py:914} INFO - Processing file /home/airflow/.local/lib/python3.12/site-packages/airflow/example_dags/example_latest_only_with_trigger.py for tasks to queue
[2025-03-01T01:10:18.147+0000] {logging_mixin.py:190} INFO - [2025-03-01T01:10:18.147+0000] {dagbag.py:588} INFO - Filling up the DagBag from /home/airflow/.local/lib/python3.12/site-packages/airflow/example_dags/example_latest_only_with_trigger.py
[2025-03-01T01:10:18.155+0000] {processor.py:925} INFO - DAG(s) 'latest_only_with_trigger' retrieved from /home/airflow/.local/lib/python3.12/site-packages/airflow/example_dags/example_latest_only_with_trigger.py
[2025-03-01T01:10:18.171+0000] {logging_mixin.py:190} INFO - [2025-03-01T01:10:18.171+0000] {dag.py:3239} INFO - Sync 1 DAGs
[2025-03-01T01:10:18.188+0000] {logging_mixin.py:190} INFO - [2025-03-01T01:10:18.188+0000] {dag.py:4180} INFO - Setting next_dagrun for latest_only_with_trigger to 2025-02-28 20:00:00+00:00, run_after=2025-03-01 00:00:00+00:00
[2025-03-01T01:10:18.199+0000] {processor.py:208} INFO - Processing /home/airflow/.local/lib/python3.12/site-packages/airflow/example_dags/example_latest_only_with_trigger.py took 0.059 seconds
[2025-03-01T01:10:48.528+0000] {processor.py:186} INFO - Started process (PID=1296) to work on /home/airflow/.local/lib/python3.12/site-packages/airflow/example_dags/example_latest_only_with_trigger.py
[2025-03-01T01:10:48.529+0000] {processor.py:914} INFO - Processing file /home/airflow/.local/lib/python3.12/site-packages/airflow/example_dags/example_latest_only_with_trigger.py for tasks to queue
[2025-03-01T01:10:48.531+0000] {logging_mixin.py:190} INFO - [2025-03-01T01:10:48.531+0000] {dagbag.py:588} INFO - Filling up the DagBag from /home/airflow/.local/lib/python3.12/site-packages/airflow/example_dags/example_latest_only_with_trigger.py
[2025-03-01T01:10:48.539+0000] {processor.py:925} INFO - DAG(s) 'latest_only_with_trigger' retrieved from /home/airflow/.local/lib/python3.12/site-packages/airflow/example_dags/example_latest_only_with_trigger.py
[2025-03-01T01:10:48.573+0000] {logging_mixin.py:190} INFO - [2025-03-01T01:10:48.573+0000] {dag.py:3239} INFO - Sync 1 DAGs
[2025-03-01T01:10:48.602+0000] {logging_mixin.py:190} INFO - [2025-03-01T01:10:48.602+0000] {dag.py:4180} INFO - Setting next_dagrun for latest_only_with_trigger to 2025-02-28 20:00:00+00:00, run_after=2025-03-01 00:00:00+00:00
[2025-03-01T01:10:48.618+0000] {processor.py:208} INFO - Processing /home/airflow/.local/lib/python3.12/site-packages/airflow/example_dags/example_latest_only_with_trigger.py took 0.112 seconds
[2025-03-01T01:11:19.086+0000] {processor.py:186} INFO - Started process (PID=1360) to work on /home/airflow/.local/lib/python3.12/site-packages/airflow/example_dags/example_latest_only_with_trigger.py
[2025-03-01T01:11:19.086+0000] {processor.py:914} INFO - Processing file /home/airflow/.local/lib/python3.12/site-packages/airflow/example_dags/example_latest_only_with_trigger.py for tasks to queue
[2025-03-01T01:11:19.087+0000] {logging_mixin.py:190} INFO - [2025-03-01T01:11:19.087+0000] {dagbag.py:588} INFO - Filling up the DagBag from /home/airflow/.local/lib/python3.12/site-packages/airflow/example_dags/example_latest_only_with_trigger.py
[2025-03-01T01:11:19.096+0000] {processor.py:925} INFO - DAG(s) 'latest_only_with_trigger' retrieved from /home/airflow/.local/lib/python3.12/site-packages/airflow/example_dags/example_latest_only_with_trigger.py
[2025-03-01T01:11:19.120+0000] {logging_mixin.py:190} INFO - [2025-03-01T01:11:19.119+0000] {dag.py:3239} INFO - Sync 1 DAGs
[2025-03-01T01:11:19.148+0000] {logging_mixin.py:190} INFO - [2025-03-01T01:11:19.147+0000] {dag.py:4180} INFO - Setting next_dagrun for latest_only_with_trigger to 2025-02-28 20:00:00+00:00, run_after=2025-03-01 00:00:00+00:00
[2025-03-01T01:11:19.164+0000] {processor.py:208} INFO - Processing /home/airflow/.local/lib/python3.12/site-packages/airflow/example_dags/example_latest_only_with_trigger.py took 0.085 seconds
[2025-03-01T01:11:49.395+0000] {processor.py:186} INFO - Started process (PID=1424) to work on /home/airflow/.local/lib/python3.12/site-packages/airflow/example_dags/example_latest_only_with_trigger.py
[2025-03-01T01:11:49.396+0000] {processor.py:914} INFO - Processing file /home/airflow/.local/lib/python3.12/site-packages/airflow/example_dags/example_latest_only_with_trigger.py for tasks to queue
[2025-03-01T01:11:49.397+0000] {logging_mixin.py:190} INFO - [2025-03-01T01:11:49.396+0000] {dagbag.py:588} INFO - Filling up the DagBag from /home/airflow/.local/lib/python3.12/site-packages/airflow/example_dags/example_latest_only_with_trigger.py
[2025-03-01T01:11:49.403+0000] {processor.py:925} INFO - DAG(s) 'latest_only_with_trigger' retrieved from /home/airflow/.local/lib/python3.12/site-packages/airflow/example_dags/example_latest_only_with_trigger.py
[2025-03-01T01:11:49.421+0000] {logging_mixin.py:190} INFO - [2025-03-01T01:11:49.421+0000] {dag.py:3239} INFO - Sync 1 DAGs
[2025-03-01T01:11:49.438+0000] {logging_mixin.py:190} INFO - [2025-03-01T01:11:49.437+0000] {dag.py:4180} INFO - Setting next_dagrun for latest_only_with_trigger to 2025-02-28 20:00:00+00:00, run_after=2025-03-01 00:00:00+00:00
[2025-03-01T01:11:49.449+0000] {processor.py:208} INFO - Processing /home/airflow/.local/lib/python3.12/site-packages/airflow/example_dags/example_latest_only_with_trigger.py took 0.059 seconds
[2025-03-01T01:12:19.661+0000] {processor.py:186} INFO - Started process (PID=1488) to work on /home/airflow/.local/lib/python3.12/site-packages/airflow/example_dags/example_latest_only_with_trigger.py
[2025-03-01T01:12:19.662+0000] {processor.py:914} INFO - Processing file /home/airflow/.local/lib/python3.12/site-packages/airflow/example_dags/example_latest_only_with_trigger.py for tasks to queue
[2025-03-01T01:12:19.663+0000] {logging_mixin.py:190} INFO - [2025-03-01T01:12:19.663+0000] {dagbag.py:588} INFO - Filling up the DagBag from /home/airflow/.local/lib/python3.12/site-packages/airflow/example_dags/example_latest_only_with_trigger.py
[2025-03-01T01:12:19.669+0000] {processor.py:925} INFO - DAG(s) 'latest_only_with_trigger' retrieved from /home/airflow/.local/lib/python3.12/site-packages/airflow/example_dags/example_latest_only_with_trigger.py
[2025-03-01T01:12:19.684+0000] {logging_mixin.py:190} INFO - [2025-03-01T01:12:19.684+0000] {dag.py:3239} INFO - Sync 1 DAGs
[2025-03-01T01:12:19.701+0000] {logging_mixin.py:190} INFO - [2025-03-01T01:12:19.701+0000] {dag.py:4180} INFO - Setting next_dagrun for latest_only_with_trigger to 2025-02-28 20:00:00+00:00, run_after=2025-03-01 00:00:00+00:00
[2025-03-01T01:12:19.713+0000] {processor.py:208} INFO - Processing /home/airflow/.local/lib/python3.12/site-packages/airflow/example_dags/example_latest_only_with_trigger.py took 0.056 seconds
[2025-03-01T01:12:49.923+0000] {processor.py:186} INFO - Started process (PID=1552) to work on /home/airflow/.local/lib/python3.12/site-packages/airflow/example_dags/example_latest_only_with_trigger.py
[2025-03-01T01:12:49.924+0000] {processor.py:914} INFO - Processing file /home/airflow/.local/lib/python3.12/site-packages/airflow/example_dags/example_latest_only_with_trigger.py for tasks to queue
[2025-03-01T01:12:49.924+0000] {logging_mixin.py:190} INFO - [2025-03-01T01:12:49.924+0000] {dagbag.py:588} INFO - Filling up the DagBag from /home/airflow/.local/lib/python3.12/site-packages/airflow/example_dags/example_latest_only_with_trigger.py
[2025-03-01T01:12:49.931+0000] {processor.py:925} INFO - DAG(s) 'latest_only_with_trigger' retrieved from /home/airflow/.local/lib/python3.12/site-packages/airflow/example_dags/example_latest_only_with_trigger.py
[2025-03-01T01:12:49.948+0000] {logging_mixin.py:190} INFO - [2025-03-01T01:12:49.948+0000] {dag.py:3239} INFO - Sync 1 DAGs
[2025-03-01T01:12:49.965+0000] {logging_mixin.py:190} INFO - [2025-03-01T01:12:49.965+0000] {dag.py:4180} INFO - Setting next_dagrun for latest_only_with_trigger to 2025-02-28 20:00:00+00:00, run_after=2025-03-01 00:00:00+00:00
[2025-03-01T01:12:49.978+0000] {processor.py:208} INFO - Processing /home/airflow/.local/lib/python3.12/site-packages/airflow/example_dags/example_latest_only_with_trigger.py took 0.059 seconds
[2025-03-01T01:13:20.101+0000] {processor.py:186} INFO - Started process (PID=1616) to work on /home/airflow/.local/lib/python3.12/site-packages/airflow/example_dags/example_latest_only_with_trigger.py
[2025-03-01T01:13:20.102+0000] {processor.py:914} INFO - Processing file /home/airflow/.local/lib/python3.12/site-packages/airflow/example_dags/example_latest_only_with_trigger.py for tasks to queue
[2025-03-01T01:13:20.103+0000] {logging_mixin.py:190} INFO - [2025-03-01T01:13:20.103+0000] {dagbag.py:588} INFO - Filling up the DagBag from /home/airflow/.local/lib/python3.12/site-packages/airflow/example_dags/example_latest_only_with_trigger.py
[2025-03-01T01:13:20.110+0000] {processor.py:925} INFO - DAG(s) 'latest_only_with_trigger' retrieved from /home/airflow/.local/lib/python3.12/site-packages/airflow/example_dags/example_latest_only_with_trigger.py
[2025-03-01T01:13:20.125+0000] {logging_mixin.py:190} INFO - [2025-03-01T01:13:20.125+0000] {dag.py:3239} INFO - Sync 1 DAGs
[2025-03-01T01:13:20.142+0000] {logging_mixin.py:190} INFO - [2025-03-01T01:13:20.142+0000] {dag.py:4180} INFO - Setting next_dagrun for latest_only_with_trigger to 2025-02-28 20:00:00+00:00, run_after=2025-03-01 00:00:00+00:00
[2025-03-01T01:13:20.154+0000] {processor.py:208} INFO - Processing /home/airflow/.local/lib/python3.12/site-packages/airflow/example_dags/example_latest_only_with_trigger.py took 0.057 seconds
[2025-03-01T01:13:50.392+0000] {processor.py:186} INFO - Started process (PID=1680) to work on /home/airflow/.local/lib/python3.12/site-packages/airflow/example_dags/example_latest_only_with_trigger.py
[2025-03-01T01:13:50.393+0000] {processor.py:914} INFO - Processing file /home/airflow/.local/lib/python3.12/site-packages/airflow/example_dags/example_latest_only_with_trigger.py for tasks to queue
[2025-03-01T01:13:50.394+0000] {logging_mixin.py:190} INFO - [2025-03-01T01:13:50.394+0000] {dagbag.py:588} INFO - Filling up the DagBag from /home/airflow/.local/lib/python3.12/site-packages/airflow/example_dags/example_latest_only_with_trigger.py
[2025-03-01T01:13:50.400+0000] {processor.py:925} INFO - DAG(s) 'latest_only_with_trigger' retrieved from /home/airflow/.local/lib/python3.12/site-packages/airflow/example_dags/example_latest_only_with_trigger.py
[2025-03-01T01:13:50.418+0000] {logging_mixin.py:190} INFO - [2025-03-01T01:13:50.418+0000] {dag.py:3239} INFO - Sync 1 DAGs
[2025-03-01T01:13:50.435+0000] {logging_mixin.py:190} INFO - [2025-03-01T01:13:50.435+0000] {dag.py:4180} INFO - Setting next_dagrun for latest_only_with_trigger to 2025-02-28 20:00:00+00:00, run_after=2025-03-01 00:00:00+00:00
[2025-03-01T01:13:50.448+0000] {processor.py:208} INFO - Processing /home/airflow/.local/lib/python3.12/site-packages/airflow/example_dags/example_latest_only_with_trigger.py took 0.060 seconds
[2025-03-01T01:14:20.695+0000] {processor.py:186} INFO - Started process (PID=1744) to work on /home/airflow/.local/lib/python3.12/site-packages/airflow/example_dags/example_latest_only_with_trigger.py
[2025-03-01T01:14:20.696+0000] {processor.py:914} INFO - Processing file /home/airflow/.local/lib/python3.12/site-packages/airflow/example_dags/example_latest_only_with_trigger.py for tasks to queue
[2025-03-01T01:14:20.696+0000] {logging_mixin.py:190} INFO - [2025-03-01T01:14:20.696+0000] {dagbag.py:588} INFO - Filling up the DagBag from /home/airflow/.local/lib/python3.12/site-packages/airflow/example_dags/example_latest_only_with_trigger.py
[2025-03-01T01:14:20.704+0000] {processor.py:925} INFO - DAG(s) 'latest_only_with_trigger' retrieved from /home/airflow/.local/lib/python3.12/site-packages/airflow/example_dags/example_latest_only_with_trigger.py
[2025-03-01T01:14:20.720+0000] {logging_mixin.py:190} INFO - [2025-03-01T01:14:20.719+0000] {dag.py:3239} INFO - Sync 1 DAGs
[2025-03-01T01:14:20.738+0000] {logging_mixin.py:190} INFO - [2025-03-01T01:14:20.738+0000] {dag.py:4180} INFO - Setting next_dagrun for latest_only_with_trigger to 2025-02-28 20:00:00+00:00, run_after=2025-03-01 00:00:00+00:00
[2025-03-01T01:14:20.750+0000] {processor.py:208} INFO - Processing /home/airflow/.local/lib/python3.12/site-packages/airflow/example_dags/example_latest_only_with_trigger.py took 0.060 seconds
[2025-03-01T01:14:50.974+0000] {processor.py:186} INFO - Started process (PID=1808) to work on /home/airflow/.local/lib/python3.12/site-packages/airflow/example_dags/example_latest_only_with_trigger.py
[2025-03-01T01:14:50.975+0000] {processor.py:914} INFO - Processing file /home/airflow/.local/lib/python3.12/site-packages/airflow/example_dags/example_latest_only_with_trigger.py for tasks to queue
[2025-03-01T01:14:50.976+0000] {logging_mixin.py:190} INFO - [2025-03-01T01:14:50.975+0000] {dagbag.py:588} INFO - Filling up the DagBag from /home/airflow/.local/lib/python3.12/site-packages/airflow/example_dags/example_latest_only_with_trigger.py
[2025-03-01T01:14:50.984+0000] {processor.py:925} INFO - DAG(s) 'latest_only_with_trigger' retrieved from /home/airflow/.local/lib/python3.12/site-packages/airflow/example_dags/example_latest_only_with_trigger.py
[2025-03-01T01:14:51.000+0000] {logging_mixin.py:190} INFO - [2025-03-01T01:14:51.000+0000] {dag.py:3239} INFO - Sync 1 DAGs
[2025-03-01T01:14:51.017+0000] {logging_mixin.py:190} INFO - [2025-03-01T01:14:51.017+0000] {dag.py:4180} INFO - Setting next_dagrun for latest_only_with_trigger to 2025-02-28 20:00:00+00:00, run_after=2025-03-01 00:00:00+00:00
[2025-03-01T01:14:51.029+0000] {processor.py:208} INFO - Processing /home/airflow/.local/lib/python3.12/site-packages/airflow/example_dags/example_latest_only_with_trigger.py took 0.060 seconds
[2025-03-01T01:15:21.347+0000] {processor.py:186} INFO - Started process (PID=1872) to work on /home/airflow/.local/lib/python3.12/site-packages/airflow/example_dags/example_latest_only_with_trigger.py
[2025-03-01T01:15:21.347+0000] {processor.py:914} INFO - Processing file /home/airflow/.local/lib/python3.12/site-packages/airflow/example_dags/example_latest_only_with_trigger.py for tasks to queue
[2025-03-01T01:15:21.348+0000] {logging_mixin.py:190} INFO - [2025-03-01T01:15:21.348+0000] {dagbag.py:588} INFO - Filling up the DagBag from /home/airflow/.local/lib/python3.12/site-packages/airflow/example_dags/example_latest_only_with_trigger.py
[2025-03-01T01:15:21.355+0000] {processor.py:925} INFO - DAG(s) 'latest_only_with_trigger' retrieved from /home/airflow/.local/lib/python3.12/site-packages/airflow/example_dags/example_latest_only_with_trigger.py
[2025-03-01T01:15:21.370+0000] {logging_mixin.py:190} INFO - [2025-03-01T01:15:21.370+0000] {dag.py:3239} INFO - Sync 1 DAGs
[2025-03-01T01:15:21.387+0000] {logging_mixin.py:190} INFO - [2025-03-01T01:15:21.387+0000] {dag.py:4180} INFO - Setting next_dagrun for latest_only_with_trigger to 2025-02-28 20:00:00+00:00, run_after=2025-03-01 00:00:00+00:00
[2025-03-01T01:15:21.399+0000] {processor.py:208} INFO - Processing /home/airflow/.local/lib/python3.12/site-packages/airflow/example_dags/example_latest_only_with_trigger.py took 0.057 seconds
[2025-03-01T01:15:51.827+0000] {processor.py:186} INFO - Started process (PID=1939) to work on /home/airflow/.local/lib/python3.12/site-packages/airflow/example_dags/example_latest_only_with_trigger.py
[2025-03-01T01:15:51.828+0000] {processor.py:914} INFO - Processing file /home/airflow/.local/lib/python3.12/site-packages/airflow/example_dags/example_latest_only_with_trigger.py for tasks to queue
[2025-03-01T01:15:51.829+0000] {logging_mixin.py:190} INFO - [2025-03-01T01:15:51.828+0000] {dagbag.py:588} INFO - Filling up the DagBag from /home/airflow/.local/lib/python3.12/site-packages/airflow/example_dags/example_latest_only_with_trigger.py
[2025-03-01T01:15:51.835+0000] {processor.py:925} INFO - DAG(s) 'latest_only_with_trigger' retrieved from /home/airflow/.local/lib/python3.12/site-packages/airflow/example_dags/example_latest_only_with_trigger.py
[2025-03-01T01:15:51.850+0000] {logging_mixin.py:190} INFO - [2025-03-01T01:15:51.850+0000] {dag.py:3239} INFO - Sync 1 DAGs
[2025-03-01T01:15:51.868+0000] {logging_mixin.py:190} INFO - [2025-03-01T01:15:51.868+0000] {dag.py:4180} INFO - Setting next_dagrun for latest_only_with_trigger to 2025-02-28 20:00:00+00:00, run_after=2025-03-01 00:00:00+00:00
[2025-03-01T01:15:51.880+0000] {processor.py:208} INFO - Processing /home/airflow/.local/lib/python3.12/site-packages/airflow/example_dags/example_latest_only_with_trigger.py took 0.057 seconds
[2025-03-01T01:16:22.571+0000] {processor.py:186} INFO - Started process (PID=2003) to work on /home/airflow/.local/lib/python3.12/site-packages/airflow/example_dags/example_latest_only_with_trigger.py
[2025-03-01T01:16:22.572+0000] {processor.py:914} INFO - Processing file /home/airflow/.local/lib/python3.12/site-packages/airflow/example_dags/example_latest_only_with_trigger.py for tasks to queue
[2025-03-01T01:16:22.573+0000] {logging_mixin.py:190} INFO - [2025-03-01T01:16:22.573+0000] {dagbag.py:588} INFO - Filling up the DagBag from /home/airflow/.local/lib/python3.12/site-packages/airflow/example_dags/example_latest_only_with_trigger.py
[2025-03-01T01:16:22.580+0000] {processor.py:925} INFO - DAG(s) 'latest_only_with_trigger' retrieved from /home/airflow/.local/lib/python3.12/site-packages/airflow/example_dags/example_latest_only_with_trigger.py
[2025-03-01T01:16:22.595+0000] {logging_mixin.py:190} INFO - [2025-03-01T01:16:22.595+0000] {dag.py:3239} INFO - Sync 1 DAGs
[2025-03-01T01:16:22.616+0000] {logging_mixin.py:190} INFO - [2025-03-01T01:16:22.616+0000] {dag.py:4180} INFO - Setting next_dagrun for latest_only_with_trigger to 2025-02-28 20:00:00+00:00, run_after=2025-03-01 00:00:00+00:00
[2025-03-01T01:16:22.633+0000] {processor.py:208} INFO - Processing /home/airflow/.local/lib/python3.12/site-packages/airflow/example_dags/example_latest_only_with_trigger.py took 0.067 seconds
[2025-03-01T01:16:52.720+0000] {processor.py:186} INFO - Started process (PID=2067) to work on /home/airflow/.local/lib/python3.12/site-packages/airflow/example_dags/example_latest_only_with_trigger.py
[2025-03-01T01:16:52.721+0000] {processor.py:914} INFO - Processing file /home/airflow/.local/lib/python3.12/site-packages/airflow/example_dags/example_latest_only_with_trigger.py for tasks to queue
[2025-03-01T01:16:52.722+0000] {logging_mixin.py:190} INFO - [2025-03-01T01:16:52.721+0000] {dagbag.py:588} INFO - Filling up the DagBag from /home/airflow/.local/lib/python3.12/site-packages/airflow/example_dags/example_latest_only_with_trigger.py
[2025-03-01T01:16:52.730+0000] {processor.py:925} INFO - DAG(s) 'latest_only_with_trigger' retrieved from /home/airflow/.local/lib/python3.12/site-packages/airflow/example_dags/example_latest_only_with_trigger.py
[2025-03-01T01:16:52.748+0000] {logging_mixin.py:190} INFO - [2025-03-01T01:16:52.748+0000] {dag.py:3239} INFO - Sync 1 DAGs
[2025-03-01T01:16:52.766+0000] {logging_mixin.py:190} INFO - [2025-03-01T01:16:52.766+0000] {dag.py:4180} INFO - Setting next_dagrun for latest_only_with_trigger to 2025-02-28 20:00:00+00:00, run_after=2025-03-01 00:00:00+00:00
[2025-03-01T01:16:52.780+0000] {processor.py:208} INFO - Processing /home/airflow/.local/lib/python3.12/site-packages/airflow/example_dags/example_latest_only_with_trigger.py took 0.067 seconds
