[2025-03-01T01:01:11.949+0000] {processor.py:186} INFO - Started process (PID=111) to work on /home/airflow/.local/lib/python3.12/site-packages/airflow/example_dags/example_python_operator.py
[2025-03-01T01:01:11.950+0000] {processor.py:914} INFO - Processing file /home/airflow/.local/lib/python3.12/site-packages/airflow/example_dags/example_python_operator.py for tasks to queue
[2025-03-01T01:01:11.952+0000] {logging_mixin.py:190} INFO - [2025-03-01T01:01:11.951+0000] {dagbag.py:588} INFO - Filling up the DagBag from /home/airflow/.local/lib/python3.12/site-packages/airflow/example_dags/example_python_operator.py
[2025-03-01T01:01:11.963+0000] {processor.py:925} INFO - DAG(s) 'example_python_operator' retrieved from /home/airflow/.local/lib/python3.12/site-packages/airflow/example_dags/example_python_operator.py
[2025-03-01T01:01:12.055+0000] {logging_mixin.py:190} INFO - [2025-03-01T01:01:12.055+0000] {override.py:1911} INFO - Created Permission View: can edit on DAG:example_python_operator
[2025-03-01T01:01:12.062+0000] {logging_mixin.py:190} INFO - [2025-03-01T01:01:12.061+0000] {override.py:1911} INFO - Created Permission View: can read on DAG:example_python_operator
[2025-03-01T01:01:12.067+0000] {logging_mixin.py:190} INFO - [2025-03-01T01:01:12.067+0000] {override.py:1911} INFO - Created Permission View: can delete on DAG:example_python_operator
[2025-03-01T01:01:12.073+0000] {logging_mixin.py:190} INFO - [2025-03-01T01:01:12.072+0000] {override.py:1911} INFO - Created Permission View: menu access on DAG Run:example_python_operator
[2025-03-01T01:01:12.077+0000] {logging_mixin.py:190} INFO - [2025-03-01T01:01:12.077+0000] {override.py:1911} INFO - Created Permission View: can delete on DAG Run:example_python_operator
[2025-03-01T01:01:12.082+0000] {logging_mixin.py:190} INFO - [2025-03-01T01:01:12.081+0000] {override.py:1911} INFO - Created Permission View: can create on DAG Run:example_python_operator
[2025-03-01T01:01:12.086+0000] {logging_mixin.py:190} INFO - [2025-03-01T01:01:12.086+0000] {override.py:1911} INFO - Created Permission View: can read on DAG Run:example_python_operator
[2025-03-01T01:01:12.086+0000] {logging_mixin.py:190} INFO - [2025-03-01T01:01:12.086+0000] {dag.py:3239} INFO - Sync 1 DAGs
[2025-03-01T01:01:12.098+0000] {logging_mixin.py:190} INFO - [2025-03-01T01:01:12.098+0000] {dag.py:3262} INFO - Creating ORM DAG for example_python_operator
[2025-03-01T01:01:12.099+0000] {logging_mixin.py:190} INFO - [2025-03-01T01:01:12.099+0000] {dag.py:4180} INFO - Setting next_dagrun for example_python_operator to None, run_after=None
[2025-03-01T01:01:12.114+0000] {processor.py:208} INFO - Processing /home/airflow/.local/lib/python3.12/site-packages/airflow/example_dags/example_python_operator.py took 0.172 seconds
[2025-03-01T01:01:42.949+0000] {processor.py:186} INFO - Started process (PID=173) to work on /home/airflow/.local/lib/python3.12/site-packages/airflow/example_dags/example_python_operator.py
[2025-03-01T01:01:42.950+0000] {processor.py:914} INFO - Processing file /home/airflow/.local/lib/python3.12/site-packages/airflow/example_dags/example_python_operator.py for tasks to queue
[2025-03-01T01:01:42.952+0000] {logging_mixin.py:190} INFO - [2025-03-01T01:01:42.952+0000] {dagbag.py:588} INFO - Filling up the DagBag from /home/airflow/.local/lib/python3.12/site-packages/airflow/example_dags/example_python_operator.py
[2025-03-01T01:01:42.965+0000] {processor.py:925} INFO - DAG(s) 'example_python_operator' retrieved from /home/airflow/.local/lib/python3.12/site-packages/airflow/example_dags/example_python_operator.py
[2025-03-01T01:01:42.988+0000] {logging_mixin.py:190} INFO - [2025-03-01T01:01:42.988+0000] {dag.py:3239} INFO - Sync 1 DAGs
[2025-03-01T01:01:43.004+0000] {logging_mixin.py:190} INFO - [2025-03-01T01:01:43.004+0000] {dag.py:4180} INFO - Setting next_dagrun for example_python_operator to None, run_after=None
[2025-03-01T01:01:43.023+0000] {processor.py:208} INFO - Processing /home/airflow/.local/lib/python3.12/site-packages/airflow/example_dags/example_python_operator.py took 0.079 seconds
[2025-03-01T01:02:13.978+0000] {processor.py:186} INFO - Started process (PID=237) to work on /home/airflow/.local/lib/python3.12/site-packages/airflow/example_dags/example_python_operator.py
[2025-03-01T01:02:13.979+0000] {processor.py:914} INFO - Processing file /home/airflow/.local/lib/python3.12/site-packages/airflow/example_dags/example_python_operator.py for tasks to queue
[2025-03-01T01:02:13.981+0000] {logging_mixin.py:190} INFO - [2025-03-01T01:02:13.980+0000] {dagbag.py:588} INFO - Filling up the DagBag from /home/airflow/.local/lib/python3.12/site-packages/airflow/example_dags/example_python_operator.py
[2025-03-01T01:02:13.993+0000] {processor.py:925} INFO - DAG(s) 'example_python_operator' retrieved from /home/airflow/.local/lib/python3.12/site-packages/airflow/example_dags/example_python_operator.py
[2025-03-01T01:02:14.009+0000] {logging_mixin.py:190} INFO - [2025-03-01T01:02:14.009+0000] {dag.py:3239} INFO - Sync 1 DAGs
[2025-03-01T01:02:14.020+0000] {logging_mixin.py:190} INFO - [2025-03-01T01:02:14.020+0000] {dag.py:4180} INFO - Setting next_dagrun for example_python_operator to None, run_after=None
[2025-03-01T01:02:14.033+0000] {processor.py:208} INFO - Processing /home/airflow/.local/lib/python3.12/site-packages/airflow/example_dags/example_python_operator.py took 0.059 seconds
[2025-03-01T01:02:44.884+0000] {processor.py:186} INFO - Started process (PID=299) to work on /home/airflow/.local/lib/python3.12/site-packages/airflow/example_dags/example_python_operator.py
[2025-03-01T01:02:44.885+0000] {processor.py:914} INFO - Processing file /home/airflow/.local/lib/python3.12/site-packages/airflow/example_dags/example_python_operator.py for tasks to queue
[2025-03-01T01:02:44.887+0000] {logging_mixin.py:190} INFO - [2025-03-01T01:02:44.886+0000] {dagbag.py:588} INFO - Filling up the DagBag from /home/airflow/.local/lib/python3.12/site-packages/airflow/example_dags/example_python_operator.py
[2025-03-01T01:02:44.896+0000] {processor.py:925} INFO - DAG(s) 'example_python_operator' retrieved from /home/airflow/.local/lib/python3.12/site-packages/airflow/example_dags/example_python_operator.py
[2025-03-01T01:02:44.912+0000] {logging_mixin.py:190} INFO - [2025-03-01T01:02:44.912+0000] {dag.py:3239} INFO - Sync 1 DAGs
[2025-03-01T01:02:44.923+0000] {logging_mixin.py:190} INFO - [2025-03-01T01:02:44.923+0000] {dag.py:4180} INFO - Setting next_dagrun for example_python_operator to None, run_after=None
[2025-03-01T01:02:44.935+0000] {processor.py:208} INFO - Processing /home/airflow/.local/lib/python3.12/site-packages/airflow/example_dags/example_python_operator.py took 0.055 seconds
[2025-03-01T01:03:15.566+0000] {processor.py:186} INFO - Started process (PID=362) to work on /home/airflow/.local/lib/python3.12/site-packages/airflow/example_dags/example_python_operator.py
[2025-03-01T01:03:15.566+0000] {processor.py:914} INFO - Processing file /home/airflow/.local/lib/python3.12/site-packages/airflow/example_dags/example_python_operator.py for tasks to queue
[2025-03-01T01:03:15.568+0000] {logging_mixin.py:190} INFO - [2025-03-01T01:03:15.568+0000] {dagbag.py:588} INFO - Filling up the DagBag from /home/airflow/.local/lib/python3.12/site-packages/airflow/example_dags/example_python_operator.py
[2025-03-01T01:03:15.579+0000] {processor.py:925} INFO - DAG(s) 'example_python_operator' retrieved from /home/airflow/.local/lib/python3.12/site-packages/airflow/example_dags/example_python_operator.py
[2025-03-01T01:03:15.598+0000] {logging_mixin.py:190} INFO - [2025-03-01T01:03:15.598+0000] {dag.py:3239} INFO - Sync 1 DAGs
[2025-03-01T01:03:15.611+0000] {logging_mixin.py:190} INFO - [2025-03-01T01:03:15.610+0000] {dag.py:4180} INFO - Setting next_dagrun for example_python_operator to None, run_after=None
[2025-03-01T01:03:15.624+0000] {processor.py:208} INFO - Processing /home/airflow/.local/lib/python3.12/site-packages/airflow/example_dags/example_python_operator.py took 0.063 seconds
[2025-03-01T01:03:45.857+0000] {processor.py:186} INFO - Started process (PID=425) to work on /home/airflow/.local/lib/python3.12/site-packages/airflow/example_dags/example_python_operator.py
[2025-03-01T01:03:45.857+0000] {processor.py:914} INFO - Processing file /home/airflow/.local/lib/python3.12/site-packages/airflow/example_dags/example_python_operator.py for tasks to queue
[2025-03-01T01:03:45.859+0000] {logging_mixin.py:190} INFO - [2025-03-01T01:03:45.859+0000] {dagbag.py:588} INFO - Filling up the DagBag from /home/airflow/.local/lib/python3.12/site-packages/airflow/example_dags/example_python_operator.py
[2025-03-01T01:03:45.869+0000] {processor.py:925} INFO - DAG(s) 'example_python_operator' retrieved from /home/airflow/.local/lib/python3.12/site-packages/airflow/example_dags/example_python_operator.py
[2025-03-01T01:03:45.886+0000] {logging_mixin.py:190} INFO - [2025-03-01T01:03:45.886+0000] {dag.py:3239} INFO - Sync 1 DAGs
[2025-03-01T01:03:45.897+0000] {logging_mixin.py:190} INFO - [2025-03-01T01:03:45.897+0000] {dag.py:4180} INFO - Setting next_dagrun for example_python_operator to None, run_after=None
[2025-03-01T01:03:45.911+0000] {processor.py:208} INFO - Processing /home/airflow/.local/lib/python3.12/site-packages/airflow/example_dags/example_python_operator.py took 0.059 seconds
[2025-03-01T01:04:16.897+0000] {processor.py:186} INFO - Started process (PID=488) to work on /home/airflow/.local/lib/python3.12/site-packages/airflow/example_dags/example_python_operator.py
[2025-03-01T01:04:16.898+0000] {processor.py:914} INFO - Processing file /home/airflow/.local/lib/python3.12/site-packages/airflow/example_dags/example_python_operator.py for tasks to queue
[2025-03-01T01:04:16.900+0000] {logging_mixin.py:190} INFO - [2025-03-01T01:04:16.899+0000] {dagbag.py:588} INFO - Filling up the DagBag from /home/airflow/.local/lib/python3.12/site-packages/airflow/example_dags/example_python_operator.py
[2025-03-01T01:04:16.911+0000] {processor.py:925} INFO - DAG(s) 'example_python_operator' retrieved from /home/airflow/.local/lib/python3.12/site-packages/airflow/example_dags/example_python_operator.py
[2025-03-01T01:04:16.928+0000] {logging_mixin.py:190} INFO - [2025-03-01T01:04:16.928+0000] {dag.py:3239} INFO - Sync 1 DAGs
[2025-03-01T01:04:16.940+0000] {logging_mixin.py:190} INFO - [2025-03-01T01:04:16.940+0000] {dag.py:4180} INFO - Setting next_dagrun for example_python_operator to None, run_after=None
[2025-03-01T01:04:16.954+0000] {processor.py:208} INFO - Processing /home/airflow/.local/lib/python3.12/site-packages/airflow/example_dags/example_python_operator.py took 0.062 seconds
[2025-03-01T01:04:47.544+0000] {processor.py:186} INFO - Started process (PID=551) to work on /home/airflow/.local/lib/python3.12/site-packages/airflow/example_dags/example_python_operator.py
[2025-03-01T01:04:47.545+0000] {processor.py:914} INFO - Processing file /home/airflow/.local/lib/python3.12/site-packages/airflow/example_dags/example_python_operator.py for tasks to queue
[2025-03-01T01:04:47.547+0000] {logging_mixin.py:190} INFO - [2025-03-01T01:04:47.546+0000] {dagbag.py:588} INFO - Filling up the DagBag from /home/airflow/.local/lib/python3.12/site-packages/airflow/example_dags/example_python_operator.py
[2025-03-01T01:04:47.560+0000] {processor.py:925} INFO - DAG(s) 'example_python_operator' retrieved from /home/airflow/.local/lib/python3.12/site-packages/airflow/example_dags/example_python_operator.py
[2025-03-01T01:04:47.582+0000] {logging_mixin.py:190} INFO - [2025-03-01T01:04:47.582+0000] {dag.py:3239} INFO - Sync 1 DAGs
[2025-03-01T01:04:47.596+0000] {logging_mixin.py:190} INFO - [2025-03-01T01:04:47.596+0000] {dag.py:4180} INFO - Setting next_dagrun for example_python_operator to None, run_after=None
[2025-03-01T01:04:47.612+0000] {processor.py:208} INFO - Processing /home/airflow/.local/lib/python3.12/site-packages/airflow/example_dags/example_python_operator.py took 0.074 seconds
[2025-03-01T01:05:18.612+0000] {processor.py:186} INFO - Started process (PID=614) to work on /home/airflow/.local/lib/python3.12/site-packages/airflow/example_dags/example_python_operator.py
[2025-03-01T01:05:18.612+0000] {processor.py:914} INFO - Processing file /home/airflow/.local/lib/python3.12/site-packages/airflow/example_dags/example_python_operator.py for tasks to queue
[2025-03-01T01:05:18.614+0000] {logging_mixin.py:190} INFO - [2025-03-01T01:05:18.614+0000] {dagbag.py:588} INFO - Filling up the DagBag from /home/airflow/.local/lib/python3.12/site-packages/airflow/example_dags/example_python_operator.py
[2025-03-01T01:05:18.627+0000] {processor.py:925} INFO - DAG(s) 'example_python_operator' retrieved from /home/airflow/.local/lib/python3.12/site-packages/airflow/example_dags/example_python_operator.py
[2025-03-01T01:05:18.650+0000] {logging_mixin.py:190} INFO - [2025-03-01T01:05:18.650+0000] {dag.py:3239} INFO - Sync 1 DAGs
[2025-03-01T01:05:18.663+0000] {logging_mixin.py:190} INFO - [2025-03-01T01:05:18.663+0000] {dag.py:4180} INFO - Setting next_dagrun for example_python_operator to None, run_after=None
[2025-03-01T01:05:18.676+0000] {processor.py:208} INFO - Processing /home/airflow/.local/lib/python3.12/site-packages/airflow/example_dags/example_python_operator.py took 0.068 seconds
[2025-03-01T01:05:49.951+0000] {processor.py:186} INFO - Started process (PID=677) to work on /home/airflow/.local/lib/python3.12/site-packages/airflow/example_dags/example_python_operator.py
[2025-03-01T01:05:49.952+0000] {processor.py:914} INFO - Processing file /home/airflow/.local/lib/python3.12/site-packages/airflow/example_dags/example_python_operator.py for tasks to queue
[2025-03-01T01:05:49.954+0000] {logging_mixin.py:190} INFO - [2025-03-01T01:05:49.953+0000] {dagbag.py:588} INFO - Filling up the DagBag from /home/airflow/.local/lib/python3.12/site-packages/airflow/example_dags/example_python_operator.py
[2025-03-01T01:05:49.965+0000] {processor.py:925} INFO - DAG(s) 'example_python_operator' retrieved from /home/airflow/.local/lib/python3.12/site-packages/airflow/example_dags/example_python_operator.py
[2025-03-01T01:05:49.985+0000] {logging_mixin.py:190} INFO - [2025-03-01T01:05:49.985+0000] {dag.py:3239} INFO - Sync 1 DAGs
[2025-03-01T01:05:49.996+0000] {logging_mixin.py:190} INFO - [2025-03-01T01:05:49.996+0000] {dag.py:4180} INFO - Setting next_dagrun for example_python_operator to None, run_after=None
[2025-03-01T01:05:50.009+0000] {processor.py:208} INFO - Processing /home/airflow/.local/lib/python3.12/site-packages/airflow/example_dags/example_python_operator.py took 0.065 seconds
[2025-03-01T01:06:21.344+0000] {processor.py:186} INFO - Started process (PID=740) to work on /home/airflow/.local/lib/python3.12/site-packages/airflow/example_dags/example_python_operator.py
[2025-03-01T01:06:21.345+0000] {processor.py:914} INFO - Processing file /home/airflow/.local/lib/python3.12/site-packages/airflow/example_dags/example_python_operator.py for tasks to queue
[2025-03-01T01:06:21.346+0000] {logging_mixin.py:190} INFO - [2025-03-01T01:06:21.346+0000] {dagbag.py:588} INFO - Filling up the DagBag from /home/airflow/.local/lib/python3.12/site-packages/airflow/example_dags/example_python_operator.py
[2025-03-01T01:06:21.356+0000] {processor.py:925} INFO - DAG(s) 'example_python_operator' retrieved from /home/airflow/.local/lib/python3.12/site-packages/airflow/example_dags/example_python_operator.py
[2025-03-01T01:06:21.373+0000] {logging_mixin.py:190} INFO - [2025-03-01T01:06:21.373+0000] {dag.py:3239} INFO - Sync 1 DAGs
[2025-03-01T01:06:21.384+0000] {logging_mixin.py:190} INFO - [2025-03-01T01:06:21.383+0000] {dag.py:4180} INFO - Setting next_dagrun for example_python_operator to None, run_after=None
[2025-03-01T01:06:21.397+0000] {processor.py:208} INFO - Processing /home/airflow/.local/lib/python3.12/site-packages/airflow/example_dags/example_python_operator.py took 0.057 seconds
[2025-03-01T01:06:52.841+0000] {processor.py:186} INFO - Started process (PID=803) to work on /home/airflow/.local/lib/python3.12/site-packages/airflow/example_dags/example_python_operator.py
[2025-03-01T01:06:52.841+0000] {processor.py:914} INFO - Processing file /home/airflow/.local/lib/python3.12/site-packages/airflow/example_dags/example_python_operator.py for tasks to queue
[2025-03-01T01:06:52.843+0000] {logging_mixin.py:190} INFO - [2025-03-01T01:06:52.843+0000] {dagbag.py:588} INFO - Filling up the DagBag from /home/airflow/.local/lib/python3.12/site-packages/airflow/example_dags/example_python_operator.py
[2025-03-01T01:06:52.854+0000] {processor.py:925} INFO - DAG(s) 'example_python_operator' retrieved from /home/airflow/.local/lib/python3.12/site-packages/airflow/example_dags/example_python_operator.py
[2025-03-01T01:06:52.870+0000] {logging_mixin.py:190} INFO - [2025-03-01T01:06:52.870+0000] {dag.py:3239} INFO - Sync 1 DAGs
[2025-03-01T01:06:52.881+0000] {logging_mixin.py:190} INFO - [2025-03-01T01:06:52.881+0000] {dag.py:4180} INFO - Setting next_dagrun for example_python_operator to None, run_after=None
[2025-03-01T01:06:52.893+0000] {processor.py:208} INFO - Processing /home/airflow/.local/lib/python3.12/site-packages/airflow/example_dags/example_python_operator.py took 0.057 seconds
[2025-03-01T01:07:24.003+0000] {processor.py:186} INFO - Started process (PID=866) to work on /home/airflow/.local/lib/python3.12/site-packages/airflow/example_dags/example_python_operator.py
[2025-03-01T01:07:24.003+0000] {processor.py:914} INFO - Processing file /home/airflow/.local/lib/python3.12/site-packages/airflow/example_dags/example_python_operator.py for tasks to queue
[2025-03-01T01:07:24.005+0000] {logging_mixin.py:190} INFO - [2025-03-01T01:07:24.005+0000] {dagbag.py:588} INFO - Filling up the DagBag from /home/airflow/.local/lib/python3.12/site-packages/airflow/example_dags/example_python_operator.py
[2025-03-01T01:07:24.016+0000] {processor.py:925} INFO - DAG(s) 'example_python_operator' retrieved from /home/airflow/.local/lib/python3.12/site-packages/airflow/example_dags/example_python_operator.py
[2025-03-01T01:07:24.033+0000] {logging_mixin.py:190} INFO - [2025-03-01T01:07:24.033+0000] {dag.py:3239} INFO - Sync 1 DAGs
[2025-03-01T01:07:24.045+0000] {logging_mixin.py:190} INFO - [2025-03-01T01:07:24.045+0000] {dag.py:4180} INFO - Setting next_dagrun for example_python_operator to None, run_after=None
[2025-03-01T01:07:24.057+0000] {processor.py:208} INFO - Processing /home/airflow/.local/lib/python3.12/site-packages/airflow/example_dags/example_python_operator.py took 0.059 seconds
[2025-03-01T01:07:55.247+0000] {processor.py:186} INFO - Started process (PID=929) to work on /home/airflow/.local/lib/python3.12/site-packages/airflow/example_dags/example_python_operator.py
[2025-03-01T01:07:55.248+0000] {processor.py:914} INFO - Processing file /home/airflow/.local/lib/python3.12/site-packages/airflow/example_dags/example_python_operator.py for tasks to queue
[2025-03-01T01:07:55.249+0000] {logging_mixin.py:190} INFO - [2025-03-01T01:07:55.249+0000] {dagbag.py:588} INFO - Filling up the DagBag from /home/airflow/.local/lib/python3.12/site-packages/airflow/example_dags/example_python_operator.py
[2025-03-01T01:07:55.260+0000] {processor.py:925} INFO - DAG(s) 'example_python_operator' retrieved from /home/airflow/.local/lib/python3.12/site-packages/airflow/example_dags/example_python_operator.py
[2025-03-01T01:07:55.276+0000] {logging_mixin.py:190} INFO - [2025-03-01T01:07:55.276+0000] {dag.py:3239} INFO - Sync 1 DAGs
[2025-03-01T01:07:55.287+0000] {logging_mixin.py:190} INFO - [2025-03-01T01:07:55.287+0000] {dag.py:4180} INFO - Setting next_dagrun for example_python_operator to None, run_after=None
[2025-03-01T01:07:55.301+0000] {processor.py:208} INFO - Processing /home/airflow/.local/lib/python3.12/site-packages/airflow/example_dags/example_python_operator.py took 0.058 seconds
[2025-03-01T01:08:26.572+0000] {processor.py:186} INFO - Started process (PID=993) to work on /home/airflow/.local/lib/python3.12/site-packages/airflow/example_dags/example_python_operator.py
[2025-03-01T01:08:26.573+0000] {processor.py:914} INFO - Processing file /home/airflow/.local/lib/python3.12/site-packages/airflow/example_dags/example_python_operator.py for tasks to queue
[2025-03-01T01:08:26.574+0000] {logging_mixin.py:190} INFO - [2025-03-01T01:08:26.574+0000] {dagbag.py:588} INFO - Filling up the DagBag from /home/airflow/.local/lib/python3.12/site-packages/airflow/example_dags/example_python_operator.py
[2025-03-01T01:08:26.585+0000] {processor.py:925} INFO - DAG(s) 'example_python_operator' retrieved from /home/airflow/.local/lib/python3.12/site-packages/airflow/example_dags/example_python_operator.py
[2025-03-01T01:08:26.604+0000] {logging_mixin.py:190} INFO - [2025-03-01T01:08:26.604+0000] {dag.py:3239} INFO - Sync 1 DAGs
[2025-03-01T01:08:26.616+0000] {logging_mixin.py:190} INFO - [2025-03-01T01:08:26.616+0000] {dag.py:4180} INFO - Setting next_dagrun for example_python_operator to None, run_after=None
[2025-03-01T01:08:26.630+0000] {processor.py:208} INFO - Processing /home/airflow/.local/lib/python3.12/site-packages/airflow/example_dags/example_python_operator.py took 0.062 seconds
[2025-03-01T01:08:57.736+0000] {processor.py:186} INFO - Started process (PID=1055) to work on /home/airflow/.local/lib/python3.12/site-packages/airflow/example_dags/example_python_operator.py
[2025-03-01T01:08:57.737+0000] {processor.py:914} INFO - Processing file /home/airflow/.local/lib/python3.12/site-packages/airflow/example_dags/example_python_operator.py for tasks to queue
[2025-03-01T01:08:57.738+0000] {logging_mixin.py:190} INFO - [2025-03-01T01:08:57.738+0000] {dagbag.py:588} INFO - Filling up the DagBag from /home/airflow/.local/lib/python3.12/site-packages/airflow/example_dags/example_python_operator.py
[2025-03-01T01:08:57.749+0000] {processor.py:925} INFO - DAG(s) 'example_python_operator' retrieved from /home/airflow/.local/lib/python3.12/site-packages/airflow/example_dags/example_python_operator.py
[2025-03-01T01:08:57.768+0000] {logging_mixin.py:190} INFO - [2025-03-01T01:08:57.767+0000] {dag.py:3239} INFO - Sync 1 DAGs
[2025-03-01T01:08:57.780+0000] {logging_mixin.py:190} INFO - [2025-03-01T01:08:57.779+0000] {dag.py:4180} INFO - Setting next_dagrun for example_python_operator to None, run_after=None
[2025-03-01T01:08:57.793+0000] {processor.py:208} INFO - Processing /home/airflow/.local/lib/python3.12/site-packages/airflow/example_dags/example_python_operator.py took 0.062 seconds
[2025-03-01T01:09:29.138+0000] {processor.py:186} INFO - Started process (PID=1118) to work on /home/airflow/.local/lib/python3.12/site-packages/airflow/example_dags/example_python_operator.py
[2025-03-01T01:09:29.138+0000] {processor.py:914} INFO - Processing file /home/airflow/.local/lib/python3.12/site-packages/airflow/example_dags/example_python_operator.py for tasks to queue
[2025-03-01T01:09:29.140+0000] {logging_mixin.py:190} INFO - [2025-03-01T01:09:29.140+0000] {dagbag.py:588} INFO - Filling up the DagBag from /home/airflow/.local/lib/python3.12/site-packages/airflow/example_dags/example_python_operator.py
[2025-03-01T01:09:29.149+0000] {processor.py:925} INFO - DAG(s) 'example_python_operator' retrieved from /home/airflow/.local/lib/python3.12/site-packages/airflow/example_dags/example_python_operator.py
[2025-03-01T01:09:29.166+0000] {logging_mixin.py:190} INFO - [2025-03-01T01:09:29.166+0000] {dag.py:3239} INFO - Sync 1 DAGs
[2025-03-01T01:09:29.177+0000] {logging_mixin.py:190} INFO - [2025-03-01T01:09:29.176+0000] {dag.py:4180} INFO - Setting next_dagrun for example_python_operator to None, run_after=None
[2025-03-01T01:09:29.189+0000] {processor.py:208} INFO - Processing /home/airflow/.local/lib/python3.12/site-packages/airflow/example_dags/example_python_operator.py took 0.056 seconds
[2025-03-01T01:10:00.406+0000] {processor.py:186} INFO - Started process (PID=1181) to work on /home/airflow/.local/lib/python3.12/site-packages/airflow/example_dags/example_python_operator.py
[2025-03-01T01:10:00.406+0000] {processor.py:914} INFO - Processing file /home/airflow/.local/lib/python3.12/site-packages/airflow/example_dags/example_python_operator.py for tasks to queue
[2025-03-01T01:10:00.408+0000] {logging_mixin.py:190} INFO - [2025-03-01T01:10:00.408+0000] {dagbag.py:588} INFO - Filling up the DagBag from /home/airflow/.local/lib/python3.12/site-packages/airflow/example_dags/example_python_operator.py
[2025-03-01T01:10:00.418+0000] {processor.py:925} INFO - DAG(s) 'example_python_operator' retrieved from /home/airflow/.local/lib/python3.12/site-packages/airflow/example_dags/example_python_operator.py
[2025-03-01T01:10:00.438+0000] {logging_mixin.py:190} INFO - [2025-03-01T01:10:00.438+0000] {dag.py:3239} INFO - Sync 1 DAGs
[2025-03-01T01:10:00.450+0000] {logging_mixin.py:190} INFO - [2025-03-01T01:10:00.450+0000] {dag.py:4180} INFO - Setting next_dagrun for example_python_operator to None, run_after=None
[2025-03-01T01:10:00.463+0000] {processor.py:208} INFO - Processing /home/airflow/.local/lib/python3.12/site-packages/airflow/example_dags/example_python_operator.py took 0.062 seconds
[2025-03-01T01:10:31.775+0000] {processor.py:186} INFO - Started process (PID=1244) to work on /home/airflow/.local/lib/python3.12/site-packages/airflow/example_dags/example_python_operator.py
[2025-03-01T01:10:31.775+0000] {processor.py:914} INFO - Processing file /home/airflow/.local/lib/python3.12/site-packages/airflow/example_dags/example_python_operator.py for tasks to queue
[2025-03-01T01:10:31.778+0000] {logging_mixin.py:190} INFO - [2025-03-01T01:10:31.777+0000] {dagbag.py:588} INFO - Filling up the DagBag from /home/airflow/.local/lib/python3.12/site-packages/airflow/example_dags/example_python_operator.py
[2025-03-01T01:10:31.791+0000] {processor.py:925} INFO - DAG(s) 'example_python_operator' retrieved from /home/airflow/.local/lib/python3.12/site-packages/airflow/example_dags/example_python_operator.py
[2025-03-01T01:10:31.814+0000] {logging_mixin.py:190} INFO - [2025-03-01T01:10:31.814+0000] {dag.py:3239} INFO - Sync 1 DAGs
[2025-03-01T01:10:31.827+0000] {logging_mixin.py:190} INFO - [2025-03-01T01:10:31.827+0000] {dag.py:4180} INFO - Setting next_dagrun for example_python_operator to None, run_after=None
[2025-03-01T01:10:31.841+0000] {processor.py:208} INFO - Processing /home/airflow/.local/lib/python3.12/site-packages/airflow/example_dags/example_python_operator.py took 0.072 seconds
[2025-03-01T01:11:03.404+0000] {processor.py:186} INFO - Started process (PID=1308) to work on /home/airflow/.local/lib/python3.12/site-packages/airflow/example_dags/example_python_operator.py
[2025-03-01T01:11:03.404+0000] {processor.py:914} INFO - Processing file /home/airflow/.local/lib/python3.12/site-packages/airflow/example_dags/example_python_operator.py for tasks to queue
[2025-03-01T01:11:03.405+0000] {logging_mixin.py:190} INFO - [2025-03-01T01:11:03.405+0000] {dagbag.py:588} INFO - Filling up the DagBag from /home/airflow/.local/lib/python3.12/site-packages/airflow/example_dags/example_python_operator.py
[2025-03-01T01:11:03.415+0000] {processor.py:925} INFO - DAG(s) 'example_python_operator' retrieved from /home/airflow/.local/lib/python3.12/site-packages/airflow/example_dags/example_python_operator.py
[2025-03-01T01:11:03.432+0000] {logging_mixin.py:190} INFO - [2025-03-01T01:11:03.431+0000] {dag.py:3239} INFO - Sync 1 DAGs
[2025-03-01T01:11:03.444+0000] {logging_mixin.py:190} INFO - [2025-03-01T01:11:03.444+0000] {dag.py:4180} INFO - Setting next_dagrun for example_python_operator to None, run_after=None
[2025-03-01T01:11:03.457+0000] {processor.py:208} INFO - Processing /home/airflow/.local/lib/python3.12/site-packages/airflow/example_dags/example_python_operator.py took 0.058 seconds
[2025-03-01T01:11:34.806+0000] {processor.py:186} INFO - Started process (PID=1378) to work on /home/airflow/.local/lib/python3.12/site-packages/airflow/example_dags/example_python_operator.py
[2025-03-01T01:11:34.807+0000] {processor.py:914} INFO - Processing file /home/airflow/.local/lib/python3.12/site-packages/airflow/example_dags/example_python_operator.py for tasks to queue
[2025-03-01T01:11:34.808+0000] {logging_mixin.py:190} INFO - [2025-03-01T01:11:34.808+0000] {dagbag.py:588} INFO - Filling up the DagBag from /home/airflow/.local/lib/python3.12/site-packages/airflow/example_dags/example_python_operator.py
[2025-03-01T01:11:34.817+0000] {processor.py:925} INFO - DAG(s) 'example_python_operator' retrieved from /home/airflow/.local/lib/python3.12/site-packages/airflow/example_dags/example_python_operator.py
[2025-03-01T01:11:34.834+0000] {logging_mixin.py:190} INFO - [2025-03-01T01:11:34.834+0000] {dag.py:3239} INFO - Sync 1 DAGs
[2025-03-01T01:11:34.846+0000] {logging_mixin.py:190} INFO - [2025-03-01T01:11:34.845+0000] {dag.py:4180} INFO - Setting next_dagrun for example_python_operator to None, run_after=None
[2025-03-01T01:11:34.858+0000] {processor.py:208} INFO - Processing /home/airflow/.local/lib/python3.12/site-packages/airflow/example_dags/example_python_operator.py took 0.056 seconds
[2025-03-01T01:12:06.047+0000] {processor.py:186} INFO - Started process (PID=1442) to work on /home/airflow/.local/lib/python3.12/site-packages/airflow/example_dags/example_python_operator.py
[2025-03-01T01:12:06.047+0000] {processor.py:914} INFO - Processing file /home/airflow/.local/lib/python3.12/site-packages/airflow/example_dags/example_python_operator.py for tasks to queue
[2025-03-01T01:12:06.048+0000] {logging_mixin.py:190} INFO - [2025-03-01T01:12:06.048+0000] {dagbag.py:588} INFO - Filling up the DagBag from /home/airflow/.local/lib/python3.12/site-packages/airflow/example_dags/example_python_operator.py
[2025-03-01T01:12:06.060+0000] {processor.py:925} INFO - DAG(s) 'example_python_operator' retrieved from /home/airflow/.local/lib/python3.12/site-packages/airflow/example_dags/example_python_operator.py
[2025-03-01T01:12:06.077+0000] {logging_mixin.py:190} INFO - [2025-03-01T01:12:06.077+0000] {dag.py:3239} INFO - Sync 1 DAGs
[2025-03-01T01:12:06.088+0000] {logging_mixin.py:190} INFO - [2025-03-01T01:12:06.088+0000] {dag.py:4180} INFO - Setting next_dagrun for example_python_operator to None, run_after=None
[2025-03-01T01:12:06.101+0000] {processor.py:208} INFO - Processing /home/airflow/.local/lib/python3.12/site-packages/airflow/example_dags/example_python_operator.py took 0.060 seconds
[2025-03-01T01:12:37.367+0000] {processor.py:186} INFO - Started process (PID=1506) to work on /home/airflow/.local/lib/python3.12/site-packages/airflow/example_dags/example_python_operator.py
[2025-03-01T01:12:37.368+0000] {processor.py:914} INFO - Processing file /home/airflow/.local/lib/python3.12/site-packages/airflow/example_dags/example_python_operator.py for tasks to queue
[2025-03-01T01:12:37.369+0000] {logging_mixin.py:190} INFO - [2025-03-01T01:12:37.369+0000] {dagbag.py:588} INFO - Filling up the DagBag from /home/airflow/.local/lib/python3.12/site-packages/airflow/example_dags/example_python_operator.py
[2025-03-01T01:12:37.382+0000] {processor.py:925} INFO - DAG(s) 'example_python_operator' retrieved from /home/airflow/.local/lib/python3.12/site-packages/airflow/example_dags/example_python_operator.py
[2025-03-01T01:12:37.402+0000] {logging_mixin.py:190} INFO - [2025-03-01T01:12:37.401+0000] {dag.py:3239} INFO - Sync 1 DAGs
[2025-03-01T01:12:37.414+0000] {logging_mixin.py:190} INFO - [2025-03-01T01:12:37.414+0000] {dag.py:4180} INFO - Setting next_dagrun for example_python_operator to None, run_after=None
[2025-03-01T01:12:37.429+0000] {processor.py:208} INFO - Processing /home/airflow/.local/lib/python3.12/site-packages/airflow/example_dags/example_python_operator.py took 0.067 seconds
[2025-03-01T01:13:08.563+0000] {processor.py:186} INFO - Started process (PID=1570) to work on /home/airflow/.local/lib/python3.12/site-packages/airflow/example_dags/example_python_operator.py
[2025-03-01T01:13:08.564+0000] {processor.py:914} INFO - Processing file /home/airflow/.local/lib/python3.12/site-packages/airflow/example_dags/example_python_operator.py for tasks to queue
[2025-03-01T01:13:08.565+0000] {logging_mixin.py:190} INFO - [2025-03-01T01:13:08.565+0000] {dagbag.py:588} INFO - Filling up the DagBag from /home/airflow/.local/lib/python3.12/site-packages/airflow/example_dags/example_python_operator.py
[2025-03-01T01:13:08.574+0000] {processor.py:925} INFO - DAG(s) 'example_python_operator' retrieved from /home/airflow/.local/lib/python3.12/site-packages/airflow/example_dags/example_python_operator.py
[2025-03-01T01:13:08.592+0000] {logging_mixin.py:190} INFO - [2025-03-01T01:13:08.591+0000] {dag.py:3239} INFO - Sync 1 DAGs
[2025-03-01T01:13:08.603+0000] {logging_mixin.py:190} INFO - [2025-03-01T01:13:08.602+0000] {dag.py:4180} INFO - Setting next_dagrun for example_python_operator to None, run_after=None
[2025-03-01T01:13:08.615+0000] {processor.py:208} INFO - Processing /home/airflow/.local/lib/python3.12/site-packages/airflow/example_dags/example_python_operator.py took 0.056 seconds
[2025-03-01T01:13:39.769+0000] {processor.py:186} INFO - Started process (PID=1634) to work on /home/airflow/.local/lib/python3.12/site-packages/airflow/example_dags/example_python_operator.py
[2025-03-01T01:13:39.769+0000] {processor.py:914} INFO - Processing file /home/airflow/.local/lib/python3.12/site-packages/airflow/example_dags/example_python_operator.py for tasks to queue
[2025-03-01T01:13:39.770+0000] {logging_mixin.py:190} INFO - [2025-03-01T01:13:39.770+0000] {dagbag.py:588} INFO - Filling up the DagBag from /home/airflow/.local/lib/python3.12/site-packages/airflow/example_dags/example_python_operator.py
[2025-03-01T01:13:39.782+0000] {processor.py:925} INFO - DAG(s) 'example_python_operator' retrieved from /home/airflow/.local/lib/python3.12/site-packages/airflow/example_dags/example_python_operator.py
[2025-03-01T01:13:39.798+0000] {logging_mixin.py:190} INFO - [2025-03-01T01:13:39.798+0000] {dag.py:3239} INFO - Sync 1 DAGs
[2025-03-01T01:13:39.810+0000] {logging_mixin.py:190} INFO - [2025-03-01T01:13:39.810+0000] {dag.py:4180} INFO - Setting next_dagrun for example_python_operator to None, run_after=None
[2025-03-01T01:13:39.823+0000] {processor.py:208} INFO - Processing /home/airflow/.local/lib/python3.12/site-packages/airflow/example_dags/example_python_operator.py took 0.061 seconds
[2025-03-01T01:14:11.042+0000] {processor.py:186} INFO - Started process (PID=1698) to work on /home/airflow/.local/lib/python3.12/site-packages/airflow/example_dags/example_python_operator.py
[2025-03-01T01:14:11.042+0000] {processor.py:914} INFO - Processing file /home/airflow/.local/lib/python3.12/site-packages/airflow/example_dags/example_python_operator.py for tasks to queue
[2025-03-01T01:14:11.043+0000] {logging_mixin.py:190} INFO - [2025-03-01T01:14:11.043+0000] {dagbag.py:588} INFO - Filling up the DagBag from /home/airflow/.local/lib/python3.12/site-packages/airflow/example_dags/example_python_operator.py
[2025-03-01T01:14:11.052+0000] {processor.py:925} INFO - DAG(s) 'example_python_operator' retrieved from /home/airflow/.local/lib/python3.12/site-packages/airflow/example_dags/example_python_operator.py
[2025-03-01T01:14:11.073+0000] {logging_mixin.py:190} INFO - [2025-03-01T01:14:11.072+0000] {dag.py:3239} INFO - Sync 1 DAGs
[2025-03-01T01:14:11.088+0000] {logging_mixin.py:190} INFO - [2025-03-01T01:14:11.087+0000] {dag.py:4180} INFO - Setting next_dagrun for example_python_operator to None, run_after=None
[2025-03-01T01:14:11.103+0000] {processor.py:208} INFO - Processing /home/airflow/.local/lib/python3.12/site-packages/airflow/example_dags/example_python_operator.py took 0.065 seconds
[2025-03-01T01:14:42.384+0000] {processor.py:186} INFO - Started process (PID=1762) to work on /home/airflow/.local/lib/python3.12/site-packages/airflow/example_dags/example_python_operator.py
[2025-03-01T01:14:42.385+0000] {processor.py:914} INFO - Processing file /home/airflow/.local/lib/python3.12/site-packages/airflow/example_dags/example_python_operator.py for tasks to queue
[2025-03-01T01:14:42.386+0000] {logging_mixin.py:190} INFO - [2025-03-01T01:14:42.385+0000] {dagbag.py:588} INFO - Filling up the DagBag from /home/airflow/.local/lib/python3.12/site-packages/airflow/example_dags/example_python_operator.py
[2025-03-01T01:14:42.396+0000] {processor.py:925} INFO - DAG(s) 'example_python_operator' retrieved from /home/airflow/.local/lib/python3.12/site-packages/airflow/example_dags/example_python_operator.py
[2025-03-01T01:14:42.416+0000] {logging_mixin.py:190} INFO - [2025-03-01T01:14:42.416+0000] {dag.py:3239} INFO - Sync 1 DAGs
[2025-03-01T01:14:42.435+0000] {logging_mixin.py:190} INFO - [2025-03-01T01:14:42.435+0000] {dag.py:4180} INFO - Setting next_dagrun for example_python_operator to None, run_after=None
[2025-03-01T01:14:42.452+0000] {processor.py:208} INFO - Processing /home/airflow/.local/lib/python3.12/site-packages/airflow/example_dags/example_python_operator.py took 0.072 seconds
[2025-03-01T01:15:13.680+0000] {processor.py:186} INFO - Started process (PID=1826) to work on /home/airflow/.local/lib/python3.12/site-packages/airflow/example_dags/example_python_operator.py
[2025-03-01T01:15:13.680+0000] {processor.py:914} INFO - Processing file /home/airflow/.local/lib/python3.12/site-packages/airflow/example_dags/example_python_operator.py for tasks to queue
[2025-03-01T01:15:13.681+0000] {logging_mixin.py:190} INFO - [2025-03-01T01:15:13.681+0000] {dagbag.py:588} INFO - Filling up the DagBag from /home/airflow/.local/lib/python3.12/site-packages/airflow/example_dags/example_python_operator.py
[2025-03-01T01:15:13.692+0000] {processor.py:925} INFO - DAG(s) 'example_python_operator' retrieved from /home/airflow/.local/lib/python3.12/site-packages/airflow/example_dags/example_python_operator.py
[2025-03-01T01:15:13.714+0000] {logging_mixin.py:190} INFO - [2025-03-01T01:15:13.714+0000] {dag.py:3239} INFO - Sync 1 DAGs
[2025-03-01T01:15:13.732+0000] {logging_mixin.py:190} INFO - [2025-03-01T01:15:13.731+0000] {dag.py:4180} INFO - Setting next_dagrun for example_python_operator to None, run_after=None
[2025-03-01T01:15:13.748+0000] {processor.py:208} INFO - Processing /home/airflow/.local/lib/python3.12/site-packages/airflow/example_dags/example_python_operator.py took 0.073 seconds
[2025-03-01T01:15:45.163+0000] {processor.py:186} INFO - Started process (PID=1894) to work on /home/airflow/.local/lib/python3.12/site-packages/airflow/example_dags/example_python_operator.py
[2025-03-01T01:15:45.163+0000] {processor.py:914} INFO - Processing file /home/airflow/.local/lib/python3.12/site-packages/airflow/example_dags/example_python_operator.py for tasks to queue
[2025-03-01T01:15:45.165+0000] {logging_mixin.py:190} INFO - [2025-03-01T01:15:45.164+0000] {dagbag.py:588} INFO - Filling up the DagBag from /home/airflow/.local/lib/python3.12/site-packages/airflow/example_dags/example_python_operator.py
[2025-03-01T01:15:45.177+0000] {processor.py:925} INFO - DAG(s) 'example_python_operator' retrieved from /home/airflow/.local/lib/python3.12/site-packages/airflow/example_dags/example_python_operator.py
[2025-03-01T01:15:45.200+0000] {logging_mixin.py:190} INFO - [2025-03-01T01:15:45.200+0000] {dag.py:3239} INFO - Sync 1 DAGs
[2025-03-01T01:15:45.217+0000] {logging_mixin.py:190} INFO - [2025-03-01T01:15:45.217+0000] {dag.py:4180} INFO - Setting next_dagrun for example_python_operator to None, run_after=None
[2025-03-01T01:15:45.233+0000] {processor.py:208} INFO - Processing /home/airflow/.local/lib/python3.12/site-packages/airflow/example_dags/example_python_operator.py took 0.077 seconds
[2025-03-01T01:16:15.796+0000] {processor.py:186} INFO - Started process (PID=1958) to work on /home/airflow/.local/lib/python3.12/site-packages/airflow/example_dags/example_python_operator.py
[2025-03-01T01:16:15.796+0000] {processor.py:914} INFO - Processing file /home/airflow/.local/lib/python3.12/site-packages/airflow/example_dags/example_python_operator.py for tasks to queue
[2025-03-01T01:16:15.797+0000] {logging_mixin.py:190} INFO - [2025-03-01T01:16:15.797+0000] {dagbag.py:588} INFO - Filling up the DagBag from /home/airflow/.local/lib/python3.12/site-packages/airflow/example_dags/example_python_operator.py
[2025-03-01T01:16:15.808+0000] {processor.py:925} INFO - DAG(s) 'example_python_operator' retrieved from /home/airflow/.local/lib/python3.12/site-packages/airflow/example_dags/example_python_operator.py
[2025-03-01T01:16:15.824+0000] {logging_mixin.py:190} INFO - [2025-03-01T01:16:15.824+0000] {dag.py:3239} INFO - Sync 1 DAGs
[2025-03-01T01:16:15.835+0000] {logging_mixin.py:190} INFO - [2025-03-01T01:16:15.835+0000] {dag.py:4180} INFO - Setting next_dagrun for example_python_operator to None, run_after=None
[2025-03-01T01:16:15.848+0000] {processor.py:208} INFO - Processing /home/airflow/.local/lib/python3.12/site-packages/airflow/example_dags/example_python_operator.py took 0.056 seconds
[2025-03-01T01:16:48.737+0000] {processor.py:186} INFO - Started process (PID=2036) to work on /home/airflow/.local/lib/python3.12/site-packages/airflow/example_dags/example_python_operator.py
[2025-03-01T01:16:48.737+0000] {processor.py:914} INFO - Processing file /home/airflow/.local/lib/python3.12/site-packages/airflow/example_dags/example_python_operator.py for tasks to queue
[2025-03-01T01:16:48.738+0000] {logging_mixin.py:190} INFO - [2025-03-01T01:16:48.738+0000] {dagbag.py:588} INFO - Filling up the DagBag from /home/airflow/.local/lib/python3.12/site-packages/airflow/example_dags/example_python_operator.py
[2025-03-01T01:16:48.748+0000] {processor.py:925} INFO - DAG(s) 'example_python_operator' retrieved from /home/airflow/.local/lib/python3.12/site-packages/airflow/example_dags/example_python_operator.py
[2025-03-01T01:16:48.770+0000] {logging_mixin.py:190} INFO - [2025-03-01T01:16:48.769+0000] {dag.py:3239} INFO - Sync 1 DAGs
[2025-03-01T01:16:48.785+0000] {logging_mixin.py:190} INFO - [2025-03-01T01:16:48.784+0000] {dag.py:4180} INFO - Setting next_dagrun for example_python_operator to None, run_after=None
[2025-03-01T01:16:48.800+0000] {processor.py:208} INFO - Processing /home/airflow/.local/lib/python3.12/site-packages/airflow/example_dags/example_python_operator.py took 0.068 seconds
