[2025-03-01T01:01:04.756+0000] {processor.py:186} INFO - Started process (PID=80) to work on /home/airflow/.local/lib/python3.12/site-packages/airflow/example_dags/tutorial_dag.py
[2025-03-01T01:01:04.763+0000] {processor.py:914} INFO - Processing file /home/airflow/.local/lib/python3.12/site-packages/airflow/example_dags/tutorial_dag.py for tasks to queue
[2025-03-01T01:01:04.766+0000] {logging_mixin.py:190} INFO - [2025-03-01T01:01:04.765+0000] {dagbag.py:588} INFO - Filling up the DagBag from /home/airflow/.local/lib/python3.12/site-packages/airflow/example_dags/tutorial_dag.py
[2025-03-01T01:01:04.775+0000] {processor.py:925} INFO - DAG(s) 'tutorial_dag' retrieved from /home/airflow/.local/lib/python3.12/site-packages/airflow/example_dags/tutorial_dag.py
[2025-03-01T01:01:04.950+0000] {logging_mixin.py:190} INFO - [2025-03-01T01:01:04.949+0000] {override.py:1911} INFO - Created Permission View: can edit on DAG:tutorial_dag
[2025-03-01T01:01:04.977+0000] {logging_mixin.py:190} INFO - [2025-03-01T01:01:04.976+0000] {override.py:1911} INFO - Created Permission View: can read on DAG:tutorial_dag
[2025-03-01T01:01:04.993+0000] {logging_mixin.py:190} INFO - [2025-03-01T01:01:04.993+0000] {override.py:1911} INFO - Created Permission View: can delete on DAG:tutorial_dag
[2025-03-01T01:01:05.003+0000] {logging_mixin.py:190} INFO - [2025-03-01T01:01:05.003+0000] {override.py:1911} INFO - Created Permission View: menu access on DAG Run:tutorial_dag
[2025-03-01T01:01:05.010+0000] {logging_mixin.py:190} INFO - [2025-03-01T01:01:05.010+0000] {override.py:1911} INFO - Created Permission View: can delete on DAG Run:tutorial_dag
[2025-03-01T01:01:05.016+0000] {logging_mixin.py:190} INFO - [2025-03-01T01:01:05.016+0000] {override.py:1911} INFO - Created Permission View: can create on DAG Run:tutorial_dag
[2025-03-01T01:01:05.022+0000] {logging_mixin.py:190} INFO - [2025-03-01T01:01:05.022+0000] {override.py:1911} INFO - Created Permission View: can read on DAG Run:tutorial_dag
[2025-03-01T01:01:05.022+0000] {logging_mixin.py:190} INFO - [2025-03-01T01:01:05.022+0000] {dag.py:3239} INFO - Sync 1 DAGs
[2025-03-01T01:01:05.037+0000] {logging_mixin.py:190} INFO - [2025-03-01T01:01:05.037+0000] {dag.py:3262} INFO - Creating ORM DAG for tutorial_dag
[2025-03-01T01:01:05.038+0000] {logging_mixin.py:190} INFO - [2025-03-01T01:01:05.038+0000] {dag.py:4180} INFO - Setting next_dagrun for tutorial_dag to None, run_after=None
[2025-03-01T01:01:05.054+0000] {processor.py:208} INFO - Processing /home/airflow/.local/lib/python3.12/site-packages/airflow/example_dags/tutorial_dag.py took 0.304 seconds
[2025-03-01T01:01:35.577+0000] {processor.py:186} INFO - Started process (PID=141) to work on /home/airflow/.local/lib/python3.12/site-packages/airflow/example_dags/tutorial_dag.py
[2025-03-01T01:01:35.577+0000] {processor.py:914} INFO - Processing file /home/airflow/.local/lib/python3.12/site-packages/airflow/example_dags/tutorial_dag.py for tasks to queue
[2025-03-01T01:01:35.579+0000] {logging_mixin.py:190} INFO - [2025-03-01T01:01:35.578+0000] {dagbag.py:588} INFO - Filling up the DagBag from /home/airflow/.local/lib/python3.12/site-packages/airflow/example_dags/tutorial_dag.py
[2025-03-01T01:01:35.585+0000] {processor.py:925} INFO - DAG(s) 'tutorial_dag' retrieved from /home/airflow/.local/lib/python3.12/site-packages/airflow/example_dags/tutorial_dag.py
[2025-03-01T01:01:35.601+0000] {logging_mixin.py:190} INFO - [2025-03-01T01:01:35.601+0000] {dag.py:3239} INFO - Sync 1 DAGs
[2025-03-01T01:01:35.612+0000] {logging_mixin.py:190} INFO - [2025-03-01T01:01:35.612+0000] {dag.py:4180} INFO - Setting next_dagrun for tutorial_dag to None, run_after=None
[2025-03-01T01:01:35.624+0000] {processor.py:208} INFO - Processing /home/airflow/.local/lib/python3.12/site-packages/airflow/example_dags/tutorial_dag.py took 0.052 seconds
[2025-03-01T01:02:06.220+0000] {processor.py:186} INFO - Started process (PID=205) to work on /home/airflow/.local/lib/python3.12/site-packages/airflow/example_dags/tutorial_dag.py
[2025-03-01T01:02:06.221+0000] {processor.py:914} INFO - Processing file /home/airflow/.local/lib/python3.12/site-packages/airflow/example_dags/tutorial_dag.py for tasks to queue
[2025-03-01T01:02:06.223+0000] {logging_mixin.py:190} INFO - [2025-03-01T01:02:06.223+0000] {dagbag.py:588} INFO - Filling up the DagBag from /home/airflow/.local/lib/python3.12/site-packages/airflow/example_dags/tutorial_dag.py
[2025-03-01T01:02:06.231+0000] {processor.py:925} INFO - DAG(s) 'tutorial_dag' retrieved from /home/airflow/.local/lib/python3.12/site-packages/airflow/example_dags/tutorial_dag.py
[2025-03-01T01:02:06.250+0000] {logging_mixin.py:190} INFO - [2025-03-01T01:02:06.250+0000] {dag.py:3239} INFO - Sync 1 DAGs
[2025-03-01T01:02:06.266+0000] {logging_mixin.py:190} INFO - [2025-03-01T01:02:06.266+0000] {dag.py:4180} INFO - Setting next_dagrun for tutorial_dag to None, run_after=None
[2025-03-01T01:02:06.284+0000] {processor.py:208} INFO - Processing /home/airflow/.local/lib/python3.12/site-packages/airflow/example_dags/tutorial_dag.py took 0.069 seconds
[2025-03-01T01:02:36.470+0000] {processor.py:186} INFO - Started process (PID=267) to work on /home/airflow/.local/lib/python3.12/site-packages/airflow/example_dags/tutorial_dag.py
[2025-03-01T01:02:36.470+0000] {processor.py:914} INFO - Processing file /home/airflow/.local/lib/python3.12/site-packages/airflow/example_dags/tutorial_dag.py for tasks to queue
[2025-03-01T01:02:36.472+0000] {logging_mixin.py:190} INFO - [2025-03-01T01:02:36.472+0000] {dagbag.py:588} INFO - Filling up the DagBag from /home/airflow/.local/lib/python3.12/site-packages/airflow/example_dags/tutorial_dag.py
[2025-03-01T01:02:36.478+0000] {processor.py:925} INFO - DAG(s) 'tutorial_dag' retrieved from /home/airflow/.local/lib/python3.12/site-packages/airflow/example_dags/tutorial_dag.py
[2025-03-01T01:02:36.492+0000] {logging_mixin.py:190} INFO - [2025-03-01T01:02:36.492+0000] {dag.py:3239} INFO - Sync 1 DAGs
[2025-03-01T01:02:36.503+0000] {logging_mixin.py:190} INFO - [2025-03-01T01:02:36.503+0000] {dag.py:4180} INFO - Setting next_dagrun for tutorial_dag to None, run_after=None
[2025-03-01T01:02:36.517+0000] {processor.py:208} INFO - Processing /home/airflow/.local/lib/python3.12/site-packages/airflow/example_dags/tutorial_dag.py took 0.051 seconds
[2025-03-01T01:03:07.168+0000] {processor.py:186} INFO - Started process (PID=330) to work on /home/airflow/.local/lib/python3.12/site-packages/airflow/example_dags/tutorial_dag.py
[2025-03-01T01:03:07.169+0000] {processor.py:914} INFO - Processing file /home/airflow/.local/lib/python3.12/site-packages/airflow/example_dags/tutorial_dag.py for tasks to queue
[2025-03-01T01:03:07.171+0000] {logging_mixin.py:190} INFO - [2025-03-01T01:03:07.170+0000] {dagbag.py:588} INFO - Filling up the DagBag from /home/airflow/.local/lib/python3.12/site-packages/airflow/example_dags/tutorial_dag.py
[2025-03-01T01:03:07.177+0000] {processor.py:925} INFO - DAG(s) 'tutorial_dag' retrieved from /home/airflow/.local/lib/python3.12/site-packages/airflow/example_dags/tutorial_dag.py
[2025-03-01T01:03:07.195+0000] {logging_mixin.py:190} INFO - [2025-03-01T01:03:07.195+0000] {dag.py:3239} INFO - Sync 1 DAGs
[2025-03-01T01:03:07.209+0000] {logging_mixin.py:190} INFO - [2025-03-01T01:03:07.208+0000] {dag.py:4180} INFO - Setting next_dagrun for tutorial_dag to None, run_after=None
[2025-03-01T01:03:07.223+0000] {processor.py:208} INFO - Processing /home/airflow/.local/lib/python3.12/site-packages/airflow/example_dags/tutorial_dag.py took 0.059 seconds
[2025-03-01T01:03:37.873+0000] {processor.py:186} INFO - Started process (PID=393) to work on /home/airflow/.local/lib/python3.12/site-packages/airflow/example_dags/tutorial_dag.py
[2025-03-01T01:03:37.874+0000] {processor.py:914} INFO - Processing file /home/airflow/.local/lib/python3.12/site-packages/airflow/example_dags/tutorial_dag.py for tasks to queue
[2025-03-01T01:03:37.876+0000] {logging_mixin.py:190} INFO - [2025-03-01T01:03:37.876+0000] {dagbag.py:588} INFO - Filling up the DagBag from /home/airflow/.local/lib/python3.12/site-packages/airflow/example_dags/tutorial_dag.py
[2025-03-01T01:03:37.886+0000] {processor.py:925} INFO - DAG(s) 'tutorial_dag' retrieved from /home/airflow/.local/lib/python3.12/site-packages/airflow/example_dags/tutorial_dag.py
[2025-03-01T01:03:37.908+0000] {logging_mixin.py:190} INFO - [2025-03-01T01:03:37.908+0000] {dag.py:3239} INFO - Sync 1 DAGs
[2025-03-01T01:03:37.925+0000] {logging_mixin.py:190} INFO - [2025-03-01T01:03:37.925+0000] {dag.py:4180} INFO - Setting next_dagrun for tutorial_dag to None, run_after=None
[2025-03-01T01:03:37.943+0000] {processor.py:208} INFO - Processing /home/airflow/.local/lib/python3.12/site-packages/airflow/example_dags/tutorial_dag.py took 0.078 seconds
[2025-03-01T01:04:08.090+0000] {processor.py:186} INFO - Started process (PID=456) to work on /home/airflow/.local/lib/python3.12/site-packages/airflow/example_dags/tutorial_dag.py
[2025-03-01T01:04:08.091+0000] {processor.py:914} INFO - Processing file /home/airflow/.local/lib/python3.12/site-packages/airflow/example_dags/tutorial_dag.py for tasks to queue
[2025-03-01T01:04:08.093+0000] {logging_mixin.py:190} INFO - [2025-03-01T01:04:08.092+0000] {dagbag.py:588} INFO - Filling up the DagBag from /home/airflow/.local/lib/python3.12/site-packages/airflow/example_dags/tutorial_dag.py
[2025-03-01T01:04:08.100+0000] {processor.py:925} INFO - DAG(s) 'tutorial_dag' retrieved from /home/airflow/.local/lib/python3.12/site-packages/airflow/example_dags/tutorial_dag.py
[2025-03-01T01:04:08.121+0000] {logging_mixin.py:190} INFO - [2025-03-01T01:04:08.121+0000] {dag.py:3239} INFO - Sync 1 DAGs
[2025-03-01T01:04:08.137+0000] {logging_mixin.py:190} INFO - [2025-03-01T01:04:08.136+0000] {dag.py:4180} INFO - Setting next_dagrun for tutorial_dag to None, run_after=None
[2025-03-01T01:04:08.152+0000] {processor.py:208} INFO - Processing /home/airflow/.local/lib/python3.12/site-packages/airflow/example_dags/tutorial_dag.py took 0.068 seconds
[2025-03-01T01:04:38.643+0000] {processor.py:186} INFO - Started process (PID=519) to work on /home/airflow/.local/lib/python3.12/site-packages/airflow/example_dags/tutorial_dag.py
[2025-03-01T01:04:38.643+0000] {processor.py:914} INFO - Processing file /home/airflow/.local/lib/python3.12/site-packages/airflow/example_dags/tutorial_dag.py for tasks to queue
[2025-03-01T01:04:38.645+0000] {logging_mixin.py:190} INFO - [2025-03-01T01:04:38.645+0000] {dagbag.py:588} INFO - Filling up the DagBag from /home/airflow/.local/lib/python3.12/site-packages/airflow/example_dags/tutorial_dag.py
[2025-03-01T01:04:38.651+0000] {processor.py:925} INFO - DAG(s) 'tutorial_dag' retrieved from /home/airflow/.local/lib/python3.12/site-packages/airflow/example_dags/tutorial_dag.py
[2025-03-01T01:04:38.666+0000] {logging_mixin.py:190} INFO - [2025-03-01T01:04:38.665+0000] {dag.py:3239} INFO - Sync 1 DAGs
[2025-03-01T01:04:38.677+0000] {logging_mixin.py:190} INFO - [2025-03-01T01:04:38.677+0000] {dag.py:4180} INFO - Setting next_dagrun for tutorial_dag to None, run_after=None
[2025-03-01T01:04:38.691+0000] {processor.py:208} INFO - Processing /home/airflow/.local/lib/python3.12/site-packages/airflow/example_dags/tutorial_dag.py took 0.053 seconds
[2025-03-01T01:05:08.812+0000] {processor.py:186} INFO - Started process (PID=582) to work on /home/airflow/.local/lib/python3.12/site-packages/airflow/example_dags/tutorial_dag.py
[2025-03-01T01:05:08.813+0000] {processor.py:914} INFO - Processing file /home/airflow/.local/lib/python3.12/site-packages/airflow/example_dags/tutorial_dag.py for tasks to queue
[2025-03-01T01:05:08.814+0000] {logging_mixin.py:190} INFO - [2025-03-01T01:05:08.814+0000] {dagbag.py:588} INFO - Filling up the DagBag from /home/airflow/.local/lib/python3.12/site-packages/airflow/example_dags/tutorial_dag.py
[2025-03-01T01:05:08.820+0000] {processor.py:925} INFO - DAG(s) 'tutorial_dag' retrieved from /home/airflow/.local/lib/python3.12/site-packages/airflow/example_dags/tutorial_dag.py
[2025-03-01T01:05:08.834+0000] {logging_mixin.py:190} INFO - [2025-03-01T01:05:08.834+0000] {dag.py:3239} INFO - Sync 1 DAGs
[2025-03-01T01:05:08.845+0000] {logging_mixin.py:190} INFO - [2025-03-01T01:05:08.844+0000] {dag.py:4180} INFO - Setting next_dagrun for tutorial_dag to None, run_after=None
[2025-03-01T01:05:08.857+0000] {processor.py:208} INFO - Processing /home/airflow/.local/lib/python3.12/site-packages/airflow/example_dags/tutorial_dag.py took 0.049 seconds
[2025-03-01T01:05:39.413+0000] {processor.py:186} INFO - Started process (PID=645) to work on /home/airflow/.local/lib/python3.12/site-packages/airflow/example_dags/tutorial_dag.py
[2025-03-01T01:05:39.414+0000] {processor.py:914} INFO - Processing file /home/airflow/.local/lib/python3.12/site-packages/airflow/example_dags/tutorial_dag.py for tasks to queue
[2025-03-01T01:05:39.415+0000] {logging_mixin.py:190} INFO - [2025-03-01T01:05:39.415+0000] {dagbag.py:588} INFO - Filling up the DagBag from /home/airflow/.local/lib/python3.12/site-packages/airflow/example_dags/tutorial_dag.py
[2025-03-01T01:05:39.421+0000] {processor.py:925} INFO - DAG(s) 'tutorial_dag' retrieved from /home/airflow/.local/lib/python3.12/site-packages/airflow/example_dags/tutorial_dag.py
[2025-03-01T01:05:39.437+0000] {logging_mixin.py:190} INFO - [2025-03-01T01:05:39.437+0000] {dag.py:3239} INFO - Sync 1 DAGs
[2025-03-01T01:05:39.449+0000] {logging_mixin.py:190} INFO - [2025-03-01T01:05:39.449+0000] {dag.py:4180} INFO - Setting next_dagrun for tutorial_dag to None, run_after=None
[2025-03-01T01:05:39.463+0000] {processor.py:208} INFO - Processing /home/airflow/.local/lib/python3.12/site-packages/airflow/example_dags/tutorial_dag.py took 0.054 seconds
[2025-03-01T01:06:09.758+0000] {processor.py:186} INFO - Started process (PID=708) to work on /home/airflow/.local/lib/python3.12/site-packages/airflow/example_dags/tutorial_dag.py
[2025-03-01T01:06:09.758+0000] {processor.py:914} INFO - Processing file /home/airflow/.local/lib/python3.12/site-packages/airflow/example_dags/tutorial_dag.py for tasks to queue
[2025-03-01T01:06:09.760+0000] {logging_mixin.py:190} INFO - [2025-03-01T01:06:09.760+0000] {dagbag.py:588} INFO - Filling up the DagBag from /home/airflow/.local/lib/python3.12/site-packages/airflow/example_dags/tutorial_dag.py
[2025-03-01T01:06:09.766+0000] {processor.py:925} INFO - DAG(s) 'tutorial_dag' retrieved from /home/airflow/.local/lib/python3.12/site-packages/airflow/example_dags/tutorial_dag.py
[2025-03-01T01:06:09.780+0000] {logging_mixin.py:190} INFO - [2025-03-01T01:06:09.780+0000] {dag.py:3239} INFO - Sync 1 DAGs
[2025-03-01T01:06:09.791+0000] {logging_mixin.py:190} INFO - [2025-03-01T01:06:09.791+0000] {dag.py:4180} INFO - Setting next_dagrun for tutorial_dag to None, run_after=None
[2025-03-01T01:06:09.804+0000] {processor.py:208} INFO - Processing /home/airflow/.local/lib/python3.12/site-packages/airflow/example_dags/tutorial_dag.py took 0.051 seconds
[2025-03-01T01:06:40.205+0000] {processor.py:186} INFO - Started process (PID=771) to work on /home/airflow/.local/lib/python3.12/site-packages/airflow/example_dags/tutorial_dag.py
[2025-03-01T01:06:40.205+0000] {processor.py:914} INFO - Processing file /home/airflow/.local/lib/python3.12/site-packages/airflow/example_dags/tutorial_dag.py for tasks to queue
[2025-03-01T01:06:40.207+0000] {logging_mixin.py:190} INFO - [2025-03-01T01:06:40.207+0000] {dagbag.py:588} INFO - Filling up the DagBag from /home/airflow/.local/lib/python3.12/site-packages/airflow/example_dags/tutorial_dag.py
[2025-03-01T01:06:40.212+0000] {processor.py:925} INFO - DAG(s) 'tutorial_dag' retrieved from /home/airflow/.local/lib/python3.12/site-packages/airflow/example_dags/tutorial_dag.py
[2025-03-01T01:06:40.227+0000] {logging_mixin.py:190} INFO - [2025-03-01T01:06:40.227+0000] {dag.py:3239} INFO - Sync 1 DAGs
[2025-03-01T01:06:40.244+0000] {logging_mixin.py:190} INFO - [2025-03-01T01:06:40.244+0000] {dag.py:4180} INFO - Setting next_dagrun for tutorial_dag to None, run_after=None
[2025-03-01T01:06:40.259+0000] {processor.py:208} INFO - Processing /home/airflow/.local/lib/python3.12/site-packages/airflow/example_dags/tutorial_dag.py took 0.058 seconds
[2025-03-01T01:07:10.565+0000] {processor.py:186} INFO - Started process (PID=834) to work on /home/airflow/.local/lib/python3.12/site-packages/airflow/example_dags/tutorial_dag.py
[2025-03-01T01:07:10.566+0000] {processor.py:914} INFO - Processing file /home/airflow/.local/lib/python3.12/site-packages/airflow/example_dags/tutorial_dag.py for tasks to queue
[2025-03-01T01:07:10.568+0000] {logging_mixin.py:190} INFO - [2025-03-01T01:07:10.567+0000] {dagbag.py:588} INFO - Filling up the DagBag from /home/airflow/.local/lib/python3.12/site-packages/airflow/example_dags/tutorial_dag.py
[2025-03-01T01:07:10.573+0000] {processor.py:925} INFO - DAG(s) 'tutorial_dag' retrieved from /home/airflow/.local/lib/python3.12/site-packages/airflow/example_dags/tutorial_dag.py
[2025-03-01T01:07:10.589+0000] {logging_mixin.py:190} INFO - [2025-03-01T01:07:10.589+0000] {dag.py:3239} INFO - Sync 1 DAGs
[2025-03-01T01:07:10.604+0000] {logging_mixin.py:190} INFO - [2025-03-01T01:07:10.603+0000] {dag.py:4180} INFO - Setting next_dagrun for tutorial_dag to None, run_after=None
[2025-03-01T01:07:10.618+0000] {processor.py:208} INFO - Processing /home/airflow/.local/lib/python3.12/site-packages/airflow/example_dags/tutorial_dag.py took 0.057 seconds
[2025-03-01T01:07:40.718+0000] {processor.py:186} INFO - Started process (PID=897) to work on /home/airflow/.local/lib/python3.12/site-packages/airflow/example_dags/tutorial_dag.py
[2025-03-01T01:07:40.719+0000] {processor.py:914} INFO - Processing file /home/airflow/.local/lib/python3.12/site-packages/airflow/example_dags/tutorial_dag.py for tasks to queue
[2025-03-01T01:07:40.721+0000] {logging_mixin.py:190} INFO - [2025-03-01T01:07:40.721+0000] {dagbag.py:588} INFO - Filling up the DagBag from /home/airflow/.local/lib/python3.12/site-packages/airflow/example_dags/tutorial_dag.py
[2025-03-01T01:07:40.727+0000] {processor.py:925} INFO - DAG(s) 'tutorial_dag' retrieved from /home/airflow/.local/lib/python3.12/site-packages/airflow/example_dags/tutorial_dag.py
[2025-03-01T01:07:40.743+0000] {logging_mixin.py:190} INFO - [2025-03-01T01:07:40.743+0000] {dag.py:3239} INFO - Sync 1 DAGs
[2025-03-01T01:07:40.759+0000] {logging_mixin.py:190} INFO - [2025-03-01T01:07:40.758+0000] {dag.py:4180} INFO - Setting next_dagrun for tutorial_dag to None, run_after=None
[2025-03-01T01:07:40.774+0000] {processor.py:208} INFO - Processing /home/airflow/.local/lib/python3.12/site-packages/airflow/example_dags/tutorial_dag.py took 0.060 seconds
[2025-03-01T01:08:10.957+0000] {processor.py:186} INFO - Started process (PID=961) to work on /home/airflow/.local/lib/python3.12/site-packages/airflow/example_dags/tutorial_dag.py
[2025-03-01T01:08:10.957+0000] {processor.py:914} INFO - Processing file /home/airflow/.local/lib/python3.12/site-packages/airflow/example_dags/tutorial_dag.py for tasks to queue
[2025-03-01T01:08:10.959+0000] {logging_mixin.py:190} INFO - [2025-03-01T01:08:10.959+0000] {dagbag.py:588} INFO - Filling up the DagBag from /home/airflow/.local/lib/python3.12/site-packages/airflow/example_dags/tutorial_dag.py
[2025-03-01T01:08:10.965+0000] {processor.py:925} INFO - DAG(s) 'tutorial_dag' retrieved from /home/airflow/.local/lib/python3.12/site-packages/airflow/example_dags/tutorial_dag.py
[2025-03-01T01:08:10.982+0000] {logging_mixin.py:190} INFO - [2025-03-01T01:08:10.982+0000] {dag.py:3239} INFO - Sync 1 DAGs
[2025-03-01T01:08:10.995+0000] {logging_mixin.py:190} INFO - [2025-03-01T01:08:10.995+0000] {dag.py:4180} INFO - Setting next_dagrun for tutorial_dag to None, run_after=None
[2025-03-01T01:08:11.010+0000] {processor.py:208} INFO - Processing /home/airflow/.local/lib/python3.12/site-packages/airflow/example_dags/tutorial_dag.py took 0.058 seconds
[2025-03-01T01:08:41.246+0000] {processor.py:186} INFO - Started process (PID=1023) to work on /home/airflow/.local/lib/python3.12/site-packages/airflow/example_dags/tutorial_dag.py
[2025-03-01T01:08:41.247+0000] {processor.py:914} INFO - Processing file /home/airflow/.local/lib/python3.12/site-packages/airflow/example_dags/tutorial_dag.py for tasks to queue
[2025-03-01T01:08:41.249+0000] {logging_mixin.py:190} INFO - [2025-03-01T01:08:41.248+0000] {dagbag.py:588} INFO - Filling up the DagBag from /home/airflow/.local/lib/python3.12/site-packages/airflow/example_dags/tutorial_dag.py
[2025-03-01T01:08:41.254+0000] {processor.py:925} INFO - DAG(s) 'tutorial_dag' retrieved from /home/airflow/.local/lib/python3.12/site-packages/airflow/example_dags/tutorial_dag.py
[2025-03-01T01:08:41.269+0000] {logging_mixin.py:190} INFO - [2025-03-01T01:08:41.269+0000] {dag.py:3239} INFO - Sync 1 DAGs
[2025-03-01T01:08:41.280+0000] {logging_mixin.py:190} INFO - [2025-03-01T01:08:41.279+0000] {dag.py:4180} INFO - Setting next_dagrun for tutorial_dag to None, run_after=None
[2025-03-01T01:08:41.292+0000] {processor.py:208} INFO - Processing /home/airflow/.local/lib/python3.12/site-packages/airflow/example_dags/tutorial_dag.py took 0.050 seconds
[2025-03-01T01:09:11.536+0000] {processor.py:186} INFO - Started process (PID=1086) to work on /home/airflow/.local/lib/python3.12/site-packages/airflow/example_dags/tutorial_dag.py
[2025-03-01T01:09:11.536+0000] {processor.py:914} INFO - Processing file /home/airflow/.local/lib/python3.12/site-packages/airflow/example_dags/tutorial_dag.py for tasks to queue
[2025-03-01T01:09:11.538+0000] {logging_mixin.py:190} INFO - [2025-03-01T01:09:11.538+0000] {dagbag.py:588} INFO - Filling up the DagBag from /home/airflow/.local/lib/python3.12/site-packages/airflow/example_dags/tutorial_dag.py
[2025-03-01T01:09:11.543+0000] {processor.py:925} INFO - DAG(s) 'tutorial_dag' retrieved from /home/airflow/.local/lib/python3.12/site-packages/airflow/example_dags/tutorial_dag.py
[2025-03-01T01:09:11.559+0000] {logging_mixin.py:190} INFO - [2025-03-01T01:09:11.558+0000] {dag.py:3239} INFO - Sync 1 DAGs
[2025-03-01T01:09:11.569+0000] {logging_mixin.py:190} INFO - [2025-03-01T01:09:11.569+0000] {dag.py:4180} INFO - Setting next_dagrun for tutorial_dag to None, run_after=None
[2025-03-01T01:09:11.582+0000] {processor.py:208} INFO - Processing /home/airflow/.local/lib/python3.12/site-packages/airflow/example_dags/tutorial_dag.py took 0.052 seconds
[2025-03-01T01:09:41.760+0000] {processor.py:186} INFO - Started process (PID=1149) to work on /home/airflow/.local/lib/python3.12/site-packages/airflow/example_dags/tutorial_dag.py
[2025-03-01T01:09:41.760+0000] {processor.py:914} INFO - Processing file /home/airflow/.local/lib/python3.12/site-packages/airflow/example_dags/tutorial_dag.py for tasks to queue
[2025-03-01T01:09:41.764+0000] {logging_mixin.py:190} INFO - [2025-03-01T01:09:41.764+0000] {dagbag.py:588} INFO - Filling up the DagBag from /home/airflow/.local/lib/python3.12/site-packages/airflow/example_dags/tutorial_dag.py
[2025-03-01T01:09:41.771+0000] {processor.py:925} INFO - DAG(s) 'tutorial_dag' retrieved from /home/airflow/.local/lib/python3.12/site-packages/airflow/example_dags/tutorial_dag.py
[2025-03-01T01:09:41.787+0000] {logging_mixin.py:190} INFO - [2025-03-01T01:09:41.787+0000] {dag.py:3239} INFO - Sync 1 DAGs
[2025-03-01T01:09:41.798+0000] {logging_mixin.py:190} INFO - [2025-03-01T01:09:41.798+0000] {dag.py:4180} INFO - Setting next_dagrun for tutorial_dag to None, run_after=None
[2025-03-01T01:09:41.813+0000] {processor.py:208} INFO - Processing /home/airflow/.local/lib/python3.12/site-packages/airflow/example_dags/tutorial_dag.py took 0.060 seconds
[2025-03-01T01:10:12.026+0000] {processor.py:186} INFO - Started process (PID=1212) to work on /home/airflow/.local/lib/python3.12/site-packages/airflow/example_dags/tutorial_dag.py
[2025-03-01T01:10:12.027+0000] {processor.py:914} INFO - Processing file /home/airflow/.local/lib/python3.12/site-packages/airflow/example_dags/tutorial_dag.py for tasks to queue
[2025-03-01T01:10:12.029+0000] {logging_mixin.py:190} INFO - [2025-03-01T01:10:12.029+0000] {dagbag.py:588} INFO - Filling up the DagBag from /home/airflow/.local/lib/python3.12/site-packages/airflow/example_dags/tutorial_dag.py
[2025-03-01T01:10:12.036+0000] {processor.py:925} INFO - DAG(s) 'tutorial_dag' retrieved from /home/airflow/.local/lib/python3.12/site-packages/airflow/example_dags/tutorial_dag.py
[2025-03-01T01:10:12.054+0000] {logging_mixin.py:190} INFO - [2025-03-01T01:10:12.053+0000] {dag.py:3239} INFO - Sync 1 DAGs
[2025-03-01T01:10:12.067+0000] {logging_mixin.py:190} INFO - [2025-03-01T01:10:12.066+0000] {dag.py:4180} INFO - Setting next_dagrun for tutorial_dag to None, run_after=None
[2025-03-01T01:10:12.082+0000] {processor.py:208} INFO - Processing /home/airflow/.local/lib/python3.12/site-packages/airflow/example_dags/tutorial_dag.py took 0.062 seconds
