[2025-03-01T01:01:03.811+0000] {processor.py:186} INFO - Started process (PID=74) to work on /home/airflow/.local/lib/python3.12/site-packages/airflow/example_dags/tutorial.py
[2025-03-01T01:01:03.812+0000] {processor.py:914} INFO - Processing file /home/airflow/.local/lib/python3.12/site-packages/airflow/example_dags/tutorial.py for tasks to queue
[2025-03-01T01:01:03.815+0000] {logging_mixin.py:190} INFO - [2025-03-01T01:01:03.815+0000] {dagbag.py:588} INFO - Filling up the DagBag from /home/airflow/.local/lib/python3.12/site-packages/airflow/example_dags/tutorial.py
[2025-03-01T01:01:03.827+0000] {processor.py:925} INFO - DAG(s) 'tutorial' retrieved from /home/airflow/.local/lib/python3.12/site-packages/airflow/example_dags/tutorial.py
[2025-03-01T01:01:03.970+0000] {logging_mixin.py:190} INFO - [2025-03-01T01:01:03.969+0000] {override.py:1911} INFO - Created Permission View: can edit on DAG:tutorial
[2025-03-01T01:01:03.978+0000] {logging_mixin.py:190} INFO - [2025-03-01T01:01:03.978+0000] {override.py:1911} INFO - Created Permission View: can read on DAG:tutorial
[2025-03-01T01:01:03.984+0000] {logging_mixin.py:190} INFO - [2025-03-01T01:01:03.983+0000] {override.py:1911} INFO - Created Permission View: can delete on DAG:tutorial
[2025-03-01T01:01:03.989+0000] {logging_mixin.py:190} INFO - [2025-03-01T01:01:03.989+0000] {override.py:1911} INFO - Created Permission View: menu access on DAG Run:tutorial
[2025-03-01T01:01:03.994+0000] {logging_mixin.py:190} INFO - [2025-03-01T01:01:03.994+0000] {override.py:1911} INFO - Created Permission View: can delete on DAG Run:tutorial
[2025-03-01T01:01:03.999+0000] {logging_mixin.py:190} INFO - [2025-03-01T01:01:03.999+0000] {override.py:1911} INFO - Created Permission View: can create on DAG Run:tutorial
[2025-03-01T01:01:04.005+0000] {logging_mixin.py:190} INFO - [2025-03-01T01:01:04.005+0000] {override.py:1911} INFO - Created Permission View: can read on DAG Run:tutorial
[2025-03-01T01:01:04.005+0000] {logging_mixin.py:190} INFO - [2025-03-01T01:01:04.005+0000] {dag.py:3239} INFO - Sync 1 DAGs
[2025-03-01T01:01:04.019+0000] {logging_mixin.py:190} INFO - [2025-03-01T01:01:04.019+0000] {dag.py:3262} INFO - Creating ORM DAG for tutorial
[2025-03-01T01:01:04.029+0000] {logging_mixin.py:190} INFO - [2025-03-01T01:01:04.029+0000] {dag.py:4180} INFO - Setting next_dagrun for tutorial to 2025-02-28 00:00:00+00:00, run_after=2025-03-01 00:00:00+00:00
[2025-03-01T01:01:04.044+0000] {processor.py:208} INFO - Processing /home/airflow/.local/lib/python3.12/site-packages/airflow/example_dags/tutorial.py took 0.240 seconds
[2025-03-01T01:01:34.310+0000] {processor.py:186} INFO - Started process (PID=136) to work on /home/airflow/.local/lib/python3.12/site-packages/airflow/example_dags/tutorial.py
[2025-03-01T01:01:34.310+0000] {processor.py:914} INFO - Processing file /home/airflow/.local/lib/python3.12/site-packages/airflow/example_dags/tutorial.py for tasks to queue
[2025-03-01T01:01:34.312+0000] {logging_mixin.py:190} INFO - [2025-03-01T01:01:34.312+0000] {dagbag.py:588} INFO - Filling up the DagBag from /home/airflow/.local/lib/python3.12/site-packages/airflow/example_dags/tutorial.py
[2025-03-01T01:01:34.319+0000] {processor.py:925} INFO - DAG(s) 'tutorial' retrieved from /home/airflow/.local/lib/python3.12/site-packages/airflow/example_dags/tutorial.py
[2025-03-01T01:01:34.337+0000] {logging_mixin.py:190} INFO - [2025-03-01T01:01:34.337+0000] {dag.py:3239} INFO - Sync 1 DAGs
[2025-03-01T01:01:34.360+0000] {logging_mixin.py:190} INFO - [2025-03-01T01:01:34.360+0000] {dag.py:4180} INFO - Setting next_dagrun for tutorial to 2025-02-28 00:00:00+00:00, run_after=2025-03-01 00:00:00+00:00
[2025-03-01T01:01:34.376+0000] {processor.py:208} INFO - Processing /home/airflow/.local/lib/python3.12/site-packages/airflow/example_dags/tutorial.py took 0.071 seconds
[2025-03-01T01:02:04.997+0000] {processor.py:186} INFO - Started process (PID=200) to work on /home/airflow/.local/lib/python3.12/site-packages/airflow/example_dags/tutorial.py
[2025-03-01T01:02:04.998+0000] {processor.py:914} INFO - Processing file /home/airflow/.local/lib/python3.12/site-packages/airflow/example_dags/tutorial.py for tasks to queue
[2025-03-01T01:02:05.000+0000] {logging_mixin.py:190} INFO - [2025-03-01T01:02:05.000+0000] {dagbag.py:588} INFO - Filling up the DagBag from /home/airflow/.local/lib/python3.12/site-packages/airflow/example_dags/tutorial.py
[2025-03-01T01:02:05.008+0000] {processor.py:925} INFO - DAG(s) 'tutorial' retrieved from /home/airflow/.local/lib/python3.12/site-packages/airflow/example_dags/tutorial.py
[2025-03-01T01:02:05.028+0000] {logging_mixin.py:190} INFO - [2025-03-01T01:02:05.028+0000] {dag.py:3239} INFO - Sync 1 DAGs
[2025-03-01T01:02:05.054+0000] {logging_mixin.py:190} INFO - [2025-03-01T01:02:05.053+0000] {dag.py:4180} INFO - Setting next_dagrun for tutorial to 2025-02-28 00:00:00+00:00, run_after=2025-03-01 00:00:00+00:00
[2025-03-01T01:02:05.070+0000] {processor.py:208} INFO - Processing /home/airflow/.local/lib/python3.12/site-packages/airflow/example_dags/tutorial.py took 0.079 seconds
[2025-03-01T01:02:35.281+0000] {processor.py:186} INFO - Started process (PID=262) to work on /home/airflow/.local/lib/python3.12/site-packages/airflow/example_dags/tutorial.py
[2025-03-01T01:02:35.281+0000] {processor.py:914} INFO - Processing file /home/airflow/.local/lib/python3.12/site-packages/airflow/example_dags/tutorial.py for tasks to queue
[2025-03-01T01:02:35.283+0000] {logging_mixin.py:190} INFO - [2025-03-01T01:02:35.283+0000] {dagbag.py:588} INFO - Filling up the DagBag from /home/airflow/.local/lib/python3.12/site-packages/airflow/example_dags/tutorial.py
[2025-03-01T01:02:35.289+0000] {processor.py:925} INFO - DAG(s) 'tutorial' retrieved from /home/airflow/.local/lib/python3.12/site-packages/airflow/example_dags/tutorial.py
[2025-03-01T01:02:35.304+0000] {logging_mixin.py:190} INFO - [2025-03-01T01:02:35.304+0000] {dag.py:3239} INFO - Sync 1 DAGs
[2025-03-01T01:02:35.321+0000] {logging_mixin.py:190} INFO - [2025-03-01T01:02:35.321+0000] {dag.py:4180} INFO - Setting next_dagrun for tutorial to 2025-02-28 00:00:00+00:00, run_after=2025-03-01 00:00:00+00:00
[2025-03-01T01:02:35.334+0000] {processor.py:208} INFO - Processing /home/airflow/.local/lib/python3.12/site-packages/airflow/example_dags/tutorial.py took 0.058 seconds
[2025-03-01T01:03:05.907+0000] {processor.py:186} INFO - Started process (PID=325) to work on /home/airflow/.local/lib/python3.12/site-packages/airflow/example_dags/tutorial.py
[2025-03-01T01:03:05.907+0000] {processor.py:914} INFO - Processing file /home/airflow/.local/lib/python3.12/site-packages/airflow/example_dags/tutorial.py for tasks to queue
[2025-03-01T01:03:05.909+0000] {logging_mixin.py:190} INFO - [2025-03-01T01:03:05.909+0000] {dagbag.py:588} INFO - Filling up the DagBag from /home/airflow/.local/lib/python3.12/site-packages/airflow/example_dags/tutorial.py
[2025-03-01T01:03:05.917+0000] {processor.py:925} INFO - DAG(s) 'tutorial' retrieved from /home/airflow/.local/lib/python3.12/site-packages/airflow/example_dags/tutorial.py
[2025-03-01T01:03:05.937+0000] {logging_mixin.py:190} INFO - [2025-03-01T01:03:05.937+0000] {dag.py:3239} INFO - Sync 1 DAGs
[2025-03-01T01:03:05.962+0000] {logging_mixin.py:190} INFO - [2025-03-01T01:03:05.962+0000] {dag.py:4180} INFO - Setting next_dagrun for tutorial to 2025-02-28 00:00:00+00:00, run_after=2025-03-01 00:00:00+00:00
[2025-03-01T01:03:05.979+0000] {processor.py:208} INFO - Processing /home/airflow/.local/lib/python3.12/site-packages/airflow/example_dags/tutorial.py took 0.078 seconds
[2025-03-01T01:03:36.638+0000] {processor.py:186} INFO - Started process (PID=388) to work on /home/airflow/.local/lib/python3.12/site-packages/airflow/example_dags/tutorial.py
[2025-03-01T01:03:36.638+0000] {processor.py:914} INFO - Processing file /home/airflow/.local/lib/python3.12/site-packages/airflow/example_dags/tutorial.py for tasks to queue
[2025-03-01T01:03:36.640+0000] {logging_mixin.py:190} INFO - [2025-03-01T01:03:36.640+0000] {dagbag.py:588} INFO - Filling up the DagBag from /home/airflow/.local/lib/python3.12/site-packages/airflow/example_dags/tutorial.py
[2025-03-01T01:03:36.647+0000] {processor.py:925} INFO - DAG(s) 'tutorial' retrieved from /home/airflow/.local/lib/python3.12/site-packages/airflow/example_dags/tutorial.py
[2025-03-01T01:03:36.662+0000] {logging_mixin.py:190} INFO - [2025-03-01T01:03:36.662+0000] {dag.py:3239} INFO - Sync 1 DAGs
[2025-03-01T01:03:36.680+0000] {logging_mixin.py:190} INFO - [2025-03-01T01:03:36.680+0000] {dag.py:4180} INFO - Setting next_dagrun for tutorial to 2025-02-28 00:00:00+00:00, run_after=2025-03-01 00:00:00+00:00
[2025-03-01T01:03:36.694+0000] {processor.py:208} INFO - Processing /home/airflow/.local/lib/python3.12/site-packages/airflow/example_dags/tutorial.py took 0.061 seconds
[2025-03-01T01:04:06.743+0000] {processor.py:186} INFO - Started process (PID=451) to work on /home/airflow/.local/lib/python3.12/site-packages/airflow/example_dags/tutorial.py
[2025-03-01T01:04:06.744+0000] {processor.py:914} INFO - Processing file /home/airflow/.local/lib/python3.12/site-packages/airflow/example_dags/tutorial.py for tasks to queue
[2025-03-01T01:04:06.746+0000] {logging_mixin.py:190} INFO - [2025-03-01T01:04:06.746+0000] {dagbag.py:588} INFO - Filling up the DagBag from /home/airflow/.local/lib/python3.12/site-packages/airflow/example_dags/tutorial.py
[2025-03-01T01:04:06.754+0000] {processor.py:925} INFO - DAG(s) 'tutorial' retrieved from /home/airflow/.local/lib/python3.12/site-packages/airflow/example_dags/tutorial.py
[2025-03-01T01:04:06.770+0000] {logging_mixin.py:190} INFO - [2025-03-01T01:04:06.770+0000] {dag.py:3239} INFO - Sync 1 DAGs
[2025-03-01T01:04:06.790+0000] {logging_mixin.py:190} INFO - [2025-03-01T01:04:06.790+0000] {dag.py:4180} INFO - Setting next_dagrun for tutorial to 2025-02-28 00:00:00+00:00, run_after=2025-03-01 00:00:00+00:00
[2025-03-01T01:04:06.805+0000] {processor.py:208} INFO - Processing /home/airflow/.local/lib/python3.12/site-packages/airflow/example_dags/tutorial.py took 0.068 seconds
[2025-03-01T01:04:37.458+0000] {processor.py:186} INFO - Started process (PID=514) to work on /home/airflow/.local/lib/python3.12/site-packages/airflow/example_dags/tutorial.py
[2025-03-01T01:04:37.459+0000] {processor.py:914} INFO - Processing file /home/airflow/.local/lib/python3.12/site-packages/airflow/example_dags/tutorial.py for tasks to queue
[2025-03-01T01:04:37.460+0000] {logging_mixin.py:190} INFO - [2025-03-01T01:04:37.460+0000] {dagbag.py:588} INFO - Filling up the DagBag from /home/airflow/.local/lib/python3.12/site-packages/airflow/example_dags/tutorial.py
[2025-03-01T01:04:37.467+0000] {processor.py:925} INFO - DAG(s) 'tutorial' retrieved from /home/airflow/.local/lib/python3.12/site-packages/airflow/example_dags/tutorial.py
[2025-03-01T01:04:37.483+0000] {logging_mixin.py:190} INFO - [2025-03-01T01:04:37.483+0000] {dag.py:3239} INFO - Sync 1 DAGs
[2025-03-01T01:04:37.500+0000] {logging_mixin.py:190} INFO - [2025-03-01T01:04:37.500+0000] {dag.py:4180} INFO - Setting next_dagrun for tutorial to 2025-02-28 00:00:00+00:00, run_after=2025-03-01 00:00:00+00:00
[2025-03-01T01:04:37.514+0000] {processor.py:208} INFO - Processing /home/airflow/.local/lib/python3.12/site-packages/airflow/example_dags/tutorial.py took 0.060 seconds
[2025-03-01T01:05:07.619+0000] {processor.py:186} INFO - Started process (PID=577) to work on /home/airflow/.local/lib/python3.12/site-packages/airflow/example_dags/tutorial.py
[2025-03-01T01:05:07.619+0000] {processor.py:914} INFO - Processing file /home/airflow/.local/lib/python3.12/site-packages/airflow/example_dags/tutorial.py for tasks to queue
[2025-03-01T01:05:07.621+0000] {logging_mixin.py:190} INFO - [2025-03-01T01:05:07.621+0000] {dagbag.py:588} INFO - Filling up the DagBag from /home/airflow/.local/lib/python3.12/site-packages/airflow/example_dags/tutorial.py
[2025-03-01T01:05:07.627+0000] {processor.py:925} INFO - DAG(s) 'tutorial' retrieved from /home/airflow/.local/lib/python3.12/site-packages/airflow/example_dags/tutorial.py
[2025-03-01T01:05:07.644+0000] {logging_mixin.py:190} INFO - [2025-03-01T01:05:07.644+0000] {dag.py:3239} INFO - Sync 1 DAGs
[2025-03-01T01:05:07.667+0000] {logging_mixin.py:190} INFO - [2025-03-01T01:05:07.667+0000] {dag.py:4180} INFO - Setting next_dagrun for tutorial to 2025-02-28 00:00:00+00:00, run_after=2025-03-01 00:00:00+00:00
[2025-03-01T01:05:07.683+0000] {processor.py:208} INFO - Processing /home/airflow/.local/lib/python3.12/site-packages/airflow/example_dags/tutorial.py took 0.068 seconds
[2025-03-01T01:05:38.227+0000] {processor.py:186} INFO - Started process (PID=640) to work on /home/airflow/.local/lib/python3.12/site-packages/airflow/example_dags/tutorial.py
[2025-03-01T01:05:38.228+0000] {processor.py:914} INFO - Processing file /home/airflow/.local/lib/python3.12/site-packages/airflow/example_dags/tutorial.py for tasks to queue
[2025-03-01T01:05:38.229+0000] {logging_mixin.py:190} INFO - [2025-03-01T01:05:38.229+0000] {dagbag.py:588} INFO - Filling up the DagBag from /home/airflow/.local/lib/python3.12/site-packages/airflow/example_dags/tutorial.py
[2025-03-01T01:05:38.236+0000] {processor.py:925} INFO - DAG(s) 'tutorial' retrieved from /home/airflow/.local/lib/python3.12/site-packages/airflow/example_dags/tutorial.py
[2025-03-01T01:05:38.254+0000] {logging_mixin.py:190} INFO - [2025-03-01T01:05:38.254+0000] {dag.py:3239} INFO - Sync 1 DAGs
[2025-03-01T01:05:38.278+0000] {logging_mixin.py:190} INFO - [2025-03-01T01:05:38.278+0000] {dag.py:4180} INFO - Setting next_dagrun for tutorial to 2025-02-28 00:00:00+00:00, run_after=2025-03-01 00:00:00+00:00
[2025-03-01T01:05:38.293+0000] {processor.py:208} INFO - Processing /home/airflow/.local/lib/python3.12/site-packages/airflow/example_dags/tutorial.py took 0.070 seconds
[2025-03-01T01:06:08.483+0000] {processor.py:186} INFO - Started process (PID=703) to work on /home/airflow/.local/lib/python3.12/site-packages/airflow/example_dags/tutorial.py
[2025-03-01T01:06:08.483+0000] {processor.py:914} INFO - Processing file /home/airflow/.local/lib/python3.12/site-packages/airflow/example_dags/tutorial.py for tasks to queue
[2025-03-01T01:06:08.485+0000] {logging_mixin.py:190} INFO - [2025-03-01T01:06:08.485+0000] {dagbag.py:588} INFO - Filling up the DagBag from /home/airflow/.local/lib/python3.12/site-packages/airflow/example_dags/tutorial.py
[2025-03-01T01:06:08.491+0000] {processor.py:925} INFO - DAG(s) 'tutorial' retrieved from /home/airflow/.local/lib/python3.12/site-packages/airflow/example_dags/tutorial.py
[2025-03-01T01:06:08.509+0000] {logging_mixin.py:190} INFO - [2025-03-01T01:06:08.508+0000] {dag.py:3239} INFO - Sync 1 DAGs
[2025-03-01T01:06:08.532+0000] {logging_mixin.py:190} INFO - [2025-03-01T01:06:08.531+0000] {dag.py:4180} INFO - Setting next_dagrun for tutorial to 2025-02-28 00:00:00+00:00, run_after=2025-03-01 00:00:00+00:00
[2025-03-01T01:06:08.547+0000] {processor.py:208} INFO - Processing /home/airflow/.local/lib/python3.12/site-packages/airflow/example_dags/tutorial.py took 0.069 seconds
[2025-03-01T01:06:38.945+0000] {processor.py:186} INFO - Started process (PID=766) to work on /home/airflow/.local/lib/python3.12/site-packages/airflow/example_dags/tutorial.py
[2025-03-01T01:06:38.946+0000] {processor.py:914} INFO - Processing file /home/airflow/.local/lib/python3.12/site-packages/airflow/example_dags/tutorial.py for tasks to queue
[2025-03-01T01:06:38.948+0000] {logging_mixin.py:190} INFO - [2025-03-01T01:06:38.948+0000] {dagbag.py:588} INFO - Filling up the DagBag from /home/airflow/.local/lib/python3.12/site-packages/airflow/example_dags/tutorial.py
[2025-03-01T01:06:38.954+0000] {processor.py:925} INFO - DAG(s) 'tutorial' retrieved from /home/airflow/.local/lib/python3.12/site-packages/airflow/example_dags/tutorial.py
[2025-03-01T01:06:38.969+0000] {logging_mixin.py:190} INFO - [2025-03-01T01:06:38.968+0000] {dag.py:3239} INFO - Sync 1 DAGs
[2025-03-01T01:06:38.986+0000] {logging_mixin.py:190} INFO - [2025-03-01T01:06:38.986+0000] {dag.py:4180} INFO - Setting next_dagrun for tutorial to 2025-02-28 00:00:00+00:00, run_after=2025-03-01 00:00:00+00:00
[2025-03-01T01:06:38.998+0000] {processor.py:208} INFO - Processing /home/airflow/.local/lib/python3.12/site-packages/airflow/example_dags/tutorial.py took 0.057 seconds
[2025-03-01T01:07:09.362+0000] {processor.py:186} INFO - Started process (PID=829) to work on /home/airflow/.local/lib/python3.12/site-packages/airflow/example_dags/tutorial.py
[2025-03-01T01:07:09.362+0000] {processor.py:914} INFO - Processing file /home/airflow/.local/lib/python3.12/site-packages/airflow/example_dags/tutorial.py for tasks to queue
[2025-03-01T01:07:09.364+0000] {logging_mixin.py:190} INFO - [2025-03-01T01:07:09.364+0000] {dagbag.py:588} INFO - Filling up the DagBag from /home/airflow/.local/lib/python3.12/site-packages/airflow/example_dags/tutorial.py
[2025-03-01T01:07:09.370+0000] {processor.py:925} INFO - DAG(s) 'tutorial' retrieved from /home/airflow/.local/lib/python3.12/site-packages/airflow/example_dags/tutorial.py
[2025-03-01T01:07:09.386+0000] {logging_mixin.py:190} INFO - [2025-03-01T01:07:09.386+0000] {dag.py:3239} INFO - Sync 1 DAGs
[2025-03-01T01:07:09.406+0000] {logging_mixin.py:190} INFO - [2025-03-01T01:07:09.406+0000] {dag.py:4180} INFO - Setting next_dagrun for tutorial to 2025-02-28 00:00:00+00:00, run_after=2025-03-01 00:00:00+00:00
[2025-03-01T01:07:09.419+0000] {processor.py:208} INFO - Processing /home/airflow/.local/lib/python3.12/site-packages/airflow/example_dags/tutorial.py took 0.062 seconds
[2025-03-01T01:07:39.460+0000] {processor.py:186} INFO - Started process (PID=892) to work on /home/airflow/.local/lib/python3.12/site-packages/airflow/example_dags/tutorial.py
[2025-03-01T01:07:39.460+0000] {processor.py:914} INFO - Processing file /home/airflow/.local/lib/python3.12/site-packages/airflow/example_dags/tutorial.py for tasks to queue
[2025-03-01T01:07:39.462+0000] {logging_mixin.py:190} INFO - [2025-03-01T01:07:39.462+0000] {dagbag.py:588} INFO - Filling up the DagBag from /home/airflow/.local/lib/python3.12/site-packages/airflow/example_dags/tutorial.py
[2025-03-01T01:07:39.469+0000] {processor.py:925} INFO - DAG(s) 'tutorial' retrieved from /home/airflow/.local/lib/python3.12/site-packages/airflow/example_dags/tutorial.py
[2025-03-01T01:07:39.489+0000] {logging_mixin.py:190} INFO - [2025-03-01T01:07:39.488+0000] {dag.py:3239} INFO - Sync 1 DAGs
[2025-03-01T01:07:39.508+0000] {logging_mixin.py:190} INFO - [2025-03-01T01:07:39.508+0000] {dag.py:4180} INFO - Setting next_dagrun for tutorial to 2025-02-28 00:00:00+00:00, run_after=2025-03-01 00:00:00+00:00
[2025-03-01T01:07:39.521+0000] {processor.py:208} INFO - Processing /home/airflow/.local/lib/python3.12/site-packages/airflow/example_dags/tutorial.py took 0.067 seconds
[2025-03-01T01:08:09.755+0000] {processor.py:186} INFO - Started process (PID=956) to work on /home/airflow/.local/lib/python3.12/site-packages/airflow/example_dags/tutorial.py
[2025-03-01T01:08:09.756+0000] {processor.py:914} INFO - Processing file /home/airflow/.local/lib/python3.12/site-packages/airflow/example_dags/tutorial.py for tasks to queue
[2025-03-01T01:08:09.757+0000] {logging_mixin.py:190} INFO - [2025-03-01T01:08:09.757+0000] {dagbag.py:588} INFO - Filling up the DagBag from /home/airflow/.local/lib/python3.12/site-packages/airflow/example_dags/tutorial.py
[2025-03-01T01:08:09.763+0000] {processor.py:925} INFO - DAG(s) 'tutorial' retrieved from /home/airflow/.local/lib/python3.12/site-packages/airflow/example_dags/tutorial.py
[2025-03-01T01:08:09.781+0000] {logging_mixin.py:190} INFO - [2025-03-01T01:08:09.781+0000] {dag.py:3239} INFO - Sync 1 DAGs
[2025-03-01T01:08:09.804+0000] {logging_mixin.py:190} INFO - [2025-03-01T01:08:09.803+0000] {dag.py:4180} INFO - Setting next_dagrun for tutorial to 2025-02-28 00:00:00+00:00, run_after=2025-03-01 00:00:00+00:00
[2025-03-01T01:08:09.817+0000] {processor.py:208} INFO - Processing /home/airflow/.local/lib/python3.12/site-packages/airflow/example_dags/tutorial.py took 0.067 seconds
[2025-03-01T01:08:40.001+0000] {processor.py:186} INFO - Started process (PID=1018) to work on /home/airflow/.local/lib/python3.12/site-packages/airflow/example_dags/tutorial.py
[2025-03-01T01:08:40.002+0000] {processor.py:914} INFO - Processing file /home/airflow/.local/lib/python3.12/site-packages/airflow/example_dags/tutorial.py for tasks to queue
[2025-03-01T01:08:40.004+0000] {logging_mixin.py:190} INFO - [2025-03-01T01:08:40.003+0000] {dagbag.py:588} INFO - Filling up the DagBag from /home/airflow/.local/lib/python3.12/site-packages/airflow/example_dags/tutorial.py
[2025-03-01T01:08:40.011+0000] {processor.py:925} INFO - DAG(s) 'tutorial' retrieved from /home/airflow/.local/lib/python3.12/site-packages/airflow/example_dags/tutorial.py
[2025-03-01T01:08:40.028+0000] {logging_mixin.py:190} INFO - [2025-03-01T01:08:40.028+0000] {dag.py:3239} INFO - Sync 1 DAGs
[2025-03-01T01:08:40.047+0000] {logging_mixin.py:190} INFO - [2025-03-01T01:08:40.047+0000] {dag.py:4180} INFO - Setting next_dagrun for tutorial to 2025-02-28 00:00:00+00:00, run_after=2025-03-01 00:00:00+00:00
[2025-03-01T01:08:40.060+0000] {processor.py:208} INFO - Processing /home/airflow/.local/lib/python3.12/site-packages/airflow/example_dags/tutorial.py took 0.064 seconds
[2025-03-01T01:09:10.277+0000] {processor.py:186} INFO - Started process (PID=1081) to work on /home/airflow/.local/lib/python3.12/site-packages/airflow/example_dags/tutorial.py
[2025-03-01T01:09:10.277+0000] {processor.py:914} INFO - Processing file /home/airflow/.local/lib/python3.12/site-packages/airflow/example_dags/tutorial.py for tasks to queue
[2025-03-01T01:09:10.279+0000] {logging_mixin.py:190} INFO - [2025-03-01T01:09:10.279+0000] {dagbag.py:588} INFO - Filling up the DagBag from /home/airflow/.local/lib/python3.12/site-packages/airflow/example_dags/tutorial.py
[2025-03-01T01:09:10.288+0000] {processor.py:925} INFO - DAG(s) 'tutorial' retrieved from /home/airflow/.local/lib/python3.12/site-packages/airflow/example_dags/tutorial.py
[2025-03-01T01:09:10.307+0000] {logging_mixin.py:190} INFO - [2025-03-01T01:09:10.307+0000] {dag.py:3239} INFO - Sync 1 DAGs
[2025-03-01T01:09:10.332+0000] {logging_mixin.py:190} INFO - [2025-03-01T01:09:10.332+0000] {dag.py:4180} INFO - Setting next_dagrun for tutorial to 2025-02-28 00:00:00+00:00, run_after=2025-03-01 00:00:00+00:00
[2025-03-01T01:09:10.347+0000] {processor.py:208} INFO - Processing /home/airflow/.local/lib/python3.12/site-packages/airflow/example_dags/tutorial.py took 0.075 seconds
[2025-03-01T01:09:40.522+0000] {processor.py:186} INFO - Started process (PID=1144) to work on /home/airflow/.local/lib/python3.12/site-packages/airflow/example_dags/tutorial.py
[2025-03-01T01:09:40.522+0000] {processor.py:914} INFO - Processing file /home/airflow/.local/lib/python3.12/site-packages/airflow/example_dags/tutorial.py for tasks to queue
[2025-03-01T01:09:40.525+0000] {logging_mixin.py:190} INFO - [2025-03-01T01:09:40.524+0000] {dagbag.py:588} INFO - Filling up the DagBag from /home/airflow/.local/lib/python3.12/site-packages/airflow/example_dags/tutorial.py
[2025-03-01T01:09:40.533+0000] {processor.py:925} INFO - DAG(s) 'tutorial' retrieved from /home/airflow/.local/lib/python3.12/site-packages/airflow/example_dags/tutorial.py
[2025-03-01T01:09:40.555+0000] {logging_mixin.py:190} INFO - [2025-03-01T01:09:40.554+0000] {dag.py:3239} INFO - Sync 1 DAGs
[2025-03-01T01:09:40.583+0000] {logging_mixin.py:190} INFO - [2025-03-01T01:09:40.583+0000] {dag.py:4180} INFO - Setting next_dagrun for tutorial to 2025-02-28 00:00:00+00:00, run_after=2025-03-01 00:00:00+00:00
[2025-03-01T01:09:40.600+0000] {processor.py:208} INFO - Processing /home/airflow/.local/lib/python3.12/site-packages/airflow/example_dags/tutorial.py took 0.084 seconds
[2025-03-01T01:10:10.820+0000] {processor.py:186} INFO - Started process (PID=1207) to work on /home/airflow/.local/lib/python3.12/site-packages/airflow/example_dags/tutorial.py
[2025-03-01T01:10:10.821+0000] {processor.py:914} INFO - Processing file /home/airflow/.local/lib/python3.12/site-packages/airflow/example_dags/tutorial.py for tasks to queue
[2025-03-01T01:10:10.822+0000] {logging_mixin.py:190} INFO - [2025-03-01T01:10:10.822+0000] {dagbag.py:588} INFO - Filling up the DagBag from /home/airflow/.local/lib/python3.12/site-packages/airflow/example_dags/tutorial.py
[2025-03-01T01:10:10.829+0000] {processor.py:925} INFO - DAG(s) 'tutorial' retrieved from /home/airflow/.local/lib/python3.12/site-packages/airflow/example_dags/tutorial.py
[2025-03-01T01:10:10.845+0000] {logging_mixin.py:190} INFO - [2025-03-01T01:10:10.844+0000] {dag.py:3239} INFO - Sync 1 DAGs
[2025-03-01T01:10:10.863+0000] {logging_mixin.py:190} INFO - [2025-03-01T01:10:10.863+0000] {dag.py:4180} INFO - Setting next_dagrun for tutorial to 2025-02-28 00:00:00+00:00, run_after=2025-03-01 00:00:00+00:00
[2025-03-01T01:10:10.878+0000] {processor.py:208} INFO - Processing /home/airflow/.local/lib/python3.12/site-packages/airflow/example_dags/tutorial.py took 0.063 seconds
[2025-03-01T01:10:41.328+0000] {processor.py:186} INFO - Started process (PID=1270) to work on /home/airflow/.local/lib/python3.12/site-packages/airflow/example_dags/tutorial.py
[2025-03-01T01:10:41.328+0000] {processor.py:914} INFO - Processing file /home/airflow/.local/lib/python3.12/site-packages/airflow/example_dags/tutorial.py for tasks to queue
[2025-03-01T01:10:41.330+0000] {logging_mixin.py:190} INFO - [2025-03-01T01:10:41.330+0000] {dagbag.py:588} INFO - Filling up the DagBag from /home/airflow/.local/lib/python3.12/site-packages/airflow/example_dags/tutorial.py
[2025-03-01T01:10:41.336+0000] {processor.py:925} INFO - DAG(s) 'tutorial' retrieved from /home/airflow/.local/lib/python3.12/site-packages/airflow/example_dags/tutorial.py
[2025-03-01T01:10:41.352+0000] {logging_mixin.py:190} INFO - [2025-03-01T01:10:41.352+0000] {dag.py:3239} INFO - Sync 1 DAGs
[2025-03-01T01:10:41.369+0000] {logging_mixin.py:190} INFO - [2025-03-01T01:10:41.369+0000] {dag.py:4180} INFO - Setting next_dagrun for tutorial to 2025-02-28 00:00:00+00:00, run_after=2025-03-01 00:00:00+00:00
[2025-03-01T01:10:41.382+0000] {processor.py:208} INFO - Processing /home/airflow/.local/lib/python3.12/site-packages/airflow/example_dags/tutorial.py took 0.059 seconds
[2025-03-01T01:11:11.867+0000] {processor.py:186} INFO - Started process (PID=1334) to work on /home/airflow/.local/lib/python3.12/site-packages/airflow/example_dags/tutorial.py
[2025-03-01T01:11:11.868+0000] {processor.py:914} INFO - Processing file /home/airflow/.local/lib/python3.12/site-packages/airflow/example_dags/tutorial.py for tasks to queue
[2025-03-01T01:11:11.869+0000] {logging_mixin.py:190} INFO - [2025-03-01T01:11:11.869+0000] {dagbag.py:588} INFO - Filling up the DagBag from /home/airflow/.local/lib/python3.12/site-packages/airflow/example_dags/tutorial.py
[2025-03-01T01:11:11.876+0000] {processor.py:925} INFO - DAG(s) 'tutorial' retrieved from /home/airflow/.local/lib/python3.12/site-packages/airflow/example_dags/tutorial.py
[2025-03-01T01:11:11.891+0000] {logging_mixin.py:190} INFO - [2025-03-01T01:11:11.891+0000] {dag.py:3239} INFO - Sync 1 DAGs
[2025-03-01T01:11:11.909+0000] {logging_mixin.py:190} INFO - [2025-03-01T01:11:11.909+0000] {dag.py:4180} INFO - Setting next_dagrun for tutorial to 2025-02-28 00:00:00+00:00, run_after=2025-03-01 00:00:00+00:00
[2025-03-01T01:11:11.924+0000] {processor.py:208} INFO - Processing /home/airflow/.local/lib/python3.12/site-packages/airflow/example_dags/tutorial.py took 0.061 seconds
[2025-03-01T01:11:42.294+0000] {processor.py:186} INFO - Started process (PID=1398) to work on /home/airflow/.local/lib/python3.12/site-packages/airflow/example_dags/tutorial.py
[2025-03-01T01:11:42.294+0000] {processor.py:914} INFO - Processing file /home/airflow/.local/lib/python3.12/site-packages/airflow/example_dags/tutorial.py for tasks to queue
[2025-03-01T01:11:42.295+0000] {logging_mixin.py:190} INFO - [2025-03-01T01:11:42.295+0000] {dagbag.py:588} INFO - Filling up the DagBag from /home/airflow/.local/lib/python3.12/site-packages/airflow/example_dags/tutorial.py
[2025-03-01T01:11:42.302+0000] {processor.py:925} INFO - DAG(s) 'tutorial' retrieved from /home/airflow/.local/lib/python3.12/site-packages/airflow/example_dags/tutorial.py
[2025-03-01T01:11:42.319+0000] {logging_mixin.py:190} INFO - [2025-03-01T01:11:42.318+0000] {dag.py:3239} INFO - Sync 1 DAGs
[2025-03-01T01:11:42.340+0000] {logging_mixin.py:190} INFO - [2025-03-01T01:11:42.340+0000] {dag.py:4180} INFO - Setting next_dagrun for tutorial to 2025-02-28 00:00:00+00:00, run_after=2025-03-01 00:00:00+00:00
[2025-03-01T01:11:42.354+0000] {processor.py:208} INFO - Processing /home/airflow/.local/lib/python3.12/site-packages/airflow/example_dags/tutorial.py took 0.064 seconds
[2025-03-01T01:12:12.447+0000] {processor.py:186} INFO - Started process (PID=1462) to work on /home/airflow/.local/lib/python3.12/site-packages/airflow/example_dags/tutorial.py
[2025-03-01T01:12:12.447+0000] {processor.py:914} INFO - Processing file /home/airflow/.local/lib/python3.12/site-packages/airflow/example_dags/tutorial.py for tasks to queue
[2025-03-01T01:12:12.448+0000] {logging_mixin.py:190} INFO - [2025-03-01T01:12:12.448+0000] {dagbag.py:588} INFO - Filling up the DagBag from /home/airflow/.local/lib/python3.12/site-packages/airflow/example_dags/tutorial.py
[2025-03-01T01:12:12.456+0000] {processor.py:925} INFO - DAG(s) 'tutorial' retrieved from /home/airflow/.local/lib/python3.12/site-packages/airflow/example_dags/tutorial.py
[2025-03-01T01:12:12.473+0000] {logging_mixin.py:190} INFO - [2025-03-01T01:12:12.472+0000] {dag.py:3239} INFO - Sync 1 DAGs
[2025-03-01T01:12:12.493+0000] {logging_mixin.py:190} INFO - [2025-03-01T01:12:12.492+0000] {dag.py:4180} INFO - Setting next_dagrun for tutorial to 2025-02-28 00:00:00+00:00, run_after=2025-03-01 00:00:00+00:00
[2025-03-01T01:12:12.508+0000] {processor.py:208} INFO - Processing /home/airflow/.local/lib/python3.12/site-packages/airflow/example_dags/tutorial.py took 0.066 seconds
[2025-03-01T01:12:42.873+0000] {processor.py:186} INFO - Started process (PID=1526) to work on /home/airflow/.local/lib/python3.12/site-packages/airflow/example_dags/tutorial.py
[2025-03-01T01:12:42.873+0000] {processor.py:914} INFO - Processing file /home/airflow/.local/lib/python3.12/site-packages/airflow/example_dags/tutorial.py for tasks to queue
[2025-03-01T01:12:42.874+0000] {logging_mixin.py:190} INFO - [2025-03-01T01:12:42.874+0000] {dagbag.py:588} INFO - Filling up the DagBag from /home/airflow/.local/lib/python3.12/site-packages/airflow/example_dags/tutorial.py
[2025-03-01T01:12:42.881+0000] {processor.py:925} INFO - DAG(s) 'tutorial' retrieved from /home/airflow/.local/lib/python3.12/site-packages/airflow/example_dags/tutorial.py
[2025-03-01T01:12:42.899+0000] {logging_mixin.py:190} INFO - [2025-03-01T01:12:42.899+0000] {dag.py:3239} INFO - Sync 1 DAGs
[2025-03-01T01:12:42.916+0000] {logging_mixin.py:190} INFO - [2025-03-01T01:12:42.916+0000] {dag.py:4180} INFO - Setting next_dagrun for tutorial to 2025-02-28 00:00:00+00:00, run_after=2025-03-01 00:00:00+00:00
[2025-03-01T01:12:42.929+0000] {processor.py:208} INFO - Processing /home/airflow/.local/lib/python3.12/site-packages/airflow/example_dags/tutorial.py took 0.061 seconds
[2025-03-01T01:13:13.089+0000] {processor.py:186} INFO - Started process (PID=1590) to work on /home/airflow/.local/lib/python3.12/site-packages/airflow/example_dags/tutorial.py
[2025-03-01T01:13:13.090+0000] {processor.py:914} INFO - Processing file /home/airflow/.local/lib/python3.12/site-packages/airflow/example_dags/tutorial.py for tasks to queue
[2025-03-01T01:13:13.090+0000] {logging_mixin.py:190} INFO - [2025-03-01T01:13:13.090+0000] {dagbag.py:588} INFO - Filling up the DagBag from /home/airflow/.local/lib/python3.12/site-packages/airflow/example_dags/tutorial.py
[2025-03-01T01:13:13.097+0000] {processor.py:925} INFO - DAG(s) 'tutorial' retrieved from /home/airflow/.local/lib/python3.12/site-packages/airflow/example_dags/tutorial.py
[2025-03-01T01:13:13.115+0000] {logging_mixin.py:190} INFO - [2025-03-01T01:13:13.115+0000] {dag.py:3239} INFO - Sync 1 DAGs
[2025-03-01T01:13:13.139+0000] {logging_mixin.py:190} INFO - [2025-03-01T01:13:13.138+0000] {dag.py:4180} INFO - Setting next_dagrun for tutorial to 2025-02-28 00:00:00+00:00, run_after=2025-03-01 00:00:00+00:00
[2025-03-01T01:13:13.153+0000] {processor.py:208} INFO - Processing /home/airflow/.local/lib/python3.12/site-packages/airflow/example_dags/tutorial.py took 0.068 seconds
[2025-03-01T01:13:43.182+0000] {processor.py:186} INFO - Started process (PID=1654) to work on /home/airflow/.local/lib/python3.12/site-packages/airflow/example_dags/tutorial.py
[2025-03-01T01:13:43.183+0000] {processor.py:914} INFO - Processing file /home/airflow/.local/lib/python3.12/site-packages/airflow/example_dags/tutorial.py for tasks to queue
[2025-03-01T01:13:43.184+0000] {logging_mixin.py:190} INFO - [2025-03-01T01:13:43.183+0000] {dagbag.py:588} INFO - Filling up the DagBag from /home/airflow/.local/lib/python3.12/site-packages/airflow/example_dags/tutorial.py
[2025-03-01T01:13:43.191+0000] {processor.py:925} INFO - DAG(s) 'tutorial' retrieved from /home/airflow/.local/lib/python3.12/site-packages/airflow/example_dags/tutorial.py
[2025-03-01T01:13:43.206+0000] {logging_mixin.py:190} INFO - [2025-03-01T01:13:43.206+0000] {dag.py:3239} INFO - Sync 1 DAGs
[2025-03-01T01:13:43.224+0000] {logging_mixin.py:190} INFO - [2025-03-01T01:13:43.224+0000] {dag.py:4180} INFO - Setting next_dagrun for tutorial to 2025-02-28 00:00:00+00:00, run_after=2025-03-01 00:00:00+00:00
[2025-03-01T01:13:43.237+0000] {processor.py:208} INFO - Processing /home/airflow/.local/lib/python3.12/site-packages/airflow/example_dags/tutorial.py took 0.059 seconds
[2025-03-01T01:14:13.941+0000] {processor.py:186} INFO - Started process (PID=1717) to work on /home/airflow/.local/lib/python3.12/site-packages/airflow/example_dags/tutorial.py
[2025-03-01T01:14:13.941+0000] {processor.py:914} INFO - Processing file /home/airflow/.local/lib/python3.12/site-packages/airflow/example_dags/tutorial.py for tasks to queue
[2025-03-01T01:14:13.942+0000] {logging_mixin.py:190} INFO - [2025-03-01T01:14:13.942+0000] {dagbag.py:588} INFO - Filling up the DagBag from /home/airflow/.local/lib/python3.12/site-packages/airflow/example_dags/tutorial.py
[2025-03-01T01:14:13.949+0000] {processor.py:925} INFO - DAG(s) 'tutorial' retrieved from /home/airflow/.local/lib/python3.12/site-packages/airflow/example_dags/tutorial.py
[2025-03-01T01:14:13.965+0000] {logging_mixin.py:190} INFO - [2025-03-01T01:14:13.964+0000] {dag.py:3239} INFO - Sync 1 DAGs
[2025-03-01T01:14:13.983+0000] {logging_mixin.py:190} INFO - [2025-03-01T01:14:13.983+0000] {dag.py:4180} INFO - Setting next_dagrun for tutorial to 2025-02-28 00:00:00+00:00, run_after=2025-03-01 00:00:00+00:00
[2025-03-01T01:14:13.997+0000] {processor.py:208} INFO - Processing /home/airflow/.local/lib/python3.12/site-packages/airflow/example_dags/tutorial.py took 0.060 seconds
[2025-03-01T01:14:44.275+0000] {processor.py:186} INFO - Started process (PID=1781) to work on /home/airflow/.local/lib/python3.12/site-packages/airflow/example_dags/tutorial.py
[2025-03-01T01:14:44.276+0000] {processor.py:914} INFO - Processing file /home/airflow/.local/lib/python3.12/site-packages/airflow/example_dags/tutorial.py for tasks to queue
[2025-03-01T01:14:44.277+0000] {logging_mixin.py:190} INFO - [2025-03-01T01:14:44.277+0000] {dagbag.py:588} INFO - Filling up the DagBag from /home/airflow/.local/lib/python3.12/site-packages/airflow/example_dags/tutorial.py
[2025-03-01T01:14:44.284+0000] {processor.py:925} INFO - DAG(s) 'tutorial' retrieved from /home/airflow/.local/lib/python3.12/site-packages/airflow/example_dags/tutorial.py
[2025-03-01T01:14:44.300+0000] {logging_mixin.py:190} INFO - [2025-03-01T01:14:44.300+0000] {dag.py:3239} INFO - Sync 1 DAGs
[2025-03-01T01:14:44.320+0000] {logging_mixin.py:190} INFO - [2025-03-01T01:14:44.320+0000] {dag.py:4180} INFO - Setting next_dagrun for tutorial to 2025-02-28 00:00:00+00:00, run_after=2025-03-01 00:00:00+00:00
[2025-03-01T01:14:44.333+0000] {processor.py:208} INFO - Processing /home/airflow/.local/lib/python3.12/site-packages/airflow/example_dags/tutorial.py took 0.062 seconds
[2025-03-01T01:15:14.573+0000] {processor.py:186} INFO - Started process (PID=1845) to work on /home/airflow/.local/lib/python3.12/site-packages/airflow/example_dags/tutorial.py
[2025-03-01T01:15:14.573+0000] {processor.py:914} INFO - Processing file /home/airflow/.local/lib/python3.12/site-packages/airflow/example_dags/tutorial.py for tasks to queue
[2025-03-01T01:15:14.574+0000] {logging_mixin.py:190} INFO - [2025-03-01T01:15:14.574+0000] {dagbag.py:588} INFO - Filling up the DagBag from /home/airflow/.local/lib/python3.12/site-packages/airflow/example_dags/tutorial.py
[2025-03-01T01:15:14.581+0000] {processor.py:925} INFO - DAG(s) 'tutorial' retrieved from /home/airflow/.local/lib/python3.12/site-packages/airflow/example_dags/tutorial.py
[2025-03-01T01:15:14.599+0000] {logging_mixin.py:190} INFO - [2025-03-01T01:15:14.599+0000] {dag.py:3239} INFO - Sync 1 DAGs
[2025-03-01T01:15:14.620+0000] {logging_mixin.py:190} INFO - [2025-03-01T01:15:14.619+0000] {dag.py:4180} INFO - Setting next_dagrun for tutorial to 2025-02-28 00:00:00+00:00, run_after=2025-03-01 00:00:00+00:00
[2025-03-01T01:15:14.632+0000] {processor.py:208} INFO - Processing /home/airflow/.local/lib/python3.12/site-packages/airflow/example_dags/tutorial.py took 0.064 seconds
[2025-03-01T01:15:45.953+0000] {processor.py:186} INFO - Started process (PID=1911) to work on /home/airflow/.local/lib/python3.12/site-packages/airflow/example_dags/tutorial.py
[2025-03-01T01:15:45.954+0000] {processor.py:914} INFO - Processing file /home/airflow/.local/lib/python3.12/site-packages/airflow/example_dags/tutorial.py for tasks to queue
[2025-03-01T01:15:45.955+0000] {logging_mixin.py:190} INFO - [2025-03-01T01:15:45.954+0000] {dagbag.py:588} INFO - Filling up the DagBag from /home/airflow/.local/lib/python3.12/site-packages/airflow/example_dags/tutorial.py
[2025-03-01T01:15:45.961+0000] {processor.py:925} INFO - DAG(s) 'tutorial' retrieved from /home/airflow/.local/lib/python3.12/site-packages/airflow/example_dags/tutorial.py
[2025-03-01T01:15:45.977+0000] {logging_mixin.py:190} INFO - [2025-03-01T01:15:45.977+0000] {dag.py:3239} INFO - Sync 1 DAGs
[2025-03-01T01:15:45.994+0000] {logging_mixin.py:190} INFO - [2025-03-01T01:15:45.994+0000] {dag.py:4180} INFO - Setting next_dagrun for tutorial to 2025-02-28 00:00:00+00:00, run_after=2025-03-01 00:00:00+00:00
[2025-03-01T01:15:46.007+0000] {processor.py:208} INFO - Processing /home/airflow/.local/lib/python3.12/site-packages/airflow/example_dags/tutorial.py took 0.059 seconds
