[2025-03-01T01:11:02.967+0000] {processor.py:186} INFO - Started process (PID=1302) to work on /opt/airflow/dags/hello_world_nadillazh.py
[2025-03-01T01:11:02.967+0000] {processor.py:914} INFO - Processing file /opt/airflow/dags/hello_world_nadillazh.py for tasks to queue
[2025-03-01T01:11:02.968+0000] {logging_mixin.py:190} INFO - [2025-03-01T01:11:02.968+0000] {dagbag.py:588} INFO - Filling up the DagBag from /opt/airflow/dags/hello_world_nadillazh.py
[2025-03-01T01:11:02.976+0000] {processor.py:925} INFO - DAG(s) 'hello_world' retrieved from /opt/airflow/dags/hello_world_nadillazh.py
[2025-03-01T01:11:03.056+0000] {logging_mixin.py:190} INFO - [2025-03-01T01:11:03.055+0000] {override.py:1911} INFO - Created Permission View: can edit on DAG:hello_world
[2025-03-01T01:11:03.063+0000] {logging_mixin.py:190} INFO - [2025-03-01T01:11:03.062+0000] {override.py:1911} INFO - Created Permission View: can read on DAG:hello_world
[2025-03-01T01:11:03.067+0000] {logging_mixin.py:190} INFO - [2025-03-01T01:11:03.066+0000] {override.py:1911} INFO - Created Permission View: can delete on DAG:hello_world
[2025-03-01T01:11:03.071+0000] {logging_mixin.py:190} INFO - [2025-03-01T01:11:03.070+0000] {override.py:1911} INFO - Created Permission View: menu access on DAG Run:hello_world
[2025-03-01T01:11:03.074+0000] {logging_mixin.py:190} INFO - [2025-03-01T01:11:03.074+0000] {override.py:1911} INFO - Created Permission View: can delete on DAG Run:hello_world
[2025-03-01T01:11:03.078+0000] {logging_mixin.py:190} INFO - [2025-03-01T01:11:03.078+0000] {override.py:1911} INFO - Created Permission View: can create on DAG Run:hello_world
[2025-03-01T01:11:03.082+0000] {logging_mixin.py:190} INFO - [2025-03-01T01:11:03.082+0000] {override.py:1911} INFO - Created Permission View: can read on DAG Run:hello_world
[2025-03-01T01:11:03.082+0000] {logging_mixin.py:190} INFO - [2025-03-01T01:11:03.082+0000] {dag.py:3239} INFO - Sync 1 DAGs
[2025-03-01T01:11:03.094+0000] {logging_mixin.py:190} INFO - [2025-03-01T01:11:03.093+0000] {dag.py:3262} INFO - Creating ORM DAG for hello_world
[2025-03-01T01:11:03.101+0000] {logging_mixin.py:190} INFO - [2025-03-01T01:11:03.101+0000] {dag.py:4180} INFO - Setting next_dagrun for hello_world to 2025-02-28 00:00:00+00:00, run_after=2025-03-01 00:00:00+00:00
[2025-03-01T01:11:03.113+0000] {processor.py:208} INFO - Processing /opt/airflow/dags/hello_world_nadillazh.py took 0.150 seconds
[2025-03-01T01:11:33.908+0000] {processor.py:186} INFO - Started process (PID=1364) to work on /opt/airflow/dags/hello_world_nadillazh.py
[2025-03-01T01:11:33.909+0000] {processor.py:914} INFO - Processing file /opt/airflow/dags/hello_world_nadillazh.py for tasks to queue
[2025-03-01T01:11:33.909+0000] {logging_mixin.py:190} INFO - [2025-03-01T01:11:33.909+0000] {dagbag.py:588} INFO - Filling up the DagBag from /opt/airflow/dags/hello_world_nadillazh.py
[2025-03-01T01:11:33.917+0000] {processor.py:925} INFO - DAG(s) 'hello_world' retrieved from /opt/airflow/dags/hello_world_nadillazh.py
[2025-03-01T01:11:33.933+0000] {logging_mixin.py:190} INFO - [2025-03-01T01:11:33.933+0000] {dag.py:3239} INFO - Sync 1 DAGs
[2025-03-01T01:11:33.956+0000] {logging_mixin.py:190} INFO - [2025-03-01T01:11:33.956+0000] {dag.py:4180} INFO - Setting next_dagrun for hello_world to 2025-02-28 00:00:00+00:00, run_after=2025-03-01 00:00:00+00:00
[2025-03-01T01:11:33.969+0000] {processor.py:208} INFO - Processing /opt/airflow/dags/hello_world_nadillazh.py took 0.065 seconds
[2025-03-01T01:12:04.169+0000] {processor.py:186} INFO - Started process (PID=1434) to work on /opt/airflow/dags/hello_world_nadillazh.py
[2025-03-01T01:12:04.170+0000] {processor.py:914} INFO - Processing file /opt/airflow/dags/hello_world_nadillazh.py for tasks to queue
[2025-03-01T01:12:04.171+0000] {logging_mixin.py:190} INFO - [2025-03-01T01:12:04.170+0000] {dagbag.py:588} INFO - Filling up the DagBag from /opt/airflow/dags/hello_world_nadillazh.py
[2025-03-01T01:12:04.182+0000] {processor.py:925} INFO - DAG(s) 'hello_world' retrieved from /opt/airflow/dags/hello_world_nadillazh.py
[2025-03-01T01:12:04.200+0000] {logging_mixin.py:190} INFO - [2025-03-01T01:12:04.200+0000] {dag.py:3239} INFO - Sync 1 DAGs
[2025-03-01T01:12:04.219+0000] {logging_mixin.py:190} INFO - [2025-03-01T01:12:04.219+0000] {dag.py:4180} INFO - Setting next_dagrun for hello_world to 2025-02-28 00:00:00+00:00, run_after=2025-03-01 00:00:00+00:00
[2025-03-01T01:12:04.231+0000] {processor.py:208} INFO - Processing /opt/airflow/dags/hello_world_nadillazh.py took 0.069 seconds
[2025-03-01T01:12:34.735+0000] {processor.py:186} INFO - Started process (PID=1495) to work on /opt/airflow/dags/hello_world_nadillazh.py
[2025-03-01T01:12:34.736+0000] {processor.py:914} INFO - Processing file /opt/airflow/dags/hello_world_nadillazh.py for tasks to queue
[2025-03-01T01:12:34.737+0000] {logging_mixin.py:190} INFO - [2025-03-01T01:12:34.736+0000] {dagbag.py:588} INFO - Filling up the DagBag from /opt/airflow/dags/hello_world_nadillazh.py
[2025-03-01T01:12:34.744+0000] {processor.py:925} INFO - DAG(s) 'hello_world' retrieved from /opt/airflow/dags/hello_world_nadillazh.py
[2025-03-01T01:12:34.758+0000] {logging_mixin.py:190} INFO - [2025-03-01T01:12:34.758+0000] {dag.py:3239} INFO - Sync 1 DAGs
[2025-03-01T01:12:34.776+0000] {logging_mixin.py:190} INFO - [2025-03-01T01:12:34.776+0000] {dag.py:4180} INFO - Setting next_dagrun for hello_world to 2025-02-28 00:00:00+00:00, run_after=2025-03-01 00:00:00+00:00
[2025-03-01T01:12:34.788+0000] {processor.py:208} INFO - Processing /opt/airflow/dags/hello_world_nadillazh.py took 0.058 seconds
[2025-03-01T01:13:05.026+0000] {processor.py:186} INFO - Started process (PID=1559) to work on /opt/airflow/dags/hello_world_nadillazh.py
[2025-03-01T01:13:05.027+0000] {processor.py:914} INFO - Processing file /opt/airflow/dags/hello_world_nadillazh.py for tasks to queue
[2025-03-01T01:13:05.027+0000] {logging_mixin.py:190} INFO - [2025-03-01T01:13:05.027+0000] {dagbag.py:588} INFO - Filling up the DagBag from /opt/airflow/dags/hello_world_nadillazh.py
[2025-03-01T01:13:05.034+0000] {processor.py:925} INFO - DAG(s) 'hello_world' retrieved from /opt/airflow/dags/hello_world_nadillazh.py
[2025-03-01T01:13:05.048+0000] {logging_mixin.py:190} INFO - [2025-03-01T01:13:05.048+0000] {dag.py:3239} INFO - Sync 1 DAGs
[2025-03-01T01:13:05.069+0000] {logging_mixin.py:190} INFO - [2025-03-01T01:13:05.069+0000] {dag.py:4180} INFO - Setting next_dagrun for hello_world to 2025-02-28 00:00:00+00:00, run_after=2025-03-01 00:00:00+00:00
[2025-03-01T01:13:05.081+0000] {processor.py:208} INFO - Processing /opt/airflow/dags/hello_world_nadillazh.py took 0.060 seconds
[2025-03-01T01:13:35.194+0000] {processor.py:186} INFO - Started process (PID=1623) to work on /opt/airflow/dags/hello_world_nadillazh.py
[2025-03-01T01:13:35.194+0000] {processor.py:914} INFO - Processing file /opt/airflow/dags/hello_world_nadillazh.py for tasks to queue
[2025-03-01T01:13:35.195+0000] {logging_mixin.py:190} INFO - [2025-03-01T01:13:35.195+0000] {dagbag.py:588} INFO - Filling up the DagBag from /opt/airflow/dags/hello_world_nadillazh.py
[2025-03-01T01:13:35.202+0000] {processor.py:925} INFO - DAG(s) 'hello_world' retrieved from /opt/airflow/dags/hello_world_nadillazh.py
[2025-03-01T01:13:35.216+0000] {logging_mixin.py:190} INFO - [2025-03-01T01:13:35.215+0000] {dag.py:3239} INFO - Sync 1 DAGs
[2025-03-01T01:13:35.235+0000] {logging_mixin.py:190} INFO - [2025-03-01T01:13:35.235+0000] {dag.py:4180} INFO - Setting next_dagrun for hello_world to 2025-02-28 00:00:00+00:00, run_after=2025-03-01 00:00:00+00:00
[2025-03-01T01:13:35.247+0000] {processor.py:208} INFO - Processing /opt/airflow/dags/hello_world_nadillazh.py took 0.057 seconds
[2025-03-01T01:14:05.490+0000] {processor.py:186} INFO - Started process (PID=1687) to work on /opt/airflow/dags/hello_world_nadillazh.py
[2025-03-01T01:14:05.490+0000] {processor.py:914} INFO - Processing file /opt/airflow/dags/hello_world_nadillazh.py for tasks to queue
[2025-03-01T01:14:05.491+0000] {logging_mixin.py:190} INFO - [2025-03-01T01:14:05.491+0000] {dagbag.py:588} INFO - Filling up the DagBag from /opt/airflow/dags/hello_world_nadillazh.py
[2025-03-01T01:14:05.498+0000] {processor.py:925} INFO - DAG(s) 'hello_world' retrieved from /opt/airflow/dags/hello_world_nadillazh.py
[2025-03-01T01:14:05.511+0000] {logging_mixin.py:190} INFO - [2025-03-01T01:14:05.511+0000] {dag.py:3239} INFO - Sync 1 DAGs
[2025-03-01T01:14:05.529+0000] {logging_mixin.py:190} INFO - [2025-03-01T01:14:05.529+0000] {dag.py:4180} INFO - Setting next_dagrun for hello_world to 2025-02-28 00:00:00+00:00, run_after=2025-03-01 00:00:00+00:00
[2025-03-01T01:14:05.541+0000] {processor.py:208} INFO - Processing /opt/airflow/dags/hello_world_nadillazh.py took 0.056 seconds
[2025-03-01T01:14:35.793+0000] {processor.py:186} INFO - Started process (PID=1751) to work on /opt/airflow/dags/hello_world_nadillazh.py
[2025-03-01T01:14:35.793+0000] {processor.py:914} INFO - Processing file /opt/airflow/dags/hello_world_nadillazh.py for tasks to queue
[2025-03-01T01:14:35.794+0000] {logging_mixin.py:190} INFO - [2025-03-01T01:14:35.794+0000] {dagbag.py:588} INFO - Filling up the DagBag from /opt/airflow/dags/hello_world_nadillazh.py
[2025-03-01T01:14:35.801+0000] {processor.py:925} INFO - DAG(s) 'hello_world' retrieved from /opt/airflow/dags/hello_world_nadillazh.py
[2025-03-01T01:14:35.818+0000] {logging_mixin.py:190} INFO - [2025-03-01T01:14:35.818+0000] {dag.py:3239} INFO - Sync 1 DAGs
[2025-03-01T01:14:35.843+0000] {logging_mixin.py:190} INFO - [2025-03-01T01:14:35.843+0000] {dag.py:4180} INFO - Setting next_dagrun for hello_world to 2025-02-28 00:00:00+00:00, run_after=2025-03-01 00:00:00+00:00
[2025-03-01T01:14:35.857+0000] {processor.py:208} INFO - Processing /opt/airflow/dags/hello_world_nadillazh.py took 0.068 seconds
[2025-03-01T01:15:06.080+0000] {processor.py:186} INFO - Started process (PID=1815) to work on /opt/airflow/dags/hello_world_nadillazh.py
[2025-03-01T01:15:06.081+0000] {processor.py:914} INFO - Processing file /opt/airflow/dags/hello_world_nadillazh.py for tasks to queue
[2025-03-01T01:15:06.081+0000] {logging_mixin.py:190} INFO - [2025-03-01T01:15:06.081+0000] {dagbag.py:588} INFO - Filling up the DagBag from /opt/airflow/dags/hello_world_nadillazh.py
[2025-03-01T01:15:06.088+0000] {processor.py:925} INFO - DAG(s) 'hello_world' retrieved from /opt/airflow/dags/hello_world_nadillazh.py
[2025-03-01T01:15:06.102+0000] {logging_mixin.py:190} INFO - [2025-03-01T01:15:06.102+0000] {dag.py:3239} INFO - Sync 1 DAGs
[2025-03-01T01:15:06.122+0000] {logging_mixin.py:190} INFO - [2025-03-01T01:15:06.122+0000] {dag.py:4180} INFO - Setting next_dagrun for hello_world to 2025-02-28 00:00:00+00:00, run_after=2025-03-01 00:00:00+00:00
[2025-03-01T01:15:06.134+0000] {processor.py:208} INFO - Processing /opt/airflow/dags/hello_world_nadillazh.py took 0.059 seconds
[2025-03-01T01:15:32.404+0000] {processor.py:186} INFO - Started process (PID=1873) to work on /opt/airflow/dags/hello_world_nadillazh.py
[2025-03-01T01:15:32.405+0000] {processor.py:914} INFO - Processing file /opt/airflow/dags/hello_world_nadillazh.py for tasks to queue
[2025-03-01T01:15:32.406+0000] {logging_mixin.py:190} INFO - [2025-03-01T01:15:32.405+0000] {dagbag.py:588} INFO - Filling up the DagBag from /opt/airflow/dags/hello_world_nadillazh.py
[2025-03-01T01:15:32.412+0000] {logging_mixin.py:190} INFO - [2025-03-01T01:15:32.410+0000] {dagbag.py:387} ERROR - Failed to import: /opt/airflow/dags/hello_world_nadillazh.py
Traceback (most recent call last):
  File "/home/airflow/.local/lib/python3.12/site-packages/airflow/models/dagbag.py", line 383, in parse
    loader.exec_module(new_module)
  File "<frozen importlib._bootstrap_external>", line 995, in exec_module
  File "<frozen importlib._bootstrap>", line 488, in _call_with_frames_removed
  File "/opt/airflow/dags/hello_world_nadillazh.py", line 20, in <module>
    hello
NameError: name 'hello' is not defined. Did you mean: 'help'?
[2025-03-01T01:15:32.413+0000] {processor.py:927} WARNING - No viable dags retrieved from /opt/airflow/dags/hello_world_nadillazh.py
[2025-03-01T01:15:32.427+0000] {processor.py:208} INFO - Processing /opt/airflow/dags/hello_world_nadillazh.py took 0.027 seconds
[2025-03-01T01:15:33.415+0000] {processor.py:186} INFO - Started process (PID=1874) to work on /opt/airflow/dags/hello_world_nadillazh.py
[2025-03-01T01:15:33.416+0000] {processor.py:914} INFO - Processing file /opt/airflow/dags/hello_world_nadillazh.py for tasks to queue
[2025-03-01T01:15:33.416+0000] {logging_mixin.py:190} INFO - [2025-03-01T01:15:33.416+0000] {dagbag.py:588} INFO - Filling up the DagBag from /opt/airflow/dags/hello_world_nadillazh.py
[2025-03-01T01:15:33.423+0000] {logging_mixin.py:190} INFO - [2025-03-01T01:15:33.421+0000] {dagbag.py:387} ERROR - Failed to import: /opt/airflow/dags/hello_world_nadillazh.py
Traceback (most recent call last):
  File "/home/airflow/.local/lib/python3.12/site-packages/airflow/models/dagbag.py", line 383, in parse
    loader.exec_module(new_module)
  File "<frozen importlib._bootstrap_external>", line 995, in exec_module
  File "<frozen importlib._bootstrap>", line 488, in _call_with_frames_removed
  File "/opt/airflow/dags/hello_world_nadillazh.py", line 20, in <module>
    hello_
NameError: name 'hello_' is not defined
[2025-03-01T01:15:33.424+0000] {processor.py:927} WARNING - No viable dags retrieved from /opt/airflow/dags/hello_world_nadillazh.py
[2025-03-01T01:15:33.438+0000] {processor.py:208} INFO - Processing /opt/airflow/dags/hello_world_nadillazh.py took 0.027 seconds
[2025-03-01T01:15:35.463+0000] {processor.py:186} INFO - Started process (PID=1881) to work on /opt/airflow/dags/hello_world_nadillazh.py
[2025-03-01T01:15:35.463+0000] {processor.py:914} INFO - Processing file /opt/airflow/dags/hello_world_nadillazh.py for tasks to queue
[2025-03-01T01:15:35.464+0000] {logging_mixin.py:190} INFO - [2025-03-01T01:15:35.464+0000] {dagbag.py:588} INFO - Filling up the DagBag from /opt/airflow/dags/hello_world_nadillazh.py
[2025-03-01T01:15:35.471+0000] {logging_mixin.py:190} INFO - [2025-03-01T01:15:35.470+0000] {dagbag.py:387} ERROR - Failed to import: /opt/airflow/dags/hello_world_nadillazh.py
Traceback (most recent call last):
  File "/home/airflow/.local/lib/python3.12/site-packages/airflow/models/dagbag.py", line 383, in parse
    loader.exec_module(new_module)
  File "<frozen importlib._bootstrap_external>", line 995, in exec_module
  File "<frozen importlib._bootstrap>", line 488, in _call_with_frames_removed
  File "/opt/airflow/dags/hello_world_nadillazh.py", line 20, in <module>
    he
NameError: name 'he' is not defined
[2025-03-01T01:15:35.472+0000] {processor.py:927} WARNING - No viable dags retrieved from /opt/airflow/dags/hello_world_nadillazh.py
[2025-03-01T01:15:35.485+0000] {processor.py:208} INFO - Processing /opt/airflow/dags/hello_world_nadillazh.py took 0.026 seconds
[2025-03-01T01:15:39.501+0000] {processor.py:186} INFO - Started process (PID=1882) to work on /opt/airflow/dags/hello_world_nadillazh.py
[2025-03-01T01:15:39.501+0000] {processor.py:914} INFO - Processing file /opt/airflow/dags/hello_world_nadillazh.py for tasks to queue
[2025-03-01T01:15:39.503+0000] {logging_mixin.py:190} INFO - [2025-03-01T01:15:39.503+0000] {dagbag.py:588} INFO - Filling up the DagBag from /opt/airflow/dags/hello_world_nadillazh.py
[2025-03-01T01:15:39.519+0000] {processor.py:925} INFO - DAG(s) 'hello_world' retrieved from /opt/airflow/dags/hello_world_nadillazh.py
[2025-03-01T01:15:39.537+0000] {logging_mixin.py:190} INFO - [2025-03-01T01:15:39.537+0000] {dag.py:3239} INFO - Sync 1 DAGs
[2025-03-01T01:15:39.564+0000] {logging_mixin.py:190} INFO - [2025-03-01T01:15:39.564+0000] {dag.py:4180} INFO - Setting next_dagrun for hello_world to 2025-02-28 00:00:00+00:00, run_after=2025-03-01 00:00:00+00:00
[2025-03-01T01:15:39.582+0000] {processor.py:208} INFO - Processing /opt/airflow/dags/hello_world_nadillazh.py took 0.088 seconds
[2025-03-01T01:16:09.939+0000] {processor.py:186} INFO - Started process (PID=1946) to work on /opt/airflow/dags/hello_world_nadillazh.py
[2025-03-01T01:16:09.939+0000] {processor.py:914} INFO - Processing file /opt/airflow/dags/hello_world_nadillazh.py for tasks to queue
[2025-03-01T01:16:09.940+0000] {logging_mixin.py:190} INFO - [2025-03-01T01:16:09.940+0000] {dagbag.py:588} INFO - Filling up the DagBag from /opt/airflow/dags/hello_world_nadillazh.py
[2025-03-01T01:16:09.947+0000] {processor.py:925} INFO - DAG(s) 'hello_world' retrieved from /opt/airflow/dags/hello_world_nadillazh.py
[2025-03-01T01:16:09.960+0000] {logging_mixin.py:190} INFO - [2025-03-01T01:16:09.960+0000] {dag.py:3239} INFO - Sync 1 DAGs
[2025-03-01T01:16:09.977+0000] {logging_mixin.py:190} INFO - [2025-03-01T01:16:09.977+0000] {dag.py:4180} INFO - Setting next_dagrun for hello_world to 2025-02-28 00:00:00+00:00, run_after=2025-03-01 00:00:00+00:00
[2025-03-01T01:16:09.990+0000] {processor.py:208} INFO - Processing /opt/airflow/dags/hello_world_nadillazh.py took 0.056 seconds
[2025-03-01T01:16:40.687+0000] {processor.py:186} INFO - Started process (PID=2010) to work on /opt/airflow/dags/hello_world_nadillazh.py
[2025-03-01T01:16:40.688+0000] {processor.py:914} INFO - Processing file /opt/airflow/dags/hello_world_nadillazh.py for tasks to queue
[2025-03-01T01:16:40.689+0000] {logging_mixin.py:190} INFO - [2025-03-01T01:16:40.688+0000] {dagbag.py:588} INFO - Filling up the DagBag from /opt/airflow/dags/hello_world_nadillazh.py
[2025-03-01T01:16:40.695+0000] {processor.py:925} INFO - DAG(s) 'hello_world' retrieved from /opt/airflow/dags/hello_world_nadillazh.py
[2025-03-01T01:16:40.710+0000] {logging_mixin.py:190} INFO - [2025-03-01T01:16:40.710+0000] {dag.py:3239} INFO - Sync 1 DAGs
[2025-03-01T01:16:40.729+0000] {logging_mixin.py:190} INFO - [2025-03-01T01:16:40.729+0000] {dag.py:4180} INFO - Setting next_dagrun for hello_world to 2025-02-28 00:00:00+00:00, run_after=2025-03-01 00:00:00+00:00
[2025-03-01T01:16:40.741+0000] {processor.py:208} INFO - Processing /opt/airflow/dags/hello_world_nadillazh.py took 0.059 seconds
[2025-03-01T01:17:10.839+0000] {processor.py:186} INFO - Started process (PID=2074) to work on /opt/airflow/dags/hello_world_nadillazh.py
[2025-03-01T01:17:10.839+0000] {processor.py:914} INFO - Processing file /opt/airflow/dags/hello_world_nadillazh.py for tasks to queue
[2025-03-01T01:17:10.840+0000] {logging_mixin.py:190} INFO - [2025-03-01T01:17:10.840+0000] {dagbag.py:588} INFO - Filling up the DagBag from /opt/airflow/dags/hello_world_nadillazh.py
[2025-03-01T01:17:10.846+0000] {processor.py:925} INFO - DAG(s) 'hello_world' retrieved from /opt/airflow/dags/hello_world_nadillazh.py
[2025-03-01T01:17:10.859+0000] {logging_mixin.py:190} INFO - [2025-03-01T01:17:10.859+0000] {dag.py:3239} INFO - Sync 1 DAGs
[2025-03-01T01:17:10.878+0000] {logging_mixin.py:190} INFO - [2025-03-01T01:17:10.878+0000] {dag.py:4180} INFO - Setting next_dagrun for hello_world to 2025-02-28 00:00:00+00:00, run_after=2025-03-01 00:00:00+00:00
[2025-03-01T01:17:10.890+0000] {processor.py:208} INFO - Processing /opt/airflow/dags/hello_world_nadillazh.py took 0.056 seconds
